[35m[Appium][39m Welcome to Appium v1.8.1
[35m[Appium][39m Non-default server args:
[35m[Appium][39m   port: 52139
[35m[Appium][39m   loglevel: info
[35m[Appium][39m   chromeDriverPort: 52140
[35m[Appium][39m   tmpDir: C:\Users\Agato\AppData\Local\Temp\\Katalon\Appium\Temp1537352558982
[35m[Appium][39m Appium REST http interface listener started on 0.0.0.0:52139
[35m[HTTP][39m [37m-->[39m [37mGET[39m [37m/wd/hub/status[39m
[35m[HTTP][39m [90m{}[39m
[35m[HTTP][39m [37m<-- GET /wd/hub/status [39m[32m200[39m [90m7 ms - 83[39m
[35m[HTTP][39m [90m[39m
[35m[HTTP][39m [37m-->[39m [37mPOST[39m [37m/wd/hub/session[39m
[35m[HTTP][39m [90m{"desiredCapabilities":{"app":"C:\\temp\\app-development-debug.apk","autoGrantPermissions":true,"automationName":"uiautomator2","deviceName":"samsung SM-G920F (Android 7.0)","fullReset":true,"newCommandTimeout":1800,"noReset":false,"platform":"ANDROID","platformName":"Android","udid":"10160a0973263f03"},"capabilities":{"desiredCapabilities":{"app":"C:\\temp\\app-development-debug.apk","autoGrantPermissions":true,"automationName":"uiautomator2","deviceName":"samsung SM-G920F (Android 7.0)","fullReset":true,"newCommandTimeout":1800,"noReset":false,"platform":"ANDROID","platformName":"Android","udid":"10160a0973263f03"},"firstMatch":[{"platformName":"android"}]}}[39m
[35m[Appium][39m Could not parse W3C capabilities: 'deviceName' can't be blank. Falling back to JSONWP protocol.
[35m[Appium][39m The following capabilities were provided in the JSONWP desired capabilities that are missing in W3C capabilities: ["app","autoGrantPermissions","automationName","deviceName","fullReset","newCommandTimeout","noReset","platform","platformName","udid"]. Falling back to JSONWP protocol.
[35m[Appium][39m Creating new AndroidUiautomator2Driver (v1.12.0) session
[35m[Appium][39m Capabilities:
[35m[Appium][39m   app: C:\temp\app-development-debug.apk
[35m[Appium][39m   autoGrantPermissions: true
[35m[Appium][39m   automationName: uiautomator2
[35m[Appium][39m   deviceName: samsung SM-G920F (Android 7.0)
[35m[Appium][39m   fullReset: true
[35m[Appium][39m   newCommandTimeout: 1800
[35m[Appium][39m   noReset: false
[35m[Appium][39m   platform: ANDROID
[35m[Appium][39m   platformName: Android
[35m[Appium][39m   udid: 10160a0973263f03
[35m[BaseDriver][39m The following capabilities were provided, but are not recognized by appium: platform.
[35m[BaseDriver][39m Session created with session id: 5a9c9699-e7f5-457d-93d9-634bb5262bb5
[35m[BaseDriver][39m Using local app 'C:\temp\app-development-debug.apk'
[35m[AndroidDriver][39m Java version is: 1.8.0_102
[35m[ADB][39m Checking whether adb is present
[35m[ADB][39m Found 1 'build-tools' folders under 'C:\Users\Agato\.katalon\tools\android_sdk' (newest first):
[35m[ADB][39m     C:/Users/Agato/.katalon/tools/android_sdk/build-tools/28.0.1
[35m[ADB][39m Using adb.exe from C:\Users\Agato\.katalon\tools\android_sdk\platform-tools\adb.exe
[35m[AndroidDriver][39m Retrieving device list
[35m[AndroidDriver][39m Using device: 10160a0973263f03
[35m[ADB][39m Using the alternative activity name detection method because of: Could not find apkanalyzer.bat in C:\Users\Agato\.katalon\tools\android_sdk\platform-tools\apkanalyzer.bat,C:\Users\Agato\.katalon\tools\android_sdk\emulator\apkanalyzer.bat,C:\Users\Agato\.katalon\tools\android_sdk\tools\apkanalyzer.bat,C:\Users\Agato\.katalon\tools\android_sdk\tools\bin\apkanalyzer.bat,C:\Users\Agato\.katalon\tools\android_sdk\build-tools\28.0.1\apkanalyzer.bat. Do you have the Android SDK installed at 'C:\Users\Agato\.katalon\tools\android_sdk'?
[35m[ADB][39m Checking whether aapt is present
[35m[ADB][39m Using aapt.exe from C:\Users\Agato\.katalon\tools\android_sdk\build-tools\28.0.1\aapt.exe
[35m[ADB][39m Extracting package and launch activity from manifest
[35m[ADB][39m Package name: 'com.abaxis.vetscan_vue.dev'
[35m[ADB][39m Main activity name: 'com.abaxis.vetscanvue.presentation.screens.activities.splash.SplashActivity'
[35m[ADB][39m Getting device platform version
[35m[ADB][39m Using apksigner.bat from C:\Users\Agato\.katalon\tools\android_sdk\build-tools\28.0.1\apksigner.bat
[35m[ADB][39m Checking whether zipalign is present
[35m[ADB][39m Using zipalign.exe from C:\Users\Agato\.katalon\tools\android_sdk\build-tools\28.0.1\zipalign.exe
[35m[ADB][39m io.appium.uiautomator2.server was successfully uninstalled
[35m[ADB][39m io.appium.uiautomator2.server.test was successfully uninstalled
[35m[AndroidDriver][39m setDeviceLanguageCountry requires language or country.
[35m[AndroidDriver][39m Got language: 'null' and country: 'null'
[35m[ADB][39m Successfully extracted 667 strings from 'C:\temp\app-development-debug.apk' resources for '(default)' configuration
[35m[ADB][39m com.abaxis.vetscan_vue.dev was successfully uninstalled
[35m[UiAutomator2][39m Starting uiautomator2 server 1.12.0
[35m[UiAutomator2][39m Using UIAutomator2 server from 'C:\Users\Agato\AppData\Roaming\npm\node_modules\appium\node_modules\appium-uiautomator2-server\apks\appium-uiautomator2-server-v1.12.0.apk' and test from 'C:\Users\Agato\AppData\Roaming\npm\node_modules\appium\node_modules\appium-uiautomator2-server\apks\appium-uiautomator2-server-debug-androidTest.apk'
[35m[UiAutomator2][39m Running command: 'adb -s 10160a0973263f03 shell am instrument -w io.appium.uiautomator2.server.test/android.support.test.runner.AndroidJUnitRunner'
[35m[UiAutomator2][39m Waiting up to 20000ms for UiAutomator2 to be online...
[35m[AndroidDriver][39m Screen already unlocked, doing nothing
[35m[UiAutomator2][39m UiAutomator2 did not start the activity we were waiting for, 'com.abaxis.vetscan_vue.dev/com.abaxis.vetscanvue.presentation.screens.activities.splash.SplashActivity'. Starting it ourselves
[35m[Appium][39m New AndroidUiautomator2Driver session created successfully, session 5a9c9699-e7f5-457d-93d9-634bb5262bb5 added to master session list
[35m[HTTP][39m [37m<-- POST /wd/hub/session [39m[32m200[39m [90m57768 ms - 1133[39m
[35m[HTTP][39m [90m[39m
[35m[HTTP][39m [37m-->[39m [37mGET[39m [37m/wd/hub/status[39m
[35m[HTTP][39m [90m{}[39m
[35m[HTTP][39m [37m<-- GET /wd/hub/status [39m[32m200[39m [90m3 ms - 55[39m
[35m[HTTP][39m [90m[39m
[35m[HTTP][39m [37m-->[39m [37mPOST[39m [37m/wd/hub/session/5a9c9699-e7f5-457d-93d9-634bb5262bb5/timeouts[39m
[35m[HTTP][39m [90m{"type":"implicit","ms":30000}[39m
[35m[HTTP][39m [37m<-- POST /wd/hub/session/5a9c9699-e7f5-457d-93d9-634bb5262bb5/timeouts [39m[33m400[39m [90m11 ms - 5308[39m
[35m[HTTP][39m [90m[39m
[35m[HTTP][39m [37m-->[39m [37mGET[39m [37m/wd/hub/session/5a9c9699-e7f5-457d-93d9-634bb5262bb5/window/current/size[39m
[35m[HTTP][39m [90m{}[39m
[35m[W3C][39m Driver proxy active, passing request on via HTTP proxy
[35m[JSONWP Proxy][39m Replacing sessionId 8ec2888e-5f07-4453-951d-658c5aed58ea with 5a9c9699-e7f5-457d-93d9-634bb5262bb5
[35m[HTTP][39m [37m<-- GET /wd/hub/session/5a9c9699-e7f5-457d-93d9-634bb5262bb5/window/current/size [39m[32m200[39m [90m30 ms - 100[39m
[35m[HTTP][39m [90m[39m
[35m[HTTP][39m [37m-->[39m [37mPOST[39m [37m/wd/hub/session/5a9c9699-e7f5-457d-93d9-634bb5262bb5/elements[39m
[35m[HTTP][39m [90m{"using":"-android uiautomator","value":"new UiSelector().className(\"android.widget.ImageView\").resourceId(\"com.abaxis.vetscan_vue.dev:id/close_overview\").instance(1)"}[39m
[35m[HTTP][39m [37m<-- POST /wd/hub/session/5a9c9699-e7f5-457d-93d9-634bb5262bb5/elements [39m[32m200[39m [90m105 ms - 74[39m
[35m[HTTP][39m [90m[39m
[35m[HTTP][39m [37m-->[39m [37mPOST[39m [37m/wd/hub/session/5a9c9699-e7f5-457d-93d9-634bb5262bb5/elements[39m
[35m[HTTP][39m [90m{"using":"-android uiautomator","value":"new UiSelector().className(\"android.widget.ImageView\").resourceId(\"com.abaxis.vetscan_vue.dev:id/close_overview\").instance(1)"}[39m
[35m[HTTP][39m [37m<-- POST /wd/hub/session/5a9c9699-e7f5-457d-93d9-634bb5262bb5/elements [39m[32m200[39m [90m201 ms - 74[39m
[35m[HTTP][39m [90m[39m
[35m[HTTP][39m [37m-->[39m [37mPOST[39m [37m/wd/hub/session/5a9c9699-e7f5-457d-93d9-634bb5262bb5/elements[39m
[35m[HTTP][39m [90m{"using":"-android uiautomator","value":"new UiSelector().className(\"android.widget.ImageView\").resourceId(\"com.abaxis.vetscan_vue.dev:id/close_overview\").instance(1)"}[39m
[35m[HTTP][39m [37m<-- POST /wd/hub/session/5a9c9699-e7f5-457d-93d9-634bb5262bb5/elements [39m[32m200[39m [90m1059 ms - 124[39m
[35m[HTTP][39m [90m[39m
[35m[HTTP][39m [37m-->[39m [37mGET[39m [37m/wd/hub/session/5a9c9699-e7f5-457d-93d9-634bb5262bb5[39m
[35m[HTTP][39m [90m{}[39m
[35m[HTTP][39m [37m<-- GET /wd/hub/session/5a9c9699-e7f5-457d-93d9-634bb5262bb5 [39m[32m200[39m [90m29 ms - 1133[39m
[35m[HTTP][39m [90m[39m
[35m[HTTP][39m [37m-->[39m [37mGET[39m [37m/wd/hub/session/5a9c9699-e7f5-457d-93d9-634bb5262bb5[39m
[35m[HTTP][39m [90m{}[39m
[35m[HTTP][39m [37m<-- GET /wd/hub/session/5a9c9699-e7f5-457d-93d9-634bb5262bb5 [39m[32m200[39m [90m34 ms - 1133[39m
[35m[HTTP][39m [90m[39m
[35m[HTTP][39m [37m-->[39m [37mGET[39m [37m/wd/hub/session/5a9c9699-e7f5-457d-93d9-634bb5262bb5[39m
[35m[HTTP][39m [90m{}[39m
[35m[HTTP][39m [37m<-- GET /wd/hub/session/5a9c9699-e7f5-457d-93d9-634bb5262bb5 [39m[32m200[39m [90m41 ms - 1133[39m
[35m[HTTP][39m [90m[39m
[35m[HTTP][39m [37m-->[39m [37mGET[39m [37m/wd/hub/session/5a9c9699-e7f5-457d-93d9-634bb5262bb5[39m
[35m[HTTP][39m [90m{}[39m
[35m[HTTP][39m [37m<-- GET /wd/hub/session/5a9c9699-e7f5-457d-93d9-634bb5262bb5 [39m[32m200[39m [90m22 ms - 1133[39m
[35m[HTTP][39m [90m[39m
[35m[HTTP][39m [37m-->[39m [37mGET[39m [37m/wd/hub/session/5a9c9699-e7f5-457d-93d9-634bb5262bb5/element/bd805884-215f-44de-b096-984754b7427b/location[39m
[35m[HTTP][39m [90m{}[39m
[35m[W3C][39m Driver proxy active, passing request on via HTTP proxy
[35m[JSONWP Proxy][39m Replacing sessionId 8ec2888e-5f07-4453-951d-658c5aed58ea with 5a9c9699-e7f5-457d-93d9-634bb5262bb5
[35m[HTTP][39m [37m<-- GET /wd/hub/session/5a9c9699-e7f5-457d-93d9-634bb5262bb5/element/bd805884-215f-44de-b096-984754b7427b/location [39m[32m200[39m [90m44 ms - 90[39m
[35m[HTTP][39m [90m[39m
[35m[HTTP][39m [37m-->[39m [37mPOST[39m [37m/wd/hub/session/5a9c9699-e7f5-457d-93d9-634bb5262bb5/touch/perform[39m
[35m[HTTP][39m [90m{"actions":[{"action":"tap","options":{"element":"bd805884-215f-44de-b096-984754b7427b","x":1,"y":1}}]}[39m
[35m[UiAutomator2][39m calling get location: bd805884-215f-44de-b096-984754b7427b
[35m[HTTP][39m [37m<-- POST /wd/hub/session/5a9c9699-e7f5-457d-93d9-634bb5262bb5/touch/perform [39m[32m200[39m [90m1374 ms - 76[39m
[35m[HTTP][39m [90m[39m
[35m[HTTP][39m [37m-->[39m [37mGET[39m [37m/wd/hub/session/5a9c9699-e7f5-457d-93d9-634bb5262bb5/window/current/size[39m
[35m[HTTP][39m [90m{}[39m
[35m[W3C][39m Driver proxy active, passing request on via HTTP proxy
[35m[JSONWP Proxy][39m Replacing sessionId 8ec2888e-5f07-4453-951d-658c5aed58ea with 5a9c9699-e7f5-457d-93d9-634bb5262bb5
[35m[HTTP][39m [37m<-- GET /wd/hub/session/5a9c9699-e7f5-457d-93d9-634bb5262bb5/window/current/size [39m[32m200[39m [90m31 ms - 100[39m
[35m[HTTP][39m [90m[39m
[35m[HTTP][39m [37m-->[39m [37mPOST[39m [37m/wd/hub/session/5a9c9699-e7f5-457d-93d9-634bb5262bb5/elements[39m
[35m[HTTP][39m [90m{"using":"-android uiautomator","value":"new UiSelector().className(\"android.widget.Button\").text(\"LOGIN\").resourceId(\"com.abaxis.vetscan_vue.dev:id/login_button\").instance(0)"}[39m
[35m[HTTP][39m [37m<-- POST /wd/hub/session/5a9c9699-e7f5-457d-93d9-634bb5262bb5/elements [39m[32m200[39m [90m89 ms - 124[39m
[35m[HTTP][39m [90m[39m
[35m[HTTP][39m [37m-->[39m [37mGET[39m [37m/wd/hub/session/5a9c9699-e7f5-457d-93d9-634bb5262bb5[39m
[35m[HTTP][39m [90m{}[39m
[35m[HTTP][39m [37m<-- GET /wd/hub/session/5a9c9699-e7f5-457d-93d9-634bb5262bb5 [39m[32m200[39m [90m18 ms - 1133[39m
[35m[HTTP][39m [90m[39m
[35m[HTTP][39m [37m-->[39m [37mGET[39m [37m/wd/hub/session/5a9c9699-e7f5-457d-93d9-634bb5262bb5[39m
[35m[HTTP][39m [90m{}[39m
[35m[HTTP][39m [37m<-- GET /wd/hub/session/5a9c9699-e7f5-457d-93d9-634bb5262bb5 [39m[32m200[39m [90m20 ms - 1133[39m
[35m[HTTP][39m [90m[39m
[35m[HTTP][39m [37m-->[39m [37mGET[39m [37m/wd/hub/session/5a9c9699-e7f5-457d-93d9-634bb5262bb5[39m
[35m[HTTP][39m [90m{}[39m
[35m[HTTP][39m [37m<-- GET /wd/hub/session/5a9c9699-e7f5-457d-93d9-634bb5262bb5 [39m[32m200[39m [90m20 ms - 1133[39m
[35m[HTTP][39m [90m[39m
[35m[HTTP][39m [37m-->[39m [37mGET[39m [37m/wd/hub/session/5a9c9699-e7f5-457d-93d9-634bb5262bb5[39m
[35m[HTTP][39m [90m{}[39m
[35m[HTTP][39m [37m<-- GET /wd/hub/session/5a9c9699-e7f5-457d-93d9-634bb5262bb5 [39m[32m200[39m [90m25 ms - 1133[39m
[35m[HTTP][39m [90m[39m
[35m[HTTP][39m [37m-->[39m [37mGET[39m [37m/wd/hub/session/5a9c9699-e7f5-457d-93d9-634bb5262bb5/element/41d15114-f7d1-4944-883b-b7ed4b57b015/location[39m
[35m[HTTP][39m [90m{}[39m
[35m[W3C][39m Driver proxy active, passing request on via HTTP proxy
[35m[JSONWP Proxy][39m Replacing sessionId 8ec2888e-5f07-4453-951d-658c5aed58ea with 5a9c9699-e7f5-457d-93d9-634bb5262bb5
[35m[HTTP][39m [37m<-- GET /wd/hub/session/5a9c9699-e7f5-457d-93d9-634bb5262bb5/element/41d15114-f7d1-4944-883b-b7ed4b57b015/location [39m[32m200[39m [90m54 ms - 88[39m
[35m[HTTP][39m [90m[39m
[35m[HTTP][39m [37m-->[39m [37mPOST[39m [37m/wd/hub/session/5a9c9699-e7f5-457d-93d9-634bb5262bb5/touch/perform[39m
[35m[HTTP][39m [90m{"actions":[{"action":"tap","options":{"element":"41d15114-f7d1-4944-883b-b7ed4b57b015","x":1,"y":1}}]}[39m
[35m[UiAutomator2][39m calling get location: 41d15114-f7d1-4944-883b-b7ed4b57b015
[35m[HTTP][39m [37m<-- POST /wd/hub/session/5a9c9699-e7f5-457d-93d9-634bb5262bb5/touch/perform [39m[32m200[39m [90m2071 ms - 76[39m
[35m[HTTP][39m [90m[39m
[35m[HTTP][39m [37m-->[39m [37mGET[39m [37m/wd/hub/session/5a9c9699-e7f5-457d-93d9-634bb5262bb5/window/current/size[39m
[35m[HTTP][39m [90m{}[39m
[35m[W3C][39m Driver proxy active, passing request on via HTTP proxy
[35m[JSONWP Proxy][39m Replacing sessionId 8ec2888e-5f07-4453-951d-658c5aed58ea with 5a9c9699-e7f5-457d-93d9-634bb5262bb5
[35m[HTTP][39m [37m<-- GET /wd/hub/session/5a9c9699-e7f5-457d-93d9-634bb5262bb5/window/current/size [39m[32m200[39m [90m57 ms - 100[39m
[35m[HTTP][39m [90m[39m
[35m[HTTP][39m [37m-->[39m [37mPOST[39m [37m/wd/hub/session/5a9c9699-e7f5-457d-93d9-634bb5262bb5/elements[39m
[35m[HTTP][39m [90m{"using":"-android uiautomator","value":"new UiSelector().className(\"android.widget.ImageView\").resourceId(\"com.abaxis.vetscan_vue.dev:id/text_skip\").instance(1)"}[39m
[35m[HTTP][39m [37m<-- POST /wd/hub/session/5a9c9699-e7f5-457d-93d9-634bb5262bb5/elements [39m[32m200[39m [90m87 ms - 124[39m
[35m[HTTP][39m [90m[39m
[35m[HTTP][39m [37m-->[39m [37mGET[39m [37m/wd/hub/session/5a9c9699-e7f5-457d-93d9-634bb5262bb5[39m
[35m[HTTP][39m [90m{}[39m
[35m[HTTP][39m [37m<-- GET /wd/hub/session/5a9c9699-e7f5-457d-93d9-634bb5262bb5 [39m[32m200[39m [90m16 ms - 1133[39m
[35m[HTTP][39m [90m[39m
[35m[HTTP][39m [37m-->[39m [37mGET[39m [37m/wd/hub/session/5a9c9699-e7f5-457d-93d9-634bb5262bb5[39m
[35m[HTTP][39m [90m{}[39m
[35m[HTTP][39m [37m<-- GET /wd/hub/session/5a9c9699-e7f5-457d-93d9-634bb5262bb5 [39m[32m200[39m [90m20 ms - 1133[39m
[35m[HTTP][39m [90m[39m
[35m[HTTP][39m [37m-->[39m [37mGET[39m [37m/wd/hub/session/5a9c9699-e7f5-457d-93d9-634bb5262bb5[39m
[35m[HTTP][39m [90m{}[39m
[35m[HTTP][39m [37m<-- GET /wd/hub/session/5a9c9699-e7f5-457d-93d9-634bb5262bb5 [39m[32m200[39m [90m15 ms - 1133[39m
[35m[HTTP][39m [90m[39m
[35m[HTTP][39m [37m-->[39m [37mGET[39m [37m/wd/hub/session/5a9c9699-e7f5-457d-93d9-634bb5262bb5[39m
[35m[HTTP][39m [90m{}[39m
[35m[HTTP][39m [37m<-- GET /wd/hub/session/5a9c9699-e7f5-457d-93d9-634bb5262bb5 [39m[32m200[39m [90m19 ms - 1133[39m
[35m[HTTP][39m [90m[39m
[35m[HTTP][39m [37m-->[39m [37mGET[39m [37m/wd/hub/session/5a9c9699-e7f5-457d-93d9-634bb5262bb5/element/0a91176e-528b-4718-8e42-8f43d76738f4/location[39m
[35m[HTTP][39m [90m{}[39m
[35m[W3C][39m Driver proxy active, passing request on via HTTP proxy
[35m[JSONWP Proxy][39m Replacing sessionId 8ec2888e-5f07-4453-951d-658c5aed58ea with 5a9c9699-e7f5-457d-93d9-634bb5262bb5
[35m[HTTP][39m [37m<-- GET /wd/hub/session/5a9c9699-e7f5-457d-93d9-634bb5262bb5/element/0a91176e-528b-4718-8e42-8f43d76738f4/location [39m[32m200[39m [90m41 ms - 89[39m
[35m[HTTP][39m [90m[39m
[35m[HTTP][39m [37m-->[39m [37mPOST[39m [37m/wd/hub/session/5a9c9699-e7f5-457d-93d9-634bb5262bb5/touch/perform[39m
[35m[HTTP][39m [90m{"actions":[{"action":"tap","options":{"element":"0a91176e-528b-4718-8e42-8f43d76738f4","x":1,"y":1}}]}[39m
[35m[UiAutomator2][39m calling get location: 0a91176e-528b-4718-8e42-8f43d76738f4
[35m[HTTP][39m [37m<-- POST /wd/hub/session/5a9c9699-e7f5-457d-93d9-634bb5262bb5/touch/perform [39m[32m200[39m [90m976 ms - 76[39m
[35m[HTTP][39m [90m[39m
[35m[HTTP][39m [37m-->[39m [37mGET[39m [37m/wd/hub/session/5a9c9699-e7f5-457d-93d9-634bb5262bb5/window/current/size[39m
[35m[HTTP][39m [90m{}[39m
[35m[W3C][39m Driver proxy active, passing request on via HTTP proxy
[35m[JSONWP Proxy][39m Replacing sessionId 8ec2888e-5f07-4453-951d-658c5aed58ea with 5a9c9699-e7f5-457d-93d9-634bb5262bb5
[35m[HTTP][39m [37m<-- GET /wd/hub/session/5a9c9699-e7f5-457d-93d9-634bb5262bb5/window/current/size [39m[32m200[39m [90m38 ms - 100[39m
[35m[HTTP][39m [90m[39m
[35m[HTTP][39m [37m-->[39m [37mPOST[39m [37m/wd/hub/session/5a9c9699-e7f5-457d-93d9-634bb5262bb5/elements[39m
[35m[HTTP][39m [90m{"using":"-android uiautomator","value":"new UiSelector().className(\"android.widget.Button\").text(\"YES\").resourceId(\"android:id/button1\").instance(1)"}[39m
[35m[HTTP][39m [37m<-- POST /wd/hub/session/5a9c9699-e7f5-457d-93d9-634bb5262bb5/elements [39m[32m200[39m [90m75 ms - 124[39m
[35m[HTTP][39m [90m[39m
[35m[HTTP][39m [37m-->[39m [37mGET[39m [37m/wd/hub/session/5a9c9699-e7f5-457d-93d9-634bb5262bb5[39m
[35m[HTTP][39m [90m{}[39m
[35m[HTTP][39m [37m<-- GET /wd/hub/session/5a9c9699-e7f5-457d-93d9-634bb5262bb5 [39m[32m200[39m [90m16 ms - 1133[39m
[35m[HTTP][39m [90m[39m
[35m[HTTP][39m [37m-->[39m [37mGET[39m [37m/wd/hub/session/5a9c9699-e7f5-457d-93d9-634bb5262bb5[39m
[35m[HTTP][39m [90m{}[39m
[35m[HTTP][39m [37m<-- GET /wd/hub/session/5a9c9699-e7f5-457d-93d9-634bb5262bb5 [39m[32m200[39m [90m14 ms - 1133[39m
[35m[HTTP][39m [90m[39m
[35m[HTTP][39m [37m-->[39m [37mGET[39m [37m/wd/hub/session/5a9c9699-e7f5-457d-93d9-634bb5262bb5[39m
[35m[HTTP][39m [90m{}[39m
[35m[HTTP][39m [37m<-- GET /wd/hub/session/5a9c9699-e7f5-457d-93d9-634bb5262bb5 [39m[32m200[39m [90m15 ms - 1133[39m
[35m[HTTP][39m [90m[39m
[35m[HTTP][39m [37m-->[39m [37mGET[39m [37m/wd/hub/session/5a9c9699-e7f5-457d-93d9-634bb5262bb5[39m
[35m[HTTP][39m [90m{}[39m
[35m[HTTP][39m [37m<-- GET /wd/hub/session/5a9c9699-e7f5-457d-93d9-634bb5262bb5 [39m[32m200[39m [90m14 ms - 1133[39m
[35m[HTTP][39m [90m[39m
[35m[HTTP][39m [37m-->[39m [37mGET[39m [37m/wd/hub/session/5a9c9699-e7f5-457d-93d9-634bb5262bb5/element/e6953fa6-5efb-42cc-b079-ac184b78083f/location[39m
[35m[HTTP][39m [90m{}[39m
[35m[W3C][39m Driver proxy active, passing request on via HTTP proxy
[35m[JSONWP Proxy][39m Replacing sessionId 8ec2888e-5f07-4453-951d-658c5aed58ea with 5a9c9699-e7f5-457d-93d9-634bb5262bb5
[35m[HTTP][39m [37m<-- GET /wd/hub/session/5a9c9699-e7f5-457d-93d9-634bb5262bb5/element/e6953fa6-5efb-42cc-b079-ac184b78083f/location [39m[32m200[39m [90m30 ms - 91[39m
[35m[HTTP][39m [90m[39m
[35m[HTTP][39m [37m-->[39m [37mPOST[39m [37m/wd/hub/session/5a9c9699-e7f5-457d-93d9-634bb5262bb5/touch/perform[39m
[35m[HTTP][39m [90m{"actions":[{"action":"tap","options":{"element":"e6953fa6-5efb-42cc-b079-ac184b78083f","x":1,"y":1}}]}[39m
[35m[UiAutomator2][39m calling get location: e6953fa6-5efb-42cc-b079-ac184b78083f
[35m[HTTP][39m [37m<-- POST /wd/hub/session/5a9c9699-e7f5-457d-93d9-634bb5262bb5/touch/perform [39m[32m200[39m [90m1561 ms - 76[39m
[35m[HTTP][39m [90m[39m
[35m[HTTP][39m [37m-->[39m [37mGET[39m [37m/wd/hub/session/5a9c9699-e7f5-457d-93d9-634bb5262bb5/window/current/size[39m
[35m[HTTP][39m [90m{}[39m
[35m[W3C][39m Driver proxy active, passing request on via HTTP proxy
[35m[JSONWP Proxy][39m Replacing sessionId 8ec2888e-5f07-4453-951d-658c5aed58ea with 5a9c9699-e7f5-457d-93d9-634bb5262bb5
[35m[HTTP][39m [37m<-- GET /wd/hub/session/5a9c9699-e7f5-457d-93d9-634bb5262bb5/window/current/size [39m[32m200[39m [90m21 ms - 100[39m
[35m[HTTP][39m [90m[39m
[35m[HTTP][39m [37m-->[39m [37mPOST[39m [37m/wd/hub/session/5a9c9699-e7f5-457d-93d9-634bb5262bb5/elements[39m
[35m[HTTP][39m [90m{"using":"-android uiautomator","value":"new UiSelector().className(\"android.widget.Button\").text(\"OK\").resourceId(\"com.abaxis.vetscan_vue.dev:id/showcase_button\").instance(0)"}[39m
[35m[HTTP][39m [37m<-- POST /wd/hub/session/5a9c9699-e7f5-457d-93d9-634bb5262bb5/elements [39m[32m200[39m [90m68 ms - 74[39m
[35m[HTTP][39m [90m[39m
[35m[HTTP][39m [37m-->[39m [37mPOST[39m [37m/wd/hub/session/5a9c9699-e7f5-457d-93d9-634bb5262bb5/elements[39m
[35m[HTTP][39m [90m{"using":"-android uiautomator","value":"new UiSelector().className(\"android.widget.Button\").text(\"OK\").resourceId(\"com.abaxis.vetscan_vue.dev:id/showcase_button\").instance(0)"}[39m
[35m[HTTP][39m [37m<-- POST /wd/hub/session/5a9c9699-e7f5-457d-93d9-634bb5262bb5/elements [39m[32m200[39m [90m75 ms - 74[39m
[35m[HTTP][39m [90m[39m
[35m[HTTP][39m [37m-->[39m [37mPOST[39m [37m/wd/hub/session/5a9c9699-e7f5-457d-93d9-634bb5262bb5/elements[39m
[35m[HTTP][39m [90m{"using":"-android uiautomator","value":"new UiSelector().className(\"android.widget.Button\").text(\"OK\").resourceId(\"com.abaxis.vetscan_vue.dev:id/showcase_button\").instance(0)"}[39m
[35m[HTTP][39m [37m<-- POST /wd/hub/session/5a9c9699-e7f5-457d-93d9-634bb5262bb5/elements [39m[32m200[39m [90m71 ms - 74[39m
[35m[HTTP][39m [90m[39m
[35m[HTTP][39m [37m-->[39m [37mPOST[39m [37m/wd/hub/session/5a9c9699-e7f5-457d-93d9-634bb5262bb5/elements[39m
[35m[HTTP][39m [90m{"using":"-android uiautomator","value":"new UiSelector().className(\"android.widget.Button\").text(\"OK\").resourceId(\"com.abaxis.vetscan_vue.dev:id/showcase_button\").instance(0)"}[39m
[35m[HTTP][39m [37m<-- POST /wd/hub/session/5a9c9699-e7f5-457d-93d9-634bb5262bb5/elements [39m[32m200[39m [90m841 ms - 124[39m
[35m[HTTP][39m [90m[39m
[35m[HTTP][39m [37m-->[39m [37mGET[39m [37m/wd/hub/session/5a9c9699-e7f5-457d-93d9-634bb5262bb5[39m
[35m[HTTP][39m [90m{}[39m
[35m[HTTP][39m [37m<-- GET /wd/hub/session/5a9c9699-e7f5-457d-93d9-634bb5262bb5 [39m[32m200[39m [90m15 ms - 1133[39m
[35m[HTTP][39m [90m[39m
[35m[HTTP][39m [37m-->[39m [37mGET[39m [37m/wd/hub/session/5a9c9699-e7f5-457d-93d9-634bb5262bb5[39m
[35m[HTTP][39m [90m{}[39m
[35m[HTTP][39m [37m<-- GET /wd/hub/session/5a9c9699-e7f5-457d-93d9-634bb5262bb5 [39m[32m200[39m [90m14 ms - 1133[39m
[35m[HTTP][39m [90m[39m
[35m[HTTP][39m [37m-->[39m [37mGET[39m [37m/wd/hub/session/5a9c9699-e7f5-457d-93d9-634bb5262bb5[39m
[35m[HTTP][39m [90m{}[39m
[35m[HTTP][39m [37m<-- GET /wd/hub/session/5a9c9699-e7f5-457d-93d9-634bb5262bb5 [39m[32m200[39m [90m17 ms - 1133[39m
[35m[HTTP][39m [90m[39m
[35m[HTTP][39m [37m-->[39m [37mGET[39m [37m/wd/hub/session/5a9c9699-e7f5-457d-93d9-634bb5262bb5[39m
[35m[HTTP][39m [90m{}[39m
[35m[HTTP][39m [37m<-- GET /wd/hub/session/5a9c9699-e7f5-457d-93d9-634bb5262bb5 [39m[32m200[39m [90m16 ms - 1133[39m
[35m[HTTP][39m [90m[39m
[35m[HTTP][39m [37m-->[39m [37mGET[39m [37m/wd/hub/session/5a9c9699-e7f5-457d-93d9-634bb5262bb5/element/9252d86e-d70a-4eae-93af-03feca966331/location[39m
[35m[HTTP][39m [90m{}[39m
[35m[W3C][39m Driver proxy active, passing request on via HTTP proxy
[35m[JSONWP Proxy][39m Replacing sessionId 8ec2888e-5f07-4453-951d-658c5aed58ea with 5a9c9699-e7f5-457d-93d9-634bb5262bb5
[35m[HTTP][39m [37m<-- GET /wd/hub/session/5a9c9699-e7f5-457d-93d9-634bb5262bb5/element/9252d86e-d70a-4eae-93af-03feca966331/location [39m[32m200[39m [90m61 ms - 90[39m
[35m[HTTP][39m [90m[39m
[35m[HTTP][39m [37m-->[39m [37mPOST[39m [37m/wd/hub/session/5a9c9699-e7f5-457d-93d9-634bb5262bb5/touch/perform[39m
[35m[HTTP][39m [90m{"actions":[{"action":"tap","options":{"element":"9252d86e-d70a-4eae-93af-03feca966331","x":1,"y":1}}]}[39m
[35m[UiAutomator2][39m calling get location: 9252d86e-d70a-4eae-93af-03feca966331
[35m[HTTP][39m [37m<-- POST /wd/hub/session/5a9c9699-e7f5-457d-93d9-634bb5262bb5/touch/perform [39m[32m200[39m [90m842 ms - 76[39m
[35m[HTTP][39m [90m[39m
[35m[HTTP][39m [37m-->[39m [37mGET[39m [37m/wd/hub/session/5a9c9699-e7f5-457d-93d9-634bb5262bb5/window/current/size[39m
[35m[HTTP][39m [90m{}[39m
[35m[W3C][39m Driver proxy active, passing request on via HTTP proxy
[35m[JSONWP Proxy][39m Replacing sessionId 8ec2888e-5f07-4453-951d-658c5aed58ea with 5a9c9699-e7f5-457d-93d9-634bb5262bb5
[35m[HTTP][39m [37m<-- GET /wd/hub/session/5a9c9699-e7f5-457d-93d9-634bb5262bb5/window/current/size [39m[32m200[39m [90m24 ms - 100[39m
[35m[HTTP][39m [90m[39m
[35m[HTTP][39m [37m-->[39m [37mPOST[39m [37m/wd/hub/session/5a9c9699-e7f5-457d-93d9-634bb5262bb5/elements[39m
[35m[HTTP][39m [90m{"using":"xpath","value":"//hierarchy/android.widget.FrameLayout[1]/android.widget.LinearLayout[1]/android.widget.FrameLayout[1]/android.widget.FrameLayout[1]/android.widget.FrameLayout[1]/android.widget.RelativeLayout[1]/android.widget.RelativeLayout[1]/android.widget.HorizontalScrollView[1]/android.widget.LinearLayout[1]/android.widget.ImageButton[4]"}[39m
[35m[HTTP][39m [37m<-- POST /wd/hub/session/5a9c9699-e7f5-457d-93d9-634bb5262bb5/elements [39m[32m200[39m [90m176 ms - 124[39m
[35m[HTTP][39m [90m[39m
[35m[HTTP][39m [37m-->[39m [37mGET[39m [37m/wd/hub/session/5a9c9699-e7f5-457d-93d9-634bb5262bb5[39m
[35m[HTTP][39m [90m{}[39m
[35m[HTTP][39m [37m<-- GET /wd/hub/session/5a9c9699-e7f5-457d-93d9-634bb5262bb5 [39m[32m200[39m [90m23 ms - 1133[39m
[35m[HTTP][39m [90m[39m
[35m[HTTP][39m [37m-->[39m [37mGET[39m [37m/wd/hub/session/5a9c9699-e7f5-457d-93d9-634bb5262bb5[39m
[35m[HTTP][39m [90m{}[39m
[35m[HTTP][39m [37m<-- GET /wd/hub/session/5a9c9699-e7f5-457d-93d9-634bb5262bb5 [39m[32m200[39m [90m15 ms - 1133[39m
[35m[HTTP][39m [90m[39m
[35m[HTTP][39m [37m-->[39m [37mGET[39m [37m/wd/hub/session/5a9c9699-e7f5-457d-93d9-634bb5262bb5[39m
[35m[HTTP][39m [90m{}[39m
[35m[HTTP][39m [37m<-- GET /wd/hub/session/5a9c9699-e7f5-457d-93d9-634bb5262bb5 [39m[32m200[39m [90m17 ms - 1133[39m
[35m[HTTP][39m [90m[39m
[35m[HTTP][39m [37m-->[39m [37mGET[39m [37m/wd/hub/session/5a9c9699-e7f5-457d-93d9-634bb5262bb5[39m
[35m[HTTP][39m [90m{}[39m
[35m[HTTP][39m [37m<-- GET /wd/hub/session/5a9c9699-e7f5-457d-93d9-634bb5262bb5 [39m[32m200[39m [90m14 ms - 1133[39m
[35m[HTTP][39m [90m[39m
[35m[HTTP][39m [37m-->[39m [37mGET[39m [37m/wd/hub/session/5a9c9699-e7f5-457d-93d9-634bb5262bb5/element/532966d0-8fee-46af-80a5-e1c94dfd46ec/location[39m
[35m[HTTP][39m [90m{}[39m
[35m[W3C][39m Driver proxy active, passing request on via HTTP proxy
[35m[JSONWP Proxy][39m Replacing sessionId 8ec2888e-5f07-4453-951d-658c5aed58ea with 5a9c9699-e7f5-457d-93d9-634bb5262bb5
[35m[HTTP][39m [37m<-- GET /wd/hub/session/5a9c9699-e7f5-457d-93d9-634bb5262bb5/element/532966d0-8fee-46af-80a5-e1c94dfd46ec/location [39m[32m200[39m [90m30 ms - 89[39m
[35m[HTTP][39m [90m[39m
[35m[HTTP][39m [37m-->[39m [37mPOST[39m [37m/wd/hub/session/5a9c9699-e7f5-457d-93d9-634bb5262bb5/touch/perform[39m
[35m[HTTP][39m [90m{"actions":[{"action":"tap","options":{"element":"532966d0-8fee-46af-80a5-e1c94dfd46ec","x":1,"y":1}}]}[39m
[35m[UiAutomator2][39m calling get location: 532966d0-8fee-46af-80a5-e1c94dfd46ec
[35m[HTTP][39m [37m<-- POST /wd/hub/session/5a9c9699-e7f5-457d-93d9-634bb5262bb5/touch/perform [39m[32m200[39m [90m77 ms - 76[39m
[35m[HTTP][39m [90m[39m
[35m[HTTP][39m [37m-->[39m [37mGET[39m [37m/wd/hub/session/5a9c9699-e7f5-457d-93d9-634bb5262bb5/window/current/size[39m
[35m[HTTP][39m [90m{}[39m
[35m[W3C][39m Driver proxy active, passing request on via HTTP proxy
[35m[JSONWP Proxy][39m Replacing sessionId 8ec2888e-5f07-4453-951d-658c5aed58ea with 5a9c9699-e7f5-457d-93d9-634bb5262bb5
[35m[HTTP][39m [37m<-- GET /wd/hub/session/5a9c9699-e7f5-457d-93d9-634bb5262bb5/window/current/size [39m[32m200[39m [90m27 ms - 100[39m
[35m[HTTP][39m [90m[39m
[35m[HTTP][39m [37m-->[39m [37mPOST[39m [37m/wd/hub/session/5a9c9699-e7f5-457d-93d9-634bb5262bb5/elements[39m
[35m[HTTP][39m [90m{"using":"xpath","value":"//hierarchy/android.widget.FrameLayout[1]/android.widget.LinearLayout[1]/android.widget.FrameLayout[1]/android.widget.FrameLayout[1]/android.widget.FrameLayout[1]/android.widget.RelativeLayout[1]/android.widget.RelativeLayout[1]/android.widget.HorizontalScrollView[1]/android.widget.LinearLayout[1]/android.widget.ImageButton[4]"}[39m
[35m[HTTP][39m [37m<-- POST /wd/hub/session/5a9c9699-e7f5-457d-93d9-634bb5262bb5/elements [39m[32m200[39m [90m854 ms - 124[39m
[35m[HTTP][39m [90m[39m
[35m[HTTP][39m [37m-->[39m [37mGET[39m [37m/wd/hub/session/5a9c9699-e7f5-457d-93d9-634bb5262bb5[39m
[35m[HTTP][39m [90m{}[39m
[35m[HTTP][39m [37m<-- GET /wd/hub/session/5a9c9699-e7f5-457d-93d9-634bb5262bb5 [39m[32m200[39m [90m22 ms - 1133[39m
[35m[HTTP][39m [90m[39m
[35m[HTTP][39m [37m-->[39m [37mGET[39m [37m/wd/hub/session/5a9c9699-e7f5-457d-93d9-634bb5262bb5[39m
[35m[HTTP][39m [90m{}[39m
[35m[HTTP][39m [37m<-- GET /wd/hub/session/5a9c9699-e7f5-457d-93d9-634bb5262bb5 [39m[32m200[39m [90m21 ms - 1133[39m
[35m[HTTP][39m [90m[39m
[35m[HTTP][39m [37m-->[39m [37mGET[39m [37m/wd/hub/session/5a9c9699-e7f5-457d-93d9-634bb5262bb5[39m
[35m[HTTP][39m [90m{}[39m
[35m[HTTP][39m [37m<-- GET /wd/hub/session/5a9c9699-e7f5-457d-93d9-634bb5262bb5 [39m[32m200[39m [90m21 ms - 1133[39m
[35m[HTTP][39m [90m[39m
[35m[HTTP][39m [37m-->[39m [37mGET[39m [37m/wd/hub/session/5a9c9699-e7f5-457d-93d9-634bb5262bb5[39m
[35m[HTTP][39m [90m{}[39m
[35m[HTTP][39m [37m<-- GET /wd/hub/session/5a9c9699-e7f5-457d-93d9-634bb5262bb5 [39m[32m200[39m [90m19 ms - 1133[39m
[35m[HTTP][39m [90m[39m
[35m[HTTP][39m [37m-->[39m [37mGET[39m [37m/wd/hub/session/5a9c9699-e7f5-457d-93d9-634bb5262bb5/element/bb19bdcd-2364-49ac-ae05-d6fb3e531c93/location[39m
[35m[HTTP][39m [90m{}[39m
[35m[W3C][39m Driver proxy active, passing request on via HTTP proxy
[35m[JSONWP Proxy][39m Replacing sessionId 8ec2888e-5f07-4453-951d-658c5aed58ea with 5a9c9699-e7f5-457d-93d9-634bb5262bb5
[35m[HTTP][39m [37m<-- GET /wd/hub/session/5a9c9699-e7f5-457d-93d9-634bb5262bb5/element/bb19bdcd-2364-49ac-ae05-d6fb3e531c93/location [39m[32m200[39m [90m31 ms - 89[39m
[35m[HTTP][39m [90m[39m
[35m[HTTP][39m [37m-->[39m [37mPOST[39m [37m/wd/hub/session/5a9c9699-e7f5-457d-93d9-634bb5262bb5/touch/perform[39m
[35m[HTTP][39m [90m{"actions":[{"action":"tap","options":{"element":"bb19bdcd-2364-49ac-ae05-d6fb3e531c93","x":1,"y":1}}]}[39m
[35m[UiAutomator2][39m calling get location: bb19bdcd-2364-49ac-ae05-d6fb3e531c93
[35m[HTTP][39m [37m<-- POST /wd/hub/session/5a9c9699-e7f5-457d-93d9-634bb5262bb5/touch/perform [39m[32m200[39m [90m71 ms - 76[39m
[35m[HTTP][39m [90m[39m
[35m[HTTP][39m [37m-->[39m [37mGET[39m [37m/wd/hub/session/5a9c9699-e7f5-457d-93d9-634bb5262bb5/window/current/size[39m
[35m[HTTP][39m [90m{}[39m
[35m[W3C][39m Driver proxy active, passing request on via HTTP proxy
[35m[JSONWP Proxy][39m Replacing sessionId 8ec2888e-5f07-4453-951d-658c5aed58ea with 5a9c9699-e7f5-457d-93d9-634bb5262bb5
[35m[HTTP][39m [37m<-- GET /wd/hub/session/5a9c9699-e7f5-457d-93d9-634bb5262bb5/window/current/size [39m[32m200[39m [90m19 ms - 100[39m
[35m[HTTP][39m [90m[39m
[35m[HTTP][39m [37m-->[39m [37mPOST[39m [37m/wd/hub/session/5a9c9699-e7f5-457d-93d9-634bb5262bb5/elements[39m
[35m[HTTP][39m [90m{"using":"-android uiautomator","value":"new UiSelector().className(\"android.widget.LinearLayout\").instance(8)"}[39m
[35m[HTTP][39m [37m<-- POST /wd/hub/session/5a9c9699-e7f5-457d-93d9-634bb5262bb5/elements [39m[32m200[39m [90m832 ms - 124[39m
[35m[HTTP][39m [90m[39m
[35m[HTTP][39m [37m-->[39m [37mGET[39m [37m/wd/hub/session/5a9c9699-e7f5-457d-93d9-634bb5262bb5[39m
[35m[HTTP][39m [90m{}[39m
[35m[HTTP][39m [37m<-- GET /wd/hub/session/5a9c9699-e7f5-457d-93d9-634bb5262bb5 [39m[32m200[39m [90m16 ms - 1133[39m
[35m[HTTP][39m [90m[39m
[35m[HTTP][39m [37m-->[39m [37mGET[39m [37m/wd/hub/session/5a9c9699-e7f5-457d-93d9-634bb5262bb5[39m
[35m[HTTP][39m [90m{}[39m
[35m[HTTP][39m [37m<-- GET /wd/hub/session/5a9c9699-e7f5-457d-93d9-634bb5262bb5 [39m[32m200[39m [90m16 ms - 1133[39m
[35m[HTTP][39m [90m[39m
[35m[HTTP][39m [37m-->[39m [37mGET[39m [37m/wd/hub/session/5a9c9699-e7f5-457d-93d9-634bb5262bb5[39m
[35m[HTTP][39m [90m{}[39m
[35m[HTTP][39m [37m<-- GET /wd/hub/session/5a9c9699-e7f5-457d-93d9-634bb5262bb5 [39m[32m200[39m [90m18 ms - 1133[39m
[35m[HTTP][39m [90m[39m
[35m[HTTP][39m [37m-->[39m [37mGET[39m [37m/wd/hub/session/5a9c9699-e7f5-457d-93d9-634bb5262bb5[39m
[35m[HTTP][39m [90m{}[39m
[35m[HTTP][39m [37m<-- GET /wd/hub/session/5a9c9699-e7f5-457d-93d9-634bb5262bb5 [39m[32m200[39m [90m19 ms - 1133[39m
[35m[HTTP][39m [90m[39m
[35m[HTTP][39m [37m-->[39m [37mGET[39m [37m/wd/hub/session/5a9c9699-e7f5-457d-93d9-634bb5262bb5/element/9eadd6b6-c990-4fe3-b0d4-39e723870ec0/location[39m
[35m[HTTP][39m [90m{}[39m
[35m[W3C][39m Driver proxy active, passing request on via HTTP proxy
[35m[JSONWP Proxy][39m Replacing sessionId 8ec2888e-5f07-4453-951d-658c5aed58ea with 5a9c9699-e7f5-457d-93d9-634bb5262bb5
[35m[HTTP][39m [37m<-- GET /wd/hub/session/5a9c9699-e7f5-457d-93d9-634bb5262bb5/element/9eadd6b6-c990-4fe3-b0d4-39e723870ec0/location [39m[32m200[39m [90m58 ms - 89[39m
[35m[HTTP][39m [90m[39m
[35m[HTTP][39m [37m-->[39m [37mPOST[39m [37m/wd/hub/session/5a9c9699-e7f5-457d-93d9-634bb5262bb5/touch/perform[39m
[35m[HTTP][39m [90m{"actions":[{"action":"tap","options":{"element":"9eadd6b6-c990-4fe3-b0d4-39e723870ec0","x":1,"y":1}}]}[39m
[35m[UiAutomator2][39m calling get location: 9eadd6b6-c990-4fe3-b0d4-39e723870ec0
[35m[HTTP][39m [37m<-- POST /wd/hub/session/5a9c9699-e7f5-457d-93d9-634bb5262bb5/touch/perform [39m[32m200[39m [90m1404 ms - 76[39m
[35m[HTTP][39m [90m[39m
[35m[HTTP][39m [37m-->[39m [37mGET[39m [37m/wd/hub/session/5a9c9699-e7f5-457d-93d9-634bb5262bb5/window/current/size[39m
[35m[HTTP][39m [90m{}[39m
[35m[W3C][39m Driver proxy active, passing request on via HTTP proxy
[35m[JSONWP Proxy][39m Replacing sessionId 8ec2888e-5f07-4453-951d-658c5aed58ea with 5a9c9699-e7f5-457d-93d9-634bb5262bb5
[35m[HTTP][39m [37m<-- GET /wd/hub/session/5a9c9699-e7f5-457d-93d9-634bb5262bb5/window/current/size [39m[32m200[39m [90m25 ms - 100[39m
[35m[HTTP][39m [90m[39m
[35m[HTTP][39m [37m-->[39m [37mPOST[39m [37m/wd/hub/session/5a9c9699-e7f5-457d-93d9-634bb5262bb5/elements[39m
[35m[HTTP][39m [90m{"using":"-android uiautomator","value":"new UiSelector().className(\"android.widget.TextView\").resourceId(\"com.abaxis.vetscan_vue.dev:id/button_single_connection_fuse\").instance(1)"}[39m
[35m[HTTP][39m [37m<-- POST /wd/hub/session/5a9c9699-e7f5-457d-93d9-634bb5262bb5/elements [39m[32m200[39m [90m105 ms - 124[39m
[35m[HTTP][39m [90m[39m
[35m[HTTP][39m [37m-->[39m [37mGET[39m [37m/wd/hub/session/5a9c9699-e7f5-457d-93d9-634bb5262bb5[39m
[35m[HTTP][39m [90m{}[39m
[35m[HTTP][39m [37m<-- GET /wd/hub/session/5a9c9699-e7f5-457d-93d9-634bb5262bb5 [39m[32m200[39m [90m16 ms - 1133[39m
[35m[HTTP][39m [90m[39m
[35m[HTTP][39m [37m-->[39m [37mGET[39m [37m/wd/hub/session/5a9c9699-e7f5-457d-93d9-634bb5262bb5[39m
[35m[HTTP][39m [90m{}[39m
[35m[HTTP][39m [37m<-- GET /wd/hub/session/5a9c9699-e7f5-457d-93d9-634bb5262bb5 [39m[32m200[39m [90m15 ms - 1133[39m
[35m[HTTP][39m [90m[39m
[35m[HTTP][39m [37m-->[39m [37mGET[39m [37m/wd/hub/session/5a9c9699-e7f5-457d-93d9-634bb5262bb5[39m
[35m[HTTP][39m [90m{}[39m
[35m[HTTP][39m [37m<-- GET /wd/hub/session/5a9c9699-e7f5-457d-93d9-634bb5262bb5 [39m[32m200[39m [90m16 ms - 1133[39m
[35m[HTTP][39m [90m[39m
[35m[HTTP][39m [37m-->[39m [37mGET[39m [37m/wd/hub/session/5a9c9699-e7f5-457d-93d9-634bb5262bb5[39m
[35m[HTTP][39m [90m{}[39m
[35m[HTTP][39m [37m<-- GET /wd/hub/session/5a9c9699-e7f5-457d-93d9-634bb5262bb5 [39m[32m200[39m [90m16 ms - 1133[39m
[35m[HTTP][39m [90m[39m
[35m[HTTP][39m [37m-->[39m [37mGET[39m [37m/wd/hub/session/5a9c9699-e7f5-457d-93d9-634bb5262bb5/element/2e00d5dd-429c-40b3-a5a8-36d32ce66c7c/location[39m
[35m[HTTP][39m [90m{}[39m
[35m[W3C][39m Driver proxy active, passing request on via HTTP proxy
[35m[JSONWP Proxy][39m Replacing sessionId 8ec2888e-5f07-4453-951d-658c5aed58ea with 5a9c9699-e7f5-457d-93d9-634bb5262bb5
[35m[HTTP][39m [37m<-- GET /wd/hub/session/5a9c9699-e7f5-457d-93d9-634bb5262bb5/element/2e00d5dd-429c-40b3-a5a8-36d32ce66c7c/location [39m[32m200[39m [90m37 ms - 90[39m
[35m[HTTP][39m [90m[39m
[35m[HTTP][39m [37m-->[39m [37mPOST[39m [37m/wd/hub/session/5a9c9699-e7f5-457d-93d9-634bb5262bb5/touch/perform[39m
[35m[HTTP][39m [90m{"actions":[{"action":"tap","options":{"element":"2e00d5dd-429c-40b3-a5a8-36d32ce66c7c","x":1,"y":1}}]}[39m
[35m[UiAutomator2][39m calling get location: 2e00d5dd-429c-40b3-a5a8-36d32ce66c7c
[35m[HTTP][39m [37m<-- POST /wd/hub/session/5a9c9699-e7f5-457d-93d9-634bb5262bb5/touch/perform [39m[32m200[39m [90m1294 ms - 76[39m
[35m[HTTP][39m [90m[39m
[35m[HTTP][39m [37m-->[39m [37mGET[39m [37m/wd/hub/session/5a9c9699-e7f5-457d-93d9-634bb5262bb5/window/current/size[39m
[35m[HTTP][39m [90m{}[39m
[35m[W3C][39m Driver proxy active, passing request on via HTTP proxy
[35m[JSONWP Proxy][39m Replacing sessionId 8ec2888e-5f07-4453-951d-658c5aed58ea with 5a9c9699-e7f5-457d-93d9-634bb5262bb5
[35m[HTTP][39m [37m<-- GET /wd/hub/session/5a9c9699-e7f5-457d-93d9-634bb5262bb5/window/current/size [39m[32m200[39m [90m28 ms - 100[39m
[35m[HTTP][39m [90m[39m
[35m[HTTP][39m [37m-->[39m [37mPOST[39m [37m/wd/hub/session/5a9c9699-e7f5-457d-93d9-634bb5262bb5/elements[39m
[35m[HTTP][39m [90m{"using":"-android uiautomator","value":"new UiSelector().className(\"android.widget.EditText\").text(\"Enter fuse IP address\").resourceId(\"com.abaxis.vetscan_vue.dev:id/fuse_ip_edit_text\").instance(0)"}[39m
[35m[HTTP][39m [37m<-- POST /wd/hub/session/5a9c9699-e7f5-457d-93d9-634bb5262bb5/elements [39m[32m200[39m [90m68 ms - 124[39m
[35m[HTTP][39m [90m[39m
[35m[HTTP][39m [37m-->[39m [37mGET[39m [37m/wd/hub/session/5a9c9699-e7f5-457d-93d9-634bb5262bb5[39m
[35m[HTTP][39m [90m{}[39m
[35m[HTTP][39m [37m<-- GET /wd/hub/session/5a9c9699-e7f5-457d-93d9-634bb5262bb5 [39m[32m200[39m [90m14 ms - 1133[39m
[35m[HTTP][39m [90m[39m
[35m[HTTP][39m [37m-->[39m [37mGET[39m [37m/wd/hub/session/5a9c9699-e7f5-457d-93d9-634bb5262bb5[39m
[35m[HTTP][39m [90m{}[39m
[35m[HTTP][39m [37m<-- GET /wd/hub/session/5a9c9699-e7f5-457d-93d9-634bb5262bb5 [39m[32m200[39m [90m14 ms - 1133[39m
[35m[HTTP][39m [90m[39m
[35m[HTTP][39m [37m-->[39m [37mGET[39m [37m/wd/hub/session/5a9c9699-e7f5-457d-93d9-634bb5262bb5[39m
[35m[HTTP][39m [90m{}[39m
[35m[HTTP][39m [37m<-- GET /wd/hub/session/5a9c9699-e7f5-457d-93d9-634bb5262bb5 [39m[32m200[39m [90m20 ms - 1133[39m
[35m[HTTP][39m [90m[39m
[35m[HTTP][39m [37m-->[39m [37mGET[39m [37m/wd/hub/session/5a9c9699-e7f5-457d-93d9-634bb5262bb5[39m
[35m[HTTP][39m [90m{}[39m
[35m[HTTP][39m [37m<-- GET /wd/hub/session/5a9c9699-e7f5-457d-93d9-634bb5262bb5 [39m[32m200[39m [90m20 ms - 1133[39m
[35m[HTTP][39m [90m[39m
[35m[HTTP][39m [37m-->[39m [37mGET[39m [37m/wd/hub/session/5a9c9699-e7f5-457d-93d9-634bb5262bb5/element/a83685e5-8584-457e-9f09-ec2ca2eaf3ad/location[39m
[35m[HTTP][39m [90m{}[39m
[35m[W3C][39m Driver proxy active, passing request on via HTTP proxy
[35m[JSONWP Proxy][39m Replacing sessionId 8ec2888e-5f07-4453-951d-658c5aed58ea with 5a9c9699-e7f5-457d-93d9-634bb5262bb5
[35m[HTTP][39m [37m<-- GET /wd/hub/session/5a9c9699-e7f5-457d-93d9-634bb5262bb5/element/a83685e5-8584-457e-9f09-ec2ca2eaf3ad/location [39m[32m200[39m [90m41 ms - 89[39m
[35m[HTTP][39m [90m[39m
[35m[HTTP][39m [37m-->[39m [37mPOST[39m [37m/wd/hub/session/5a9c9699-e7f5-457d-93d9-634bb5262bb5/element/a83685e5-8584-457e-9f09-ec2ca2eaf3ad/clear[39m
[35m[HTTP][39m [90m{"id":"a83685e5-8584-457e-9f09-ec2ca2eaf3ad"}[39m
[35m[HTTP][39m [37m<-- POST /wd/hub/session/5a9c9699-e7f5-457d-93d9-634bb5262bb5/element/a83685e5-8584-457e-9f09-ec2ca2eaf3ad/clear [39m[32m200[39m [90m112 ms - 89[39m
[35m[HTTP][39m [90m[39m
[35m[HTTP][39m [37m-->[39m [37mPOST[39m [37m/wd/hub/session/5a9c9699-e7f5-457d-93d9-634bb5262bb5/element/a83685e5-8584-457e-9f09-ec2ca2eaf3ad/value[39m
[35m[HTTP][39m [90m{"id":"a83685e5-8584-457e-9f09-ec2ca2eaf3ad","value":["192.168.1.150"]}[39m
[35m[HTTP][39m [37m<-- POST /wd/hub/session/5a9c9699-e7f5-457d-93d9-634bb5262bb5/element/a83685e5-8584-457e-9f09-ec2ca2eaf3ad/value [39m[32m200[39m [90m1443 ms - 74[39m
[35m[HTTP][39m [90m[39m
[35m[HTTP][39m [37m-->[39m [37mGET[39m [37m/wd/hub/session/5a9c9699-e7f5-457d-93d9-634bb5262bb5/window/current/size[39m
[35m[HTTP][39m [90m{}[39m
[35m[W3C][39m Driver proxy active, passing request on via HTTP proxy
[35m[JSONWP Proxy][39m Replacing sessionId 8ec2888e-5f07-4453-951d-658c5aed58ea with 5a9c9699-e7f5-457d-93d9-634bb5262bb5
[35m[HTTP][39m [37m<-- GET /wd/hub/session/5a9c9699-e7f5-457d-93d9-634bb5262bb5/window/current/size [39m[32m200[39m [90m29 ms - 100[39m
[35m[HTTP][39m [90m[39m
[35m[HTTP][39m [37m-->[39m [37mPOST[39m [37m/wd/hub/session/5a9c9699-e7f5-457d-93d9-634bb5262bb5/elements[39m
[35m[HTTP][39m [90m{"using":"-android uiautomator","value":"new UiSelector().className(\"android.widget.Button\").text(\"CONNECT\").resourceId(\"com.abaxis.vetscan_vue.dev:id/manual_connect_button\").instance(0)"}[39m
[35m[HTTP][39m [37m<-- POST /wd/hub/session/5a9c9699-e7f5-457d-93d9-634bb5262bb5/elements [39m[32m200[39m [90m1217 ms - 124[39m
[35m[HTTP][39m [90m[39m
[35m[HTTP][39m [37m-->[39m [37mGET[39m [37m/wd/hub/session/5a9c9699-e7f5-457d-93d9-634bb5262bb5[39m
[35m[HTTP][39m [90m{}[39m
[35m[HTTP][39m [37m<-- GET /wd/hub/session/5a9c9699-e7f5-457d-93d9-634bb5262bb5 [39m[32m200[39m [90m21 ms - 1133[39m
[35m[HTTP][39m [90m[39m
[35m[HTTP][39m [37m-->[39m [37mGET[39m [37m/wd/hub/session/5a9c9699-e7f5-457d-93d9-634bb5262bb5[39m
[35m[HTTP][39m [90m{}[39m
[35m[HTTP][39m [37m<-- GET /wd/hub/session/5a9c9699-e7f5-457d-93d9-634bb5262bb5 [39m[32m200[39m [90m19 ms - 1133[39m
[35m[HTTP][39m [90m[39m
[35m[HTTP][39m [37m-->[39m [37mGET[39m [37m/wd/hub/session/5a9c9699-e7f5-457d-93d9-634bb5262bb5[39m
[35m[HTTP][39m [90m{}[39m
[35m[HTTP][39m [37m<-- GET /wd/hub/session/5a9c9699-e7f5-457d-93d9-634bb5262bb5 [39m[32m200[39m [90m19 ms - 1133[39m
[35m[HTTP][39m [90m[39m
[35m[HTTP][39m [37m-->[39m [37mGET[39m [37m/wd/hub/session/5a9c9699-e7f5-457d-93d9-634bb5262bb5[39m
[35m[HTTP][39m [90m{}[39m
[35m[HTTP][39m [37m<-- GET /wd/hub/session/5a9c9699-e7f5-457d-93d9-634bb5262bb5 [39m[32m200[39m [90m19 ms - 1133[39m
[35m[HTTP][39m [90m[39m
[35m[HTTP][39m [37m-->[39m [37mGET[39m [37m/wd/hub/session/5a9c9699-e7f5-457d-93d9-634bb5262bb5/element/b3344199-0c65-4d70-8869-45fef8ce308e/location[39m
[35m[HTTP][39m [90m{}[39m
[35m[W3C][39m Driver proxy active, passing request on via HTTP proxy
[35m[JSONWP Proxy][39m Replacing sessionId 8ec2888e-5f07-4453-951d-658c5aed58ea with 5a9c9699-e7f5-457d-93d9-634bb5262bb5
[35m[HTTP][39m [37m<-- GET /wd/hub/session/5a9c9699-e7f5-457d-93d9-634bb5262bb5/element/b3344199-0c65-4d70-8869-45fef8ce308e/location [39m[32m200[39m [90m50 ms - 89[39m
[35m[HTTP][39m [90m[39m
[35m[HTTP][39m [37m-->[39m [37mPOST[39m [37m/wd/hub/session/5a9c9699-e7f5-457d-93d9-634bb5262bb5/touch/perform[39m
[35m[HTTP][39m [90m{"actions":[{"action":"tap","options":{"element":"b3344199-0c65-4d70-8869-45fef8ce308e","x":1,"y":1}}]}[39m
[35m[UiAutomator2][39m calling get location: b3344199-0c65-4d70-8869-45fef8ce308e
[35m[HTTP][39m [37m<-- POST /wd/hub/session/5a9c9699-e7f5-457d-93d9-634bb5262bb5/touch/perform [39m[32m200[39m [90m936 ms - 76[39m
[35m[HTTP][39m [90m[39m
[35m[HTTP][39m [37m-->[39m [37mGET[39m [37m/wd/hub/session/5a9c9699-e7f5-457d-93d9-634bb5262bb5/window/current/size[39m
[35m[HTTP][39m [90m{}[39m
[35m[W3C][39m Driver proxy active, passing request on via HTTP proxy
[35m[JSONWP Proxy][39m Replacing sessionId 8ec2888e-5f07-4453-951d-658c5aed58ea with 5a9c9699-e7f5-457d-93d9-634bb5262bb5
[35m[HTTP][39m [37m<-- GET /wd/hub/session/5a9c9699-e7f5-457d-93d9-634bb5262bb5/window/current/size [39m[32m200[39m [90m26 ms - 100[39m
[35m[HTTP][39m [90m[39m
[35m[HTTP][39m [37m-->[39m [37mPOST[39m [37m/wd/hub/session/5a9c9699-e7f5-457d-93d9-634bb5262bb5/elements[39m
[35m[HTTP][39m [90m{"using":"-android uiautomator","value":"new UiSelector().className(\"android.widget.ImageButton\").instance(0)"}[39m
[35m[HTTP][39m [37m<-- POST /wd/hub/session/5a9c9699-e7f5-457d-93d9-634bb5262bb5/elements [39m[32m200[39m [90m51 ms - 74[39m
[35m[HTTP][39m [90m[39m
[35m[HTTP][39m [37m-->[39m [37mPOST[39m [37m/wd/hub/session/5a9c9699-e7f5-457d-93d9-634bb5262bb5/elements[39m
[35m[HTTP][39m [90m{"using":"-android uiautomator","value":"new UiSelector().className(\"android.widget.ImageButton\").instance(0)"}[39m
[35m[HTTP][39m [37m<-- POST /wd/hub/session/5a9c9699-e7f5-457d-93d9-634bb5262bb5/elements [39m[32m200[39m [90m741 ms - 124[39m
[35m[HTTP][39m [90m[39m
[35m[HTTP][39m [37m-->[39m [37mGET[39m [37m/wd/hub/session/5a9c9699-e7f5-457d-93d9-634bb5262bb5[39m
[35m[HTTP][39m [90m{}[39m
[35m[HTTP][39m [37m<-- GET /wd/hub/session/5a9c9699-e7f5-457d-93d9-634bb5262bb5 [39m[32m200[39m [90m17 ms - 1133[39m
[35m[HTTP][39m [90m[39m
[35m[HTTP][39m [37m-->[39m [37mGET[39m [37m/wd/hub/session/5a9c9699-e7f5-457d-93d9-634bb5262bb5[39m
[35m[HTTP][39m [90m{}[39m
[35m[HTTP][39m [37m<-- GET /wd/hub/session/5a9c9699-e7f5-457d-93d9-634bb5262bb5 [39m[32m200[39m [90m17 ms - 1133[39m
[35m[HTTP][39m [90m[39m
[35m[HTTP][39m [37m-->[39m [37mGET[39m [37m/wd/hub/session/5a9c9699-e7f5-457d-93d9-634bb5262bb5[39m
[35m[HTTP][39m [90m{}[39m
[35m[HTTP][39m [37m<-- GET /wd/hub/session/5a9c9699-e7f5-457d-93d9-634bb5262bb5 [39m[32m200[39m [90m17 ms - 1133[39m
[35m[HTTP][39m [90m[39m
[35m[HTTP][39m [37m-->[39m [37mGET[39m [37m/wd/hub/session/5a9c9699-e7f5-457d-93d9-634bb5262bb5[39m
[35m[HTTP][39m [90m{}[39m
[35m[HTTP][39m [37m<-- GET /wd/hub/session/5a9c9699-e7f5-457d-93d9-634bb5262bb5 [39m[32m200[39m [90m23 ms - 1133[39m
[35m[HTTP][39m [90m[39m
[35m[HTTP][39m [37m-->[39m [37mGET[39m [37m/wd/hub/session/5a9c9699-e7f5-457d-93d9-634bb5262bb5/element/a6a89d3d-be6e-4ce5-8fb9-0fdd13ef149c/location[39m
[35m[HTTP][39m [90m{}[39m
[35m[W3C][39m Driver proxy active, passing request on via HTTP proxy
[35m[JSONWP Proxy][39m Replacing sessionId 8ec2888e-5f07-4453-951d-658c5aed58ea with 5a9c9699-e7f5-457d-93d9-634bb5262bb5
[35m[HTTP][39m [37m<-- GET /wd/hub/session/5a9c9699-e7f5-457d-93d9-634bb5262bb5/element/a6a89d3d-be6e-4ce5-8fb9-0fdd13ef149c/location [39m[32m200[39m [90m53 ms - 86[39m
[35m[HTTP][39m [90m[39m
[35m[HTTP][39m [37m-->[39m [37mPOST[39m [37m/wd/hub/session/5a9c9699-e7f5-457d-93d9-634bb5262bb5/touch/perform[39m
[35m[HTTP][39m [90m{"actions":[{"action":"tap","options":{"element":"a6a89d3d-be6e-4ce5-8fb9-0fdd13ef149c","x":1,"y":1}}]}[39m
[35m[UiAutomator2][39m calling get location: a6a89d3d-be6e-4ce5-8fb9-0fdd13ef149c
[35m[HTTP][39m [37m<-- POST /wd/hub/session/5a9c9699-e7f5-457d-93d9-634bb5262bb5/touch/perform [39m[32m200[39m [90m1867 ms - 76[39m
[35m[HTTP][39m [90m[39m
[35m[HTTP][39m [37m-->[39m [37mGET[39m [37m/wd/hub/session/5a9c9699-e7f5-457d-93d9-634bb5262bb5/window/current/size[39m
[35m[HTTP][39m [90m{}[39m
[35m[W3C][39m Driver proxy active, passing request on via HTTP proxy
[35m[JSONWP Proxy][39m Replacing sessionId 8ec2888e-5f07-4453-951d-658c5aed58ea with 5a9c9699-e7f5-457d-93d9-634bb5262bb5
[35m[HTTP][39m [37m<-- GET /wd/hub/session/5a9c9699-e7f5-457d-93d9-634bb5262bb5/window/current/size [39m[32m200[39m [90m19 ms - 100[39m
[35m[HTTP][39m [90m[39m
[35m[HTTP][39m [37m-->[39m [37mPOST[39m [37m/wd/hub/session/5a9c9699-e7f5-457d-93d9-634bb5262bb5/elements[39m
[35m[HTTP][39m [90m{"using":"-android uiautomator","value":"new UiSelector().className(\"android.widget.ImageButton\").instance(0)"}[39m
[35m[HTTP][39m [37m<-- POST /wd/hub/session/5a9c9699-e7f5-457d-93d9-634bb5262bb5/elements [39m[32m200[39m [90m105 ms - 124[39m
[35m[HTTP][39m [90m[39m
[35m[HTTP][39m [37m-->[39m [37mGET[39m [37m/wd/hub/session/5a9c9699-e7f5-457d-93d9-634bb5262bb5[39m
[35m[HTTP][39m [90m{}[39m
[35m[HTTP][39m [37m<-- GET /wd/hub/session/5a9c9699-e7f5-457d-93d9-634bb5262bb5 [39m[32m200[39m [90m15 ms - 1133[39m
[35m[HTTP][39m [90m[39m
[35m[HTTP][39m [37m-->[39m [37mGET[39m [37m/wd/hub/session/5a9c9699-e7f5-457d-93d9-634bb5262bb5[39m
[35m[HTTP][39m [90m{}[39m
[35m[HTTP][39m [37m<-- GET /wd/hub/session/5a9c9699-e7f5-457d-93d9-634bb5262bb5 [39m[32m200[39m [90m14 ms - 1133[39m
[35m[HTTP][39m [90m[39m
[35m[HTTP][39m [37m-->[39m [37mGET[39m [37m/wd/hub/session/5a9c9699-e7f5-457d-93d9-634bb5262bb5[39m
[35m[HTTP][39m [90m{}[39m
[35m[HTTP][39m [37m<-- GET /wd/hub/session/5a9c9699-e7f5-457d-93d9-634bb5262bb5 [39m[32m200[39m [90m15 ms - 1133[39m
[35m[HTTP][39m [90m[39m
[35m[HTTP][39m [37m-->[39m [37mGET[39m [37m/wd/hub/session/5a9c9699-e7f5-457d-93d9-634bb5262bb5[39m
[35m[HTTP][39m [90m{}[39m
[35m[HTTP][39m [37m<-- GET /wd/hub/session/5a9c9699-e7f5-457d-93d9-634bb5262bb5 [39m[32m200[39m [90m14 ms - 1133[39m
[35m[HTTP][39m [90m[39m
[35m[HTTP][39m [37m-->[39m [37mGET[39m [37m/wd/hub/session/5a9c9699-e7f5-457d-93d9-634bb5262bb5/element/91474b2e-3c4f-447f-bb06-dfc9dc0ff10d/location[39m
[35m[HTTP][39m [90m{}[39m
[35m[W3C][39m Driver proxy active, passing request on via HTTP proxy
[35m[JSONWP Proxy][39m Replacing sessionId 8ec2888e-5f07-4453-951d-658c5aed58ea with 5a9c9699-e7f5-457d-93d9-634bb5262bb5
[35m[HTTP][39m [37m<-- GET /wd/hub/session/5a9c9699-e7f5-457d-93d9-634bb5262bb5/element/91474b2e-3c4f-447f-bb06-dfc9dc0ff10d/location [39m[32m200[39m [90m48 ms - 86[39m
[35m[HTTP][39m [90m[39m
[35m[HTTP][39m [37m-->[39m [37mPOST[39m [37m/wd/hub/session/5a9c9699-e7f5-457d-93d9-634bb5262bb5/touch/perform[39m
[35m[HTTP][39m [90m{"actions":[{"action":"tap","options":{"element":"91474b2e-3c4f-447f-bb06-dfc9dc0ff10d","x":1,"y":1}}]}[39m
[35m[UiAutomator2][39m calling get location: 91474b2e-3c4f-447f-bb06-dfc9dc0ff10d
[35m[HTTP][39m [37m<-- POST /wd/hub/session/5a9c9699-e7f5-457d-93d9-634bb5262bb5/touch/perform [39m[32m200[39m [90m1209 ms - 76[39m
[35m[HTTP][39m [90m[39m
[35m[HTTP][39m [37m-->[39m [37mGET[39m [37m/wd/hub/session/5a9c9699-e7f5-457d-93d9-634bb5262bb5/window/current/size[39m
[35m[HTTP][39m [90m{}[39m
[35m[W3C][39m Driver proxy active, passing request on via HTTP proxy
[35m[JSONWP Proxy][39m Replacing sessionId 8ec2888e-5f07-4453-951d-658c5aed58ea with 5a9c9699-e7f5-457d-93d9-634bb5262bb5
[35m[HTTP][39m [37m<-- GET /wd/hub/session/5a9c9699-e7f5-457d-93d9-634bb5262bb5/window/current/size [39m[32m200[39m [90m37 ms - 100[39m
[35m[HTTP][39m [90m[39m
[35m[HTTP][39m [37m-->[39m [37mPOST[39m [37m/wd/hub/session/5a9c9699-e7f5-457d-93d9-634bb5262bb5/elements[39m
[35m[HTTP][39m [90m{"using":"xpath","value":"//hierarchy/android.widget.FrameLayout[1]/android.widget.LinearLayout[1]/android.widget.FrameLayout[1]/android.widget.FrameLayout[1]/android.widget.FrameLayout[1]/android.widget.RelativeLayout[1]/android.widget.RelativeLayout[1]/android.widget.HorizontalScrollView[1]/android.widget.LinearLayout[1]/android.widget.ImageButton[2]"}[39m
[35m[HTTP][39m [37m<-- POST /wd/hub/session/5a9c9699-e7f5-457d-93d9-634bb5262bb5/elements [39m[32m200[39m [90m309 ms - 124[39m
[35m[HTTP][39m [90m[39m
[35m[HTTP][39m [37m-->[39m [37mGET[39m [37m/wd/hub/session/5a9c9699-e7f5-457d-93d9-634bb5262bb5[39m
[35m[HTTP][39m [90m{}[39m
[35m[HTTP][39m [37m<-- GET /wd/hub/session/5a9c9699-e7f5-457d-93d9-634bb5262bb5 [39m[32m200[39m [90m19 ms - 1133[39m
[35m[HTTP][39m [90m[39m
[35m[HTTP][39m [37m-->[39m [37mGET[39m [37m/wd/hub/session/5a9c9699-e7f5-457d-93d9-634bb5262bb5[39m
[35m[HTTP][39m [90m{}[39m
[35m[HTTP][39m [37m<-- GET /wd/hub/session/5a9c9699-e7f5-457d-93d9-634bb5262bb5 [39m[32m200[39m [90m18 ms - 1133[39m
[35m[HTTP][39m [90m[39m
[35m[HTTP][39m [37m-->[39m [37mGET[39m [37m/wd/hub/session/5a9c9699-e7f5-457d-93d9-634bb5262bb5[39m
[35m[HTTP][39m [90m{}[39m
[35m[HTTP][39m [37m<-- GET /wd/hub/session/5a9c9699-e7f5-457d-93d9-634bb5262bb5 [39m[32m200[39m [90m18 ms - 1133[39m
[35m[HTTP][39m [90m[39m
[35m[HTTP][39m [37m-->[39m [37mGET[39m [37m/wd/hub/session/5a9c9699-e7f5-457d-93d9-634bb5262bb5[39m
[35m[HTTP][39m [90m{}[39m
[35m[HTTP][39m [37m<-- GET /wd/hub/session/5a9c9699-e7f5-457d-93d9-634bb5262bb5 [39m[32m200[39m [90m19 ms - 1133[39m
[35m[HTTP][39m [90m[39m
[35m[HTTP][39m [37m-->[39m [37mGET[39m [37m/wd/hub/session/5a9c9699-e7f5-457d-93d9-634bb5262bb5/element/6e0760c3-4741-4207-9917-3c8a8e5fb4a0/location[39m
[35m[HTTP][39m [90m{}[39m
[35m[W3C][39m Driver proxy active, passing request on via HTTP proxy
[35m[JSONWP Proxy][39m Replacing sessionId 8ec2888e-5f07-4453-951d-658c5aed58ea with 5a9c9699-e7f5-457d-93d9-634bb5262bb5
[35m[HTTP][39m [37m<-- GET /wd/hub/session/5a9c9699-e7f5-457d-93d9-634bb5262bb5/element/6e0760c3-4741-4207-9917-3c8a8e5fb4a0/location [39m[32m200[39m [90m379 ms - 88[39m
[35m[HTTP][39m [90m[39m
[35m[HTTP][39m [37m-->[39m [37mPOST[39m [37m/wd/hub/session/5a9c9699-e7f5-457d-93d9-634bb5262bb5/touch/perform[39m
[35m[HTTP][39m [90m{"actions":[{"action":"tap","options":{"element":"6e0760c3-4741-4207-9917-3c8a8e5fb4a0","x":1,"y":1}}]}[39m
[35m[UiAutomator2][39m calling get location: 6e0760c3-4741-4207-9917-3c8a8e5fb4a0
[35m[HTTP][39m [37m<-- POST /wd/hub/session/5a9c9699-e7f5-457d-93d9-634bb5262bb5/touch/perform [39m[32m200[39m [90m88 ms - 76[39m
[35m[HTTP][39m [90m[39m
[35m[HTTP][39m [37m-->[39m [37mGET[39m [37m/wd/hub/session/5a9c9699-e7f5-457d-93d9-634bb5262bb5/window/current/size[39m
[35m[HTTP][39m [90m{}[39m
[35m[W3C][39m Driver proxy active, passing request on via HTTP proxy
[35m[JSONWP Proxy][39m Replacing sessionId 8ec2888e-5f07-4453-951d-658c5aed58ea with 5a9c9699-e7f5-457d-93d9-634bb5262bb5
[35m[HTTP][39m [37m<-- GET /wd/hub/session/5a9c9699-e7f5-457d-93d9-634bb5262bb5/window/current/size [39m[32m200[39m [90m24 ms - 100[39m
[35m[HTTP][39m [90m[39m
[35m[HTTP][39m [37m-->[39m [37mPOST[39m [37m/wd/hub/session/5a9c9699-e7f5-457d-93d9-634bb5262bb5/elements[39m
[35m[HTTP][39m [90m{"using":"xpath","value":"//hierarchy/android.widget.FrameLayout[1]/android.widget.LinearLayout[1]/android.widget.FrameLayout[1]/android.widget.FrameLayout[1]/android.widget.FrameLayout[1]/android.widget.RelativeLayout[1]/android.support.v4.view.ViewPager[1]/android.widget.FrameLayout[1]/android.view.ViewGroup[1]/android.widget.RelativeLayout[1]/android.widget.RelativeLayout[1]/android.widget.ImageView[1]"}[39m
[35m[HTTP][39m [37m<-- POST /wd/hub/session/5a9c9699-e7f5-457d-93d9-634bb5262bb5/elements [39m[32m200[39m [90m260 ms - 124[39m
[35m[HTTP][39m [90m[39m
[35m[HTTP][39m [37m-->[39m [37mGET[39m [37m/wd/hub/session/5a9c9699-e7f5-457d-93d9-634bb5262bb5[39m
[35m[HTTP][39m [90m{}[39m
[35m[HTTP][39m [37m<-- GET /wd/hub/session/5a9c9699-e7f5-457d-93d9-634bb5262bb5 [39m[32m200[39m [90m62 ms - 1133[39m
[35m[HTTP][39m [90m[39m
[35m[HTTP][39m [37m-->[39m [37mGET[39m [37m/wd/hub/session/5a9c9699-e7f5-457d-93d9-634bb5262bb5[39m
[35m[HTTP][39m [90m{}[39m
[35m[HTTP][39m [37m<-- GET /wd/hub/session/5a9c9699-e7f5-457d-93d9-634bb5262bb5 [39m[32m200[39m [90m16 ms - 1133[39m
[35m[HTTP][39m [90m[39m
[35m[HTTP][39m [37m-->[39m [37mGET[39m [37m/wd/hub/session/5a9c9699-e7f5-457d-93d9-634bb5262bb5[39m
[35m[HTTP][39m [90m{}[39m
[35m[HTTP][39m [37m<-- GET /wd/hub/session/5a9c9699-e7f5-457d-93d9-634bb5262bb5 [39m[32m200[39m [90m14 ms - 1133[39m
[35m[HTTP][39m [90m[39m
[35m[HTTP][39m [37m-->[39m [37mGET[39m [37m/wd/hub/session/5a9c9699-e7f5-457d-93d9-634bb5262bb5[39m
[35m[HTTP][39m [90m{}[39m
[35m[HTTP][39m [37m<-- GET /wd/hub/session/5a9c9699-e7f5-457d-93d9-634bb5262bb5 [39m[32m200[39m [90m14 ms - 1133[39m
[35m[HTTP][39m [90m[39m
[35m[HTTP][39m [37m-->[39m [37mGET[39m [37m/wd/hub/session/5a9c9699-e7f5-457d-93d9-634bb5262bb5/element/930388c9-3b5a-4cef-8927-ac37aab74272/location[39m
[35m[HTTP][39m [90m{}[39m
[35m[W3C][39m Driver proxy active, passing request on via HTTP proxy
[35m[JSONWP Proxy][39m Replacing sessionId 8ec2888e-5f07-4453-951d-658c5aed58ea with 5a9c9699-e7f5-457d-93d9-634bb5262bb5
[35m[HTTP][39m [37m<-- GET /wd/hub/session/5a9c9699-e7f5-457d-93d9-634bb5262bb5/element/930388c9-3b5a-4cef-8927-ac37aab74272/location [39m[32m200[39m [90m969 ms - 91[39m
[35m[HTTP][39m [90m[39m
[35m[HTTP][39m [37m-->[39m [37mPOST[39m [37m/wd/hub/session/5a9c9699-e7f5-457d-93d9-634bb5262bb5/touch/perform[39m
[35m[HTTP][39m [90m{"actions":[{"action":"tap","options":{"element":"930388c9-3b5a-4cef-8927-ac37aab74272","x":1,"y":1}}]}[39m
[35m[UiAutomator2][39m calling get location: 930388c9-3b5a-4cef-8927-ac37aab74272
[35m[HTTP][39m [37m<-- POST /wd/hub/session/5a9c9699-e7f5-457d-93d9-634bb5262bb5/touch/perform [39m[32m200[39m [90m76 ms - 76[39m
[35m[HTTP][39m [90m[39m
[35m[HTTP][39m [37m-->[39m [37mGET[39m [37m/wd/hub/session/5a9c9699-e7f5-457d-93d9-634bb5262bb5/window/current/size[39m
[35m[HTTP][39m [90m{}[39m
[35m[W3C][39m Driver proxy active, passing request on via HTTP proxy
[35m[JSONWP Proxy][39m Replacing sessionId 8ec2888e-5f07-4453-951d-658c5aed58ea with 5a9c9699-e7f5-457d-93d9-634bb5262bb5
[35m[HTTP][39m [37m<-- GET /wd/hub/session/5a9c9699-e7f5-457d-93d9-634bb5262bb5/window/current/size [39m[32m200[39m [90m19 ms - 100[39m
[35m[HTTP][39m [90m[39m
[35m[HTTP][39m [37m-->[39m [37mPOST[39m [37m/wd/hub/session/5a9c9699-e7f5-457d-93d9-634bb5262bb5/elements[39m
[35m[HTTP][39m [90m{"using":"xpath","value":"//hierarchy/android.widget.FrameLayout[1]/android.widget.LinearLayout[1]/android.widget.FrameLayout[1]/android.widget.FrameLayout[1]/android.widget.FrameLayout[1]/android.widget.RelativeLayout[1]/android.support.v4.view.ViewPager[1]/android.widget.FrameLayout[1]/android.view.ViewGroup[1]/android.widget.RelativeLayout[1]/android.support.v7.widget.RecyclerView[1]/android.widget.LinearLayout[2]"}[39m
[35m[HTTP][39m [37m<-- POST /wd/hub/session/5a9c9699-e7f5-457d-93d9-634bb5262bb5/elements [39m[32m200[39m [90m588 ms - 124[39m
[35m[HTTP][39m [90m[39m
[35m[HTTP][39m [37m-->[39m [37mGET[39m [37m/wd/hub/session/5a9c9699-e7f5-457d-93d9-634bb5262bb5[39m
[35m[HTTP][39m [90m{}[39m
[35m[HTTP][39m [37m<-- GET /wd/hub/session/5a9c9699-e7f5-457d-93d9-634bb5262bb5 [39m[32m200[39m [90m15 ms - 1133[39m
[35m[HTTP][39m [90m[39m
[35m[HTTP][39m [37m-->[39m [37mGET[39m [37m/wd/hub/session/5a9c9699-e7f5-457d-93d9-634bb5262bb5[39m
[35m[HTTP][39m [90m{}[39m
[35m[HTTP][39m [37m<-- GET /wd/hub/session/5a9c9699-e7f5-457d-93d9-634bb5262bb5 [39m[32m200[39m [90m14 ms - 1133[39m
[35m[HTTP][39m [90m[39m
[35m[HTTP][39m [37m-->[39m [37mGET[39m [37m/wd/hub/session/5a9c9699-e7f5-457d-93d9-634bb5262bb5[39m
[35m[HTTP][39m [90m{}[39m
[35m[HTTP][39m [37m<-- GET /wd/hub/session/5a9c9699-e7f5-457d-93d9-634bb5262bb5 [39m[32m200[39m [90m15 ms - 1133[39m
[35m[HTTP][39m [90m[39m
[35m[HTTP][39m [37m-->[39m [37mGET[39m [37m/wd/hub/session/5a9c9699-e7f5-457d-93d9-634bb5262bb5[39m
[35m[HTTP][39m [90m{}[39m
[35m[HTTP][39m [37m<-- GET /wd/hub/session/5a9c9699-e7f5-457d-93d9-634bb5262bb5 [39m[32m200[39m [90m14 ms - 1133[39m
[35m[HTTP][39m [90m[39m
[35m[HTTP][39m [37m-->[39m [37mGET[39m [37m/wd/hub/session/5a9c9699-e7f5-457d-93d9-634bb5262bb5/element/565eca7c-2285-445c-935f-41825a4c16db/location[39m
[35m[HTTP][39m [90m{}[39m
[35m[W3C][39m Driver proxy active, passing request on via HTTP proxy
[35m[JSONWP Proxy][39m Replacing sessionId 8ec2888e-5f07-4453-951d-658c5aed58ea with 5a9c9699-e7f5-457d-93d9-634bb5262bb5
[35m[HTTP][39m [37m<-- GET /wd/hub/session/5a9c9699-e7f5-457d-93d9-634bb5262bb5/element/565eca7c-2285-445c-935f-41825a4c16db/location [39m[32m200[39m [90m28 ms - 88[39m
[35m[HTTP][39m [90m[39m
[35m[HTTP][39m [37m-->[39m [37mPOST[39m [37m/wd/hub/session/5a9c9699-e7f5-457d-93d9-634bb5262bb5/touch/perform[39m
[35m[HTTP][39m [90m{"actions":[{"action":"tap","options":{"element":"565eca7c-2285-445c-935f-41825a4c16db","x":1,"y":1}}]}[39m
[35m[UiAutomator2][39m calling get location: 565eca7c-2285-445c-935f-41825a4c16db
[35m[HTTP][39m [37m<-- POST /wd/hub/session/5a9c9699-e7f5-457d-93d9-634bb5262bb5/touch/perform [39m[32m200[39m [90m81 ms - 76[39m
[35m[HTTP][39m [90m[39m
[35m[HTTP][39m [37m-->[39m [37mGET[39m [37m/wd/hub/session/5a9c9699-e7f5-457d-93d9-634bb5262bb5/window/current/size[39m
[35m[HTTP][39m [90m{}[39m
[35m[W3C][39m Driver proxy active, passing request on via HTTP proxy
[35m[JSONWP Proxy][39m Replacing sessionId 8ec2888e-5f07-4453-951d-658c5aed58ea with 5a9c9699-e7f5-457d-93d9-634bb5262bb5
[35m[HTTP][39m [37m<-- GET /wd/hub/session/5a9c9699-e7f5-457d-93d9-634bb5262bb5/window/current/size [39m[32m200[39m [90m19 ms - 100[39m
[35m[HTTP][39m [90m[39m
[35m[HTTP][39m [37m-->[39m [37mPOST[39m [37m/wd/hub/session/5a9c9699-e7f5-457d-93d9-634bb5262bb5/elements[39m
[35m[HTTP][39m [90m{"using":"-android uiautomator","value":"new UiSelector().className(\"android.widget.ImageButton\").instance(0)"}[39m
[35m[HTTP][39m [37m<-- POST /wd/hub/session/5a9c9699-e7f5-457d-93d9-634bb5262bb5/elements [39m[32m200[39m [90m1318 ms - 124[39m
[35m[HTTP][39m [90m[39m
[35m[HTTP][39m [37m-->[39m [37mGET[39m [37m/wd/hub/session/5a9c9699-e7f5-457d-93d9-634bb5262bb5[39m
[35m[HTTP][39m [90m{}[39m
[35m[HTTP][39m [37m<-- GET /wd/hub/session/5a9c9699-e7f5-457d-93d9-634bb5262bb5 [39m[32m200[39m [90m19 ms - 1133[39m
[35m[HTTP][39m [90m[39m
[35m[HTTP][39m [37m-->[39m [37mGET[39m [37m/wd/hub/session/5a9c9699-e7f5-457d-93d9-634bb5262bb5[39m
[35m[HTTP][39m [90m{}[39m
[35m[HTTP][39m [37m<-- GET /wd/hub/session/5a9c9699-e7f5-457d-93d9-634bb5262bb5 [39m[32m200[39m [90m20 ms - 1133[39m
[35m[HTTP][39m [90m[39m
[35m[HTTP][39m [37m-->[39m [37mGET[39m [37m/wd/hub/session/5a9c9699-e7f5-457d-93d9-634bb5262bb5[39m
[35m[HTTP][39m [90m{}[39m
[35m[HTTP][39m [37m<-- GET /wd/hub/session/5a9c9699-e7f5-457d-93d9-634bb5262bb5 [39m[32m200[39m [90m19 ms - 1133[39m
[35m[HTTP][39m [90m[39m
[35m[HTTP][39m [37m-->[39m [37mGET[39m [37m/wd/hub/session/5a9c9699-e7f5-457d-93d9-634bb5262bb5[39m
[35m[HTTP][39m [90m{}[39m
[35m[HTTP][39m [37m<-- GET /wd/hub/session/5a9c9699-e7f5-457d-93d9-634bb5262bb5 [39m[32m200[39m [90m29 ms - 1133[39m
[35m[HTTP][39m [90m[39m
[35m[HTTP][39m [37m-->[39m [37mGET[39m [37m/wd/hub/session/5a9c9699-e7f5-457d-93d9-634bb5262bb5/element/bf0b298b-2e0e-4406-8f05-0aa3bfe44a55/location[39m
[35m[HTTP][39m [90m{}[39m
[35m[W3C][39m Driver proxy active, passing request on via HTTP proxy
[35m[JSONWP Proxy][39m Replacing sessionId 8ec2888e-5f07-4453-951d-658c5aed58ea with 5a9c9699-e7f5-457d-93d9-634bb5262bb5
[35m[HTTP][39m [37m<-- GET /wd/hub/session/5a9c9699-e7f5-457d-93d9-634bb5262bb5/element/bf0b298b-2e0e-4406-8f05-0aa3bfe44a55/location [39m[32m200[39m [90m39 ms - 86[39m
[35m[HTTP][39m [90m[39m
[35m[HTTP][39m [37m-->[39m [37mPOST[39m [37m/wd/hub/session/5a9c9699-e7f5-457d-93d9-634bb5262bb5/touch/perform[39m
[35m[HTTP][39m [90m{"actions":[{"action":"tap","options":{"element":"bf0b298b-2e0e-4406-8f05-0aa3bfe44a55","x":1,"y":1}}]}[39m
[35m[UiAutomator2][39m calling get location: bf0b298b-2e0e-4406-8f05-0aa3bfe44a55
[35m[HTTP][39m [37m<-- POST /wd/hub/session/5a9c9699-e7f5-457d-93d9-634bb5262bb5/touch/perform [39m[32m200[39m [90m2290 ms - 76[39m
[35m[HTTP][39m [90m[39m
[35m[HTTP][39m [37m-->[39m [37mGET[39m [37m/wd/hub/session/5a9c9699-e7f5-457d-93d9-634bb5262bb5/window/current/size[39m
[35m[HTTP][39m [90m{}[39m
[35m[W3C][39m Driver proxy active, passing request on via HTTP proxy
[35m[JSONWP Proxy][39m Replacing sessionId 8ec2888e-5f07-4453-951d-658c5aed58ea with 5a9c9699-e7f5-457d-93d9-634bb5262bb5
[35m[HTTP][39m [37m<-- GET /wd/hub/session/5a9c9699-e7f5-457d-93d9-634bb5262bb5/window/current/size [39m[32m200[39m [90m26 ms - 100[39m
[35m[HTTP][39m [90m[39m
[35m[HTTP][39m [37m-->[39m [37mPOST[39m [37m/wd/hub/session/5a9c9699-e7f5-457d-93d9-634bb5262bb5/elements[39m
[35m[HTTP][39m [90m{"using":"-android uiautomator","value":"new UiSelector().className(\"android.widget.Button\").text(\"OK\").resourceId(\"com.abaxis.vetscan_vue.dev:id/showcase_button\").instance(0)"}[39m
[35m[HTTP][39m [37m<-- POST /wd/hub/session/5a9c9699-e7f5-457d-93d9-634bb5262bb5/elements [39m[32m200[39m [90m206 ms - 124[39m
[35m[HTTP][39m [90m[39m
[35m[HTTP][39m [37m-->[39m [37mGET[39m [37m/wd/hub/session/5a9c9699-e7f5-457d-93d9-634bb5262bb5[39m
[35m[HTTP][39m [90m{}[39m
[35m[HTTP][39m [37m<-- GET /wd/hub/session/5a9c9699-e7f5-457d-93d9-634bb5262bb5 [39m[32m200[39m [90m32 ms - 1133[39m
[35m[HTTP][39m [90m[39m
[35m[HTTP][39m [37m-->[39m [37mGET[39m [37m/wd/hub/session/5a9c9699-e7f5-457d-93d9-634bb5262bb5[39m
[35m[HTTP][39m [90m{}[39m
[35m[HTTP][39m [37m<-- GET /wd/hub/session/5a9c9699-e7f5-457d-93d9-634bb5262bb5 [39m[32m200[39m [90m20 ms - 1133[39m
[35m[HTTP][39m [90m[39m
[35m[HTTP][39m [37m-->[39m [37mGET[39m [37m/wd/hub/session/5a9c9699-e7f5-457d-93d9-634bb5262bb5[39m
[35m[HTTP][39m [90m{}[39m
[35m[HTTP][39m [37m<-- GET /wd/hub/session/5a9c9699-e7f5-457d-93d9-634bb5262bb5 [39m[32m200[39m [90m15 ms - 1133[39m
[35m[HTTP][39m [90m[39m
[35m[HTTP][39m [37m-->[39m [37mGET[39m [37m/wd/hub/session/5a9c9699-e7f5-457d-93d9-634bb5262bb5[39m
[35m[HTTP][39m [90m{}[39m
[35m[HTTP][39m [37m<-- GET /wd/hub/session/5a9c9699-e7f5-457d-93d9-634bb5262bb5 [39m[32m200[39m [90m15 ms - 1133[39m
[35m[HTTP][39m [90m[39m
[35m[HTTP][39m [37m-->[39m [37mGET[39m [37m/wd/hub/session/5a9c9699-e7f5-457d-93d9-634bb5262bb5/element/9b7a7f97-f048-4346-ab4f-d39562a31225/location[39m
[35m[HTTP][39m [90m{}[39m
[35m[W3C][39m Driver proxy active, passing request on via HTTP proxy
[35m[JSONWP Proxy][39m Replacing sessionId 8ec2888e-5f07-4453-951d-658c5aed58ea with 5a9c9699-e7f5-457d-93d9-634bb5262bb5
[35m[HTTP][39m [37m<-- GET /wd/hub/session/5a9c9699-e7f5-457d-93d9-634bb5262bb5/element/9b7a7f97-f048-4346-ab4f-d39562a31225/location [39m[32m200[39m [90m46 ms - 90[39m
[35m[HTTP][39m [90m[39m
[35m[HTTP][39m [37m-->[39m [37mPOST[39m [37m/wd/hub/session/5a9c9699-e7f5-457d-93d9-634bb5262bb5/touch/perform[39m
[35m[HTTP][39m [90m{"actions":[{"action":"tap","options":{"element":"9b7a7f97-f048-4346-ab4f-d39562a31225","x":1,"y":1}}]}[39m
[35m[UiAutomator2][39m calling get location: 9b7a7f97-f048-4346-ab4f-d39562a31225
[35m[HTTP][39m [37m<-- POST /wd/hub/session/5a9c9699-e7f5-457d-93d9-634bb5262bb5/touch/perform [39m[32m200[39m [90m843 ms - 76[39m
[35m[HTTP][39m [90m[39m
[35m[HTTP][39m [37m-->[39m [37mGET[39m [37m/wd/hub/session/5a9c9699-e7f5-457d-93d9-634bb5262bb5/window/current/size[39m
[35m[HTTP][39m [90m{}[39m
[35m[W3C][39m Driver proxy active, passing request on via HTTP proxy
[35m[JSONWP Proxy][39m Replacing sessionId 8ec2888e-5f07-4453-951d-658c5aed58ea with 5a9c9699-e7f5-457d-93d9-634bb5262bb5
[35m[HTTP][39m [37m<-- GET /wd/hub/session/5a9c9699-e7f5-457d-93d9-634bb5262bb5/window/current/size [39m[32m200[39m [90m41 ms - 100[39m
[35m[HTTP][39m [90m[39m
[35m[HTTP][39m [37m-->[39m [37mPOST[39m [37m/wd/hub/session/5a9c9699-e7f5-457d-93d9-634bb5262bb5/elements[39m
[35m[HTTP][39m [90m{"using":"xpath","value":"//hierarchy/android.widget.FrameLayout[1]/android.widget.LinearLayout[1]/android.widget.FrameLayout[1]/android.widget.FrameLayout[1]/android.widget.FrameLayout[1]/android.widget.RelativeLayout[1]/android.view.ViewGroup[1]/android.widget.RelativeLayout[1]/android.view.ViewGroup[1]/android.widget.ImageButton[1]"}[39m
[35m[HTTP][39m [37m<-- POST /wd/hub/session/5a9c9699-e7f5-457d-93d9-634bb5262bb5/elements [39m[32m200[39m [90m138 ms - 124[39m
[35m[HTTP][39m [90m[39m
[35m[HTTP][39m [37m-->[39m [37mGET[39m [37m/wd/hub/session/5a9c9699-e7f5-457d-93d9-634bb5262bb5[39m
[35m[HTTP][39m [90m{}[39m
[35m[HTTP][39m [37m<-- GET /wd/hub/session/5a9c9699-e7f5-457d-93d9-634bb5262bb5 [39m[32m200[39m [90m14 ms - 1133[39m
[35m[HTTP][39m [90m[39m
[35m[HTTP][39m [37m-->[39m [37mGET[39m [37m/wd/hub/session/5a9c9699-e7f5-457d-93d9-634bb5262bb5[39m
[35m[HTTP][39m [90m{}[39m
[35m[HTTP][39m [37m<-- GET /wd/hub/session/5a9c9699-e7f5-457d-93d9-634bb5262bb5 [39m[32m200[39m [90m14 ms - 1133[39m
[35m[HTTP][39m [90m[39m
[35m[HTTP][39m [37m-->[39m [37mGET[39m [37m/wd/hub/session/5a9c9699-e7f5-457d-93d9-634bb5262bb5[39m
[35m[HTTP][39m [90m{}[39m
[35m[HTTP][39m [37m<-- GET /wd/hub/session/5a9c9699-e7f5-457d-93d9-634bb5262bb5 [39m[32m200[39m [90m13 ms - 1133[39m
[35m[HTTP][39m [90m[39m
[35m[HTTP][39m [37m-->[39m [37mGET[39m [37m/wd/hub/session/5a9c9699-e7f5-457d-93d9-634bb5262bb5[39m
[35m[HTTP][39m [90m{}[39m
[35m[HTTP][39m [37m<-- GET /wd/hub/session/5a9c9699-e7f5-457d-93d9-634bb5262bb5 [39m[32m200[39m [90m14 ms - 1133[39m
[35m[HTTP][39m [90m[39m
[35m[HTTP][39m [37m-->[39m [37mGET[39m [37m/wd/hub/session/5a9c9699-e7f5-457d-93d9-634bb5262bb5/element/9c5dd1d5-9cfa-4f63-9a67-9da56bed0c9e/location[39m
[35m[HTTP][39m [90m{}[39m
[35m[W3C][39m Driver proxy active, passing request on via HTTP proxy
[35m[JSONWP Proxy][39m Replacing sessionId 8ec2888e-5f07-4453-951d-658c5aed58ea with 5a9c9699-e7f5-457d-93d9-634bb5262bb5
[35m[HTTP][39m [37m<-- GET /wd/hub/session/5a9c9699-e7f5-457d-93d9-634bb5262bb5/element/9c5dd1d5-9cfa-4f63-9a67-9da56bed0c9e/location [39m[32m200[39m [90m28 ms - 91[39m
[35m[HTTP][39m [90m[39m
[35m[HTTP][39m [37m-->[39m [37mPOST[39m [37m/wd/hub/session/5a9c9699-e7f5-457d-93d9-634bb5262bb5/touch/perform[39m
[35m[HTTP][39m [90m{"actions":[{"action":"tap","options":{"element":"9c5dd1d5-9cfa-4f63-9a67-9da56bed0c9e","x":1,"y":1}}]}[39m
[35m[UiAutomator2][39m calling get location: 9c5dd1d5-9cfa-4f63-9a67-9da56bed0c9e
[35m[HTTP][39m [37m<-- POST /wd/hub/session/5a9c9699-e7f5-457d-93d9-634bb5262bb5/touch/perform [39m[32m200[39m [90m76 ms - 76[39m
[35m[HTTP][39m [90m[39m
[35m[HTTP][39m [37m-->[39m [37mGET[39m [37m/wd/hub/session/5a9c9699-e7f5-457d-93d9-634bb5262bb5/window/current/size[39m
[35m[HTTP][39m [90m{}[39m
[35m[W3C][39m Driver proxy active, passing request on via HTTP proxy
[35m[JSONWP Proxy][39m Replacing sessionId 8ec2888e-5f07-4453-951d-658c5aed58ea with 5a9c9699-e7f5-457d-93d9-634bb5262bb5
[35m[HTTP][39m [37m<-- GET /wd/hub/session/5a9c9699-e7f5-457d-93d9-634bb5262bb5/window/current/size [39m[32m200[39m [90m26 ms - 100[39m
[35m[HTTP][39m [90m[39m
[35m[HTTP][39m [37m-->[39m [37mPOST[39m [37m/wd/hub/session/5a9c9699-e7f5-457d-93d9-634bb5262bb5/elements[39m
[35m[HTTP][39m [90m{"using":"xpath","value":"//hierarchy/android.widget.FrameLayout[1]/android.widget.LinearLayout[1]/android.widget.FrameLayout[1]/android.widget.FrameLayout[1]/android.widget.FrameLayout[1]/android.widget.RelativeLayout[1]/android.view.ViewGroup[1]/android.widget.RelativeLayout[1]/android.view.ViewGroup[1]/android.widget.ImageButton[2]"}[39m
[35m[HTTP][39m [37m<-- POST /wd/hub/session/5a9c9699-e7f5-457d-93d9-634bb5262bb5/elements [39m[32m200[39m [90m876 ms - 124[39m
[35m[HTTP][39m [90m[39m
[35m[HTTP][39m [37m-->[39m [37mGET[39m [37m/wd/hub/session/5a9c9699-e7f5-457d-93d9-634bb5262bb5[39m
[35m[HTTP][39m [90m{}[39m
[35m[HTTP][39m [37m<-- GET /wd/hub/session/5a9c9699-e7f5-457d-93d9-634bb5262bb5 [39m[32m200[39m [90m14 ms - 1133[39m
[35m[HTTP][39m [90m[39m
[35m[HTTP][39m [37m-->[39m [37mGET[39m [37m/wd/hub/session/5a9c9699-e7f5-457d-93d9-634bb5262bb5[39m
[35m[HTTP][39m [90m{}[39m
[35m[HTTP][39m [37m<-- GET /wd/hub/session/5a9c9699-e7f5-457d-93d9-634bb5262bb5 [39m[32m200[39m [90m15 ms - 1133[39m
[35m[HTTP][39m [90m[39m
[35m[HTTP][39m [37m-->[39m [37mGET[39m [37m/wd/hub/session/5a9c9699-e7f5-457d-93d9-634bb5262bb5[39m
[35m[HTTP][39m [90m{}[39m
[35m[HTTP][39m [37m<-- GET /wd/hub/session/5a9c9699-e7f5-457d-93d9-634bb5262bb5 [39m[32m200[39m [90m19 ms - 1133[39m
[35m[HTTP][39m [90m[39m
[35m[HTTP][39m [37m-->[39m [37mGET[39m [37m/wd/hub/session/5a9c9699-e7f5-457d-93d9-634bb5262bb5[39m
[35m[HTTP][39m [90m{}[39m
[35m[HTTP][39m [37m<-- GET /wd/hub/session/5a9c9699-e7f5-457d-93d9-634bb5262bb5 [39m[32m200[39m [90m19 ms - 1133[39m
[35m[HTTP][39m [90m[39m
[35m[HTTP][39m [37m-->[39m [37mGET[39m [37m/wd/hub/session/5a9c9699-e7f5-457d-93d9-634bb5262bb5/element/575159c4-2076-4c2c-89f4-1fe31c15750f/location[39m
[35m[HTTP][39m [90m{}[39m
[35m[W3C][39m Driver proxy active, passing request on via HTTP proxy
[35m[JSONWP Proxy][39m Replacing sessionId 8ec2888e-5f07-4453-951d-658c5aed58ea with 5a9c9699-e7f5-457d-93d9-634bb5262bb5
[35m[HTTP][39m [37m<-- GET /wd/hub/session/5a9c9699-e7f5-457d-93d9-634bb5262bb5/element/575159c4-2076-4c2c-89f4-1fe31c15750f/location [39m[32m200[39m [90m26 ms - 91[39m
[35m[HTTP][39m [90m[39m
[35m[HTTP][39m [37m-->[39m [37mPOST[39m [37m/wd/hub/session/5a9c9699-e7f5-457d-93d9-634bb5262bb5/touch/perform[39m
[35m[HTTP][39m [90m{"actions":[{"action":"tap","options":{"element":"575159c4-2076-4c2c-89f4-1fe31c15750f","x":1,"y":1}}]}[39m
[35m[UiAutomator2][39m calling get location: 575159c4-2076-4c2c-89f4-1fe31c15750f
[35m[HTTP][39m [37m<-- POST /wd/hub/session/5a9c9699-e7f5-457d-93d9-634bb5262bb5/touch/perform [39m[32m200[39m [90m70 ms - 76[39m
[35m[HTTP][39m [90m[39m
[35m[HTTP][39m [37m-->[39m [37mGET[39m [37m/wd/hub/session/5a9c9699-e7f5-457d-93d9-634bb5262bb5/window/current/size[39m
[35m[HTTP][39m [90m{}[39m
[35m[W3C][39m Driver proxy active, passing request on via HTTP proxy
[35m[JSONWP Proxy][39m Replacing sessionId 8ec2888e-5f07-4453-951d-658c5aed58ea with 5a9c9699-e7f5-457d-93d9-634bb5262bb5
[35m[HTTP][39m [37m<-- GET /wd/hub/session/5a9c9699-e7f5-457d-93d9-634bb5262bb5/window/current/size [39m[32m200[39m [90m78 ms - 100[39m
[35m[HTTP][39m [90m[39m
[35m[HTTP][39m [37m-->[39m [37mPOST[39m [37m/wd/hub/session/5a9c9699-e7f5-457d-93d9-634bb5262bb5/elements[39m
[35m[HTTP][39m [90m{"using":"-android uiautomator","value":"new UiSelector().className(\"android.widget.ImageView\").resourceId(\"com.abaxis.vetscan_vue.dev:id/toolbar_home_button\").instance(0)"}[39m
[35m[HTTP][39m [37m<-- POST /wd/hub/session/5a9c9699-e7f5-457d-93d9-634bb5262bb5/elements [39m[32m200[39m [90m92 ms - 124[39m
[35m[HTTP][39m [90m[39m
[35m[HTTP][39m [37m-->[39m [37mGET[39m [37m/wd/hub/session/5a9c9699-e7f5-457d-93d9-634bb5262bb5[39m
[35m[HTTP][39m [90m{}[39m
[35m[HTTP][39m [37m<-- GET /wd/hub/session/5a9c9699-e7f5-457d-93d9-634bb5262bb5 [39m[32m200[39m [90m15 ms - 1133[39m
[35m[HTTP][39m [90m[39m
[35m[HTTP][39m [37m-->[39m [37mGET[39m [37m/wd/hub/session/5a9c9699-e7f5-457d-93d9-634bb5262bb5[39m
[35m[HTTP][39m [90m{}[39m
[35m[HTTP][39m [37m<-- GET /wd/hub/session/5a9c9699-e7f5-457d-93d9-634bb5262bb5 [39m[32m200[39m [90m16 ms - 1133[39m
[35m[HTTP][39m [90m[39m
[35m[HTTP][39m [37m-->[39m [37mGET[39m [37m/wd/hub/session/5a9c9699-e7f5-457d-93d9-634bb5262bb5[39m
[35m[HTTP][39m [90m{}[39m
[35m[HTTP][39m [37m<-- GET /wd/hub/session/5a9c9699-e7f5-457d-93d9-634bb5262bb5 [39m[32m200[39m [90m14 ms - 1133[39m
[35m[HTTP][39m [90m[39m
[35m[HTTP][39m [37m-->[39m [37mGET[39m [37m/wd/hub/session/5a9c9699-e7f5-457d-93d9-634bb5262bb5[39m
[35m[HTTP][39m [90m{}[39m
[35m[HTTP][39m [37m<-- GET /wd/hub/session/5a9c9699-e7f5-457d-93d9-634bb5262bb5 [39m[32m200[39m [90m19 ms - 1133[39m
[35m[HTTP][39m [90m[39m
[35m[HTTP][39m [37m-->[39m [37mGET[39m [37m/wd/hub/session/5a9c9699-e7f5-457d-93d9-634bb5262bb5/element/1f965d5a-f507-48b9-88b5-7eb2b951f420/location[39m
[35m[HTTP][39m [90m{}[39m
[35m[W3C][39m Driver proxy active, passing request on via HTTP proxy
[35m[JSONWP Proxy][39m Replacing sessionId 8ec2888e-5f07-4453-951d-658c5aed58ea with 5a9c9699-e7f5-457d-93d9-634bb5262bb5
[35m[HTTP][39m [37m<-- GET /wd/hub/session/5a9c9699-e7f5-457d-93d9-634bb5262bb5/element/1f965d5a-f507-48b9-88b5-7eb2b951f420/location [39m[32m200[39m [90m45 ms - 87[39m
[35m[HTTP][39m [90m[39m
[35m[HTTP][39m [37m-->[39m [37mPOST[39m [37m/wd/hub/session/5a9c9699-e7f5-457d-93d9-634bb5262bb5/touch/perform[39m
[35m[HTTP][39m [90m{"actions":[{"action":"tap","options":{"element":"1f965d5a-f507-48b9-88b5-7eb2b951f420","x":1,"y":1}}]}[39m
[35m[UiAutomator2][39m calling get location: 1f965d5a-f507-48b9-88b5-7eb2b951f420
[35m[HTTP][39m [37m<-- POST /wd/hub/session/5a9c9699-e7f5-457d-93d9-634bb5262bb5/touch/perform [39m[32m200[39m [90m1344 ms - 76[39m
[35m[HTTP][39m [90m[39m
[35m[HTTP][39m [37m-->[39m [37mDELETE[39m [37m/wd/hub/session/5a9c9699-e7f5-457d-93d9-634bb5262bb5[39m
[35m[HTTP][39m [90m{}[39m
[35m[Appium][39m Removing session 5a9c9699-e7f5-457d-93d9-634bb5262bb5 from our master session list
[35m[ADB][39m com.abaxis.vetscan_vue.dev was successfully uninstalled
[35m[HTTP][39m [37m<-- DELETE /wd/hub/session/5a9c9699-e7f5-457d-93d9-634bb5262bb5 [39m[32m200[39m [90m3787 ms - 76[39m
[35m[HTTP][39m [90m[39m
