[35m[Appium][39m Welcome to Appium v1.8.1
[35m[Appium][39m Non-default server args:
[35m[Appium][39m   port: 64573
[35m[Appium][39m   loglevel: info
[35m[Appium][39m   chromeDriverPort: 64574
[35m[Appium][39m   tmpDir: C:\Users\Agato\AppData\Local\Temp\\Katalon\Appium\Temp1536227183638
[35m[Appium][39m Appium REST http interface listener started on 0.0.0.0:64573
[35m[HTTP][39m [37m-->[39m [37mGET[39m [37m/wd/hub/status[39m
[35m[HTTP][39m [90m{}[39m
[35m[HTTP][39m [37m<-- GET /wd/hub/status [39m[32m200[39m [90m10 ms - 83[39m
[35m[HTTP][39m [90m[39m
[35m[HTTP][39m [37m-->[39m [37mGET[39m [37m/wd/hub/status[39m
[35m[HTTP][39m [90m{}[39m
[35m[HTTP][39m [37m<-- GET /wd/hub/status [39m[32m200[39m [90m3 ms - 83[39m
[35m[HTTP][39m [90m[39m
[35m[HTTP][39m [37m-->[39m [37mPOST[39m [37m/wd/hub/session[39m
[35m[HTTP][39m [90m{"desiredCapabilities":{"app":"C:\\temp\\app-development-debug.apk","autoGrantPermissions":true,"automationName":"uiautomator2","deviceName":"samsung SM-G920F (Android 7.0)","fullReset":false,"newCommandTimeout":1800,"noReset":true,"platform":"ANDROID","platformName":"Android","udid":"10160a0973263f03"},"capabilities":{"desiredCapabilities":{"app":"C:\\temp\\app-development-debug.apk","autoGrantPermissions":true,"automationName":"uiautomator2","deviceName":"samsung SM-G920F (Android 7.0)","fullReset":false,"newCommandTimeout":1800,"noReset":true,"platform":"ANDROID","platformName":"Android","udid":"10160a0973263f03"},"firstMatch":[{"platformName":"android"}]}}[39m
[35m[Appium][39m Could not parse W3C capabilities: 'deviceName' can't be blank. Falling back to JSONWP protocol.
[35m[Appium][39m The following capabilities were provided in the JSONWP desired capabilities that are missing in W3C capabilities: ["app","autoGrantPermissions","automationName","deviceName","fullReset","newCommandTimeout","noReset","platform","platformName","udid"]. Falling back to JSONWP protocol.
[35m[Appium][39m Creating new AndroidUiautomator2Driver (v1.12.0) session
[35m[Appium][39m Capabilities:
[35m[Appium][39m   app: C:\temp\app-development-debug.apk
[35m[Appium][39m   autoGrantPermissions: true
[35m[Appium][39m   automationName: uiautomator2
[35m[Appium][39m   deviceName: samsung SM-G920F (Android 7.0)
[35m[Appium][39m   fullReset: false
[35m[Appium][39m   newCommandTimeout: 1800
[35m[Appium][39m   noReset: true
[35m[Appium][39m   platform: ANDROID
[35m[Appium][39m   platformName: Android
[35m[Appium][39m   udid: 10160a0973263f03
[35m[BaseDriver][39m The following capabilities were provided, but are not recognized by appium: platform.
[35m[BaseDriver][39m Session created with session id: 304807c1-425e-4c78-b09d-f26acbd803b4
[35m[BaseDriver][39m Using local app 'C:\temp\app-development-debug.apk'
[35m[AndroidDriver][39m Java version is: 1.8.0_102
[35m[ADB][39m Checking whether adb is present
[35m[ADB][39m Found 1 'build-tools' folders under 'C:\Users\Agato\.katalon\tools\android_sdk' (newest first):
[35m[ADB][39m     C:/Users/Agato/.katalon/tools/android_sdk/build-tools/28.0.1
[35m[ADB][39m Using adb.exe from C:\Users\Agato\.katalon\tools\android_sdk\platform-tools\adb.exe
[35m[AndroidDriver][39m Retrieving device list
[35m[AndroidDriver][39m Using device: 10160a0973263f03
[35m[ADB][39m Using the alternative activity name detection method because of: Could not find apkanalyzer.bat in C:\Users\Agato\.katalon\tools\android_sdk\platform-tools\apkanalyzer.bat,C:\Users\Agato\.katalon\tools\android_sdk\emulator\apkanalyzer.bat,C:\Users\Agato\.katalon\tools\android_sdk\tools\apkanalyzer.bat,C:\Users\Agato\.katalon\tools\android_sdk\tools\bin\apkanalyzer.bat,C:\Users\Agato\.katalon\tools\android_sdk\build-tools\28.0.1\apkanalyzer.bat. Do you have the Android SDK installed at 'C:\Users\Agato\.katalon\tools\android_sdk'?
[35m[ADB][39m Checking whether aapt is present
[35m[ADB][39m Using aapt.exe from C:\Users\Agato\.katalon\tools\android_sdk\build-tools\28.0.1\aapt.exe
[35m[ADB][39m Extracting package and launch activity from manifest
[35m[ADB][39m Package name: 'com.abaxis.vetscan_vue.dev'
[35m[ADB][39m Main activity name: 'com.abaxis.vetscanvue.presentation.screens.activities.splash.SplashActivity'
[35m[ADB][39m Getting device platform version
[35m[ADB][39m Using apksigner.bat from C:\Users\Agato\.katalon\tools\android_sdk\build-tools\28.0.1\apksigner.bat
[35m[ADB][39m Checking whether zipalign is present
[35m[ADB][39m Using zipalign.exe from C:\Users\Agato\.katalon\tools\android_sdk\build-tools\28.0.1\zipalign.exe
[35m[ADB][39m io.appium.uiautomator2.server was successfully uninstalled
[35m[ADB][39m io.appium.uiautomator2.server.test was successfully uninstalled
[35m[AndroidDriver][39m setDeviceLanguageCountry requires language or country.
[35m[AndroidDriver][39m Got language: 'null' and country: 'null'
[35m[ADB][39m Successfully extracted 667 strings from 'C:\temp\app-development-debug.apk' resources for '(default)' configuration
[35m[UiAutomator2][39m Starting uiautomator2 server 1.12.0
[35m[UiAutomator2][39m Using UIAutomator2 server from 'C:\Users\Agato\AppData\Roaming\npm\node_modules\appium\node_modules\appium-uiautomator2-server\apks\appium-uiautomator2-server-v1.12.0.apk' and test from 'C:\Users\Agato\AppData\Roaming\npm\node_modules\appium\node_modules\appium-uiautomator2-server\apks\appium-uiautomator2-server-debug-androidTest.apk'
[35m[UiAutomator2][39m Running command: 'adb -s 10160a0973263f03 shell am instrument -w io.appium.uiautomator2.server.test/android.support.test.runner.AndroidJUnitRunner'
[35m[UiAutomator2][39m Waiting up to 20000ms for UiAutomator2 to be online...
[35m[AndroidDriver][39m Screen already unlocked, doing nothing
[35m[UiAutomator2][39m UiAutomator2 did not start the activity we were waiting for, 'com.abaxis.vetscan_vue.dev/com.abaxis.vetscanvue.presentation.screens.activities.splash.SplashActivity'. Starting it ourselves
[35m[Appium][39m New AndroidUiautomator2Driver session created successfully, session 304807c1-425e-4c78-b09d-f26acbd803b4 added to master session list
[35m[HTTP][39m [37m<-- POST /wd/hub/session [39m[32m200[39m [90m57780 ms - 1133[39m
[35m[HTTP][39m [90m[39m
[35m[HTTP][39m [37m-->[39m [37mGET[39m [37m/wd/hub/status[39m
[35m[HTTP][39m [90m{}[39m
[35m[HTTP][39m [37m<-- GET /wd/hub/status [39m[32m200[39m [90m6 ms - 55[39m
[35m[HTTP][39m [90m[39m
[35m[HTTP][39m [37m-->[39m [37mPOST[39m [37m/wd/hub/session/304807c1-425e-4c78-b09d-f26acbd803b4/timeouts[39m
[35m[HTTP][39m [90m{"type":"implicit","ms":60000}[39m
[35m[HTTP][39m [37m<-- POST /wd/hub/session/304807c1-425e-4c78-b09d-f26acbd803b4/timeouts [39m[33m400[39m [90m14 ms - 5308[39m
[35m[HTTP][39m [90m[39m
[35m[HTTP][39m [37m-->[39m [37mGET[39m [37m/wd/hub/session/304807c1-425e-4c78-b09d-f26acbd803b4/source[39m
[35m[HTTP][39m [90m{}[39m
[35m[W3C][39m Driver proxy active, passing request on via HTTP proxy
[35m[JSONWP Proxy][39m Replacing sessionId 49ca7e46-838f-4a82-bcc1-17ab09059437 with 304807c1-425e-4c78-b09d-f26acbd803b4
[35m[HTTP][39m [37m<-- GET /wd/hub/session/304807c1-425e-4c78-b09d-f26acbd803b4/source [39m[32m200[39m [90m217 ms - 3711[39m
[35m[HTTP][39m [90m[39m
[35m[HTTP][39m [37m-->[39m [37mGET[39m [37m/wd/hub/session/304807c1-425e-4c78-b09d-f26acbd803b4/screenshot[39m
[35m[HTTP][39m [90m{}[39m
[35m[HTTP][39m [37m<-- GET /wd/hub/session/304807c1-425e-4c78-b09d-f26acbd803b4/screenshot [39m[32m200[39m [90m942 ms - 404534[39m
[35m[HTTP][39m [90m[39m
[35m[HTTP][39m [37m-->[39m [37mGET[39m [37m/wd/hub/session/304807c1-425e-4c78-b09d-f26acbd803b4/source[39m
[35m[HTTP][39m [90m{}[39m
[35m[W3C][39m Driver proxy active, passing request on via HTTP proxy
[35m[JSONWP Proxy][39m Replacing sessionId 49ca7e46-838f-4a82-bcc1-17ab09059437 with 304807c1-425e-4c78-b09d-f26acbd803b4
[35m[HTTP][39m [37m<-- GET /wd/hub/session/304807c1-425e-4c78-b09d-f26acbd803b4/source [39m[32m200[39m [90m151 ms - 9088[39m
[35m[HTTP][39m [90m[39m
[35m[HTTP][39m [37m-->[39m [37mGET[39m [37m/wd/hub/session/304807c1-425e-4c78-b09d-f26acbd803b4/screenshot[39m
[35m[HTTP][39m [90m{}[39m
[35m[HTTP][39m [37m<-- GET /wd/hub/session/304807c1-425e-4c78-b09d-f26acbd803b4/screenshot [39m[32m200[39m [90m1820 ms - 867768[39m
[35m[HTTP][39m [90m[39m
[35m[HTTP][39m [37m-->[39m [37mGET[39m [37m/wd/hub/session/304807c1-425e-4c78-b09d-f26acbd803b4/window/current/size[39m
[35m[HTTP][39m [90m{}[39m
[35m[W3C][39m Driver proxy active, passing request on via HTTP proxy
[35m[JSONWP Proxy][39m Replacing sessionId 49ca7e46-838f-4a82-bcc1-17ab09059437 with 304807c1-425e-4c78-b09d-f26acbd803b4
[35m[HTTP][39m [37m<-- GET /wd/hub/session/304807c1-425e-4c78-b09d-f26acbd803b4/window/current/size [39m[32m200[39m [90m45 ms - 100[39m
[35m[HTTP][39m [90m[39m
[35m[HTTP][39m [37m-->[39m [37mPOST[39m [37m/wd/hub/session/304807c1-425e-4c78-b09d-f26acbd803b4/elements[39m
[35m[HTTP][39m [90m{"using":"xpath","value":"//hierarchy/android.widget.FrameLayout[1]/android.widget.LinearLayout[1]/android.widget.FrameLayout[1]/android.widget.FrameLayout[1]/android.widget.FrameLayout[1]/android.widget.RelativeLayout[1]/android.widget.ImageView[2]"}[39m
[35m[HTTP][39m [37m<-- POST /wd/hub/session/304807c1-425e-4c78-b09d-f26acbd803b4/elements [39m[32m200[39m [90m150 ms - 124[39m
[35m[HTTP][39m [90m[39m
[35m[HTTP][39m [37m-->[39m [37mGET[39m [37m/wd/hub/session/304807c1-425e-4c78-b09d-f26acbd803b4[39m
[35m[HTTP][39m [90m{}[39m
[35m[HTTP][39m [37m<-- GET /wd/hub/session/304807c1-425e-4c78-b09d-f26acbd803b4 [39m[32m200[39m [90m32 ms - 1133[39m
[35m[HTTP][39m [90m[39m
[35m[HTTP][39m [37m-->[39m [37mGET[39m [37m/wd/hub/session/304807c1-425e-4c78-b09d-f26acbd803b4[39m
[35m[HTTP][39m [90m{}[39m
[35m[HTTP][39m [37m<-- GET /wd/hub/session/304807c1-425e-4c78-b09d-f26acbd803b4 [39m[32m200[39m [90m29 ms - 1133[39m
[35m[HTTP][39m [90m[39m
[35m[HTTP][39m [37m-->[39m [37mGET[39m [37m/wd/hub/session/304807c1-425e-4c78-b09d-f26acbd803b4[39m
[35m[HTTP][39m [90m{}[39m
[35m[HTTP][39m [37m<-- GET /wd/hub/session/304807c1-425e-4c78-b09d-f26acbd803b4 [39m[32m200[39m [90m21 ms - 1133[39m
[35m[HTTP][39m [90m[39m
[35m[HTTP][39m [37m-->[39m [37mGET[39m [37m/wd/hub/session/304807c1-425e-4c78-b09d-f26acbd803b4[39m
[35m[HTTP][39m [90m{}[39m
[35m[HTTP][39m [37m<-- GET /wd/hub/session/304807c1-425e-4c78-b09d-f26acbd803b4 [39m[32m200[39m [90m21 ms - 1133[39m
[35m[HTTP][39m [90m[39m
[35m[HTTP][39m [37m-->[39m [37mGET[39m [37m/wd/hub/session/304807c1-425e-4c78-b09d-f26acbd803b4/element/a4601acc-cf62-4303-996a-217a8d1a614a/location[39m
[35m[HTTP][39m [90m{}[39m
[35m[W3C][39m Driver proxy active, passing request on via HTTP proxy
[35m[JSONWP Proxy][39m Replacing sessionId 49ca7e46-838f-4a82-bcc1-17ab09059437 with 304807c1-425e-4c78-b09d-f26acbd803b4
[35m[HTTP][39m [37m<-- GET /wd/hub/session/304807c1-425e-4c78-b09d-f26acbd803b4/element/a4601acc-cf62-4303-996a-217a8d1a614a/location [39m[32m200[39m [90m44 ms - 90[39m
[35m[HTTP][39m [90m[39m
[35m[HTTP][39m [37m-->[39m [37mPOST[39m [37m/wd/hub/session/304807c1-425e-4c78-b09d-f26acbd803b4/touch/perform[39m
[35m[HTTP][39m [90m{"actions":[{"action":"tap","options":{"element":"a4601acc-cf62-4303-996a-217a8d1a614a","x":1,"y":1}}]}[39m
[35m[UiAutomator2][39m calling get location: a4601acc-cf62-4303-996a-217a8d1a614a
[35m[HTTP][39m [37m<-- POST /wd/hub/session/304807c1-425e-4c78-b09d-f26acbd803b4/touch/perform [39m[32m200[39m [90m123 ms - 76[39m
[35m[HTTP][39m [90m[39m
[35m[HTTP][39m [37m-->[39m [37mGET[39m [37m/wd/hub/session/304807c1-425e-4c78-b09d-f26acbd803b4/source[39m
[35m[HTTP][39m [90m{}[39m
[35m[W3C][39m Driver proxy active, passing request on via HTTP proxy
[35m[JSONWP Proxy][39m Replacing sessionId 49ca7e46-838f-4a82-bcc1-17ab09059437 with 304807c1-425e-4c78-b09d-f26acbd803b4
[35m[HTTP][39m [37m<-- GET /wd/hub/session/304807c1-425e-4c78-b09d-f26acbd803b4/source [39m[32m200[39m [90m382 ms - 8304[39m
[35m[HTTP][39m [90m[39m
[35m[HTTP][39m [37m-->[39m [37mGET[39m [37m/wd/hub/session/304807c1-425e-4c78-b09d-f26acbd803b4/screenshot[39m
[35m[HTTP][39m [90m{}[39m
[35m[HTTP][39m [37m<-- GET /wd/hub/session/304807c1-425e-4c78-b09d-f26acbd803b4/screenshot [39m[32m200[39m [90m1053 ms - 446326[39m
[35m[HTTP][39m [90m[39m
[35m[HTTP][39m [37m-->[39m [37mGET[39m [37m/wd/hub/session/304807c1-425e-4c78-b09d-f26acbd803b4/window/current/size[39m
[35m[HTTP][39m [90m{}[39m
[35m[W3C][39m Driver proxy active, passing request on via HTTP proxy
[35m[JSONWP Proxy][39m Replacing sessionId 49ca7e46-838f-4a82-bcc1-17ab09059437 with 304807c1-425e-4c78-b09d-f26acbd803b4
[35m[HTTP][39m [37m<-- GET /wd/hub/session/304807c1-425e-4c78-b09d-f26acbd803b4/window/current/size [39m[32m200[39m [90m48 ms - 100[39m
[35m[HTTP][39m [90m[39m
[35m[HTTP][39m [37m-->[39m [37mPOST[39m [37m/wd/hub/session/304807c1-425e-4c78-b09d-f26acbd803b4/elements[39m
[35m[HTTP][39m [90m{"using":"xpath","value":"//hierarchy/android.widget.FrameLayout[1]/android.widget.LinearLayout[1]/android.widget.FrameLayout[1]/android.widget.FrameLayout[1]/android.widget.FrameLayout[1]/android.view.ViewGroup[1]/android.widget.RelativeLayout[1]/android.widget.Button[1]"}[39m
[35m[HTTP][39m [37m<-- POST /wd/hub/session/304807c1-425e-4c78-b09d-f26acbd803b4/elements [39m[32m200[39m [90m114 ms - 124[39m
[35m[HTTP][39m [90m[39m
[35m[HTTP][39m [37m-->[39m [37mGET[39m [37m/wd/hub/session/304807c1-425e-4c78-b09d-f26acbd803b4[39m
[35m[HTTP][39m [90m{}[39m
[35m[HTTP][39m [37m<-- GET /wd/hub/session/304807c1-425e-4c78-b09d-f26acbd803b4 [39m[32m200[39m [90m23 ms - 1133[39m
[35m[HTTP][39m [90m[39m
[35m[HTTP][39m [37m-->[39m [37mGET[39m [37m/wd/hub/session/304807c1-425e-4c78-b09d-f26acbd803b4[39m
[35m[HTTP][39m [90m{}[39m
[35m[HTTP][39m [37m<-- GET /wd/hub/session/304807c1-425e-4c78-b09d-f26acbd803b4 [39m[32m200[39m [90m20 ms - 1133[39m
[35m[HTTP][39m [90m[39m
[35m[HTTP][39m [37m-->[39m [37mGET[39m [37m/wd/hub/session/304807c1-425e-4c78-b09d-f26acbd803b4[39m
[35m[HTTP][39m [90m{}[39m
[35m[HTTP][39m [37m<-- GET /wd/hub/session/304807c1-425e-4c78-b09d-f26acbd803b4 [39m[32m200[39m [90m21 ms - 1133[39m
[35m[HTTP][39m [90m[39m
[35m[HTTP][39m [37m-->[39m [37mGET[39m [37m/wd/hub/session/304807c1-425e-4c78-b09d-f26acbd803b4[39m
[35m[HTTP][39m [90m{}[39m
[35m[HTTP][39m [37m<-- GET /wd/hub/session/304807c1-425e-4c78-b09d-f26acbd803b4 [39m[32m200[39m [90m20 ms - 1133[39m
[35m[HTTP][39m [90m[39m
[35m[HTTP][39m [37m-->[39m [37mGET[39m [37m/wd/hub/session/304807c1-425e-4c78-b09d-f26acbd803b4/element/f788ad6c-ba47-4680-bef9-d060e8c8a897/location[39m
[35m[HTTP][39m [90m{}[39m
[35m[W3C][39m Driver proxy active, passing request on via HTTP proxy
[35m[JSONWP Proxy][39m Replacing sessionId 49ca7e46-838f-4a82-bcc1-17ab09059437 with 304807c1-425e-4c78-b09d-f26acbd803b4
[35m[HTTP][39m [37m<-- GET /wd/hub/session/304807c1-425e-4c78-b09d-f26acbd803b4/element/f788ad6c-ba47-4680-bef9-d060e8c8a897/location [39m[32m200[39m [90m24 ms - 88[39m
[35m[HTTP][39m [90m[39m
[35m[HTTP][39m [37m-->[39m [37mPOST[39m [37m/wd/hub/session/304807c1-425e-4c78-b09d-f26acbd803b4/touch/perform[39m
[35m[HTTP][39m [90m{"actions":[{"action":"tap","options":{"element":"f788ad6c-ba47-4680-bef9-d060e8c8a897","x":1,"y":1}}]}[39m
[35m[UiAutomator2][39m calling get location: f788ad6c-ba47-4680-bef9-d060e8c8a897
[35m[HTTP][39m [37m<-- POST /wd/hub/session/304807c1-425e-4c78-b09d-f26acbd803b4/touch/perform [39m[32m200[39m [90m75 ms - 76[39m
[35m[HTTP][39m [90m[39m
[35m[HTTP][39m [37m-->[39m [37mGET[39m [37m/wd/hub/session/304807c1-425e-4c78-b09d-f26acbd803b4/source[39m
[35m[HTTP][39m [90m{}[39m
[35m[W3C][39m Driver proxy active, passing request on via HTTP proxy
[35m[JSONWP Proxy][39m Replacing sessionId 49ca7e46-838f-4a82-bcc1-17ab09059437 with 304807c1-425e-4c78-b09d-f26acbd803b4
[35m[HTTP][39m [37m<-- GET /wd/hub/session/304807c1-425e-4c78-b09d-f26acbd803b4/source [39m[32m200[39m [90m1911 ms - 7746[39m
[35m[HTTP][39m [90m[39m
[35m[HTTP][39m [37m-->[39m [37mGET[39m [37m/wd/hub/session/304807c1-425e-4c78-b09d-f26acbd803b4/screenshot[39m
[35m[HTTP][39m [90m{}[39m
[35m[HTTP][39m [37m<-- GET /wd/hub/session/304807c1-425e-4c78-b09d-f26acbd803b4/screenshot [39m[32m200[39m [90m1913 ms - 939758[39m
[35m[HTTP][39m [90m[39m
[35m[HTTP][39m [37m-->[39m [37mGET[39m [37m/wd/hub/session/304807c1-425e-4c78-b09d-f26acbd803b4/window/current/size[39m
[35m[HTTP][39m [90m{}[39m
[35m[W3C][39m Driver proxy active, passing request on via HTTP proxy
[35m[JSONWP Proxy][39m Replacing sessionId 49ca7e46-838f-4a82-bcc1-17ab09059437 with 304807c1-425e-4c78-b09d-f26acbd803b4
[35m[HTTP][39m [37m<-- GET /wd/hub/session/304807c1-425e-4c78-b09d-f26acbd803b4/window/current/size [39m[32m200[39m [90m50 ms - 100[39m
[35m[HTTP][39m [90m[39m
[35m[HTTP][39m [37m-->[39m [37mPOST[39m [37m/wd/hub/session/304807c1-425e-4c78-b09d-f26acbd803b4/elements[39m
[35m[HTTP][39m [90m{"using":"xpath","value":"//hierarchy/android.widget.FrameLayout[1]/android.widget.LinearLayout[1]/android.widget.FrameLayout[1]/android.widget.FrameLayout[1]/android.widget.FrameLayout[1]/android.widget.RelativeLayout[1]/android.widget.ImageView[1]"}[39m
[35m[HTTP][39m [37m<-- POST /wd/hub/session/304807c1-425e-4c78-b09d-f26acbd803b4/elements [39m[32m200[39m [90m118 ms - 124[39m
[35m[HTTP][39m [90m[39m
[35m[HTTP][39m [37m-->[39m [37mGET[39m [37m/wd/hub/session/304807c1-425e-4c78-b09d-f26acbd803b4[39m
[35m[HTTP][39m [90m{}[39m
[35m[HTTP][39m [37m<-- GET /wd/hub/session/304807c1-425e-4c78-b09d-f26acbd803b4 [39m[32m200[39m [90m33 ms - 1133[39m
[35m[HTTP][39m [90m[39m
[35m[HTTP][39m [37m-->[39m [37mGET[39m [37m/wd/hub/session/304807c1-425e-4c78-b09d-f26acbd803b4[39m
[35m[HTTP][39m [90m{}[39m
[35m[HTTP][39m [37m<-- GET /wd/hub/session/304807c1-425e-4c78-b09d-f26acbd803b4 [39m[32m200[39m [90m30 ms - 1133[39m
[35m[HTTP][39m [90m[39m
[35m[HTTP][39m [37m-->[39m [37mGET[39m [37m/wd/hub/session/304807c1-425e-4c78-b09d-f26acbd803b4[39m
[35m[HTTP][39m [90m{}[39m
[35m[HTTP][39m [37m<-- GET /wd/hub/session/304807c1-425e-4c78-b09d-f26acbd803b4 [39m[32m200[39m [90m27 ms - 1133[39m
[35m[HTTP][39m [90m[39m
[35m[HTTP][39m [37m-->[39m [37mGET[39m [37m/wd/hub/session/304807c1-425e-4c78-b09d-f26acbd803b4[39m
[35m[HTTP][39m [90m{}[39m
[35m[HTTP][39m [37m<-- GET /wd/hub/session/304807c1-425e-4c78-b09d-f26acbd803b4 [39m[32m200[39m [90m26 ms - 1133[39m
[35m[HTTP][39m [90m[39m
[35m[HTTP][39m [37m-->[39m [37mGET[39m [37m/wd/hub/session/304807c1-425e-4c78-b09d-f26acbd803b4/element/e3bf6ff5-f570-4807-821d-13d201c1dd30/location[39m
[35m[HTTP][39m [90m{}[39m
[35m[W3C][39m Driver proxy active, passing request on via HTTP proxy
[35m[JSONWP Proxy][39m Replacing sessionId 49ca7e46-838f-4a82-bcc1-17ab09059437 with 304807c1-425e-4c78-b09d-f26acbd803b4
[35m[HTTP][39m [37m<-- GET /wd/hub/session/304807c1-425e-4c78-b09d-f26acbd803b4/element/e3bf6ff5-f570-4807-821d-13d201c1dd30/location [39m[32m200[39m [90m33 ms - 89[39m
[35m[HTTP][39m [90m[39m
[35m[HTTP][39m [37m-->[39m [37mPOST[39m [37m/wd/hub/session/304807c1-425e-4c78-b09d-f26acbd803b4/touch/perform[39m
[35m[HTTP][39m [90m{"actions":[{"action":"tap","options":{"element":"e3bf6ff5-f570-4807-821d-13d201c1dd30","x":1,"y":1}}]}[39m
[35m[UiAutomator2][39m calling get location: e3bf6ff5-f570-4807-821d-13d201c1dd30
[35m[HTTP][39m [37m<-- POST /wd/hub/session/304807c1-425e-4c78-b09d-f26acbd803b4/touch/perform [39m[32m200[39m [90m75 ms - 76[39m
[35m[HTTP][39m [90m[39m
[35m[HTTP][39m [37m-->[39m [37mGET[39m [37m/wd/hub/session/304807c1-425e-4c78-b09d-f26acbd803b4/source[39m
[35m[HTTP][39m [90m{}[39m
[35m[W3C][39m Driver proxy active, passing request on via HTTP proxy
[35m[JSONWP Proxy][39m Replacing sessionId 49ca7e46-838f-4a82-bcc1-17ab09059437 with 304807c1-425e-4c78-b09d-f26acbd803b4
[35m[HTTP][39m [37m<-- GET /wd/hub/session/304807c1-425e-4c78-b09d-f26acbd803b4/source [39m[32m200[39m [90m377 ms - 6932[39m
[35m[HTTP][39m [90m[39m
[35m[HTTP][39m [37m-->[39m [37mGET[39m [37m/wd/hub/session/304807c1-425e-4c78-b09d-f26acbd803b4/screenshot[39m
[35m[HTTP][39m [90m{}[39m
[35m[HTTP][39m [37m<-- GET /wd/hub/session/304807c1-425e-4c78-b09d-f26acbd803b4/screenshot [39m[32m200[39m [90m1329 ms - 457840[39m
[35m[HTTP][39m [90m[39m
[35m[HTTP][39m [37m-->[39m [37mGET[39m [37m/wd/hub/session/304807c1-425e-4c78-b09d-f26acbd803b4/window/current/size[39m
[35m[HTTP][39m [90m{}[39m
[35m[W3C][39m Driver proxy active, passing request on via HTTP proxy
[35m[JSONWP Proxy][39m Replacing sessionId 49ca7e46-838f-4a82-bcc1-17ab09059437 with 304807c1-425e-4c78-b09d-f26acbd803b4
[35m[HTTP][39m [37m<-- GET /wd/hub/session/304807c1-425e-4c78-b09d-f26acbd803b4/window/current/size [39m[32m200[39m [90m40 ms - 100[39m
[35m[HTTP][39m [90m[39m
[35m[HTTP][39m [37m-->[39m [37mPOST[39m [37m/wd/hub/session/304807c1-425e-4c78-b09d-f26acbd803b4/elements[39m
[35m[HTTP][39m [90m{"using":"xpath","value":"//hierarchy/android.widget.FrameLayout[1]/android.widget.LinearLayout[1]/android.widget.FrameLayout[1]/android.widget.FrameLayout[1]/android.widget.FrameLayout[1]/android.support.v7.widget.LinearLayoutCompat[1]/android.widget.ScrollView[1]/android.widget.LinearLayout[1]/android.widget.Button[2]"}[39m
[35m[HTTP][39m [37m<-- POST /wd/hub/session/304807c1-425e-4c78-b09d-f26acbd803b4/elements [39m[32m200[39m [90m103 ms - 124[39m
[35m[HTTP][39m [90m[39m
[35m[HTTP][39m [37m-->[39m [37mGET[39m [37m/wd/hub/session/304807c1-425e-4c78-b09d-f26acbd803b4[39m
[35m[HTTP][39m [90m{}[39m
[35m[HTTP][39m [37m<-- GET /wd/hub/session/304807c1-425e-4c78-b09d-f26acbd803b4 [39m[32m200[39m [90m25 ms - 1133[39m
[35m[HTTP][39m [90m[39m
[35m[HTTP][39m [37m-->[39m [37mGET[39m [37m/wd/hub/session/304807c1-425e-4c78-b09d-f26acbd803b4[39m
[35m[HTTP][39m [90m{}[39m
[35m[HTTP][39m [37m<-- GET /wd/hub/session/304807c1-425e-4c78-b09d-f26acbd803b4 [39m[32m200[39m [90m22 ms - 1133[39m
[35m[HTTP][39m [90m[39m
[35m[HTTP][39m [37m-->[39m [37mGET[39m [37m/wd/hub/session/304807c1-425e-4c78-b09d-f26acbd803b4[39m
[35m[HTTP][39m [90m{}[39m
[35m[HTTP][39m [37m<-- GET /wd/hub/session/304807c1-425e-4c78-b09d-f26acbd803b4 [39m[32m200[39m [90m32 ms - 1133[39m
[35m[HTTP][39m [90m[39m
[35m[HTTP][39m [37m-->[39m [37mGET[39m [37m/wd/hub/session/304807c1-425e-4c78-b09d-f26acbd803b4[39m
[35m[HTTP][39m [90m{}[39m
[35m[HTTP][39m [37m<-- GET /wd/hub/session/304807c1-425e-4c78-b09d-f26acbd803b4 [39m[32m200[39m [90m32 ms - 1133[39m
[35m[HTTP][39m [90m[39m
[35m[HTTP][39m [37m-->[39m [37mGET[39m [37m/wd/hub/session/304807c1-425e-4c78-b09d-f26acbd803b4/element/f9943721-3c59-48f3-b7fa-7d65574b2b26/location[39m
[35m[HTTP][39m [90m{}[39m
[35m[W3C][39m Driver proxy active, passing request on via HTTP proxy
[35m[JSONWP Proxy][39m Replacing sessionId 49ca7e46-838f-4a82-bcc1-17ab09059437 with 304807c1-425e-4c78-b09d-f26acbd803b4
[35m[HTTP][39m [37m<-- GET /wd/hub/session/304807c1-425e-4c78-b09d-f26acbd803b4/element/f9943721-3c59-48f3-b7fa-7d65574b2b26/location [39m[32m200[39m [90m37 ms - 91[39m
[35m[HTTP][39m [90m[39m
[35m[HTTP][39m [37m-->[39m [37mPOST[39m [37m/wd/hub/session/304807c1-425e-4c78-b09d-f26acbd803b4/touch/perform[39m
[35m[HTTP][39m [90m{"actions":[{"action":"tap","options":{"element":"f9943721-3c59-48f3-b7fa-7d65574b2b26","x":1,"y":1}}]}[39m
[35m[UiAutomator2][39m calling get location: f9943721-3c59-48f3-b7fa-7d65574b2b26
[35m[HTTP][39m [37m<-- POST /wd/hub/session/304807c1-425e-4c78-b09d-f26acbd803b4/touch/perform [39m[32m200[39m [90m113 ms - 76[39m
[35m[HTTP][39m [90m[39m
[35m[HTTP][39m [37m-->[39m [37mGET[39m [37m/wd/hub/session/304807c1-425e-4c78-b09d-f26acbd803b4/source[39m
[35m[HTTP][39m [90m{}[39m
[35m[W3C][39m Driver proxy active, passing request on via HTTP proxy
[35m[JSONWP Proxy][39m Replacing sessionId 49ca7e46-838f-4a82-bcc1-17ab09059437 with 304807c1-425e-4c78-b09d-f26acbd803b4
[35m[HTTP][39m [37m<-- GET /wd/hub/session/304807c1-425e-4c78-b09d-f26acbd803b4/source [39m[32m200[39m [90m662 ms - 12266[39m
[35m[HTTP][39m [90m[39m
[35m[HTTP][39m [37m-->[39m [37mGET[39m [37m/wd/hub/session/304807c1-425e-4c78-b09d-f26acbd803b4/screenshot[39m
[35m[HTTP][39m [90m{}[39m
[35m[HTTP][39m [37m<-- GET /wd/hub/session/304807c1-425e-4c78-b09d-f26acbd803b4/screenshot [39m[32m200[39m [90m823 ms - 154736[39m
[35m[HTTP][39m [90m[39m
[35m[HTTP][39m [37m-->[39m [37mGET[39m [37m/wd/hub/session/304807c1-425e-4c78-b09d-f26acbd803b4/source[39m
[35m[HTTP][39m [90m{}[39m
[35m[W3C][39m Driver proxy active, passing request on via HTTP proxy
[35m[JSONWP Proxy][39m Replacing sessionId 49ca7e46-838f-4a82-bcc1-17ab09059437 with 304807c1-425e-4c78-b09d-f26acbd803b4
[35m[HTTP][39m [37m<-- GET /wd/hub/session/304807c1-425e-4c78-b09d-f26acbd803b4/source [39m[32m200[39m [90m242 ms - 13652[39m
[35m[HTTP][39m [90m[39m
[35m[HTTP][39m [37m-->[39m [37mGET[39m [37m/wd/hub/session/304807c1-425e-4c78-b09d-f26acbd803b4/screenshot[39m
[35m[HTTP][39m [90m{}[39m
[35m[HTTP][39m [37m<-- GET /wd/hub/session/304807c1-425e-4c78-b09d-f26acbd803b4/screenshot [39m[32m200[39m [90m823 ms - 146210[39m
[35m[HTTP][39m [90m[39m
[35m[HTTP][39m [37m-->[39m [37mGET[39m [37m/wd/hub/session/304807c1-425e-4c78-b09d-f26acbd803b4/window/current/size[39m
[35m[HTTP][39m [90m{}[39m
[35m[W3C][39m Driver proxy active, passing request on via HTTP proxy
[35m[JSONWP Proxy][39m Replacing sessionId 49ca7e46-838f-4a82-bcc1-17ab09059437 with 304807c1-425e-4c78-b09d-f26acbd803b4
[35m[HTTP][39m [37m<-- GET /wd/hub/session/304807c1-425e-4c78-b09d-f26acbd803b4/window/current/size [39m[32m200[39m [90m36 ms - 100[39m
[35m[HTTP][39m [90m[39m
[35m[HTTP][39m [37m-->[39m [37mPOST[39m [37m/wd/hub/session/304807c1-425e-4c78-b09d-f26acbd803b4/elements[39m
[35m[HTTP][39m [90m{"using":"xpath","value":"//hierarchy/android.widget.FrameLayout[1]/android.widget.LinearLayout[1]/android.widget.FrameLayout[1]/android.widget.FrameLayout[1]/android.widget.FrameLayout[1]/android.widget.RelativeLayout[2]/android.widget.RelativeLayout[1]/android.widget.Button[1]"}[39m
[35m[HTTP][39m [37m<-- POST /wd/hub/session/304807c1-425e-4c78-b09d-f26acbd803b4/elements [39m[32m200[39m [90m135 ms - 124[39m
[35m[HTTP][39m [90m[39m
[35m[HTTP][39m [37m-->[39m [37mGET[39m [37m/wd/hub/session/304807c1-425e-4c78-b09d-f26acbd803b4[39m
[35m[HTTP][39m [90m{}[39m
[35m[HTTP][39m [37m<-- GET /wd/hub/session/304807c1-425e-4c78-b09d-f26acbd803b4 [39m[32m200[39m [90m21 ms - 1133[39m
[35m[HTTP][39m [90m[39m
[35m[HTTP][39m [37m-->[39m [37mGET[39m [37m/wd/hub/session/304807c1-425e-4c78-b09d-f26acbd803b4[39m
[35m[HTTP][39m [90m{}[39m
[35m[HTTP][39m [37m<-- GET /wd/hub/session/304807c1-425e-4c78-b09d-f26acbd803b4 [39m[32m200[39m [90m22 ms - 1133[39m
[35m[HTTP][39m [90m[39m
[35m[HTTP][39m [37m-->[39m [37mGET[39m [37m/wd/hub/session/304807c1-425e-4c78-b09d-f26acbd803b4[39m
[35m[HTTP][39m [90m{}[39m
[35m[HTTP][39m [37m<-- GET /wd/hub/session/304807c1-425e-4c78-b09d-f26acbd803b4 [39m[32m200[39m [90m20 ms - 1133[39m
[35m[HTTP][39m [90m[39m
[35m[HTTP][39m [37m-->[39m [37mGET[39m [37m/wd/hub/session/304807c1-425e-4c78-b09d-f26acbd803b4[39m
[35m[HTTP][39m [90m{}[39m
[35m[HTTP][39m [37m<-- GET /wd/hub/session/304807c1-425e-4c78-b09d-f26acbd803b4 [39m[32m200[39m [90m21 ms - 1133[39m
[35m[HTTP][39m [90m[39m
[35m[HTTP][39m [37m-->[39m [37mGET[39m [37m/wd/hub/session/304807c1-425e-4c78-b09d-f26acbd803b4/element/4457c9a4-fe1c-4f85-8dcd-cff3226fe422/location[39m
[35m[HTTP][39m [90m{}[39m
[35m[W3C][39m Driver proxy active, passing request on via HTTP proxy
[35m[JSONWP Proxy][39m Replacing sessionId 49ca7e46-838f-4a82-bcc1-17ab09059437 with 304807c1-425e-4c78-b09d-f26acbd803b4
[35m[HTTP][39m [37m<-- GET /wd/hub/session/304807c1-425e-4c78-b09d-f26acbd803b4/element/4457c9a4-fe1c-4f85-8dcd-cff3226fe422/location [39m[32m200[39m [90m29 ms - 90[39m
[35m[HTTP][39m [90m[39m
[35m[HTTP][39m [37m-->[39m [37mPOST[39m [37m/wd/hub/session/304807c1-425e-4c78-b09d-f26acbd803b4/touch/perform[39m
[35m[HTTP][39m [90m{"actions":[{"action":"tap","options":{"element":"4457c9a4-fe1c-4f85-8dcd-cff3226fe422","x":1,"y":1}}]}[39m
[35m[UiAutomator2][39m calling get location: 4457c9a4-fe1c-4f85-8dcd-cff3226fe422
[35m[HTTP][39m [37m<-- POST /wd/hub/session/304807c1-425e-4c78-b09d-f26acbd803b4/touch/perform [39m[32m200[39m [90m73 ms - 76[39m
[35m[HTTP][39m [90m[39m
[35m[HTTP][39m [37m-->[39m [37mGET[39m [37m/wd/hub/session/304807c1-425e-4c78-b09d-f26acbd803b4/source[39m
[35m[HTTP][39m [90m{}[39m
[35m[W3C][39m Driver proxy active, passing request on via HTTP proxy
[35m[JSONWP Proxy][39m Replacing sessionId 49ca7e46-838f-4a82-bcc1-17ab09059437 with 304807c1-425e-4c78-b09d-f26acbd803b4
[35m[HTTP][39m [37m<-- GET /wd/hub/session/304807c1-425e-4c78-b09d-f26acbd803b4/source [39m[32m200[39m [90m132 ms - 11854[39m
[35m[HTTP][39m [90m[39m
[35m[HTTP][39m [37m-->[39m [37mGET[39m [37m/wd/hub/session/304807c1-425e-4c78-b09d-f26acbd803b4/screenshot[39m
[35m[HTTP][39m [90m{}[39m
[35m[HTTP][39m [37m<-- GET /wd/hub/session/304807c1-425e-4c78-b09d-f26acbd803b4/screenshot [39m[32m200[39m [90m997 ms - 154120[39m
[35m[HTTP][39m [90m[39m
[35m[HTTP][39m [37m-->[39m [37mGET[39m [37m/wd/hub/session/304807c1-425e-4c78-b09d-f26acbd803b4/window/current/size[39m
[35m[HTTP][39m [90m{}[39m
[35m[W3C][39m Driver proxy active, passing request on via HTTP proxy
[35m[JSONWP Proxy][39m Replacing sessionId 49ca7e46-838f-4a82-bcc1-17ab09059437 with 304807c1-425e-4c78-b09d-f26acbd803b4
[35m[HTTP][39m [37m<-- GET /wd/hub/session/304807c1-425e-4c78-b09d-f26acbd803b4/window/current/size [39m[32m200[39m [90m44 ms - 100[39m
[35m[HTTP][39m [90m[39m
[35m[HTTP][39m [37m-->[39m [37mPOST[39m [37m/wd/hub/session/304807c1-425e-4c78-b09d-f26acbd803b4/elements[39m
[35m[HTTP][39m [90m{"using":"xpath","value":"//hierarchy/android.widget.FrameLayout[1]/android.widget.LinearLayout[1]/android.widget.FrameLayout[1]/android.widget.FrameLayout[1]/android.widget.FrameLayout[1]/android.widget.RelativeLayout[1]/android.widget.RelativeLayout[1]/android.widget.HorizontalScrollView[1]/android.widget.LinearLayout[1]/android.widget.ImageButton[1]"}[39m
[35m[HTTP][39m [37m<-- POST /wd/hub/session/304807c1-425e-4c78-b09d-f26acbd803b4/elements [39m[32m200[39m [90m146 ms - 124[39m
[35m[HTTP][39m [90m[39m
[35m[HTTP][39m [37m-->[39m [37mGET[39m [37m/wd/hub/session/304807c1-425e-4c78-b09d-f26acbd803b4[39m
[35m[HTTP][39m [90m{}[39m
[35m[HTTP][39m [37m<-- GET /wd/hub/session/304807c1-425e-4c78-b09d-f26acbd803b4 [39m[32m200[39m [90m31 ms - 1133[39m
[35m[HTTP][39m [90m[39m
[35m[HTTP][39m [37m-->[39m [37mGET[39m [37m/wd/hub/session/304807c1-425e-4c78-b09d-f26acbd803b4[39m
[35m[HTTP][39m [90m{}[39m
[35m[HTTP][39m [37m<-- GET /wd/hub/session/304807c1-425e-4c78-b09d-f26acbd803b4 [39m[32m200[39m [90m20 ms - 1133[39m
[35m[HTTP][39m [90m[39m
[35m[HTTP][39m [37m-->[39m [37mGET[39m [37m/wd/hub/session/304807c1-425e-4c78-b09d-f26acbd803b4[39m
[35m[HTTP][39m [90m{}[39m
[35m[HTTP][39m [37m<-- GET /wd/hub/session/304807c1-425e-4c78-b09d-f26acbd803b4 [39m[32m200[39m [90m32 ms - 1133[39m
[35m[HTTP][39m [90m[39m
[35m[HTTP][39m [37m-->[39m [37mGET[39m [37m/wd/hub/session/304807c1-425e-4c78-b09d-f26acbd803b4[39m
[35m[HTTP][39m [90m{}[39m
[35m[HTTP][39m [37m<-- GET /wd/hub/session/304807c1-425e-4c78-b09d-f26acbd803b4 [39m[32m200[39m [90m27 ms - 1133[39m
[35m[HTTP][39m [90m[39m
[35m[HTTP][39m [37m-->[39m [37mGET[39m [37m/wd/hub/session/304807c1-425e-4c78-b09d-f26acbd803b4/element/8b4db43a-1c07-4aac-8410-c37cc9575c0b/location[39m
[35m[HTTP][39m [90m{}[39m
[35m[W3C][39m Driver proxy active, passing request on via HTTP proxy
[35m[JSONWP Proxy][39m Replacing sessionId 49ca7e46-838f-4a82-bcc1-17ab09059437 with 304807c1-425e-4c78-b09d-f26acbd803b4
[35m[HTTP][39m [37m<-- GET /wd/hub/session/304807c1-425e-4c78-b09d-f26acbd803b4/element/8b4db43a-1c07-4aac-8410-c37cc9575c0b/location [39m[32m200[39m [90m28 ms - 86[39m
[35m[HTTP][39m [90m[39m
[35m[HTTP][39m [37m-->[39m [37mPOST[39m [37m/wd/hub/session/304807c1-425e-4c78-b09d-f26acbd803b4/touch/perform[39m
[35m[HTTP][39m [90m{"actions":[{"action":"tap","options":{"element":"8b4db43a-1c07-4aac-8410-c37cc9575c0b","x":1,"y":1}}]}[39m
[35m[UiAutomator2][39m calling get location: 8b4db43a-1c07-4aac-8410-c37cc9575c0b
[35m[HTTP][39m [37m<-- POST /wd/hub/session/304807c1-425e-4c78-b09d-f26acbd803b4/touch/perform [39m[32m200[39m [90m121 ms - 76[39m
[35m[HTTP][39m [90m[39m
[35m[HTTP][39m [37m-->[39m [37mGET[39m [37m/wd/hub/session/304807c1-425e-4c78-b09d-f26acbd803b4/source[39m
[35m[HTTP][39m [90m{}[39m
[35m[W3C][39m Driver proxy active, passing request on via HTTP proxy
[35m[JSONWP Proxy][39m Replacing sessionId 49ca7e46-838f-4a82-bcc1-17ab09059437 with 304807c1-425e-4c78-b09d-f26acbd803b4
[35m[HTTP][39m [37m<-- GET /wd/hub/session/304807c1-425e-4c78-b09d-f26acbd803b4/source [39m[32m200[39m [90m158 ms - 11854[39m
[35m[HTTP][39m [90m[39m
[35m[HTTP][39m [37m-->[39m [37mGET[39m [37m/wd/hub/session/304807c1-425e-4c78-b09d-f26acbd803b4/screenshot[39m
[35m[HTTP][39m [90m{}[39m
[35m[HTTP][39m [37m<-- GET /wd/hub/session/304807c1-425e-4c78-b09d-f26acbd803b4/screenshot [39m[32m200[39m [90m899 ms - 152730[39m
[35m[HTTP][39m [90m[39m
[35m[HTTP][39m [37m-->[39m [37mGET[39m [37m/wd/hub/session/304807c1-425e-4c78-b09d-f26acbd803b4/window/current/size[39m
[35m[HTTP][39m [90m{}[39m
[35m[W3C][39m Driver proxy active, passing request on via HTTP proxy
[35m[JSONWP Proxy][39m Replacing sessionId 49ca7e46-838f-4a82-bcc1-17ab09059437 with 304807c1-425e-4c78-b09d-f26acbd803b4
[35m[HTTP][39m [37m<-- GET /wd/hub/session/304807c1-425e-4c78-b09d-f26acbd803b4/window/current/size [39m[32m200[39m [90m22 ms - 100[39m
[35m[HTTP][39m [90m[39m
[35m[HTTP][39m [37m-->[39m [37mPOST[39m [37m/wd/hub/session/304807c1-425e-4c78-b09d-f26acbd803b4/elements[39m
[35m[HTTP][39m [90m{"using":"xpath","value":"//hierarchy/android.widget.FrameLayout[1]/android.widget.LinearLayout[1]/android.widget.FrameLayout[1]/android.widget.FrameLayout[1]/android.widget.FrameLayout[1]/android.widget.RelativeLayout[1]/android.widget.RelativeLayout[1]/android.widget.HorizontalScrollView[1]/android.widget.LinearLayout[1]/android.widget.ImageButton[2]"}[39m
[35m[HTTP][39m [37m<-- POST /wd/hub/session/304807c1-425e-4c78-b09d-f26acbd803b4/elements [39m[32m200[39m [90m116 ms - 124[39m
[35m[HTTP][39m [90m[39m
[35m[HTTP][39m [37m-->[39m [37mGET[39m [37m/wd/hub/session/304807c1-425e-4c78-b09d-f26acbd803b4[39m
[35m[HTTP][39m [90m{}[39m
[35m[HTTP][39m [37m<-- GET /wd/hub/session/304807c1-425e-4c78-b09d-f26acbd803b4 [39m[32m200[39m [90m30 ms - 1133[39m
[35m[HTTP][39m [90m[39m
[35m[HTTP][39m [37m-->[39m [37mGET[39m [37m/wd/hub/session/304807c1-425e-4c78-b09d-f26acbd803b4[39m
[35m[HTTP][39m [90m{}[39m
[35m[HTTP][39m [37m<-- GET /wd/hub/session/304807c1-425e-4c78-b09d-f26acbd803b4 [39m[32m200[39m [90m27 ms - 1133[39m
[35m[HTTP][39m [90m[39m
[35m[HTTP][39m [37m-->[39m [37mGET[39m [37m/wd/hub/session/304807c1-425e-4c78-b09d-f26acbd803b4[39m
[35m[HTTP][39m [90m{}[39m
[35m[HTTP][39m [37m<-- GET /wd/hub/session/304807c1-425e-4c78-b09d-f26acbd803b4 [39m[32m200[39m [90m31 ms - 1133[39m
[35m[HTTP][39m [90m[39m
[35m[HTTP][39m [37m-->[39m [37mGET[39m [37m/wd/hub/session/304807c1-425e-4c78-b09d-f26acbd803b4[39m
[35m[HTTP][39m [90m{}[39m
[35m[HTTP][39m [37m<-- GET /wd/hub/session/304807c1-425e-4c78-b09d-f26acbd803b4 [39m[32m200[39m [90m25 ms - 1133[39m
[35m[HTTP][39m [90m[39m
[35m[HTTP][39m [37m-->[39m [37mGET[39m [37m/wd/hub/session/304807c1-425e-4c78-b09d-f26acbd803b4/element/746a0b8e-aa7c-4b56-8818-15b47da92e09/location[39m
[35m[HTTP][39m [90m{}[39m
[35m[W3C][39m Driver proxy active, passing request on via HTTP proxy
[35m[JSONWP Proxy][39m Replacing sessionId 49ca7e46-838f-4a82-bcc1-17ab09059437 with 304807c1-425e-4c78-b09d-f26acbd803b4
[35m[HTTP][39m [37m<-- GET /wd/hub/session/304807c1-425e-4c78-b09d-f26acbd803b4/element/746a0b8e-aa7c-4b56-8818-15b47da92e09/location [39m[32m200[39m [90m33 ms - 88[39m
[35m[HTTP][39m [90m[39m
[35m[HTTP][39m [37m-->[39m [37mPOST[39m [37m/wd/hub/session/304807c1-425e-4c78-b09d-f26acbd803b4/touch/perform[39m
[35m[HTTP][39m [90m{"actions":[{"action":"tap","options":{"element":"746a0b8e-aa7c-4b56-8818-15b47da92e09","x":1,"y":1}}]}[39m
[35m[UiAutomator2][39m calling get location: 746a0b8e-aa7c-4b56-8818-15b47da92e09
[35m[HTTP][39m [37m<-- POST /wd/hub/session/304807c1-425e-4c78-b09d-f26acbd803b4/touch/perform [39m[32m200[39m [90m174 ms - 76[39m
[35m[HTTP][39m [90m[39m
[35m[HTTP][39m [37m-->[39m [37mGET[39m [37m/wd/hub/session/304807c1-425e-4c78-b09d-f26acbd803b4/source[39m
[35m[HTTP][39m [90m{}[39m
[35m[W3C][39m Driver proxy active, passing request on via HTTP proxy
[35m[JSONWP Proxy][39m Replacing sessionId 49ca7e46-838f-4a82-bcc1-17ab09059437 with 304807c1-425e-4c78-b09d-f26acbd803b4
[35m[HTTP][39m [37m<-- GET /wd/hub/session/304807c1-425e-4c78-b09d-f26acbd803b4/source [39m[32m200[39m [90m472 ms - 19153[39m
[35m[HTTP][39m [90m[39m
[35m[HTTP][39m [37m-->[39m [37mGET[39m [37m/wd/hub/session/304807c1-425e-4c78-b09d-f26acbd803b4/screenshot[39m
[35m[HTTP][39m [90m{}[39m
[35m[HTTP][39m [37m<-- GET /wd/hub/session/304807c1-425e-4c78-b09d-f26acbd803b4/screenshot [39m[32m200[39m [90m1195 ms - 457160[39m
[35m[HTTP][39m [90m[39m
[35m[HTTP][39m [37m-->[39m [37mGET[39m [37m/wd/hub/session/304807c1-425e-4c78-b09d-f26acbd803b4/window/current/size[39m
[35m[HTTP][39m [90m{}[39m
[35m[W3C][39m Driver proxy active, passing request on via HTTP proxy
[35m[JSONWP Proxy][39m Replacing sessionId 49ca7e46-838f-4a82-bcc1-17ab09059437 with 304807c1-425e-4c78-b09d-f26acbd803b4
[35m[HTTP][39m [37m<-- GET /wd/hub/session/304807c1-425e-4c78-b09d-f26acbd803b4/window/current/size [39m[32m200[39m [90m17 ms - 100[39m
[35m[HTTP][39m [90m[39m
[35m[HTTP][39m [37m-->[39m [37mPOST[39m [37m/wd/hub/session/304807c1-425e-4c78-b09d-f26acbd803b4/elements[39m
[35m[HTTP][39m [90m{"using":"xpath","value":"//hierarchy/android.widget.FrameLayout[1]/android.widget.LinearLayout[1]/android.widget.FrameLayout[1]/android.widget.FrameLayout[1]/android.widget.FrameLayout[1]/android.widget.RelativeLayout[1]/android.widget.RelativeLayout[1]/android.widget.HorizontalScrollView[1]/android.widget.LinearLayout[1]/android.widget.ImageButton[3]"}[39m
[35m[HTTP][39m [37m<-- POST /wd/hub/session/304807c1-425e-4c78-b09d-f26acbd803b4/elements [39m[32m200[39m [90m101 ms - 124[39m
[35m[HTTP][39m [90m[39m
[35m[HTTP][39m [37m-->[39m [37mGET[39m [37m/wd/hub/session/304807c1-425e-4c78-b09d-f26acbd803b4[39m
[35m[HTTP][39m [90m{}[39m
[35m[HTTP][39m [37m<-- GET /wd/hub/session/304807c1-425e-4c78-b09d-f26acbd803b4 [39m[32m200[39m [90m26 ms - 1133[39m
[35m[HTTP][39m [90m[39m
[35m[HTTP][39m [37m-->[39m [37mGET[39m [37m/wd/hub/session/304807c1-425e-4c78-b09d-f26acbd803b4[39m
[35m[HTTP][39m [90m{}[39m
[35m[HTTP][39m [37m<-- GET /wd/hub/session/304807c1-425e-4c78-b09d-f26acbd803b4 [39m[32m200[39m [90m19 ms - 1133[39m
[35m[HTTP][39m [90m[39m
[35m[HTTP][39m [37m-->[39m [37mGET[39m [37m/wd/hub/session/304807c1-425e-4c78-b09d-f26acbd803b4[39m
[35m[HTTP][39m [90m{}[39m
[35m[HTTP][39m [37m<-- GET /wd/hub/session/304807c1-425e-4c78-b09d-f26acbd803b4 [39m[32m200[39m [90m21 ms - 1133[39m
[35m[HTTP][39m [90m[39m
[35m[HTTP][39m [37m-->[39m [37mGET[39m [37m/wd/hub/session/304807c1-425e-4c78-b09d-f26acbd803b4[39m
[35m[HTTP][39m [90m{}[39m
[35m[HTTP][39m [37m<-- GET /wd/hub/session/304807c1-425e-4c78-b09d-f26acbd803b4 [39m[32m200[39m [90m28 ms - 1133[39m
[35m[HTTP][39m [90m[39m
[35m[HTTP][39m [37m-->[39m [37mGET[39m [37m/wd/hub/session/304807c1-425e-4c78-b09d-f26acbd803b4/element/42476803-574c-48c1-8981-0f677ff82cbc/location[39m
[35m[HTTP][39m [90m{}[39m
[35m[W3C][39m Driver proxy active, passing request on via HTTP proxy
[35m[JSONWP Proxy][39m Replacing sessionId 49ca7e46-838f-4a82-bcc1-17ab09059437 with 304807c1-425e-4c78-b09d-f26acbd803b4
[35m[HTTP][39m [37m<-- GET /wd/hub/session/304807c1-425e-4c78-b09d-f26acbd803b4/element/42476803-574c-48c1-8981-0f677ff82cbc/location [39m[32m200[39m [90m27 ms - 88[39m
[35m[HTTP][39m [90m[39m
[35m[HTTP][39m [37m-->[39m [37mPOST[39m [37m/wd/hub/session/304807c1-425e-4c78-b09d-f26acbd803b4/touch/perform[39m
[35m[HTTP][39m [90m{"actions":[{"action":"tap","options":{"element":"42476803-574c-48c1-8981-0f677ff82cbc","x":1,"y":1}}]}[39m
[35m[UiAutomator2][39m calling get location: 42476803-574c-48c1-8981-0f677ff82cbc
[35m[HTTP][39m [37m<-- POST /wd/hub/session/304807c1-425e-4c78-b09d-f26acbd803b4/touch/perform [39m[32m200[39m [90m59 ms - 76[39m
[35m[HTTP][39m [90m[39m
[35m[HTTP][39m [37m-->[39m [37mGET[39m [37m/wd/hub/session/304807c1-425e-4c78-b09d-f26acbd803b4/source[39m
[35m[HTTP][39m [90m{}[39m
[35m[W3C][39m Driver proxy active, passing request on via HTTP proxy
[35m[JSONWP Proxy][39m Replacing sessionId 49ca7e46-838f-4a82-bcc1-17ab09059437 with 304807c1-425e-4c78-b09d-f26acbd803b4
[35m[HTTP][39m [37m<-- GET /wd/hub/session/304807c1-425e-4c78-b09d-f26acbd803b4/source [39m[32m200[39m [90m334 ms - 29305[39m
[35m[HTTP][39m [90m[39m
[35m[HTTP][39m [37m-->[39m [37mGET[39m [37m/wd/hub/session/304807c1-425e-4c78-b09d-f26acbd803b4/screenshot[39m
[35m[HTTP][39m [90m{}[39m
[35m[HTTP][39m [37m<-- GET /wd/hub/session/304807c1-425e-4c78-b09d-f26acbd803b4/screenshot [39m[32m200[39m [90m769 ms - 163178[39m
[35m[HTTP][39m [90m[39m
[35m[HTTP][39m [37m-->[39m [37mGET[39m [37m/wd/hub/session/304807c1-425e-4c78-b09d-f26acbd803b4/window/current/size[39m
[35m[HTTP][39m [90m{}[39m
[35m[W3C][39m Driver proxy active, passing request on via HTTP proxy
[35m[JSONWP Proxy][39m Replacing sessionId 49ca7e46-838f-4a82-bcc1-17ab09059437 with 304807c1-425e-4c78-b09d-f26acbd803b4
[35m[HTTP][39m [37m<-- GET /wd/hub/session/304807c1-425e-4c78-b09d-f26acbd803b4/window/current/size [39m[32m200[39m [90m38 ms - 100[39m
[35m[HTTP][39m [90m[39m
[35m[HTTP][39m [37m-->[39m [37mPOST[39m [37m/wd/hub/session/304807c1-425e-4c78-b09d-f26acbd803b4/elements[39m
[35m[HTTP][39m [90m{"using":"xpath","value":"//hierarchy/android.widget.FrameLayout[1]/android.widget.LinearLayout[1]/android.widget.FrameLayout[1]/android.widget.FrameLayout[1]/android.widget.FrameLayout[1]/android.widget.RelativeLayout[1]/android.widget.RelativeLayout[1]/android.widget.HorizontalScrollView[1]/android.widget.LinearLayout[1]/android.widget.ImageButton[4]"}[39m
[35m[HTTP][39m [37m<-- POST /wd/hub/session/304807c1-425e-4c78-b09d-f26acbd803b4/elements [39m[32m200[39m [90m136 ms - 124[39m
[35m[HTTP][39m [90m[39m
[35m[HTTP][39m [37m-->[39m [37mGET[39m [37m/wd/hub/session/304807c1-425e-4c78-b09d-f26acbd803b4[39m
[35m[HTTP][39m [90m{}[39m
[35m[HTTP][39m [37m<-- GET /wd/hub/session/304807c1-425e-4c78-b09d-f26acbd803b4 [39m[32m200[39m [90m41 ms - 1133[39m
[35m[HTTP][39m [90m[39m
[35m[HTTP][39m [37m-->[39m [37mGET[39m [37m/wd/hub/session/304807c1-425e-4c78-b09d-f26acbd803b4[39m
[35m[HTTP][39m [90m{}[39m
[35m[HTTP][39m [37m<-- GET /wd/hub/session/304807c1-425e-4c78-b09d-f26acbd803b4 [39m[32m200[39m [90m27 ms - 1133[39m
[35m[HTTP][39m [90m[39m
[35m[HTTP][39m [37m-->[39m [37mGET[39m [37m/wd/hub/session/304807c1-425e-4c78-b09d-f26acbd803b4[39m
[35m[HTTP][39m [90m{}[39m
[35m[HTTP][39m [37m<-- GET /wd/hub/session/304807c1-425e-4c78-b09d-f26acbd803b4 [39m[32m200[39m [90m23 ms - 1133[39m
[35m[HTTP][39m [90m[39m
[35m[HTTP][39m [37m-->[39m [37mGET[39m [37m/wd/hub/session/304807c1-425e-4c78-b09d-f26acbd803b4[39m
[35m[HTTP][39m [90m{}[39m
[35m[HTTP][39m [37m<-- GET /wd/hub/session/304807c1-425e-4c78-b09d-f26acbd803b4 [39m[32m200[39m [90m19 ms - 1133[39m
[35m[HTTP][39m [90m[39m
[35m[HTTP][39m [37m-->[39m [37mGET[39m [37m/wd/hub/session/304807c1-425e-4c78-b09d-f26acbd803b4/element/cf127c4e-c654-4ed3-87d9-31fa2edae6e5/location[39m
[35m[HTTP][39m [90m{}[39m
[35m[W3C][39m Driver proxy active, passing request on via HTTP proxy
[35m[JSONWP Proxy][39m Replacing sessionId 49ca7e46-838f-4a82-bcc1-17ab09059437 with 304807c1-425e-4c78-b09d-f26acbd803b4
[35m[HTTP][39m [37m<-- GET /wd/hub/session/304807c1-425e-4c78-b09d-f26acbd803b4/element/cf127c4e-c654-4ed3-87d9-31fa2edae6e5/location [39m[32m200[39m [90m26 ms - 89[39m
[35m[HTTP][39m [90m[39m
[35m[HTTP][39m [37m-->[39m [37mPOST[39m [37m/wd/hub/session/304807c1-425e-4c78-b09d-f26acbd803b4/touch/perform[39m
[35m[HTTP][39m [90m{"actions":[{"action":"tap","options":{"element":"cf127c4e-c654-4ed3-87d9-31fa2edae6e5","x":1,"y":1}}]}[39m
[35m[UiAutomator2][39m calling get location: cf127c4e-c654-4ed3-87d9-31fa2edae6e5
[35m[HTTP][39m [37m<-- POST /wd/hub/session/304807c1-425e-4c78-b09d-f26acbd803b4/touch/perform [39m[32m200[39m [90m75 ms - 76[39m
[35m[HTTP][39m [90m[39m
[35m[HTTP][39m [37m-->[39m [37mGET[39m [37m/wd/hub/session/304807c1-425e-4c78-b09d-f26acbd803b4/source[39m
[35m[HTTP][39m [90m{}[39m
[35m[W3C][39m Driver proxy active, passing request on via HTTP proxy
[35m[JSONWP Proxy][39m Replacing sessionId 49ca7e46-838f-4a82-bcc1-17ab09059437 with 304807c1-425e-4c78-b09d-f26acbd803b4
[35m[HTTP][39m [37m<-- GET /wd/hub/session/304807c1-425e-4c78-b09d-f26acbd803b4/source [39m[32m200[39m [90m368 ms - 23953[39m
[35m[HTTP][39m [90m[39m
[35m[HTTP][39m [37m-->[39m [37mGET[39m [37m/wd/hub/session/304807c1-425e-4c78-b09d-f26acbd803b4/screenshot[39m
[35m[HTTP][39m [90m{}[39m
[35m[HTTP][39m [37m<-- GET /wd/hub/session/304807c1-425e-4c78-b09d-f26acbd803b4/screenshot [39m[32m200[39m [90m1032 ms - 165148[39m
[35m[HTTP][39m [90m[39m
[35m[HTTP][39m [37m-->[39m [37mGET[39m [37m/wd/hub/session/304807c1-425e-4c78-b09d-f26acbd803b4/context[39m
[35m[HTTP][39m [90m{}[39m
[35m[HTTP][39m [37m<-- GET /wd/hub/session/304807c1-425e-4c78-b09d-f26acbd803b4/context [39m[32m200[39m [90m2 ms - 84[39m
[35m[HTTP][39m [90m[39m
[35m[HTTP][39m [37m-->[39m [37mGET[39m [37m/wd/hub/session/304807c1-425e-4c78-b09d-f26acbd803b4/contexts[39m
[35m[HTTP][39m [90m{}[39m
[35m[HTTP][39m [37m<-- GET /wd/hub/session/304807c1-425e-4c78-b09d-f26acbd803b4/contexts [39m[32m200[39m [90m168 ms - 147[39m
[35m[HTTP][39m [90m[39m
[35m[HTTP][39m [37m-->[39m [37mPOST[39m [37m/wd/hub/session/304807c1-425e-4c78-b09d-f26acbd803b4/context[39m
[35m[HTTP][39m [90m{"name":"NATIVE_APP"}[39m
[35m[HTTP][39m [37m<-- POST /wd/hub/session/304807c1-425e-4c78-b09d-f26acbd803b4/context [39m[32m200[39m [90m168 ms - 76[39m
[35m[HTTP][39m [90m[39m
[35m[HTTP][39m [37m-->[39m [37mPOST[39m [37m/wd/hub/session/304807c1-425e-4c78-b09d-f26acbd803b4/appium/device/press_keycode[39m
[35m[HTTP][39m [90m{"keycode":4}[39m
[35m[HTTP][39m [37m<-- POST /wd/hub/session/304807c1-425e-4c78-b09d-f26acbd803b4/appium/device/press_keycode [39m[32m200[39m [90m182 ms - 76[39m
[35m[HTTP][39m [90m[39m
[35m[HTTP][39m [37m-->[39m [37mPOST[39m [37m/wd/hub/session/304807c1-425e-4c78-b09d-f26acbd803b4/context[39m
[35m[HTTP][39m [90m{"name":"NATIVE_APP"}[39m
[35m[HTTP][39m [37m<-- POST /wd/hub/session/304807c1-425e-4c78-b09d-f26acbd803b4/context [39m[32m200[39m [90m152 ms - 76[39m
[35m[HTTP][39m [90m[39m
[35m[HTTP][39m [37m-->[39m [37mGET[39m [37m/wd/hub/session/304807c1-425e-4c78-b09d-f26acbd803b4/source[39m
[35m[HTTP][39m [90m{}[39m
[35m[W3C][39m Driver proxy active, passing request on via HTTP proxy
[35m[JSONWP Proxy][39m Replacing sessionId 49ca7e46-838f-4a82-bcc1-17ab09059437 with 304807c1-425e-4c78-b09d-f26acbd803b4
[35m[HTTP][39m [37m<-- GET /wd/hub/session/304807c1-425e-4c78-b09d-f26acbd803b4/source [39m[32m200[39m [90m84 ms - 6938[39m
[35m[HTTP][39m [90m[39m
[35m[HTTP][39m [37m-->[39m [37mGET[39m [37m/wd/hub/session/304807c1-425e-4c78-b09d-f26acbd803b4/screenshot[39m
[35m[HTTP][39m [90m{}[39m
[35m[HTTP][39m [37m<-- GET /wd/hub/session/304807c1-425e-4c78-b09d-f26acbd803b4/screenshot [39m[32m200[39m [90m841 ms - 150246[39m
[35m[HTTP][39m [90m[39m
[35m[HTTP][39m [37m-->[39m [37mGET[39m [37m/wd/hub/session/304807c1-425e-4c78-b09d-f26acbd803b4/window/current/size[39m
[35m[HTTP][39m [90m{}[39m
[35m[W3C][39m Driver proxy active, passing request on via HTTP proxy
[35m[JSONWP Proxy][39m Replacing sessionId 49ca7e46-838f-4a82-bcc1-17ab09059437 with 304807c1-425e-4c78-b09d-f26acbd803b4
[35m[HTTP][39m [37m<-- GET /wd/hub/session/304807c1-425e-4c78-b09d-f26acbd803b4/window/current/size [39m[32m200[39m [90m21 ms - 100[39m
[35m[HTTP][39m [90m[39m
[35m[HTTP][39m [37m-->[39m [37mPOST[39m [37m/wd/hub/session/304807c1-425e-4c78-b09d-f26acbd803b4/elements[39m
[35m[HTTP][39m [90m{"using":"xpath","value":"//hierarchy/android.widget.FrameLayout[1]/android.widget.LinearLayout[1]/android.widget.FrameLayout[1]/android.widget.FrameLayout[1]/android.widget.FrameLayout[1]/android.support.v7.widget.LinearLayoutCompat[1]/android.widget.ScrollView[1]/android.widget.LinearLayout[1]/android.widget.Button[2]"}[39m
[35m[HTTP][39m [37m<-- POST /wd/hub/session/304807c1-425e-4c78-b09d-f26acbd803b4/elements [39m[32m200[39m [90m60 ms - 124[39m
[35m[HTTP][39m [90m[39m
[35m[HTTP][39m [37m-->[39m [37mGET[39m [37m/wd/hub/session/304807c1-425e-4c78-b09d-f26acbd803b4[39m
[35m[HTTP][39m [90m{}[39m
[35m[HTTP][39m [37m<-- GET /wd/hub/session/304807c1-425e-4c78-b09d-f26acbd803b4 [39m[32m200[39m [90m25 ms - 1133[39m
[35m[HTTP][39m [90m[39m
[35m[HTTP][39m [37m-->[39m [37mGET[39m [37m/wd/hub/session/304807c1-425e-4c78-b09d-f26acbd803b4[39m
[35m[HTTP][39m [90m{}[39m
[35m[HTTP][39m [37m<-- GET /wd/hub/session/304807c1-425e-4c78-b09d-f26acbd803b4 [39m[32m200[39m [90m28 ms - 1133[39m
[35m[HTTP][39m [90m[39m
[35m[HTTP][39m [37m-->[39m [37mGET[39m [37m/wd/hub/session/304807c1-425e-4c78-b09d-f26acbd803b4[39m
[35m[HTTP][39m [90m{}[39m
[35m[HTTP][39m [37m<-- GET /wd/hub/session/304807c1-425e-4c78-b09d-f26acbd803b4 [39m[32m200[39m [90m18 ms - 1133[39m
[35m[HTTP][39m [90m[39m
[35m[HTTP][39m [37m-->[39m [37mGET[39m [37m/wd/hub/session/304807c1-425e-4c78-b09d-f26acbd803b4[39m
[35m[HTTP][39m [90m{}[39m
[35m[HTTP][39m [37m<-- GET /wd/hub/session/304807c1-425e-4c78-b09d-f26acbd803b4 [39m[32m200[39m [90m19 ms - 1133[39m
[35m[HTTP][39m [90m[39m
[35m[HTTP][39m [37m-->[39m [37mGET[39m [37m/wd/hub/session/304807c1-425e-4c78-b09d-f26acbd803b4/element/4e79e666-8b03-42e4-ba70-e6bd4f19d890/location[39m
[35m[HTTP][39m [90m{}[39m
[35m[W3C][39m Driver proxy active, passing request on via HTTP proxy
[35m[JSONWP Proxy][39m Replacing sessionId 49ca7e46-838f-4a82-bcc1-17ab09059437 with 304807c1-425e-4c78-b09d-f26acbd803b4
[35m[HTTP][39m [37m<-- GET /wd/hub/session/304807c1-425e-4c78-b09d-f26acbd803b4/element/4e79e666-8b03-42e4-ba70-e6bd4f19d890/location [39m[32m200[39m [90m24 ms - 91[39m
[35m[HTTP][39m [90m[39m
[35m[HTTP][39m [37m-->[39m [37mPOST[39m [37m/wd/hub/session/304807c1-425e-4c78-b09d-f26acbd803b4/touch/perform[39m
[35m[HTTP][39m [90m{"actions":[{"action":"tap","options":{"element":"4e79e666-8b03-42e4-ba70-e6bd4f19d890","x":1,"y":1}}]}[39m
[35m[UiAutomator2][39m calling get location: 4e79e666-8b03-42e4-ba70-e6bd4f19d890
[35m[HTTP][39m [37m<-- POST /wd/hub/session/304807c1-425e-4c78-b09d-f26acbd803b4/touch/perform [39m[32m200[39m [90m63 ms - 76[39m
[35m[HTTP][39m [90m[39m
[35m[HTTP][39m [37m-->[39m [37mGET[39m [37m/wd/hub/session/304807c1-425e-4c78-b09d-f26acbd803b4/source[39m
[35m[HTTP][39m [90m{}[39m
[35m[W3C][39m Driver proxy active, passing request on via HTTP proxy
[35m[JSONWP Proxy][39m Replacing sessionId 49ca7e46-838f-4a82-bcc1-17ab09059437 with 304807c1-425e-4c78-b09d-f26acbd803b4
[35m[HTTP][39m [37m<-- GET /wd/hub/session/304807c1-425e-4c78-b09d-f26acbd803b4/source [39m[32m200[39m [90m979 ms - 11492[39m
[35m[HTTP][39m [90m[39m
[35m[HTTP][39m [37m-->[39m [37mGET[39m [37m/wd/hub/session/304807c1-425e-4c78-b09d-f26acbd803b4/screenshot[39m
[35m[HTTP][39m [90m{}[39m
[35m[HTTP][39m [37m<-- GET /wd/hub/session/304807c1-425e-4c78-b09d-f26acbd803b4/screenshot [39m[32m200[39m [90m2261 ms - 1784062[39m
[35m[HTTP][39m [90m[39m
[35m[HTTP][39m [37m-->[39m [37mDELETE[39m [37m/wd/hub/session/304807c1-425e-4c78-b09d-f26acbd803b4[39m
[35m[HTTP][39m [90m{}[39m
[35m[Appium][39m Removing session 304807c1-425e-4c78-b09d-f26acbd803b4 from our master session list
[35m[HTTP][39m [37m<-- DELETE /wd/hub/session/304807c1-425e-4c78-b09d-f26acbd803b4 [39m[32m200[39m [90m1792 ms - 76[39m
[35m[HTTP][39m [90m[39m
