[35m[Appium][39m Welcome to Appium v1.8.1
[35m[Appium][39m Non-default server args:
[35m[Appium][39m   port: 57118
[35m[Appium][39m   loglevel: info
[35m[Appium][39m   chromeDriverPort: 57120
[35m[Appium][39m   tmpDir: C:\Users\Agato\AppData\Local\Temp\\Katalon\Appium\Temp1537340891734
[35m[Appium][39m Appium REST http interface listener started on 0.0.0.0:57118
[35m[HTTP][39m [37m-->[39m [37mGET[39m [37m/wd/hub/status[39m
[35m[HTTP][39m [90m{}[39m
[35m[HTTP][39m [37m<-- GET /wd/hub/status [39m[32m200[39m [90m7 ms - 83[39m
[35m[HTTP][39m [90m[39m
[35m[HTTP][39m [37m-->[39m [37mPOST[39m [37m/wd/hub/session[39m
[35m[HTTP][39m [90m{"desiredCapabilities":{"app":"C:\\temp\\app-development-debug.apk","autoGrantPermissions":true,"automationName":"uiautomator2","deviceName":"samsung SM-G920F (Android 7.0)","fullReset":true,"newCommandTimeout":1800,"noReset":false,"platform":"ANDROID","platformName":"Android","udid":"10160a0973263f03"},"capabilities":{"desiredCapabilities":{"app":"C:\\temp\\app-development-debug.apk","autoGrantPermissions":true,"automationName":"uiautomator2","deviceName":"samsung SM-G920F (Android 7.0)","fullReset":true,"newCommandTimeout":1800,"noReset":false,"platform":"ANDROID","platformName":"Android","udid":"10160a0973263f03"},"firstMatch":[{"platformName":"android"}]}}[39m
[35m[Appium][39m Could not parse W3C capabilities: 'deviceName' can't be blank. Falling back to JSONWP protocol.
[35m[Appium][39m The following capabilities were provided in the JSONWP desired capabilities that are missing in W3C capabilities: ["app","autoGrantPermissions","automationName","deviceName","fullReset","newCommandTimeout","noReset","platform","platformName","udid"]. Falling back to JSONWP protocol.
[35m[Appium][39m Creating new AndroidUiautomator2Driver (v1.12.0) session
[35m[Appium][39m Capabilities:
[35m[Appium][39m   app: C:\temp\app-development-debug.apk
[35m[Appium][39m   autoGrantPermissions: true
[35m[Appium][39m   automationName: uiautomator2
[35m[Appium][39m   deviceName: samsung SM-G920F (Android 7.0)
[35m[Appium][39m   fullReset: true
[35m[Appium][39m   newCommandTimeout: 1800
[35m[Appium][39m   noReset: false
[35m[Appium][39m   platform: ANDROID
[35m[Appium][39m   platformName: Android
[35m[Appium][39m   udid: 10160a0973263f03
[35m[BaseDriver][39m The following capabilities were provided, but are not recognized by appium: platform.
[35m[BaseDriver][39m Session created with session id: e3ff0d8a-acc2-4f15-b6bb-c6903a6bcc7b
[35m[BaseDriver][39m Using local app 'C:\temp\app-development-debug.apk'
[35m[AndroidDriver][39m Java version is: 1.8.0_102
[35m[ADB][39m Checking whether adb is present
[35m[ADB][39m Found 1 'build-tools' folders under 'C:\Users\Agato\.katalon\tools\android_sdk' (newest first):
[35m[ADB][39m     C:/Users/Agato/.katalon/tools/android_sdk/build-tools/28.0.1
[35m[ADB][39m Using adb.exe from C:\Users\Agato\.katalon\tools\android_sdk\platform-tools\adb.exe
[35m[AndroidDriver][39m Retrieving device list
[35m[AndroidDriver][39m Using device: 10160a0973263f03
[35m[ADB][39m Using the alternative activity name detection method because of: Could not find apkanalyzer.bat in C:\Users\Agato\.katalon\tools\android_sdk\platform-tools\apkanalyzer.bat,C:\Users\Agato\.katalon\tools\android_sdk\emulator\apkanalyzer.bat,C:\Users\Agato\.katalon\tools\android_sdk\tools\apkanalyzer.bat,C:\Users\Agato\.katalon\tools\android_sdk\tools\bin\apkanalyzer.bat,C:\Users\Agato\.katalon\tools\android_sdk\build-tools\28.0.1\apkanalyzer.bat. Do you have the Android SDK installed at 'C:\Users\Agato\.katalon\tools\android_sdk'?
[35m[ADB][39m Checking whether aapt is present
[35m[ADB][39m Using aapt.exe from C:\Users\Agato\.katalon\tools\android_sdk\build-tools\28.0.1\aapt.exe
[35m[ADB][39m Extracting package and launch activity from manifest
[35m[ADB][39m Package name: 'com.abaxis.vetscan_vue.dev'
[35m[ADB][39m Main activity name: 'com.abaxis.vetscanvue.presentation.screens.activities.splash.SplashActivity'
[35m[ADB][39m Getting device platform version
[35m[ADB][39m Using apksigner.bat from C:\Users\Agato\.katalon\tools\android_sdk\build-tools\28.0.1\apksigner.bat
[35m[ADB][39m Checking whether zipalign is present
[35m[ADB][39m Using zipalign.exe from C:\Users\Agato\.katalon\tools\android_sdk\build-tools\28.0.1\zipalign.exe
[35m[ADB][39m io.appium.uiautomator2.server was successfully uninstalled
[35m[ADB][39m io.appium.uiautomator2.server.test was successfully uninstalled
[35m[AndroidDriver][39m setDeviceLanguageCountry requires language or country.
[35m[AndroidDriver][39m Got language: 'null' and country: 'null'
[35m[ADB][39m Successfully extracted 667 strings from 'C:\temp\app-development-debug.apk' resources for '(default)' configuration
[35m[ADB][39m com.abaxis.vetscan_vue.dev was not uninstalled, because it was not present on the device
[35m[UiAutomator2][39m Starting uiautomator2 server 1.12.0
[35m[UiAutomator2][39m Using UIAutomator2 server from 'C:\Users\Agato\AppData\Roaming\npm\node_modules\appium\node_modules\appium-uiautomator2-server\apks\appium-uiautomator2-server-v1.12.0.apk' and test from 'C:\Users\Agato\AppData\Roaming\npm\node_modules\appium\node_modules\appium-uiautomator2-server\apks\appium-uiautomator2-server-debug-androidTest.apk'
[35m[UiAutomator2][39m Running command: 'adb -s 10160a0973263f03 shell am instrument -w io.appium.uiautomator2.server.test/android.support.test.runner.AndroidJUnitRunner'
[35m[UiAutomator2][39m Waiting up to 20000ms for UiAutomator2 to be online...
[35m[AndroidDriver][39m Screen already unlocked, doing nothing
[35m[UiAutomator2][39m UiAutomator2 did not start the activity we were waiting for, 'com.abaxis.vetscan_vue.dev/com.abaxis.vetscanvue.presentation.screens.activities.splash.SplashActivity'. Starting it ourselves
[35m[Appium][39m New AndroidUiautomator2Driver session created successfully, session e3ff0d8a-acc2-4f15-b6bb-c6903a6bcc7b added to master session list
[35m[HTTP][39m [37m<-- POST /wd/hub/session [39m[32m200[39m [90m55399 ms - 1133[39m
[35m[HTTP][39m [90m[39m
[35m[HTTP][39m [37m-->[39m [37mGET[39m [37m/wd/hub/status[39m
[35m[HTTP][39m [90m{}[39m
[35m[HTTP][39m [37m<-- GET /wd/hub/status [39m[32m200[39m [90m3 ms - 55[39m
[35m[HTTP][39m [90m[39m
[35m[HTTP][39m [37m-->[39m [37mPOST[39m [37m/wd/hub/session/e3ff0d8a-acc2-4f15-b6bb-c6903a6bcc7b/timeouts[39m
[35m[HTTP][39m [90m{"type":"implicit","ms":30000}[39m
[35m[HTTP][39m [37m<-- POST /wd/hub/session/e3ff0d8a-acc2-4f15-b6bb-c6903a6bcc7b/timeouts [39m[33m400[39m [90m11 ms - 5308[39m
[35m[HTTP][39m [90m[39m
[35m[HTTP][39m [37m-->[39m [37mGET[39m [37m/wd/hub/session/e3ff0d8a-acc2-4f15-b6bb-c6903a6bcc7b/window/current/size[39m
[35m[HTTP][39m [90m{}[39m
[35m[W3C][39m Driver proxy active, passing request on via HTTP proxy
[35m[JSONWP Proxy][39m Replacing sessionId 47eba71b-c918-4570-bf09-0b7bf0b6cee7 with e3ff0d8a-acc2-4f15-b6bb-c6903a6bcc7b
[35m[HTTP][39m [37m<-- GET /wd/hub/session/e3ff0d8a-acc2-4f15-b6bb-c6903a6bcc7b/window/current/size [39m[32m200[39m [90m24 ms - 100[39m
[35m[HTTP][39m [90m[39m
[35m[HTTP][39m [37m-->[39m [37mPOST[39m [37m/wd/hub/session/e3ff0d8a-acc2-4f15-b6bb-c6903a6bcc7b/elements[39m
[35m[HTTP][39m [90m{"using":"-android uiautomator","value":"new UiSelector().className(\"android.widget.ImageView\").resourceId(\"com.abaxis.vetscan_vue.dev:id/close_overview\").instance(1)"}[39m
[35m[HTTP][39m [37m<-- POST /wd/hub/session/e3ff0d8a-acc2-4f15-b6bb-c6903a6bcc7b/elements [39m[32m200[39m [90m180 ms - 74[39m
[35m[HTTP][39m [90m[39m
[35m[HTTP][39m [37m-->[39m [37mPOST[39m [37m/wd/hub/session/e3ff0d8a-acc2-4f15-b6bb-c6903a6bcc7b/elements[39m
[35m[HTTP][39m [90m{"using":"-android uiautomator","value":"new UiSelector().className(\"android.widget.ImageView\").resourceId(\"com.abaxis.vetscan_vue.dev:id/close_overview\").instance(1)"}[39m
[35m[HTTP][39m [37m<-- POST /wd/hub/session/e3ff0d8a-acc2-4f15-b6bb-c6903a6bcc7b/elements [39m[32m200[39m [90m1060 ms - 124[39m
[35m[HTTP][39m [90m[39m
[35m[HTTP][39m [37m-->[39m [37mGET[39m [37m/wd/hub/session/e3ff0d8a-acc2-4f15-b6bb-c6903a6bcc7b[39m
[35m[HTTP][39m [90m{}[39m
[35m[HTTP][39m [37m<-- GET /wd/hub/session/e3ff0d8a-acc2-4f15-b6bb-c6903a6bcc7b [39m[32m200[39m [90m25 ms - 1133[39m
[35m[HTTP][39m [90m[39m
[35m[HTTP][39m [37m-->[39m [37mGET[39m [37m/wd/hub/session/e3ff0d8a-acc2-4f15-b6bb-c6903a6bcc7b[39m
[35m[HTTP][39m [90m{}[39m
[35m[HTTP][39m [37m<-- GET /wd/hub/session/e3ff0d8a-acc2-4f15-b6bb-c6903a6bcc7b [39m[32m200[39m [90m24 ms - 1133[39m
[35m[HTTP][39m [90m[39m
[35m[HTTP][39m [37m-->[39m [37mGET[39m [37m/wd/hub/session/e3ff0d8a-acc2-4f15-b6bb-c6903a6bcc7b[39m
[35m[HTTP][39m [90m{}[39m
[35m[HTTP][39m [37m<-- GET /wd/hub/session/e3ff0d8a-acc2-4f15-b6bb-c6903a6bcc7b [39m[32m200[39m [90m54 ms - 1133[39m
[35m[HTTP][39m [90m[39m
[35m[HTTP][39m [37m-->[39m [37mGET[39m [37m/wd/hub/session/e3ff0d8a-acc2-4f15-b6bb-c6903a6bcc7b[39m
[35m[HTTP][39m [90m{}[39m
[35m[HTTP][39m [37m<-- GET /wd/hub/session/e3ff0d8a-acc2-4f15-b6bb-c6903a6bcc7b [39m[32m200[39m [90m13 ms - 1133[39m
[35m[HTTP][39m [90m[39m
[35m[HTTP][39m [37m-->[39m [37mGET[39m [37m/wd/hub/session/e3ff0d8a-acc2-4f15-b6bb-c6903a6bcc7b/element/7f604ee5-d040-4017-a74a-de3ef747acd9/location[39m
[35m[HTTP][39m [90m{}[39m
[35m[W3C][39m Driver proxy active, passing request on via HTTP proxy
[35m[JSONWP Proxy][39m Replacing sessionId 47eba71b-c918-4570-bf09-0b7bf0b6cee7 with e3ff0d8a-acc2-4f15-b6bb-c6903a6bcc7b
[35m[HTTP][39m [37m<-- GET /wd/hub/session/e3ff0d8a-acc2-4f15-b6bb-c6903a6bcc7b/element/7f604ee5-d040-4017-a74a-de3ef747acd9/location [39m[32m200[39m [90m52 ms - 90[39m
[35m[HTTP][39m [90m[39m
[35m[HTTP][39m [37m-->[39m [37mPOST[39m [37m/wd/hub/session/e3ff0d8a-acc2-4f15-b6bb-c6903a6bcc7b/touch/perform[39m
[35m[HTTP][39m [90m{"actions":[{"action":"tap","options":{"element":"7f604ee5-d040-4017-a74a-de3ef747acd9","x":1,"y":1}}]}[39m
[35m[UiAutomator2][39m calling get location: 7f604ee5-d040-4017-a74a-de3ef747acd9
[35m[HTTP][39m [37m<-- POST /wd/hub/session/e3ff0d8a-acc2-4f15-b6bb-c6903a6bcc7b/touch/perform [39m[32m200[39m [90m1262 ms - 76[39m
[35m[HTTP][39m [90m[39m
[35m[HTTP][39m [37m-->[39m [37mGET[39m [37m/wd/hub/session/e3ff0d8a-acc2-4f15-b6bb-c6903a6bcc7b/window/current/size[39m
[35m[HTTP][39m [90m{}[39m
[35m[W3C][39m Driver proxy active, passing request on via HTTP proxy
[35m[JSONWP Proxy][39m Replacing sessionId 47eba71b-c918-4570-bf09-0b7bf0b6cee7 with e3ff0d8a-acc2-4f15-b6bb-c6903a6bcc7b
[35m[HTTP][39m [37m<-- GET /wd/hub/session/e3ff0d8a-acc2-4f15-b6bb-c6903a6bcc7b/window/current/size [39m[32m200[39m [90m33 ms - 100[39m
[35m[HTTP][39m [90m[39m
[35m[HTTP][39m [37m-->[39m [37mPOST[39m [37m/wd/hub/session/e3ff0d8a-acc2-4f15-b6bb-c6903a6bcc7b/elements[39m
[35m[HTTP][39m [90m{"using":"-android uiautomator","value":"new UiSelector().className(\"android.widget.Button\").text(\"LOGIN\").resourceId(\"com.abaxis.vetscan_vue.dev:id/login_button\").instance(0)"}[39m
[35m[HTTP][39m [37m<-- POST /wd/hub/session/e3ff0d8a-acc2-4f15-b6bb-c6903a6bcc7b/elements [39m[32m200[39m [90m98 ms - 124[39m
[35m[HTTP][39m [90m[39m
[35m[HTTP][39m [37m-->[39m [37mGET[39m [37m/wd/hub/session/e3ff0d8a-acc2-4f15-b6bb-c6903a6bcc7b[39m
[35m[HTTP][39m [90m{}[39m
[35m[HTTP][39m [37m<-- GET /wd/hub/session/e3ff0d8a-acc2-4f15-b6bb-c6903a6bcc7b [39m[32m200[39m [90m16 ms - 1133[39m
[35m[HTTP][39m [90m[39m
[35m[HTTP][39m [37m-->[39m [37mGET[39m [37m/wd/hub/session/e3ff0d8a-acc2-4f15-b6bb-c6903a6bcc7b[39m
[35m[HTTP][39m [90m{}[39m
[35m[HTTP][39m [37m<-- GET /wd/hub/session/e3ff0d8a-acc2-4f15-b6bb-c6903a6bcc7b [39m[32m200[39m [90m15 ms - 1133[39m
[35m[HTTP][39m [90m[39m
[35m[HTTP][39m [37m-->[39m [37mGET[39m [37m/wd/hub/session/e3ff0d8a-acc2-4f15-b6bb-c6903a6bcc7b[39m
[35m[HTTP][39m [90m{}[39m
[35m[HTTP][39m [37m<-- GET /wd/hub/session/e3ff0d8a-acc2-4f15-b6bb-c6903a6bcc7b [39m[32m200[39m [90m17 ms - 1133[39m
[35m[HTTP][39m [90m[39m
[35m[HTTP][39m [37m-->[39m [37mGET[39m [37m/wd/hub/session/e3ff0d8a-acc2-4f15-b6bb-c6903a6bcc7b[39m
[35m[HTTP][39m [90m{}[39m
[35m[HTTP][39m [37m<-- GET /wd/hub/session/e3ff0d8a-acc2-4f15-b6bb-c6903a6bcc7b [39m[32m200[39m [90m18 ms - 1133[39m
[35m[HTTP][39m [90m[39m
[35m[HTTP][39m [37m-->[39m [37mGET[39m [37m/wd/hub/session/e3ff0d8a-acc2-4f15-b6bb-c6903a6bcc7b/element/0ed9f811-c241-4c32-93df-298c27d977d7/location[39m
[35m[HTTP][39m [90m{}[39m
[35m[W3C][39m Driver proxy active, passing request on via HTTP proxy
[35m[JSONWP Proxy][39m Replacing sessionId 47eba71b-c918-4570-bf09-0b7bf0b6cee7 with e3ff0d8a-acc2-4f15-b6bb-c6903a6bcc7b
[35m[HTTP][39m [37m<-- GET /wd/hub/session/e3ff0d8a-acc2-4f15-b6bb-c6903a6bcc7b/element/0ed9f811-c241-4c32-93df-298c27d977d7/location [39m[32m200[39m [90m46 ms - 88[39m
[35m[HTTP][39m [90m[39m
[35m[HTTP][39m [37m-->[39m [37mPOST[39m [37m/wd/hub/session/e3ff0d8a-acc2-4f15-b6bb-c6903a6bcc7b/touch/perform[39m
[35m[HTTP][39m [90m{"actions":[{"action":"tap","options":{"element":"0ed9f811-c241-4c32-93df-298c27d977d7","x":1,"y":1}}]}[39m
[35m[UiAutomator2][39m calling get location: 0ed9f811-c241-4c32-93df-298c27d977d7
[35m[HTTP][39m [37m<-- POST /wd/hub/session/e3ff0d8a-acc2-4f15-b6bb-c6903a6bcc7b/touch/perform [39m[32m200[39m [90m2354 ms - 76[39m
[35m[HTTP][39m [90m[39m
[35m[HTTP][39m [37m-->[39m [37mGET[39m [37m/wd/hub/session/e3ff0d8a-acc2-4f15-b6bb-c6903a6bcc7b/window/current/size[39m
[35m[HTTP][39m [90m{}[39m
[35m[W3C][39m Driver proxy active, passing request on via HTTP proxy
[35m[JSONWP Proxy][39m Replacing sessionId 47eba71b-c918-4570-bf09-0b7bf0b6cee7 with e3ff0d8a-acc2-4f15-b6bb-c6903a6bcc7b
[35m[HTTP][39m [37m<-- GET /wd/hub/session/e3ff0d8a-acc2-4f15-b6bb-c6903a6bcc7b/window/current/size [39m[32m200[39m [90m27 ms - 100[39m
[35m[HTTP][39m [90m[39m
[35m[HTTP][39m [37m-->[39m [37mPOST[39m [37m/wd/hub/session/e3ff0d8a-acc2-4f15-b6bb-c6903a6bcc7b/elements[39m
[35m[HTTP][39m [90m{"using":"-android uiautomator","value":"new UiSelector().className(\"android.widget.ImageView\").resourceId(\"com.abaxis.vetscan_vue.dev:id/text_skip\").instance(1)"}[39m
[35m[HTTP][39m [37m<-- POST /wd/hub/session/e3ff0d8a-acc2-4f15-b6bb-c6903a6bcc7b/elements [39m[32m200[39m [90m83 ms - 124[39m
[35m[HTTP][39m [90m[39m
[35m[HTTP][39m [37m-->[39m [37mGET[39m [37m/wd/hub/session/e3ff0d8a-acc2-4f15-b6bb-c6903a6bcc7b[39m
[35m[HTTP][39m [90m{}[39m
[35m[HTTP][39m [37m<-- GET /wd/hub/session/e3ff0d8a-acc2-4f15-b6bb-c6903a6bcc7b [39m[32m200[39m [90m18 ms - 1133[39m
[35m[HTTP][39m [90m[39m
[35m[HTTP][39m [37m-->[39m [37mGET[39m [37m/wd/hub/session/e3ff0d8a-acc2-4f15-b6bb-c6903a6bcc7b[39m
[35m[HTTP][39m [90m{}[39m
[35m[HTTP][39m [37m<-- GET /wd/hub/session/e3ff0d8a-acc2-4f15-b6bb-c6903a6bcc7b [39m[32m200[39m [90m16 ms - 1133[39m
[35m[HTTP][39m [90m[39m
[35m[HTTP][39m [37m-->[39m [37mGET[39m [37m/wd/hub/session/e3ff0d8a-acc2-4f15-b6bb-c6903a6bcc7b[39m
[35m[HTTP][39m [90m{}[39m
[35m[HTTP][39m [37m<-- GET /wd/hub/session/e3ff0d8a-acc2-4f15-b6bb-c6903a6bcc7b [39m[32m200[39m [90m17 ms - 1133[39m
[35m[HTTP][39m [90m[39m
[35m[HTTP][39m [37m-->[39m [37mGET[39m [37m/wd/hub/session/e3ff0d8a-acc2-4f15-b6bb-c6903a6bcc7b[39m
[35m[HTTP][39m [90m{}[39m
[35m[HTTP][39m [37m<-- GET /wd/hub/session/e3ff0d8a-acc2-4f15-b6bb-c6903a6bcc7b [39m[32m200[39m [90m19 ms - 1133[39m
[35m[HTTP][39m [90m[39m
[35m[HTTP][39m [37m-->[39m [37mGET[39m [37m/wd/hub/session/e3ff0d8a-acc2-4f15-b6bb-c6903a6bcc7b/element/48ac7867-728f-4289-b343-6f462903b200/location[39m
[35m[HTTP][39m [90m{}[39m
[35m[W3C][39m Driver proxy active, passing request on via HTTP proxy
[35m[JSONWP Proxy][39m Replacing sessionId 47eba71b-c918-4570-bf09-0b7bf0b6cee7 with e3ff0d8a-acc2-4f15-b6bb-c6903a6bcc7b
[35m[HTTP][39m [37m<-- GET /wd/hub/session/e3ff0d8a-acc2-4f15-b6bb-c6903a6bcc7b/element/48ac7867-728f-4289-b343-6f462903b200/location [39m[32m200[39m [90m33 ms - 89[39m
[35m[HTTP][39m [90m[39m
[35m[HTTP][39m [37m-->[39m [37mPOST[39m [37m/wd/hub/session/e3ff0d8a-acc2-4f15-b6bb-c6903a6bcc7b/touch/perform[39m
[35m[HTTP][39m [90m{"actions":[{"action":"tap","options":{"element":"48ac7867-728f-4289-b343-6f462903b200","x":1,"y":1}}]}[39m
[35m[UiAutomator2][39m calling get location: 48ac7867-728f-4289-b343-6f462903b200
[35m[HTTP][39m [37m<-- POST /wd/hub/session/e3ff0d8a-acc2-4f15-b6bb-c6903a6bcc7b/touch/perform [39m[32m200[39m [90m972 ms - 76[39m
[35m[HTTP][39m [90m[39m
[35m[HTTP][39m [37m-->[39m [37mGET[39m [37m/wd/hub/session/e3ff0d8a-acc2-4f15-b6bb-c6903a6bcc7b/window/current/size[39m
[35m[HTTP][39m [90m{}[39m
[35m[W3C][39m Driver proxy active, passing request on via HTTP proxy
[35m[JSONWP Proxy][39m Replacing sessionId 47eba71b-c918-4570-bf09-0b7bf0b6cee7 with e3ff0d8a-acc2-4f15-b6bb-c6903a6bcc7b
[35m[HTTP][39m [37m<-- GET /wd/hub/session/e3ff0d8a-acc2-4f15-b6bb-c6903a6bcc7b/window/current/size [39m[32m200[39m [90m25 ms - 100[39m
[35m[HTTP][39m [90m[39m
[35m[HTTP][39m [37m-->[39m [37mPOST[39m [37m/wd/hub/session/e3ff0d8a-acc2-4f15-b6bb-c6903a6bcc7b/elements[39m
[35m[HTTP][39m [90m{"using":"-android uiautomator","value":"new UiSelector().className(\"android.widget.Button\").text(\"YES\").resourceId(\"android:id/button1\").instance(1)"}[39m
[35m[HTTP][39m [37m<-- POST /wd/hub/session/e3ff0d8a-acc2-4f15-b6bb-c6903a6bcc7b/elements [39m[32m200[39m [90m88 ms - 124[39m
[35m[HTTP][39m [90m[39m
[35m[HTTP][39m [37m-->[39m [37mGET[39m [37m/wd/hub/session/e3ff0d8a-acc2-4f15-b6bb-c6903a6bcc7b[39m
[35m[HTTP][39m [90m{}[39m
[35m[HTTP][39m [37m<-- GET /wd/hub/session/e3ff0d8a-acc2-4f15-b6bb-c6903a6bcc7b [39m[32m200[39m [90m17 ms - 1133[39m
[35m[HTTP][39m [90m[39m
[35m[HTTP][39m [37m-->[39m [37mGET[39m [37m/wd/hub/session/e3ff0d8a-acc2-4f15-b6bb-c6903a6bcc7b[39m
[35m[HTTP][39m [90m{}[39m
[35m[HTTP][39m [37m<-- GET /wd/hub/session/e3ff0d8a-acc2-4f15-b6bb-c6903a6bcc7b [39m[32m200[39m [90m16 ms - 1133[39m
[35m[HTTP][39m [90m[39m
[35m[HTTP][39m [37m-->[39m [37mGET[39m [37m/wd/hub/session/e3ff0d8a-acc2-4f15-b6bb-c6903a6bcc7b[39m
[35m[HTTP][39m [90m{}[39m
[35m[HTTP][39m [37m<-- GET /wd/hub/session/e3ff0d8a-acc2-4f15-b6bb-c6903a6bcc7b [39m[32m200[39m [90m14 ms - 1133[39m
[35m[HTTP][39m [90m[39m
[35m[HTTP][39m [37m-->[39m [37mGET[39m [37m/wd/hub/session/e3ff0d8a-acc2-4f15-b6bb-c6903a6bcc7b[39m
[35m[HTTP][39m [90m{}[39m
[35m[HTTP][39m [37m<-- GET /wd/hub/session/e3ff0d8a-acc2-4f15-b6bb-c6903a6bcc7b [39m[32m200[39m [90m15 ms - 1133[39m
[35m[HTTP][39m [90m[39m
[35m[HTTP][39m [37m-->[39m [37mGET[39m [37m/wd/hub/session/e3ff0d8a-acc2-4f15-b6bb-c6903a6bcc7b/element/c5fe4cfb-eb58-431f-9aa5-89a33a63ab2c/location[39m
[35m[HTTP][39m [90m{}[39m
[35m[W3C][39m Driver proxy active, passing request on via HTTP proxy
[35m[JSONWP Proxy][39m Replacing sessionId 47eba71b-c918-4570-bf09-0b7bf0b6cee7 with e3ff0d8a-acc2-4f15-b6bb-c6903a6bcc7b
[35m[HTTP][39m [37m<-- GET /wd/hub/session/e3ff0d8a-acc2-4f15-b6bb-c6903a6bcc7b/element/c5fe4cfb-eb58-431f-9aa5-89a33a63ab2c/location [39m[32m200[39m [90m36 ms - 91[39m
[35m[HTTP][39m [90m[39m
[35m[HTTP][39m [37m-->[39m [37mPOST[39m [37m/wd/hub/session/e3ff0d8a-acc2-4f15-b6bb-c6903a6bcc7b/touch/perform[39m
[35m[HTTP][39m [90m{"actions":[{"action":"tap","options":{"element":"c5fe4cfb-eb58-431f-9aa5-89a33a63ab2c","x":1,"y":1}}]}[39m
[35m[UiAutomator2][39m calling get location: c5fe4cfb-eb58-431f-9aa5-89a33a63ab2c
[35m[HTTP][39m [37m<-- POST /wd/hub/session/e3ff0d8a-acc2-4f15-b6bb-c6903a6bcc7b/touch/perform [39m[32m200[39m [90m2313 ms - 76[39m
[35m[HTTP][39m [90m[39m
[35m[HTTP][39m [37m-->[39m [37mGET[39m [37m/wd/hub/session/e3ff0d8a-acc2-4f15-b6bb-c6903a6bcc7b/window/current/size[39m
[35m[HTTP][39m [90m{}[39m
[35m[W3C][39m Driver proxy active, passing request on via HTTP proxy
[35m[JSONWP Proxy][39m Replacing sessionId 47eba71b-c918-4570-bf09-0b7bf0b6cee7 with e3ff0d8a-acc2-4f15-b6bb-c6903a6bcc7b
[35m[HTTP][39m [37m<-- GET /wd/hub/session/e3ff0d8a-acc2-4f15-b6bb-c6903a6bcc7b/window/current/size [39m[32m200[39m [90m34 ms - 100[39m
[35m[HTTP][39m [90m[39m
[35m[HTTP][39m [37m-->[39m [37mPOST[39m [37m/wd/hub/session/e3ff0d8a-acc2-4f15-b6bb-c6903a6bcc7b/elements[39m
[35m[HTTP][39m [90m{"using":"-android uiautomator","value":"new UiSelector().className(\"android.widget.Button\").text(\"OK\").resourceId(\"com.abaxis.vetscan_vue.dev:id/showcase_button\").instance(0)"}[39m
[35m[HTTP][39m [37m<-- POST /wd/hub/session/e3ff0d8a-acc2-4f15-b6bb-c6903a6bcc7b/elements [39m[32m200[39m [90m231 ms - 124[39m
[35m[HTTP][39m [90m[39m
[35m[HTTP][39m [37m-->[39m [37mGET[39m [37m/wd/hub/session/e3ff0d8a-acc2-4f15-b6bb-c6903a6bcc7b[39m
[35m[HTTP][39m [90m{}[39m
[35m[HTTP][39m [37m<-- GET /wd/hub/session/e3ff0d8a-acc2-4f15-b6bb-c6903a6bcc7b [39m[32m200[39m [90m24 ms - 1133[39m
[35m[HTTP][39m [90m[39m
[35m[HTTP][39m [37m-->[39m [37mGET[39m [37m/wd/hub/session/e3ff0d8a-acc2-4f15-b6bb-c6903a6bcc7b[39m
[35m[HTTP][39m [90m{}[39m
[35m[HTTP][39m [37m<-- GET /wd/hub/session/e3ff0d8a-acc2-4f15-b6bb-c6903a6bcc7b [39m[32m200[39m [90m22 ms - 1133[39m
[35m[HTTP][39m [90m[39m
[35m[HTTP][39m [37m-->[39m [37mGET[39m [37m/wd/hub/session/e3ff0d8a-acc2-4f15-b6bb-c6903a6bcc7b[39m
[35m[HTTP][39m [90m{}[39m
[35m[HTTP][39m [37m<-- GET /wd/hub/session/e3ff0d8a-acc2-4f15-b6bb-c6903a6bcc7b [39m[32m200[39m [90m20 ms - 1133[39m
[35m[HTTP][39m [90m[39m
[35m[HTTP][39m [37m-->[39m [37mGET[39m [37m/wd/hub/session/e3ff0d8a-acc2-4f15-b6bb-c6903a6bcc7b[39m
[35m[HTTP][39m [90m{}[39m
[35m[HTTP][39m [37m<-- GET /wd/hub/session/e3ff0d8a-acc2-4f15-b6bb-c6903a6bcc7b [39m[32m200[39m [90m14 ms - 1133[39m
[35m[HTTP][39m [90m[39m
[35m[HTTP][39m [37m-->[39m [37mGET[39m [37m/wd/hub/session/e3ff0d8a-acc2-4f15-b6bb-c6903a6bcc7b/element/d1301003-6cb1-41b2-ae6f-1b960f4a2da4/location[39m
[35m[HTTP][39m [90m{}[39m
[35m[W3C][39m Driver proxy active, passing request on via HTTP proxy
[35m[JSONWP Proxy][39m Replacing sessionId 47eba71b-c918-4570-bf09-0b7bf0b6cee7 with e3ff0d8a-acc2-4f15-b6bb-c6903a6bcc7b
[35m[HTTP][39m [37m<-- GET /wd/hub/session/e3ff0d8a-acc2-4f15-b6bb-c6903a6bcc7b/element/d1301003-6cb1-41b2-ae6f-1b960f4a2da4/location [39m[32m200[39m [90m56 ms - 90[39m
[35m[HTTP][39m [90m[39m
[35m[HTTP][39m [37m-->[39m [37mPOST[39m [37m/wd/hub/session/e3ff0d8a-acc2-4f15-b6bb-c6903a6bcc7b/touch/perform[39m
[35m[HTTP][39m [90m{"actions":[{"action":"tap","options":{"element":"d1301003-6cb1-41b2-ae6f-1b960f4a2da4","x":1,"y":1}}]}[39m
[35m[UiAutomator2][39m calling get location: d1301003-6cb1-41b2-ae6f-1b960f4a2da4
[35m[HTTP][39m [37m<-- POST /wd/hub/session/e3ff0d8a-acc2-4f15-b6bb-c6903a6bcc7b/touch/perform [39m[32m200[39m [90m832 ms - 76[39m
[35m[HTTP][39m [90m[39m
[35m[HTTP][39m [37m-->[39m [37mGET[39m [37m/wd/hub/session/e3ff0d8a-acc2-4f15-b6bb-c6903a6bcc7b/window/current/size[39m
[35m[HTTP][39m [90m{}[39m
[35m[W3C][39m Driver proxy active, passing request on via HTTP proxy
[35m[JSONWP Proxy][39m Replacing sessionId 47eba71b-c918-4570-bf09-0b7bf0b6cee7 with e3ff0d8a-acc2-4f15-b6bb-c6903a6bcc7b
[35m[HTTP][39m [37m<-- GET /wd/hub/session/e3ff0d8a-acc2-4f15-b6bb-c6903a6bcc7b/window/current/size [39m[32m200[39m [90m19 ms - 100[39m
[35m[HTTP][39m [90m[39m
[35m[HTTP][39m [37m-->[39m [37mPOST[39m [37m/wd/hub/session/e3ff0d8a-acc2-4f15-b6bb-c6903a6bcc7b/elements[39m
[35m[HTTP][39m [90m{"using":"xpath","value":"//hierarchy/android.widget.FrameLayout[1]/android.widget.LinearLayout[1]/android.widget.FrameLayout[1]/android.widget.FrameLayout[1]/android.widget.FrameLayout[1]/android.widget.RelativeLayout[1]/android.widget.RelativeLayout[1]/android.widget.HorizontalScrollView[1]/android.widget.LinearLayout[1]/android.widget.ImageButton[4]"}[39m
[35m[HTTP][39m [37m<-- POST /wd/hub/session/e3ff0d8a-acc2-4f15-b6bb-c6903a6bcc7b/elements [39m[32m200[39m [90m172 ms - 124[39m
[35m[HTTP][39m [90m[39m
[35m[HTTP][39m [37m-->[39m [37mGET[39m [37m/wd/hub/session/e3ff0d8a-acc2-4f15-b6bb-c6903a6bcc7b[39m
[35m[HTTP][39m [90m{}[39m
[35m[HTTP][39m [37m<-- GET /wd/hub/session/e3ff0d8a-acc2-4f15-b6bb-c6903a6bcc7b [39m[32m200[39m [90m18 ms - 1133[39m
[35m[HTTP][39m [90m[39m
[35m[HTTP][39m [37m-->[39m [37mGET[39m [37m/wd/hub/session/e3ff0d8a-acc2-4f15-b6bb-c6903a6bcc7b[39m
[35m[HTTP][39m [90m{}[39m
[35m[HTTP][39m [37m<-- GET /wd/hub/session/e3ff0d8a-acc2-4f15-b6bb-c6903a6bcc7b [39m[32m200[39m [90m15 ms - 1133[39m
[35m[HTTP][39m [90m[39m
[35m[HTTP][39m [37m-->[39m [37mGET[39m [37m/wd/hub/session/e3ff0d8a-acc2-4f15-b6bb-c6903a6bcc7b[39m
[35m[HTTP][39m [90m{}[39m
[35m[HTTP][39m [37m<-- GET /wd/hub/session/e3ff0d8a-acc2-4f15-b6bb-c6903a6bcc7b [39m[32m200[39m [90m17 ms - 1133[39m
[35m[HTTP][39m [90m[39m
[35m[HTTP][39m [37m-->[39m [37mGET[39m [37m/wd/hub/session/e3ff0d8a-acc2-4f15-b6bb-c6903a6bcc7b[39m
[35m[HTTP][39m [90m{}[39m
[35m[HTTP][39m [37m<-- GET /wd/hub/session/e3ff0d8a-acc2-4f15-b6bb-c6903a6bcc7b [39m[32m200[39m [90m15 ms - 1133[39m
[35m[HTTP][39m [90m[39m
[35m[HTTP][39m [37m-->[39m [37mGET[39m [37m/wd/hub/session/e3ff0d8a-acc2-4f15-b6bb-c6903a6bcc7b/element/76347d7c-7520-4205-a7a3-90a8e430e8db/location[39m
[35m[HTTP][39m [90m{}[39m
[35m[W3C][39m Driver proxy active, passing request on via HTTP proxy
[35m[JSONWP Proxy][39m Replacing sessionId 47eba71b-c918-4570-bf09-0b7bf0b6cee7 with e3ff0d8a-acc2-4f15-b6bb-c6903a6bcc7b
[35m[HTTP][39m [37m<-- GET /wd/hub/session/e3ff0d8a-acc2-4f15-b6bb-c6903a6bcc7b/element/76347d7c-7520-4205-a7a3-90a8e430e8db/location [39m[32m200[39m [90m33 ms - 89[39m
[35m[HTTP][39m [90m[39m
[35m[HTTP][39m [37m-->[39m [37mPOST[39m [37m/wd/hub/session/e3ff0d8a-acc2-4f15-b6bb-c6903a6bcc7b/touch/perform[39m
[35m[HTTP][39m [90m{"actions":[{"action":"tap","options":{"element":"76347d7c-7520-4205-a7a3-90a8e430e8db","x":1,"y":1}}]}[39m
[35m[UiAutomator2][39m calling get location: 76347d7c-7520-4205-a7a3-90a8e430e8db
[35m[HTTP][39m [37m<-- POST /wd/hub/session/e3ff0d8a-acc2-4f15-b6bb-c6903a6bcc7b/touch/perform [39m[32m200[39m [90m75 ms - 76[39m
[35m[HTTP][39m [90m[39m
[35m[HTTP][39m [37m-->[39m [37mGET[39m [37m/wd/hub/session/e3ff0d8a-acc2-4f15-b6bb-c6903a6bcc7b/window/current/size[39m
[35m[HTTP][39m [90m{}[39m
[35m[W3C][39m Driver proxy active, passing request on via HTTP proxy
[35m[JSONWP Proxy][39m Replacing sessionId 47eba71b-c918-4570-bf09-0b7bf0b6cee7 with e3ff0d8a-acc2-4f15-b6bb-c6903a6bcc7b
[35m[HTTP][39m [37m<-- GET /wd/hub/session/e3ff0d8a-acc2-4f15-b6bb-c6903a6bcc7b/window/current/size [39m[32m200[39m [90m20 ms - 100[39m
[35m[HTTP][39m [90m[39m
[35m[HTTP][39m [37m-->[39m [37mPOST[39m [37m/wd/hub/session/e3ff0d8a-acc2-4f15-b6bb-c6903a6bcc7b/elements[39m
[35m[HTTP][39m [90m{"using":"xpath","value":"//hierarchy/android.widget.FrameLayout[1]/android.widget.LinearLayout[1]/android.widget.FrameLayout[1]/android.widget.FrameLayout[1]/android.widget.FrameLayout[1]/android.widget.RelativeLayout[1]/android.widget.RelativeLayout[1]/android.widget.HorizontalScrollView[1]/android.widget.LinearLayout[1]/android.widget.ImageButton[4]"}[39m
[35m[HTTP][39m [37m<-- POST /wd/hub/session/e3ff0d8a-acc2-4f15-b6bb-c6903a6bcc7b/elements [39m[32m200[39m [90m973 ms - 124[39m
[35m[HTTP][39m [90m[39m
[35m[HTTP][39m [37m-->[39m [37mGET[39m [37m/wd/hub/session/e3ff0d8a-acc2-4f15-b6bb-c6903a6bcc7b[39m
[35m[HTTP][39m [90m{}[39m
[35m[HTTP][39m [37m<-- GET /wd/hub/session/e3ff0d8a-acc2-4f15-b6bb-c6903a6bcc7b [39m[32m200[39m [90m16 ms - 1133[39m
[35m[HTTP][39m [90m[39m
[35m[HTTP][39m [37m-->[39m [37mGET[39m [37m/wd/hub/session/e3ff0d8a-acc2-4f15-b6bb-c6903a6bcc7b[39m
[35m[HTTP][39m [90m{}[39m
[35m[HTTP][39m [37m<-- GET /wd/hub/session/e3ff0d8a-acc2-4f15-b6bb-c6903a6bcc7b [39m[32m200[39m [90m14 ms - 1133[39m
[35m[HTTP][39m [90m[39m
[35m[HTTP][39m [37m-->[39m [37mGET[39m [37m/wd/hub/session/e3ff0d8a-acc2-4f15-b6bb-c6903a6bcc7b[39m
[35m[HTTP][39m [90m{}[39m
[35m[HTTP][39m [37m<-- GET /wd/hub/session/e3ff0d8a-acc2-4f15-b6bb-c6903a6bcc7b [39m[32m200[39m [90m15 ms - 1133[39m
[35m[HTTP][39m [90m[39m
[35m[HTTP][39m [37m-->[39m [37mGET[39m [37m/wd/hub/session/e3ff0d8a-acc2-4f15-b6bb-c6903a6bcc7b[39m
[35m[HTTP][39m [90m{}[39m
[35m[HTTP][39m [37m<-- GET /wd/hub/session/e3ff0d8a-acc2-4f15-b6bb-c6903a6bcc7b [39m[32m200[39m [90m15 ms - 1133[39m
[35m[HTTP][39m [90m[39m
[35m[HTTP][39m [37m-->[39m [37mGET[39m [37m/wd/hub/session/e3ff0d8a-acc2-4f15-b6bb-c6903a6bcc7b/element/75df9996-48ff-4ac4-ab16-3e933e6dc208/location[39m
[35m[HTTP][39m [90m{}[39m
[35m[W3C][39m Driver proxy active, passing request on via HTTP proxy
[35m[JSONWP Proxy][39m Replacing sessionId 47eba71b-c918-4570-bf09-0b7bf0b6cee7 with e3ff0d8a-acc2-4f15-b6bb-c6903a6bcc7b
[35m[HTTP][39m [37m<-- GET /wd/hub/session/e3ff0d8a-acc2-4f15-b6bb-c6903a6bcc7b/element/75df9996-48ff-4ac4-ab16-3e933e6dc208/location [39m[32m200[39m [90m26 ms - 89[39m
[35m[HTTP][39m [90m[39m
[35m[HTTP][39m [37m-->[39m [37mPOST[39m [37m/wd/hub/session/e3ff0d8a-acc2-4f15-b6bb-c6903a6bcc7b/touch/perform[39m
[35m[HTTP][39m [90m{"actions":[{"action":"tap","options":{"element":"75df9996-48ff-4ac4-ab16-3e933e6dc208","x":1,"y":1}}]}[39m
[35m[UiAutomator2][39m calling get location: 75df9996-48ff-4ac4-ab16-3e933e6dc208
[35m[HTTP][39m [37m<-- POST /wd/hub/session/e3ff0d8a-acc2-4f15-b6bb-c6903a6bcc7b/touch/perform [39m[32m200[39m [90m72 ms - 76[39m
[35m[HTTP][39m [90m[39m
[35m[HTTP][39m [37m-->[39m [37mGET[39m [37m/wd/hub/session/e3ff0d8a-acc2-4f15-b6bb-c6903a6bcc7b/window/current/size[39m
[35m[HTTP][39m [90m{}[39m
[35m[W3C][39m Driver proxy active, passing request on via HTTP proxy
[35m[JSONWP Proxy][39m Replacing sessionId 47eba71b-c918-4570-bf09-0b7bf0b6cee7 with e3ff0d8a-acc2-4f15-b6bb-c6903a6bcc7b
[35m[HTTP][39m [37m<-- GET /wd/hub/session/e3ff0d8a-acc2-4f15-b6bb-c6903a6bcc7b/window/current/size [39m[32m200[39m [90m20 ms - 100[39m
[35m[HTTP][39m [90m[39m
[35m[HTTP][39m [37m-->[39m [37mPOST[39m [37m/wd/hub/session/e3ff0d8a-acc2-4f15-b6bb-c6903a6bcc7b/elements[39m
[35m[HTTP][39m [90m{"using":"-android uiautomator","value":"new UiSelector().className(\"android.widget.LinearLayout\").instance(8)"}[39m
[35m[HTTP][39m [37m<-- POST /wd/hub/session/e3ff0d8a-acc2-4f15-b6bb-c6903a6bcc7b/elements [39m[32m200[39m [90m997 ms - 124[39m
[35m[HTTP][39m [90m[39m
[35m[HTTP][39m [37m-->[39m [37mGET[39m [37m/wd/hub/session/e3ff0d8a-acc2-4f15-b6bb-c6903a6bcc7b[39m
[35m[HTTP][39m [90m{}[39m
[35m[HTTP][39m [37m<-- GET /wd/hub/session/e3ff0d8a-acc2-4f15-b6bb-c6903a6bcc7b [39m[32m200[39m [90m20 ms - 1133[39m
[35m[HTTP][39m [90m[39m
[35m[HTTP][39m [37m-->[39m [37mGET[39m [37m/wd/hub/session/e3ff0d8a-acc2-4f15-b6bb-c6903a6bcc7b[39m
[35m[HTTP][39m [90m{}[39m
[35m[HTTP][39m [37m<-- GET /wd/hub/session/e3ff0d8a-acc2-4f15-b6bb-c6903a6bcc7b [39m[32m200[39m [90m19 ms - 1133[39m
[35m[HTTP][39m [90m[39m
[35m[HTTP][39m [37m-->[39m [37mGET[39m [37m/wd/hub/session/e3ff0d8a-acc2-4f15-b6bb-c6903a6bcc7b[39m
[35m[HTTP][39m [90m{}[39m
[35m[HTTP][39m [37m<-- GET /wd/hub/session/e3ff0d8a-acc2-4f15-b6bb-c6903a6bcc7b [39m[32m200[39m [90m21 ms - 1133[39m
[35m[HTTP][39m [90m[39m
[35m[HTTP][39m [37m-->[39m [37mGET[39m [37m/wd/hub/session/e3ff0d8a-acc2-4f15-b6bb-c6903a6bcc7b[39m
[35m[HTTP][39m [90m{}[39m
[35m[HTTP][39m [37m<-- GET /wd/hub/session/e3ff0d8a-acc2-4f15-b6bb-c6903a6bcc7b [39m[32m200[39m [90m21 ms - 1133[39m
[35m[HTTP][39m [90m[39m
[35m[HTTP][39m [37m-->[39m [37mGET[39m [37m/wd/hub/session/e3ff0d8a-acc2-4f15-b6bb-c6903a6bcc7b/element/4b36567d-0c35-457f-bc3f-0586197f89f9/location[39m
[35m[HTTP][39m [90m{}[39m
[35m[W3C][39m Driver proxy active, passing request on via HTTP proxy
[35m[JSONWP Proxy][39m Replacing sessionId 47eba71b-c918-4570-bf09-0b7bf0b6cee7 with e3ff0d8a-acc2-4f15-b6bb-c6903a6bcc7b
[35m[HTTP][39m [37m<-- GET /wd/hub/session/e3ff0d8a-acc2-4f15-b6bb-c6903a6bcc7b/element/4b36567d-0c35-457f-bc3f-0586197f89f9/location [39m[32m200[39m [90m45 ms - 89[39m
[35m[HTTP][39m [90m[39m
[35m[HTTP][39m [37m-->[39m [37mPOST[39m [37m/wd/hub/session/e3ff0d8a-acc2-4f15-b6bb-c6903a6bcc7b/touch/perform[39m
[35m[HTTP][39m [90m{"actions":[{"action":"tap","options":{"element":"4b36567d-0c35-457f-bc3f-0586197f89f9","x":1,"y":1}}]}[39m
[35m[UiAutomator2][39m calling get location: 4b36567d-0c35-457f-bc3f-0586197f89f9
[35m[HTTP][39m [37m<-- POST /wd/hub/session/e3ff0d8a-acc2-4f15-b6bb-c6903a6bcc7b/touch/perform [39m[32m200[39m [90m1432 ms - 76[39m
[35m[HTTP][39m [90m[39m
[35m[HTTP][39m [37m-->[39m [37mGET[39m [37m/wd/hub/session/e3ff0d8a-acc2-4f15-b6bb-c6903a6bcc7b/window/current/size[39m
[35m[HTTP][39m [90m{}[39m
[35m[W3C][39m Driver proxy active, passing request on via HTTP proxy
[35m[JSONWP Proxy][39m Replacing sessionId 47eba71b-c918-4570-bf09-0b7bf0b6cee7 with e3ff0d8a-acc2-4f15-b6bb-c6903a6bcc7b
[35m[HTTP][39m [37m<-- GET /wd/hub/session/e3ff0d8a-acc2-4f15-b6bb-c6903a6bcc7b/window/current/size [39m[32m200[39m [90m23 ms - 100[39m
[35m[HTTP][39m [90m[39m
[35m[HTTP][39m [37m-->[39m [37mPOST[39m [37m/wd/hub/session/e3ff0d8a-acc2-4f15-b6bb-c6903a6bcc7b/elements[39m
[35m[HTTP][39m [90m{"using":"-android uiautomator","value":"new UiSelector().className(\"android.widget.TextView\").resourceId(\"com.abaxis.vetscan_vue.dev:id/button_single_connection_fuse\").instance(1)"}[39m
[35m[HTTP][39m [37m<-- POST /wd/hub/session/e3ff0d8a-acc2-4f15-b6bb-c6903a6bcc7b/elements [39m[32m200[39m [90m117 ms - 124[39m
[35m[HTTP][39m [90m[39m
[35m[HTTP][39m [37m-->[39m [37mGET[39m [37m/wd/hub/session/e3ff0d8a-acc2-4f15-b6bb-c6903a6bcc7b[39m
[35m[HTTP][39m [90m{}[39m
[35m[HTTP][39m [37m<-- GET /wd/hub/session/e3ff0d8a-acc2-4f15-b6bb-c6903a6bcc7b [39m[32m200[39m [90m13 ms - 1133[39m
[35m[HTTP][39m [90m[39m
[35m[HTTP][39m [37m-->[39m [37mGET[39m [37m/wd/hub/session/e3ff0d8a-acc2-4f15-b6bb-c6903a6bcc7b[39m
[35m[HTTP][39m [90m{}[39m
[35m[HTTP][39m [37m<-- GET /wd/hub/session/e3ff0d8a-acc2-4f15-b6bb-c6903a6bcc7b [39m[32m200[39m [90m13 ms - 1133[39m
[35m[HTTP][39m [90m[39m
[35m[HTTP][39m [37m-->[39m [37mGET[39m [37m/wd/hub/session/e3ff0d8a-acc2-4f15-b6bb-c6903a6bcc7b[39m
[35m[HTTP][39m [90m{}[39m
[35m[HTTP][39m [37m<-- GET /wd/hub/session/e3ff0d8a-acc2-4f15-b6bb-c6903a6bcc7b [39m[32m200[39m [90m13 ms - 1133[39m
[35m[HTTP][39m [90m[39m
[35m[HTTP][39m [37m-->[39m [37mGET[39m [37m/wd/hub/session/e3ff0d8a-acc2-4f15-b6bb-c6903a6bcc7b[39m
[35m[HTTP][39m [90m{}[39m
[35m[HTTP][39m [37m<-- GET /wd/hub/session/e3ff0d8a-acc2-4f15-b6bb-c6903a6bcc7b [39m[32m200[39m [90m15 ms - 1133[39m
[35m[HTTP][39m [90m[39m
[35m[HTTP][39m [37m-->[39m [37mGET[39m [37m/wd/hub/session/e3ff0d8a-acc2-4f15-b6bb-c6903a6bcc7b/element/8d52524b-6e32-4f5a-87ce-4f6fa5966927/location[39m
[35m[HTTP][39m [90m{}[39m
[35m[W3C][39m Driver proxy active, passing request on via HTTP proxy
[35m[JSONWP Proxy][39m Replacing sessionId 47eba71b-c918-4570-bf09-0b7bf0b6cee7 with e3ff0d8a-acc2-4f15-b6bb-c6903a6bcc7b
[35m[HTTP][39m [37m<-- GET /wd/hub/session/e3ff0d8a-acc2-4f15-b6bb-c6903a6bcc7b/element/8d52524b-6e32-4f5a-87ce-4f6fa5966927/location [39m[32m200[39m [90m49 ms - 90[39m
[35m[HTTP][39m [90m[39m
[35m[HTTP][39m [37m-->[39m [37mPOST[39m [37m/wd/hub/session/e3ff0d8a-acc2-4f15-b6bb-c6903a6bcc7b/touch/perform[39m
[35m[HTTP][39m [90m{"actions":[{"action":"tap","options":{"element":"8d52524b-6e32-4f5a-87ce-4f6fa5966927","x":1,"y":1}}]}[39m
[35m[UiAutomator2][39m calling get location: 8d52524b-6e32-4f5a-87ce-4f6fa5966927
[35m[HTTP][39m [37m<-- POST /wd/hub/session/e3ff0d8a-acc2-4f15-b6bb-c6903a6bcc7b/touch/perform [39m[32m200[39m [90m1334 ms - 76[39m
[35m[HTTP][39m [90m[39m
[35m[HTTP][39m [37m-->[39m [37mGET[39m [37m/wd/hub/session/e3ff0d8a-acc2-4f15-b6bb-c6903a6bcc7b/window/current/size[39m
[35m[HTTP][39m [90m{}[39m
[35m[W3C][39m Driver proxy active, passing request on via HTTP proxy
[35m[JSONWP Proxy][39m Replacing sessionId 47eba71b-c918-4570-bf09-0b7bf0b6cee7 with e3ff0d8a-acc2-4f15-b6bb-c6903a6bcc7b
[35m[HTTP][39m [37m<-- GET /wd/hub/session/e3ff0d8a-acc2-4f15-b6bb-c6903a6bcc7b/window/current/size [39m[32m200[39m [90m24 ms - 100[39m
[35m[HTTP][39m [90m[39m
[35m[HTTP][39m [37m-->[39m [37mPOST[39m [37m/wd/hub/session/e3ff0d8a-acc2-4f15-b6bb-c6903a6bcc7b/elements[39m
[35m[HTTP][39m [90m{"using":"-android uiautomator","value":"new UiSelector().className(\"android.widget.EditText\").text(\"Enter fuse IP address\").resourceId(\"com.abaxis.vetscan_vue.dev:id/fuse_ip_edit_text\").instance(0)"}[39m
[35m[HTTP][39m [37m<-- POST /wd/hub/session/e3ff0d8a-acc2-4f15-b6bb-c6903a6bcc7b/elements [39m[32m200[39m [90m106 ms - 124[39m
[35m[HTTP][39m [90m[39m
[35m[HTTP][39m [37m-->[39m [37mGET[39m [37m/wd/hub/session/e3ff0d8a-acc2-4f15-b6bb-c6903a6bcc7b[39m
[35m[HTTP][39m [90m{}[39m
[35m[HTTP][39m [37m<-- GET /wd/hub/session/e3ff0d8a-acc2-4f15-b6bb-c6903a6bcc7b [39m[32m200[39m [90m19 ms - 1133[39m
[35m[HTTP][39m [90m[39m
[35m[HTTP][39m [37m-->[39m [37mGET[39m [37m/wd/hub/session/e3ff0d8a-acc2-4f15-b6bb-c6903a6bcc7b[39m
[35m[HTTP][39m [90m{}[39m
[35m[HTTP][39m [37m<-- GET /wd/hub/session/e3ff0d8a-acc2-4f15-b6bb-c6903a6bcc7b [39m[32m200[39m [90m19 ms - 1133[39m
[35m[HTTP][39m [90m[39m
[35m[HTTP][39m [37m-->[39m [37mGET[39m [37m/wd/hub/session/e3ff0d8a-acc2-4f15-b6bb-c6903a6bcc7b[39m
[35m[HTTP][39m [90m{}[39m
[35m[HTTP][39m [37m<-- GET /wd/hub/session/e3ff0d8a-acc2-4f15-b6bb-c6903a6bcc7b [39m[32m200[39m [90m19 ms - 1133[39m
[35m[HTTP][39m [90m[39m
[35m[HTTP][39m [37m-->[39m [37mGET[39m [37m/wd/hub/session/e3ff0d8a-acc2-4f15-b6bb-c6903a6bcc7b[39m
[35m[HTTP][39m [90m{}[39m
[35m[HTTP][39m [37m<-- GET /wd/hub/session/e3ff0d8a-acc2-4f15-b6bb-c6903a6bcc7b [39m[32m200[39m [90m20 ms - 1133[39m
[35m[HTTP][39m [90m[39m
[35m[HTTP][39m [37m-->[39m [37mGET[39m [37m/wd/hub/session/e3ff0d8a-acc2-4f15-b6bb-c6903a6bcc7b/element/ee42fca5-9ffd-4de9-b223-24428f973372/location[39m
[35m[HTTP][39m [90m{}[39m
[35m[W3C][39m Driver proxy active, passing request on via HTTP proxy
[35m[JSONWP Proxy][39m Replacing sessionId 47eba71b-c918-4570-bf09-0b7bf0b6cee7 with e3ff0d8a-acc2-4f15-b6bb-c6903a6bcc7b
[35m[HTTP][39m [37m<-- GET /wd/hub/session/e3ff0d8a-acc2-4f15-b6bb-c6903a6bcc7b/element/ee42fca5-9ffd-4de9-b223-24428f973372/location [39m[32m200[39m [90m44 ms - 89[39m
[35m[HTTP][39m [90m[39m
[35m[HTTP][39m [37m-->[39m [37mPOST[39m [37m/wd/hub/session/e3ff0d8a-acc2-4f15-b6bb-c6903a6bcc7b/element/ee42fca5-9ffd-4de9-b223-24428f973372/clear[39m
[35m[HTTP][39m [90m{"id":"ee42fca5-9ffd-4de9-b223-24428f973372"}[39m
[35m[HTTP][39m [37m<-- POST /wd/hub/session/e3ff0d8a-acc2-4f15-b6bb-c6903a6bcc7b/element/ee42fca5-9ffd-4de9-b223-24428f973372/clear [39m[32m200[39m [90m189 ms - 89[39m
[35m[HTTP][39m [90m[39m
[35m[HTTP][39m [37m-->[39m [37mPOST[39m [37m/wd/hub/session/e3ff0d8a-acc2-4f15-b6bb-c6903a6bcc7b/element/ee42fca5-9ffd-4de9-b223-24428f973372/value[39m
[35m[HTTP][39m [90m{"id":"ee42fca5-9ffd-4de9-b223-24428f973372","value":["192.168.1.150"]}[39m
[35m[HTTP][39m [37m<-- POST /wd/hub/session/e3ff0d8a-acc2-4f15-b6bb-c6903a6bcc7b/element/ee42fca5-9ffd-4de9-b223-24428f973372/value [39m[32m200[39m [90m1297 ms - 74[39m
[35m[HTTP][39m [90m[39m
[35m[HTTP][39m [37m-->[39m [37mGET[39m [37m/wd/hub/session/e3ff0d8a-acc2-4f15-b6bb-c6903a6bcc7b/window/current/size[39m
[35m[HTTP][39m [90m{}[39m
[35m[W3C][39m Driver proxy active, passing request on via HTTP proxy
[35m[JSONWP Proxy][39m Replacing sessionId 47eba71b-c918-4570-bf09-0b7bf0b6cee7 with e3ff0d8a-acc2-4f15-b6bb-c6903a6bcc7b
[35m[HTTP][39m [37m<-- GET /wd/hub/session/e3ff0d8a-acc2-4f15-b6bb-c6903a6bcc7b/window/current/size [39m[32m200[39m [90m55 ms - 100[39m
[35m[HTTP][39m [90m[39m
[35m[HTTP][39m [37m-->[39m [37mPOST[39m [37m/wd/hub/session/e3ff0d8a-acc2-4f15-b6bb-c6903a6bcc7b/elements[39m
[35m[HTTP][39m [90m{"using":"-android uiautomator","value":"new UiSelector().className(\"android.widget.Button\").text(\"CONNECT\").resourceId(\"com.abaxis.vetscan_vue.dev:id/manual_connect_button\").instance(0)"}[39m
[35m[HTTP][39m [37m<-- POST /wd/hub/session/e3ff0d8a-acc2-4f15-b6bb-c6903a6bcc7b/elements [39m[32m200[39m [90m449 ms - 124[39m
[35m[HTTP][39m [90m[39m
[35m[HTTP][39m [37m-->[39m [37mGET[39m [37m/wd/hub/session/e3ff0d8a-acc2-4f15-b6bb-c6903a6bcc7b[39m
[35m[HTTP][39m [90m{}[39m
[35m[HTTP][39m [37m<-- GET /wd/hub/session/e3ff0d8a-acc2-4f15-b6bb-c6903a6bcc7b [39m[32m200[39m [90m19 ms - 1133[39m
[35m[HTTP][39m [90m[39m
[35m[HTTP][39m [37m-->[39m [37mGET[39m [37m/wd/hub/session/e3ff0d8a-acc2-4f15-b6bb-c6903a6bcc7b[39m
[35m[HTTP][39m [90m{}[39m
[35m[HTTP][39m [37m<-- GET /wd/hub/session/e3ff0d8a-acc2-4f15-b6bb-c6903a6bcc7b [39m[32m200[39m [90m18 ms - 1133[39m
[35m[HTTP][39m [90m[39m
[35m[HTTP][39m [37m-->[39m [37mGET[39m [37m/wd/hub/session/e3ff0d8a-acc2-4f15-b6bb-c6903a6bcc7b[39m
[35m[HTTP][39m [90m{}[39m
[35m[HTTP][39m [37m<-- GET /wd/hub/session/e3ff0d8a-acc2-4f15-b6bb-c6903a6bcc7b [39m[32m200[39m [90m18 ms - 1133[39m
[35m[HTTP][39m [90m[39m
[35m[HTTP][39m [37m-->[39m [37mGET[39m [37m/wd/hub/session/e3ff0d8a-acc2-4f15-b6bb-c6903a6bcc7b[39m
[35m[HTTP][39m [90m{}[39m
[35m[HTTP][39m [37m<-- GET /wd/hub/session/e3ff0d8a-acc2-4f15-b6bb-c6903a6bcc7b [39m[32m200[39m [90m19 ms - 1133[39m
[35m[HTTP][39m [90m[39m
[35m[HTTP][39m [37m-->[39m [37mGET[39m [37m/wd/hub/session/e3ff0d8a-acc2-4f15-b6bb-c6903a6bcc7b/element/3c7a50a5-519a-4e95-bb9c-b92ceec44cb8/location[39m
[35m[HTTP][39m [90m{}[39m
[35m[W3C][39m Driver proxy active, passing request on via HTTP proxy
[35m[JSONWP Proxy][39m Replacing sessionId 47eba71b-c918-4570-bf09-0b7bf0b6cee7 with e3ff0d8a-acc2-4f15-b6bb-c6903a6bcc7b
[35m[HTTP][39m [37m<-- GET /wd/hub/session/e3ff0d8a-acc2-4f15-b6bb-c6903a6bcc7b/element/3c7a50a5-519a-4e95-bb9c-b92ceec44cb8/location [39m[32m200[39m [90m53 ms - 89[39m
[35m[HTTP][39m [90m[39m
[35m[HTTP][39m [37m-->[39m [37mPOST[39m [37m/wd/hub/session/e3ff0d8a-acc2-4f15-b6bb-c6903a6bcc7b/touch/perform[39m
[35m[HTTP][39m [90m{"actions":[{"action":"tap","options":{"element":"3c7a50a5-519a-4e95-bb9c-b92ceec44cb8","x":1,"y":1}}]}[39m
[35m[UiAutomator2][39m calling get location: 3c7a50a5-519a-4e95-bb9c-b92ceec44cb8
[35m[HTTP][39m [37m<-- POST /wd/hub/session/e3ff0d8a-acc2-4f15-b6bb-c6903a6bcc7b/touch/perform [39m[32m200[39m [90m933 ms - 76[39m
[35m[HTTP][39m [90m[39m
[35m[HTTP][39m [37m-->[39m [37mGET[39m [37m/wd/hub/session/e3ff0d8a-acc2-4f15-b6bb-c6903a6bcc7b/window/current/size[39m
[35m[HTTP][39m [90m{}[39m
[35m[W3C][39m Driver proxy active, passing request on via HTTP proxy
[35m[JSONWP Proxy][39m Replacing sessionId 47eba71b-c918-4570-bf09-0b7bf0b6cee7 with e3ff0d8a-acc2-4f15-b6bb-c6903a6bcc7b
[35m[HTTP][39m [37m<-- GET /wd/hub/session/e3ff0d8a-acc2-4f15-b6bb-c6903a6bcc7b/window/current/size [39m[32m200[39m [90m26 ms - 100[39m
[35m[HTTP][39m [90m[39m
[35m[HTTP][39m [37m-->[39m [37mPOST[39m [37m/wd/hub/session/e3ff0d8a-acc2-4f15-b6bb-c6903a6bcc7b/elements[39m
[35m[HTTP][39m [90m{"using":"-android uiautomator","value":"new UiSelector().className(\"android.widget.ImageButton\").instance(0)"}[39m
[35m[HTTP][39m [37m<-- POST /wd/hub/session/e3ff0d8a-acc2-4f15-b6bb-c6903a6bcc7b/elements [39m[32m200[39m [90m55 ms - 74[39m
[35m[HTTP][39m [90m[39m
[35m[HTTP][39m [37m-->[39m [37mPOST[39m [37m/wd/hub/session/e3ff0d8a-acc2-4f15-b6bb-c6903a6bcc7b/elements[39m
[35m[HTTP][39m [90m{"using":"-android uiautomator","value":"new UiSelector().className(\"android.widget.ImageButton\").instance(0)"}[39m
[35m[HTTP][39m [37m<-- POST /wd/hub/session/e3ff0d8a-acc2-4f15-b6bb-c6903a6bcc7b/elements [39m[32m200[39m [90m32 ms - 74[39m
[35m[HTTP][39m [90m[39m
[35m[HTTP][39m [37m-->[39m [37mPOST[39m [37m/wd/hub/session/e3ff0d8a-acc2-4f15-b6bb-c6903a6bcc7b/elements[39m
[35m[HTTP][39m [90m{"using":"-android uiautomator","value":"new UiSelector().className(\"android.widget.ImageButton\").instance(0)"}[39m
[35m[HTTP][39m [37m<-- POST /wd/hub/session/e3ff0d8a-acc2-4f15-b6bb-c6903a6bcc7b/elements [39m[32m200[39m [90m49 ms - 74[39m
[35m[HTTP][39m [90m[39m
[35m[HTTP][39m [37m-->[39m [37mPOST[39m [37m/wd/hub/session/e3ff0d8a-acc2-4f15-b6bb-c6903a6bcc7b/elements[39m
[35m[HTTP][39m [90m{"using":"-android uiautomator","value":"new UiSelector().className(\"android.widget.ImageButton\").instance(0)"}[39m
[35m[HTTP][39m [37m<-- POST /wd/hub/session/e3ff0d8a-acc2-4f15-b6bb-c6903a6bcc7b/elements [39m[32m200[39m [90m56 ms - 74[39m
[35m[HTTP][39m [90m[39m
[35m[HTTP][39m [37m-->[39m [37mPOST[39m [37m/wd/hub/session/e3ff0d8a-acc2-4f15-b6bb-c6903a6bcc7b/elements[39m
[35m[HTTP][39m [90m{"using":"-android uiautomator","value":"new UiSelector().className(\"android.widget.ImageButton\").instance(0)"}[39m
[35m[HTTP][39m [37m<-- POST /wd/hub/session/e3ff0d8a-acc2-4f15-b6bb-c6903a6bcc7b/elements [39m[32m200[39m [90m66 ms - 74[39m
[35m[HTTP][39m [90m[39m
[35m[HTTP][39m [37m-->[39m [37mPOST[39m [37m/wd/hub/session/e3ff0d8a-acc2-4f15-b6bb-c6903a6bcc7b/elements[39m
[35m[HTTP][39m [90m{"using":"-android uiautomator","value":"new UiSelector().className(\"android.widget.ImageButton\").instance(0)"}[39m
[35m[HTTP][39m [37m<-- POST /wd/hub/session/e3ff0d8a-acc2-4f15-b6bb-c6903a6bcc7b/elements [39m[32m200[39m [90m774 ms - 124[39m
[35m[HTTP][39m [90m[39m
[35m[HTTP][39m [37m-->[39m [37mGET[39m [37m/wd/hub/session/e3ff0d8a-acc2-4f15-b6bb-c6903a6bcc7b[39m
[35m[HTTP][39m [90m{}[39m
[35m[HTTP][39m [37m<-- GET /wd/hub/session/e3ff0d8a-acc2-4f15-b6bb-c6903a6bcc7b [39m[32m200[39m [90m22 ms - 1133[39m
[35m[HTTP][39m [90m[39m
[35m[HTTP][39m [37m-->[39m [37mGET[39m [37m/wd/hub/session/e3ff0d8a-acc2-4f15-b6bb-c6903a6bcc7b[39m
[35m[HTTP][39m [90m{}[39m
[35m[HTTP][39m [37m<-- GET /wd/hub/session/e3ff0d8a-acc2-4f15-b6bb-c6903a6bcc7b [39m[32m200[39m [90m24 ms - 1133[39m
[35m[HTTP][39m [90m[39m
[35m[HTTP][39m [37m-->[39m [37mGET[39m [37m/wd/hub/session/e3ff0d8a-acc2-4f15-b6bb-c6903a6bcc7b[39m
[35m[HTTP][39m [90m{}[39m
[35m[HTTP][39m [37m<-- GET /wd/hub/session/e3ff0d8a-acc2-4f15-b6bb-c6903a6bcc7b [39m[32m200[39m [90m19 ms - 1133[39m
[35m[HTTP][39m [90m[39m
[35m[HTTP][39m [37m-->[39m [37mGET[39m [37m/wd/hub/session/e3ff0d8a-acc2-4f15-b6bb-c6903a6bcc7b[39m
[35m[HTTP][39m [90m{}[39m
[35m[HTTP][39m [37m<-- GET /wd/hub/session/e3ff0d8a-acc2-4f15-b6bb-c6903a6bcc7b [39m[32m200[39m [90m18 ms - 1133[39m
[35m[HTTP][39m [90m[39m
[35m[HTTP][39m [37m-->[39m [37mGET[39m [37m/wd/hub/session/e3ff0d8a-acc2-4f15-b6bb-c6903a6bcc7b/element/1c44fb93-ead8-4980-ba71-7cc914c7bdb6/location[39m
[35m[HTTP][39m [90m{}[39m
[35m[W3C][39m Driver proxy active, passing request on via HTTP proxy
[35m[JSONWP Proxy][39m Replacing sessionId 47eba71b-c918-4570-bf09-0b7bf0b6cee7 with e3ff0d8a-acc2-4f15-b6bb-c6903a6bcc7b
[35m[HTTP][39m [37m<-- GET /wd/hub/session/e3ff0d8a-acc2-4f15-b6bb-c6903a6bcc7b/element/1c44fb93-ead8-4980-ba71-7cc914c7bdb6/location [39m[32m200[39m [90m45 ms - 86[39m
[35m[HTTP][39m [90m[39m
[35m[HTTP][39m [37m-->[39m [37mPOST[39m [37m/wd/hub/session/e3ff0d8a-acc2-4f15-b6bb-c6903a6bcc7b/touch/perform[39m
[35m[HTTP][39m [90m{"actions":[{"action":"tap","options":{"element":"1c44fb93-ead8-4980-ba71-7cc914c7bdb6","x":1,"y":1}}]}[39m
[35m[UiAutomator2][39m calling get location: 1c44fb93-ead8-4980-ba71-7cc914c7bdb6
[35m[HTTP][39m [37m<-- POST /wd/hub/session/e3ff0d8a-acc2-4f15-b6bb-c6903a6bcc7b/touch/perform [39m[32m200[39m [90m1778 ms - 76[39m
[35m[HTTP][39m [90m[39m
[35m[HTTP][39m [37m-->[39m [37mGET[39m [37m/wd/hub/session/e3ff0d8a-acc2-4f15-b6bb-c6903a6bcc7b/window/current/size[39m
[35m[HTTP][39m [90m{}[39m
[35m[W3C][39m Driver proxy active, passing request on via HTTP proxy
[35m[JSONWP Proxy][39m Replacing sessionId 47eba71b-c918-4570-bf09-0b7bf0b6cee7 with e3ff0d8a-acc2-4f15-b6bb-c6903a6bcc7b
[35m[HTTP][39m [37m<-- GET /wd/hub/session/e3ff0d8a-acc2-4f15-b6bb-c6903a6bcc7b/window/current/size [39m[32m200[39m [90m19 ms - 100[39m
[35m[HTTP][39m [90m[39m
[35m[HTTP][39m [37m-->[39m [37mPOST[39m [37m/wd/hub/session/e3ff0d8a-acc2-4f15-b6bb-c6903a6bcc7b/elements[39m
[35m[HTTP][39m [90m{"using":"-android uiautomator","value":"new UiSelector().className(\"android.widget.ImageButton\").instance(0)"}[39m
[35m[HTTP][39m [37m<-- POST /wd/hub/session/e3ff0d8a-acc2-4f15-b6bb-c6903a6bcc7b/elements [39m[32m200[39m [90m104 ms - 124[39m
[35m[HTTP][39m [90m[39m
[35m[HTTP][39m [37m-->[39m [37mGET[39m [37m/wd/hub/session/e3ff0d8a-acc2-4f15-b6bb-c6903a6bcc7b[39m
[35m[HTTP][39m [90m{}[39m
[35m[HTTP][39m [37m<-- GET /wd/hub/session/e3ff0d8a-acc2-4f15-b6bb-c6903a6bcc7b [39m[32m200[39m [90m15 ms - 1133[39m
[35m[HTTP][39m [90m[39m
[35m[HTTP][39m [37m-->[39m [37mGET[39m [37m/wd/hub/session/e3ff0d8a-acc2-4f15-b6bb-c6903a6bcc7b[39m
[35m[HTTP][39m [90m{}[39m
[35m[HTTP][39m [37m<-- GET /wd/hub/session/e3ff0d8a-acc2-4f15-b6bb-c6903a6bcc7b [39m[32m200[39m [90m14 ms - 1133[39m
[35m[HTTP][39m [90m[39m
[35m[HTTP][39m [37m-->[39m [37mGET[39m [37m/wd/hub/session/e3ff0d8a-acc2-4f15-b6bb-c6903a6bcc7b[39m
[35m[HTTP][39m [90m{}[39m
[35m[HTTP][39m [37m<-- GET /wd/hub/session/e3ff0d8a-acc2-4f15-b6bb-c6903a6bcc7b [39m[32m200[39m [90m14 ms - 1133[39m
[35m[HTTP][39m [90m[39m
[35m[HTTP][39m [37m-->[39m [37mGET[39m [37m/wd/hub/session/e3ff0d8a-acc2-4f15-b6bb-c6903a6bcc7b[39m
[35m[HTTP][39m [90m{}[39m
[35m[HTTP][39m [37m<-- GET /wd/hub/session/e3ff0d8a-acc2-4f15-b6bb-c6903a6bcc7b [39m[32m200[39m [90m14 ms - 1133[39m
[35m[HTTP][39m [90m[39m
[35m[HTTP][39m [37m-->[39m [37mGET[39m [37m/wd/hub/session/e3ff0d8a-acc2-4f15-b6bb-c6903a6bcc7b/element/c69053ef-7dc8-4c81-95f4-80fd250df661/location[39m
[35m[HTTP][39m [90m{}[39m
[35m[W3C][39m Driver proxy active, passing request on via HTTP proxy
[35m[JSONWP Proxy][39m Replacing sessionId 47eba71b-c918-4570-bf09-0b7bf0b6cee7 with e3ff0d8a-acc2-4f15-b6bb-c6903a6bcc7b
[35m[HTTP][39m [37m<-- GET /wd/hub/session/e3ff0d8a-acc2-4f15-b6bb-c6903a6bcc7b/element/c69053ef-7dc8-4c81-95f4-80fd250df661/location [39m[32m200[39m [90m46 ms - 86[39m
[35m[HTTP][39m [90m[39m
[35m[HTTP][39m [37m-->[39m [37mPOST[39m [37m/wd/hub/session/e3ff0d8a-acc2-4f15-b6bb-c6903a6bcc7b/touch/perform[39m
[35m[HTTP][39m [90m{"actions":[{"action":"tap","options":{"element":"c69053ef-7dc8-4c81-95f4-80fd250df661","x":1,"y":1}}]}[39m
[35m[UiAutomator2][39m calling get location: c69053ef-7dc8-4c81-95f4-80fd250df661
[35m[HTTP][39m [37m<-- POST /wd/hub/session/e3ff0d8a-acc2-4f15-b6bb-c6903a6bcc7b/touch/perform [39m[32m200[39m [90m1424 ms - 76[39m
[35m[HTTP][39m [90m[39m
[35m[HTTP][39m [37m-->[39m [37mGET[39m [37m/wd/hub/session/e3ff0d8a-acc2-4f15-b6bb-c6903a6bcc7b/window/current/size[39m
[35m[HTTP][39m [90m{}[39m
[35m[W3C][39m Driver proxy active, passing request on via HTTP proxy
[35m[JSONWP Proxy][39m Replacing sessionId 47eba71b-c918-4570-bf09-0b7bf0b6cee7 with e3ff0d8a-acc2-4f15-b6bb-c6903a6bcc7b
[35m[HTTP][39m [37m<-- GET /wd/hub/session/e3ff0d8a-acc2-4f15-b6bb-c6903a6bcc7b/window/current/size [39m[32m200[39m [90m54 ms - 100[39m
[35m[HTTP][39m [90m[39m
[35m[HTTP][39m [37m-->[39m [37mPOST[39m [37m/wd/hub/session/e3ff0d8a-acc2-4f15-b6bb-c6903a6bcc7b/elements[39m
[35m[HTTP][39m [90m{"using":"xpath","value":"//hierarchy/android.widget.FrameLayout[1]/android.widget.LinearLayout[1]/android.widget.FrameLayout[1]/android.widget.FrameLayout[1]/android.widget.FrameLayout[1]/android.widget.RelativeLayout[1]/android.widget.RelativeLayout[1]/android.widget.HorizontalScrollView[1]/android.widget.LinearLayout[1]/android.widget.ImageButton[2]"}[39m
[35m[HTTP][39m [37m<-- POST /wd/hub/session/e3ff0d8a-acc2-4f15-b6bb-c6903a6bcc7b/elements [39m[32m200[39m [90m321 ms - 124[39m
[35m[HTTP][39m [90m[39m
[35m[HTTP][39m [37m-->[39m [37mGET[39m [37m/wd/hub/session/e3ff0d8a-acc2-4f15-b6bb-c6903a6bcc7b[39m
[35m[HTTP][39m [90m{}[39m
[35m[HTTP][39m [37m<-- GET /wd/hub/session/e3ff0d8a-acc2-4f15-b6bb-c6903a6bcc7b [39m[32m200[39m [90m13 ms - 1133[39m
[35m[HTTP][39m [90m[39m
[35m[HTTP][39m [37m-->[39m [37mGET[39m [37m/wd/hub/session/e3ff0d8a-acc2-4f15-b6bb-c6903a6bcc7b[39m
[35m[HTTP][39m [90m{}[39m
[35m[HTTP][39m [37m<-- GET /wd/hub/session/e3ff0d8a-acc2-4f15-b6bb-c6903a6bcc7b [39m[32m200[39m [90m17 ms - 1133[39m
[35m[HTTP][39m [90m[39m
[35m[HTTP][39m [37m-->[39m [37mGET[39m [37m/wd/hub/session/e3ff0d8a-acc2-4f15-b6bb-c6903a6bcc7b[39m
[35m[HTTP][39m [90m{}[39m
[35m[HTTP][39m [37m<-- GET /wd/hub/session/e3ff0d8a-acc2-4f15-b6bb-c6903a6bcc7b [39m[32m200[39m [90m18 ms - 1133[39m
[35m[HTTP][39m [90m[39m
[35m[HTTP][39m [37m-->[39m [37mGET[39m [37m/wd/hub/session/e3ff0d8a-acc2-4f15-b6bb-c6903a6bcc7b[39m
[35m[HTTP][39m [90m{}[39m
[35m[HTTP][39m [37m<-- GET /wd/hub/session/e3ff0d8a-acc2-4f15-b6bb-c6903a6bcc7b [39m[32m200[39m [90m17 ms - 1133[39m
[35m[HTTP][39m [90m[39m
[35m[HTTP][39m [37m-->[39m [37mGET[39m [37m/wd/hub/session/e3ff0d8a-acc2-4f15-b6bb-c6903a6bcc7b/element/e7ff6b99-9f5d-42ac-ac7f-2f1579b0152e/location[39m
[35m[HTTP][39m [90m{}[39m
[35m[W3C][39m Driver proxy active, passing request on via HTTP proxy
[35m[JSONWP Proxy][39m Replacing sessionId 47eba71b-c918-4570-bf09-0b7bf0b6cee7 with e3ff0d8a-acc2-4f15-b6bb-c6903a6bcc7b
[35m[HTTP][39m [37m<-- GET /wd/hub/session/e3ff0d8a-acc2-4f15-b6bb-c6903a6bcc7b/element/e7ff6b99-9f5d-42ac-ac7f-2f1579b0152e/location [39m[32m200[39m [90m27 ms - 88[39m
[35m[HTTP][39m [90m[39m
[35m[HTTP][39m [37m-->[39m [37mPOST[39m [37m/wd/hub/session/e3ff0d8a-acc2-4f15-b6bb-c6903a6bcc7b/touch/perform[39m
[35m[HTTP][39m [90m{"actions":[{"action":"tap","options":{"element":"e7ff6b99-9f5d-42ac-ac7f-2f1579b0152e","x":1,"y":1}}]}[39m
[35m[UiAutomator2][39m calling get location: e7ff6b99-9f5d-42ac-ac7f-2f1579b0152e
[35m[HTTP][39m [37m<-- POST /wd/hub/session/e3ff0d8a-acc2-4f15-b6bb-c6903a6bcc7b/touch/perform [39m[32m200[39m [90m65 ms - 76[39m
[35m[HTTP][39m [90m[39m
[35m[HTTP][39m [37m-->[39m [37mGET[39m [37m/wd/hub/session/e3ff0d8a-acc2-4f15-b6bb-c6903a6bcc7b/window/current/size[39m
[35m[HTTP][39m [90m{}[39m
[35m[W3C][39m Driver proxy active, passing request on via HTTP proxy
[35m[JSONWP Proxy][39m Replacing sessionId 47eba71b-c918-4570-bf09-0b7bf0b6cee7 with e3ff0d8a-acc2-4f15-b6bb-c6903a6bcc7b
[35m[HTTP][39m [37m<-- GET /wd/hub/session/e3ff0d8a-acc2-4f15-b6bb-c6903a6bcc7b/window/current/size [39m[32m200[39m [90m26 ms - 100[39m
[35m[HTTP][39m [90m[39m
[35m[HTTP][39m [37m-->[39m [37mPOST[39m [37m/wd/hub/session/e3ff0d8a-acc2-4f15-b6bb-c6903a6bcc7b/elements[39m
[35m[HTTP][39m [90m{"using":"xpath","value":"//hierarchy/android.widget.FrameLayout[1]/android.widget.LinearLayout[1]/android.widget.FrameLayout[1]/android.widget.FrameLayout[1]/android.widget.FrameLayout[1]/android.widget.RelativeLayout[1]/android.support.v4.view.ViewPager[1]/android.widget.FrameLayout[1]/android.view.ViewGroup[1]/android.widget.RelativeLayout[1]/android.widget.RelativeLayout[1]/android.widget.ImageView[1]"}[39m
[35m[HTTP][39m [37m<-- POST /wd/hub/session/e3ff0d8a-acc2-4f15-b6bb-c6903a6bcc7b/elements [39m[32m200[39m [90m337 ms - 124[39m
[35m[HTTP][39m [90m[39m
[35m[HTTP][39m [37m-->[39m [37mGET[39m [37m/wd/hub/session/e3ff0d8a-acc2-4f15-b6bb-c6903a6bcc7b[39m
[35m[HTTP][39m [90m{}[39m
[35m[HTTP][39m [37m<-- GET /wd/hub/session/e3ff0d8a-acc2-4f15-b6bb-c6903a6bcc7b [39m[32m200[39m [90m17 ms - 1133[39m
[35m[HTTP][39m [90m[39m
[35m[HTTP][39m [37m-->[39m [37mGET[39m [37m/wd/hub/session/e3ff0d8a-acc2-4f15-b6bb-c6903a6bcc7b[39m
[35m[HTTP][39m [90m{}[39m
[35m[HTTP][39m [37m<-- GET /wd/hub/session/e3ff0d8a-acc2-4f15-b6bb-c6903a6bcc7b [39m[32m200[39m [90m18 ms - 1133[39m
[35m[HTTP][39m [90m[39m
[35m[HTTP][39m [37m-->[39m [37mGET[39m [37m/wd/hub/session/e3ff0d8a-acc2-4f15-b6bb-c6903a6bcc7b[39m
[35m[HTTP][39m [90m{}[39m
[35m[HTTP][39m [37m<-- GET /wd/hub/session/e3ff0d8a-acc2-4f15-b6bb-c6903a6bcc7b [39m[32m200[39m [90m20 ms - 1133[39m
[35m[HTTP][39m [90m[39m
[35m[HTTP][39m [37m-->[39m [37mGET[39m [37m/wd/hub/session/e3ff0d8a-acc2-4f15-b6bb-c6903a6bcc7b[39m
[35m[HTTP][39m [90m{}[39m
[35m[HTTP][39m [37m<-- GET /wd/hub/session/e3ff0d8a-acc2-4f15-b6bb-c6903a6bcc7b [39m[32m200[39m [90m16 ms - 1133[39m
[35m[HTTP][39m [90m[39m
[35m[HTTP][39m [37m-->[39m [37mGET[39m [37m/wd/hub/session/e3ff0d8a-acc2-4f15-b6bb-c6903a6bcc7b/element/ea29b794-fe8a-4fa6-9b08-2852e90dc5ad/location[39m
[35m[HTTP][39m [90m{}[39m
[35m[W3C][39m Driver proxy active, passing request on via HTTP proxy
[35m[JSONWP Proxy][39m Replacing sessionId 47eba71b-c918-4570-bf09-0b7bf0b6cee7 with e3ff0d8a-acc2-4f15-b6bb-c6903a6bcc7b
[35m[HTTP][39m [37m<-- GET /wd/hub/session/e3ff0d8a-acc2-4f15-b6bb-c6903a6bcc7b/element/ea29b794-fe8a-4fa6-9b08-2852e90dc5ad/location [39m[32m200[39m [90m959 ms - 91[39m
[35m[HTTP][39m [90m[39m
[35m[HTTP][39m [37m-->[39m [37mPOST[39m [37m/wd/hub/session/e3ff0d8a-acc2-4f15-b6bb-c6903a6bcc7b/touch/perform[39m
[35m[HTTP][39m [90m{"actions":[{"action":"tap","options":{"element":"ea29b794-fe8a-4fa6-9b08-2852e90dc5ad","x":1,"y":1}}]}[39m
[35m[UiAutomator2][39m calling get location: ea29b794-fe8a-4fa6-9b08-2852e90dc5ad
[35m[HTTP][39m [37m<-- POST /wd/hub/session/e3ff0d8a-acc2-4f15-b6bb-c6903a6bcc7b/touch/perform [39m[32m200[39m [90m99 ms - 76[39m
[35m[HTTP][39m [90m[39m
[35m[HTTP][39m [37m-->[39m [37mGET[39m [37m/wd/hub/session/e3ff0d8a-acc2-4f15-b6bb-c6903a6bcc7b/window/current/size[39m
[35m[HTTP][39m [90m{}[39m
[35m[W3C][39m Driver proxy active, passing request on via HTTP proxy
[35m[JSONWP Proxy][39m Replacing sessionId 47eba71b-c918-4570-bf09-0b7bf0b6cee7 with e3ff0d8a-acc2-4f15-b6bb-c6903a6bcc7b
[35m[HTTP][39m [37m<-- GET /wd/hub/session/e3ff0d8a-acc2-4f15-b6bb-c6903a6bcc7b/window/current/size [39m[32m200[39m [90m20 ms - 100[39m
[35m[HTTP][39m [90m[39m
[35m[HTTP][39m [37m-->[39m [37mPOST[39m [37m/wd/hub/session/e3ff0d8a-acc2-4f15-b6bb-c6903a6bcc7b/elements[39m
[35m[HTTP][39m [90m{"using":"xpath","value":"//hierarchy/android.widget.FrameLayout[1]/android.widget.LinearLayout[1]/android.widget.FrameLayout[1]/android.widget.FrameLayout[1]/android.widget.FrameLayout[1]/android.widget.RelativeLayout[1]/android.support.v4.view.ViewPager[1]/android.widget.FrameLayout[1]/android.view.ViewGroup[1]/android.widget.RelativeLayout[1]/android.support.v7.widget.RecyclerView[1]/android.widget.LinearLayout[2]"}[39m
[35m[HTTP][39m [37m<-- POST /wd/hub/session/e3ff0d8a-acc2-4f15-b6bb-c6903a6bcc7b/elements [39m[32m200[39m [90m728 ms - 124[39m
[35m[HTTP][39m [90m[39m
[35m[HTTP][39m [37m-->[39m [37mGET[39m [37m/wd/hub/session/e3ff0d8a-acc2-4f15-b6bb-c6903a6bcc7b[39m
[35m[HTTP][39m [90m{}[39m
[35m[HTTP][39m [37m<-- GET /wd/hub/session/e3ff0d8a-acc2-4f15-b6bb-c6903a6bcc7b [39m[32m200[39m [90m15 ms - 1133[39m
[35m[HTTP][39m [90m[39m
[35m[HTTP][39m [37m-->[39m [37mGET[39m [37m/wd/hub/session/e3ff0d8a-acc2-4f15-b6bb-c6903a6bcc7b[39m
[35m[HTTP][39m [90m{}[39m
[35m[HTTP][39m [37m<-- GET /wd/hub/session/e3ff0d8a-acc2-4f15-b6bb-c6903a6bcc7b [39m[32m200[39m [90m13 ms - 1133[39m
[35m[HTTP][39m [90m[39m
[35m[HTTP][39m [37m-->[39m [37mGET[39m [37m/wd/hub/session/e3ff0d8a-acc2-4f15-b6bb-c6903a6bcc7b[39m
[35m[HTTP][39m [90m{}[39m
[35m[HTTP][39m [37m<-- GET /wd/hub/session/e3ff0d8a-acc2-4f15-b6bb-c6903a6bcc7b [39m[32m200[39m [90m14 ms - 1133[39m
[35m[HTTP][39m [90m[39m
[35m[HTTP][39m [37m-->[39m [37mGET[39m [37m/wd/hub/session/e3ff0d8a-acc2-4f15-b6bb-c6903a6bcc7b[39m
[35m[HTTP][39m [90m{}[39m
[35m[HTTP][39m [37m<-- GET /wd/hub/session/e3ff0d8a-acc2-4f15-b6bb-c6903a6bcc7b [39m[32m200[39m [90m57 ms - 1133[39m
[35m[HTTP][39m [90m[39m
[35m[HTTP][39m [37m-->[39m [37mGET[39m [37m/wd/hub/session/e3ff0d8a-acc2-4f15-b6bb-c6903a6bcc7b/element/2e220e4b-4f1f-4567-9298-51c67c760efd/location[39m
[35m[HTTP][39m [90m{}[39m
[35m[W3C][39m Driver proxy active, passing request on via HTTP proxy
[35m[JSONWP Proxy][39m Replacing sessionId 47eba71b-c918-4570-bf09-0b7bf0b6cee7 with e3ff0d8a-acc2-4f15-b6bb-c6903a6bcc7b
[35m[HTTP][39m [37m<-- GET /wd/hub/session/e3ff0d8a-acc2-4f15-b6bb-c6903a6bcc7b/element/2e220e4b-4f1f-4567-9298-51c67c760efd/location [39m[32m200[39m [90m30 ms - 88[39m
[35m[HTTP][39m [90m[39m
[35m[HTTP][39m [37m-->[39m [37mPOST[39m [37m/wd/hub/session/e3ff0d8a-acc2-4f15-b6bb-c6903a6bcc7b/touch/perform[39m
[35m[HTTP][39m [90m{"actions":[{"action":"tap","options":{"element":"2e220e4b-4f1f-4567-9298-51c67c760efd","x":1,"y":1}}]}[39m
[35m[UiAutomator2][39m calling get location: 2e220e4b-4f1f-4567-9298-51c67c760efd
[35m[HTTP][39m [37m<-- POST /wd/hub/session/e3ff0d8a-acc2-4f15-b6bb-c6903a6bcc7b/touch/perform [39m[32m200[39m [90m74 ms - 76[39m
[35m[HTTP][39m [90m[39m
[35m[HTTP][39m [37m-->[39m [37mGET[39m [37m/wd/hub/session/e3ff0d8a-acc2-4f15-b6bb-c6903a6bcc7b/window/current/size[39m
[35m[HTTP][39m [90m{}[39m
[35m[W3C][39m Driver proxy active, passing request on via HTTP proxy
[35m[JSONWP Proxy][39m Replacing sessionId 47eba71b-c918-4570-bf09-0b7bf0b6cee7 with e3ff0d8a-acc2-4f15-b6bb-c6903a6bcc7b
[35m[HTTP][39m [37m<-- GET /wd/hub/session/e3ff0d8a-acc2-4f15-b6bb-c6903a6bcc7b/window/current/size [39m[32m200[39m [90m17 ms - 100[39m
[35m[HTTP][39m [90m[39m
[35m[HTTP][39m [37m-->[39m [37mPOST[39m [37m/wd/hub/session/e3ff0d8a-acc2-4f15-b6bb-c6903a6bcc7b/elements[39m
[35m[HTTP][39m [90m{"using":"-android uiautomator","value":"new UiSelector().className(\"android.widget.ImageButton\").instance(0)"}[39m
[35m[HTTP][39m [37m<-- POST /wd/hub/session/e3ff0d8a-acc2-4f15-b6bb-c6903a6bcc7b/elements [39m[32m200[39m [90m1351 ms - 124[39m
[35m[HTTP][39m [90m[39m
[35m[HTTP][39m [37m-->[39m [37mGET[39m [37m/wd/hub/session/e3ff0d8a-acc2-4f15-b6bb-c6903a6bcc7b[39m
[35m[HTTP][39m [90m{}[39m
[35m[HTTP][39m [37m<-- GET /wd/hub/session/e3ff0d8a-acc2-4f15-b6bb-c6903a6bcc7b [39m[32m200[39m [90m24 ms - 1133[39m
[35m[HTTP][39m [90m[39m
[35m[HTTP][39m [37m-->[39m [37mGET[39m [37m/wd/hub/session/e3ff0d8a-acc2-4f15-b6bb-c6903a6bcc7b[39m
[35m[HTTP][39m [90m{}[39m
[35m[HTTP][39m [37m<-- GET /wd/hub/session/e3ff0d8a-acc2-4f15-b6bb-c6903a6bcc7b [39m[32m200[39m [90m19 ms - 1133[39m
[35m[HTTP][39m [90m[39m
[35m[HTTP][39m [37m-->[39m [37mGET[39m [37m/wd/hub/session/e3ff0d8a-acc2-4f15-b6bb-c6903a6bcc7b[39m
[35m[HTTP][39m [90m{}[39m
[35m[HTTP][39m [37m<-- GET /wd/hub/session/e3ff0d8a-acc2-4f15-b6bb-c6903a6bcc7b [39m[32m200[39m [90m17 ms - 1133[39m
[35m[HTTP][39m [90m[39m
[35m[HTTP][39m [37m-->[39m [37mGET[39m [37m/wd/hub/session/e3ff0d8a-acc2-4f15-b6bb-c6903a6bcc7b[39m
[35m[HTTP][39m [90m{}[39m
[35m[HTTP][39m [37m<-- GET /wd/hub/session/e3ff0d8a-acc2-4f15-b6bb-c6903a6bcc7b [39m[32m200[39m [90m17 ms - 1133[39m
[35m[HTTP][39m [90m[39m
[35m[HTTP][39m [37m-->[39m [37mGET[39m [37m/wd/hub/session/e3ff0d8a-acc2-4f15-b6bb-c6903a6bcc7b/element/d41343f0-56ca-4f57-add1-f272de12bfb3/location[39m
[35m[HTTP][39m [90m{}[39m
[35m[W3C][39m Driver proxy active, passing request on via HTTP proxy
[35m[JSONWP Proxy][39m Replacing sessionId 47eba71b-c918-4570-bf09-0b7bf0b6cee7 with e3ff0d8a-acc2-4f15-b6bb-c6903a6bcc7b
[35m[HTTP][39m [37m<-- GET /wd/hub/session/e3ff0d8a-acc2-4f15-b6bb-c6903a6bcc7b/element/d41343f0-56ca-4f57-add1-f272de12bfb3/location [39m[32m200[39m [90m44 ms - 86[39m
[35m[HTTP][39m [90m[39m
[35m[HTTP][39m [37m-->[39m [37mPOST[39m [37m/wd/hub/session/e3ff0d8a-acc2-4f15-b6bb-c6903a6bcc7b/touch/perform[39m
[35m[HTTP][39m [90m{"actions":[{"action":"tap","options":{"element":"d41343f0-56ca-4f57-add1-f272de12bfb3","x":1,"y":1}}]}[39m
[35m[UiAutomator2][39m calling get location: d41343f0-56ca-4f57-add1-f272de12bfb3
[35m[HTTP][39m [37m<-- POST /wd/hub/session/e3ff0d8a-acc2-4f15-b6bb-c6903a6bcc7b/touch/perform [39m[32m200[39m [90m2349 ms - 76[39m
[35m[HTTP][39m [90m[39m
[35m[HTTP][39m [37m-->[39m [37mGET[39m [37m/wd/hub/session/e3ff0d8a-acc2-4f15-b6bb-c6903a6bcc7b/window/current/size[39m
[35m[HTTP][39m [90m{}[39m
[35m[W3C][39m Driver proxy active, passing request on via HTTP proxy
[35m[JSONWP Proxy][39m Replacing sessionId 47eba71b-c918-4570-bf09-0b7bf0b6cee7 with e3ff0d8a-acc2-4f15-b6bb-c6903a6bcc7b
[35m[HTTP][39m [37m<-- GET /wd/hub/session/e3ff0d8a-acc2-4f15-b6bb-c6903a6bcc7b/window/current/size [39m[32m200[39m [90m26 ms - 100[39m
[35m[HTTP][39m [90m[39m
[35m[HTTP][39m [37m-->[39m [37mPOST[39m [37m/wd/hub/session/e3ff0d8a-acc2-4f15-b6bb-c6903a6bcc7b/elements[39m
[35m[HTTP][39m [90m{"using":"-android uiautomator","value":"new UiSelector().className(\"android.widget.Button\").text(\"OK\").resourceId(\"com.abaxis.vetscan_vue.dev:id/showcase_button\").instance(0)"}[39m
[35m[HTTP][39m [37m<-- POST /wd/hub/session/e3ff0d8a-acc2-4f15-b6bb-c6903a6bcc7b/elements [39m[32m200[39m [90m230 ms - 124[39m
[35m[HTTP][39m [90m[39m
[35m[HTTP][39m [37m-->[39m [37mGET[39m [37m/wd/hub/session/e3ff0d8a-acc2-4f15-b6bb-c6903a6bcc7b[39m
[35m[HTTP][39m [90m{}[39m
[35m[HTTP][39m [37m<-- GET /wd/hub/session/e3ff0d8a-acc2-4f15-b6bb-c6903a6bcc7b [39m[32m200[39m [90m29 ms - 1133[39m
[35m[HTTP][39m [90m[39m
[35m[HTTP][39m [37m-->[39m [37mGET[39m [37m/wd/hub/session/e3ff0d8a-acc2-4f15-b6bb-c6903a6bcc7b[39m
[35m[HTTP][39m [90m{}[39m
[35m[HTTP][39m [37m<-- GET /wd/hub/session/e3ff0d8a-acc2-4f15-b6bb-c6903a6bcc7b [39m[32m200[39m [90m18 ms - 1133[39m
[35m[HTTP][39m [90m[39m
[35m[HTTP][39m [37m-->[39m [37mGET[39m [37m/wd/hub/session/e3ff0d8a-acc2-4f15-b6bb-c6903a6bcc7b[39m
[35m[HTTP][39m [90m{}[39m
[35m[HTTP][39m [37m<-- GET /wd/hub/session/e3ff0d8a-acc2-4f15-b6bb-c6903a6bcc7b [39m[32m200[39m [90m15 ms - 1133[39m
[35m[HTTP][39m [90m[39m
[35m[HTTP][39m [37m-->[39m [37mGET[39m [37m/wd/hub/session/e3ff0d8a-acc2-4f15-b6bb-c6903a6bcc7b[39m
[35m[HTTP][39m [90m{}[39m
[35m[HTTP][39m [37m<-- GET /wd/hub/session/e3ff0d8a-acc2-4f15-b6bb-c6903a6bcc7b [39m[32m200[39m [90m14 ms - 1133[39m
[35m[HTTP][39m [90m[39m
[35m[HTTP][39m [37m-->[39m [37mGET[39m [37m/wd/hub/session/e3ff0d8a-acc2-4f15-b6bb-c6903a6bcc7b/element/3eabf677-105c-41d6-9523-3ef417c8d756/location[39m
[35m[HTTP][39m [90m{}[39m
[35m[W3C][39m Driver proxy active, passing request on via HTTP proxy
[35m[JSONWP Proxy][39m Replacing sessionId 47eba71b-c918-4570-bf09-0b7bf0b6cee7 with e3ff0d8a-acc2-4f15-b6bb-c6903a6bcc7b
[35m[HTTP][39m [37m<-- GET /wd/hub/session/e3ff0d8a-acc2-4f15-b6bb-c6903a6bcc7b/element/3eabf677-105c-41d6-9523-3ef417c8d756/location [39m[32m200[39m [90m657 ms - 90[39m
[35m[HTTP][39m [90m[39m
[35m[HTTP][39m [37m-->[39m [37mPOST[39m [37m/wd/hub/session/e3ff0d8a-acc2-4f15-b6bb-c6903a6bcc7b/touch/perform[39m
[35m[HTTP][39m [90m{"actions":[{"action":"tap","options":{"element":"3eabf677-105c-41d6-9523-3ef417c8d756","x":1,"y":1}}]}[39m
[35m[UiAutomator2][39m calling get location: 3eabf677-105c-41d6-9523-3ef417c8d756
[35m[HTTP][39m [37m<-- POST /wd/hub/session/e3ff0d8a-acc2-4f15-b6bb-c6903a6bcc7b/touch/perform [39m[32m200[39m [90m826 ms - 76[39m
[35m[HTTP][39m [90m[39m
[35m[HTTP][39m [37m-->[39m [37mGET[39m [37m/wd/hub/session/e3ff0d8a-acc2-4f15-b6bb-c6903a6bcc7b/window/current/size[39m
[35m[HTTP][39m [90m{}[39m
[35m[W3C][39m Driver proxy active, passing request on via HTTP proxy
[35m[JSONWP Proxy][39m Replacing sessionId 47eba71b-c918-4570-bf09-0b7bf0b6cee7 with e3ff0d8a-acc2-4f15-b6bb-c6903a6bcc7b
[35m[HTTP][39m [37m<-- GET /wd/hub/session/e3ff0d8a-acc2-4f15-b6bb-c6903a6bcc7b/window/current/size [39m[32m200[39m [90m48 ms - 100[39m
[35m[HTTP][39m [90m[39m
[35m[HTTP][39m [37m-->[39m [37mPOST[39m [37m/wd/hub/session/e3ff0d8a-acc2-4f15-b6bb-c6903a6bcc7b/elements[39m
[35m[HTTP][39m [90m{"using":"xpath","value":"//hierarchy/android.widget.FrameLayout[1]/android.widget.LinearLayout[1]/android.widget.FrameLayout[1]/android.widget.FrameLayout[1]/android.widget.FrameLayout[1]/android.widget.RelativeLayout[1]/android.view.ViewGroup[1]/android.widget.RelativeLayout[1]/android.view.ViewGroup[1]/android.widget.ImageButton[1]"}[39m
[35m[HTTP][39m [37m<-- POST /wd/hub/session/e3ff0d8a-acc2-4f15-b6bb-c6903a6bcc7b/elements [39m[32m200[39m [90m106 ms - 124[39m
[35m[HTTP][39m [90m[39m
[35m[HTTP][39m [37m-->[39m [37mGET[39m [37m/wd/hub/session/e3ff0d8a-acc2-4f15-b6bb-c6903a6bcc7b[39m
[35m[HTTP][39m [90m{}[39m
[35m[HTTP][39m [37m<-- GET /wd/hub/session/e3ff0d8a-acc2-4f15-b6bb-c6903a6bcc7b [39m[32m200[39m [90m13 ms - 1133[39m
[35m[HTTP][39m [90m[39m
[35m[HTTP][39m [37m-->[39m [37mGET[39m [37m/wd/hub/session/e3ff0d8a-acc2-4f15-b6bb-c6903a6bcc7b[39m
[35m[HTTP][39m [90m{}[39m
[35m[HTTP][39m [37m<-- GET /wd/hub/session/e3ff0d8a-acc2-4f15-b6bb-c6903a6bcc7b [39m[32m200[39m [90m16 ms - 1133[39m
[35m[HTTP][39m [90m[39m
[35m[HTTP][39m [37m-->[39m [37mGET[39m [37m/wd/hub/session/e3ff0d8a-acc2-4f15-b6bb-c6903a6bcc7b[39m
[35m[HTTP][39m [90m{}[39m
[35m[HTTP][39m [37m<-- GET /wd/hub/session/e3ff0d8a-acc2-4f15-b6bb-c6903a6bcc7b [39m[32m200[39m [90m19 ms - 1133[39m
[35m[HTTP][39m [90m[39m
[35m[HTTP][39m [37m-->[39m [37mGET[39m [37m/wd/hub/session/e3ff0d8a-acc2-4f15-b6bb-c6903a6bcc7b[39m
[35m[HTTP][39m [90m{}[39m
[35m[HTTP][39m [37m<-- GET /wd/hub/session/e3ff0d8a-acc2-4f15-b6bb-c6903a6bcc7b [39m[32m200[39m [90m18 ms - 1133[39m
[35m[HTTP][39m [90m[39m
[35m[HTTP][39m [37m-->[39m [37mGET[39m [37m/wd/hub/session/e3ff0d8a-acc2-4f15-b6bb-c6903a6bcc7b/element/f3d5e7a9-6843-4e53-bd24-cdff9bdcec99/location[39m
[35m[HTTP][39m [90m{}[39m
[35m[W3C][39m Driver proxy active, passing request on via HTTP proxy
[35m[JSONWP Proxy][39m Replacing sessionId 47eba71b-c918-4570-bf09-0b7bf0b6cee7 with e3ff0d8a-acc2-4f15-b6bb-c6903a6bcc7b
[35m[HTTP][39m [37m<-- GET /wd/hub/session/e3ff0d8a-acc2-4f15-b6bb-c6903a6bcc7b/element/f3d5e7a9-6843-4e53-bd24-cdff9bdcec99/location [39m[32m200[39m [90m29 ms - 91[39m
[35m[HTTP][39m [90m[39m
[35m[HTTP][39m [37m-->[39m [37mPOST[39m [37m/wd/hub/session/e3ff0d8a-acc2-4f15-b6bb-c6903a6bcc7b/touch/perform[39m
[35m[HTTP][39m [90m{"actions":[{"action":"tap","options":{"element":"f3d5e7a9-6843-4e53-bd24-cdff9bdcec99","x":1,"y":1}}]}[39m
[35m[UiAutomator2][39m calling get location: f3d5e7a9-6843-4e53-bd24-cdff9bdcec99
[35m[HTTP][39m [37m<-- POST /wd/hub/session/e3ff0d8a-acc2-4f15-b6bb-c6903a6bcc7b/touch/perform [39m[32m200[39m [90m69 ms - 76[39m
[35m[HTTP][39m [90m[39m
[35m[HTTP][39m [37m-->[39m [37mGET[39m [37m/wd/hub/session/e3ff0d8a-acc2-4f15-b6bb-c6903a6bcc7b/window/current/size[39m
[35m[HTTP][39m [90m{}[39m
[35m[W3C][39m Driver proxy active, passing request on via HTTP proxy
[35m[JSONWP Proxy][39m Replacing sessionId 47eba71b-c918-4570-bf09-0b7bf0b6cee7 with e3ff0d8a-acc2-4f15-b6bb-c6903a6bcc7b
[35m[HTTP][39m [37m<-- GET /wd/hub/session/e3ff0d8a-acc2-4f15-b6bb-c6903a6bcc7b/window/current/size [39m[32m200[39m [90m24 ms - 100[39m
[35m[HTTP][39m [90m[39m
[35m[HTTP][39m [37m-->[39m [37mPOST[39m [37m/wd/hub/session/e3ff0d8a-acc2-4f15-b6bb-c6903a6bcc7b/elements[39m
[35m[HTTP][39m [90m{"using":"xpath","value":"//hierarchy/android.widget.FrameLayout[1]/android.widget.LinearLayout[1]/android.widget.FrameLayout[1]/android.widget.FrameLayout[1]/android.widget.FrameLayout[1]/android.widget.RelativeLayout[1]/android.view.ViewGroup[1]/android.widget.RelativeLayout[1]/android.view.ViewGroup[1]/android.widget.ImageButton[2]"}[39m
[35m[HTTP][39m [37m<-- POST /wd/hub/session/e3ff0d8a-acc2-4f15-b6bb-c6903a6bcc7b/elements [39m[32m200[39m [90m920 ms - 124[39m
[35m[HTTP][39m [90m[39m
[35m[HTTP][39m [37m-->[39m [37mGET[39m [37m/wd/hub/session/e3ff0d8a-acc2-4f15-b6bb-c6903a6bcc7b[39m
[35m[HTTP][39m [90m{}[39m
[35m[HTTP][39m [37m<-- GET /wd/hub/session/e3ff0d8a-acc2-4f15-b6bb-c6903a6bcc7b [39m[32m200[39m [90m23 ms - 1133[39m
[35m[HTTP][39m [90m[39m
[35m[HTTP][39m [37m-->[39m [37mGET[39m [37m/wd/hub/session/e3ff0d8a-acc2-4f15-b6bb-c6903a6bcc7b[39m
[35m[HTTP][39m [90m{}[39m
[35m[HTTP][39m [37m<-- GET /wd/hub/session/e3ff0d8a-acc2-4f15-b6bb-c6903a6bcc7b [39m[32m200[39m [90m17 ms - 1133[39m
[35m[HTTP][39m [90m[39m
[35m[HTTP][39m [37m-->[39m [37mGET[39m [37m/wd/hub/session/e3ff0d8a-acc2-4f15-b6bb-c6903a6bcc7b[39m
[35m[HTTP][39m [90m{}[39m
[35m[HTTP][39m [37m<-- GET /wd/hub/session/e3ff0d8a-acc2-4f15-b6bb-c6903a6bcc7b [39m[32m200[39m [90m17 ms - 1133[39m
[35m[HTTP][39m [90m[39m
[35m[HTTP][39m [37m-->[39m [37mGET[39m [37m/wd/hub/session/e3ff0d8a-acc2-4f15-b6bb-c6903a6bcc7b[39m
[35m[HTTP][39m [90m{}[39m
[35m[HTTP][39m [37m<-- GET /wd/hub/session/e3ff0d8a-acc2-4f15-b6bb-c6903a6bcc7b [39m[32m200[39m [90m13 ms - 1133[39m
[35m[HTTP][39m [90m[39m
[35m[HTTP][39m [37m-->[39m [37mGET[39m [37m/wd/hub/session/e3ff0d8a-acc2-4f15-b6bb-c6903a6bcc7b/element/d03d3a72-3aec-4c54-beeb-685d81359fdc/location[39m
[35m[HTTP][39m [90m{}[39m
[35m[W3C][39m Driver proxy active, passing request on via HTTP proxy
[35m[JSONWP Proxy][39m Replacing sessionId 47eba71b-c918-4570-bf09-0b7bf0b6cee7 with e3ff0d8a-acc2-4f15-b6bb-c6903a6bcc7b
[35m[HTTP][39m [37m<-- GET /wd/hub/session/e3ff0d8a-acc2-4f15-b6bb-c6903a6bcc7b/element/d03d3a72-3aec-4c54-beeb-685d81359fdc/location [39m[32m200[39m [90m436 ms - 91[39m
[35m[HTTP][39m [90m[39m
[35m[HTTP][39m [37m-->[39m [37mPOST[39m [37m/wd/hub/session/e3ff0d8a-acc2-4f15-b6bb-c6903a6bcc7b/touch/perform[39m
[35m[HTTP][39m [90m{"actions":[{"action":"tap","options":{"element":"d03d3a72-3aec-4c54-beeb-685d81359fdc","x":1,"y":1}}]}[39m
[35m[UiAutomator2][39m calling get location: d03d3a72-3aec-4c54-beeb-685d81359fdc
[35m[HTTP][39m [37m<-- POST /wd/hub/session/e3ff0d8a-acc2-4f15-b6bb-c6903a6bcc7b/touch/perform [39m[32m200[39m [90m76 ms - 76[39m
[35m[HTTP][39m [90m[39m
[35m[HTTP][39m [37m-->[39m [37mGET[39m [37m/wd/hub/session/e3ff0d8a-acc2-4f15-b6bb-c6903a6bcc7b/window/current/size[39m
[35m[HTTP][39m [90m{}[39m
[35m[W3C][39m Driver proxy active, passing request on via HTTP proxy
[35m[JSONWP Proxy][39m Replacing sessionId 47eba71b-c918-4570-bf09-0b7bf0b6cee7 with e3ff0d8a-acc2-4f15-b6bb-c6903a6bcc7b
[35m[HTTP][39m [37m<-- GET /wd/hub/session/e3ff0d8a-acc2-4f15-b6bb-c6903a6bcc7b/window/current/size [39m[32m200[39m [90m60 ms - 100[39m
[35m[HTTP][39m [90m[39m
[35m[HTTP][39m [37m-->[39m [37mPOST[39m [37m/wd/hub/session/e3ff0d8a-acc2-4f15-b6bb-c6903a6bcc7b/elements[39m
[35m[HTTP][39m [90m{"using":"-android uiautomator","value":"new UiSelector().className(\"android.widget.ImageView\").resourceId(\"com.abaxis.vetscan_vue.dev:id/toolbar_home_button\").instance(0)"}[39m
[35m[HTTP][39m [37m<-- POST /wd/hub/session/e3ff0d8a-acc2-4f15-b6bb-c6903a6bcc7b/elements [39m[32m200[39m [90m96 ms - 124[39m
[35m[HTTP][39m [90m[39m
[35m[HTTP][39m [37m-->[39m [37mGET[39m [37m/wd/hub/session/e3ff0d8a-acc2-4f15-b6bb-c6903a6bcc7b[39m
[35m[HTTP][39m [90m{}[39m
[35m[HTTP][39m [37m<-- GET /wd/hub/session/e3ff0d8a-acc2-4f15-b6bb-c6903a6bcc7b [39m[32m200[39m [90m20 ms - 1133[39m
[35m[HTTP][39m [90m[39m
[35m[HTTP][39m [37m-->[39m [37mGET[39m [37m/wd/hub/session/e3ff0d8a-acc2-4f15-b6bb-c6903a6bcc7b[39m
[35m[HTTP][39m [90m{}[39m
[35m[HTTP][39m [37m<-- GET /wd/hub/session/e3ff0d8a-acc2-4f15-b6bb-c6903a6bcc7b [39m[32m200[39m [90m19 ms - 1133[39m
[35m[HTTP][39m [90m[39m
[35m[HTTP][39m [37m-->[39m [37mGET[39m [37m/wd/hub/session/e3ff0d8a-acc2-4f15-b6bb-c6903a6bcc7b[39m
[35m[HTTP][39m [90m{}[39m
[35m[HTTP][39m [37m<-- GET /wd/hub/session/e3ff0d8a-acc2-4f15-b6bb-c6903a6bcc7b [39m[32m200[39m [90m18 ms - 1133[39m
[35m[HTTP][39m [90m[39m
[35m[HTTP][39m [37m-->[39m [37mGET[39m [37m/wd/hub/session/e3ff0d8a-acc2-4f15-b6bb-c6903a6bcc7b[39m
[35m[HTTP][39m [90m{}[39m
[35m[HTTP][39m [37m<-- GET /wd/hub/session/e3ff0d8a-acc2-4f15-b6bb-c6903a6bcc7b [39m[32m200[39m [90m17 ms - 1133[39m
[35m[HTTP][39m [90m[39m
[35m[HTTP][39m [37m-->[39m [37mGET[39m [37m/wd/hub/session/e3ff0d8a-acc2-4f15-b6bb-c6903a6bcc7b/element/2ef11c5d-1aab-43db-a48a-bb818b43c4d4/location[39m
[35m[HTTP][39m [90m{}[39m
[35m[W3C][39m Driver proxy active, passing request on via HTTP proxy
[35m[JSONWP Proxy][39m Replacing sessionId 47eba71b-c918-4570-bf09-0b7bf0b6cee7 with e3ff0d8a-acc2-4f15-b6bb-c6903a6bcc7b
[35m[HTTP][39m [37m<-- GET /wd/hub/session/e3ff0d8a-acc2-4f15-b6bb-c6903a6bcc7b/element/2ef11c5d-1aab-43db-a48a-bb818b43c4d4/location [39m[32m200[39m [90m37 ms - 87[39m
[35m[HTTP][39m [90m[39m
[35m[HTTP][39m [37m-->[39m [37mPOST[39m [37m/wd/hub/session/e3ff0d8a-acc2-4f15-b6bb-c6903a6bcc7b/touch/perform[39m
[35m[HTTP][39m [90m{"actions":[{"action":"tap","options":{"element":"2ef11c5d-1aab-43db-a48a-bb818b43c4d4","x":1,"y":1}}]}[39m
[35m[UiAutomator2][39m calling get location: 2ef11c5d-1aab-43db-a48a-bb818b43c4d4
[35m[HTTP][39m [37m<-- POST /wd/hub/session/e3ff0d8a-acc2-4f15-b6bb-c6903a6bcc7b/touch/perform [39m[32m200[39m [90m1246 ms - 76[39m
[35m[HTTP][39m [90m[39m
[35m[HTTP][39m [37m-->[39m [37mDELETE[39m [37m/wd/hub/session/e3ff0d8a-acc2-4f15-b6bb-c6903a6bcc7b[39m
[35m[HTTP][39m [90m{}[39m
[35m[Appium][39m Removing session e3ff0d8a-acc2-4f15-b6bb-c6903a6bcc7b from our master session list
[35m[ADB][39m com.abaxis.vetscan_vue.dev was successfully uninstalled
[35m[HTTP][39m [37m<-- DELETE /wd/hub/session/e3ff0d8a-acc2-4f15-b6bb-c6903a6bcc7b [39m[32m200[39m [90m3249 ms - 76[39m
[35m[HTTP][39m [90m[39m
