[35m[Appium][39m Welcome to Appium v1.8.1
[35m[Appium][39m Non-default server args:
[35m[Appium][39m   port: 55988
[35m[Appium][39m   loglevel: info
[35m[Appium][39m   chromeDriverPort: 55989
[35m[Appium][39m   tmpDir: C:\Users\Agato\AppData\Local\Temp\\Katalon\Appium\Temp1537253297979
[35m[Appium][39m Appium REST http interface listener started on 0.0.0.0:55988
[35m[HTTP][39m [37m-->[39m [37mGET[39m [37m/wd/hub/status[39m
[35m[HTTP][39m [90m{}[39m
[35m[HTTP][39m [37m<-- GET /wd/hub/status [39m[32m200[39m [90m7 ms - 83[39m
[35m[HTTP][39m [90m[39m
[35m[HTTP][39m [37m-->[39m [37mPOST[39m [37m/wd/hub/session[39m
[35m[HTTP][39m [90m{"desiredCapabilities":{"app":"C:\\temp\\app-development-debug.apk","autoGrantPermissions":true,"automationName":"uiautomator2","deviceName":"samsung SM-G920F (Android 7.0)","fullReset":true,"newCommandTimeout":1800,"noReset":false,"platform":"ANDROID","platformName":"Android","udid":"10160a0973263f03"},"capabilities":{"desiredCapabilities":{"app":"C:\\temp\\app-development-debug.apk","autoGrantPermissions":true,"automationName":"uiautomator2","deviceName":"samsung SM-G920F (Android 7.0)","fullReset":true,"newCommandTimeout":1800,"noReset":false,"platform":"ANDROID","platformName":"Android","udid":"10160a0973263f03"},"firstMatch":[{"platformName":"android"}]}}[39m
[35m[Appium][39m Could not parse W3C capabilities: 'deviceName' can't be blank. Falling back to JSONWP protocol.
[35m[Appium][39m The following capabilities were provided in the JSONWP desired capabilities that are missing in W3C capabilities: ["app","autoGrantPermissions","automationName","deviceName","fullReset","newCommandTimeout","noReset","platform","platformName","udid"]. Falling back to JSONWP protocol.
[35m[Appium][39m Creating new AndroidUiautomator2Driver (v1.12.0) session
[35m[Appium][39m Capabilities:
[35m[Appium][39m   app: C:\temp\app-development-debug.apk
[35m[Appium][39m   autoGrantPermissions: true
[35m[Appium][39m   automationName: uiautomator2
[35m[Appium][39m   deviceName: samsung SM-G920F (Android 7.0)
[35m[Appium][39m   fullReset: true
[35m[Appium][39m   newCommandTimeout: 1800
[35m[Appium][39m   noReset: false
[35m[Appium][39m   platform: ANDROID
[35m[Appium][39m   platformName: Android
[35m[Appium][39m   udid: 10160a0973263f03
[35m[BaseDriver][39m The following capabilities were provided, but are not recognized by appium: platform.
[35m[BaseDriver][39m Session created with session id: f37dd056-16d8-48fb-9a2a-245c92fd2137
[35m[BaseDriver][39m Using local app 'C:\temp\app-development-debug.apk'
[35m[AndroidDriver][39m Java version is: 1.8.0_102
[35m[ADB][39m Checking whether adb is present
[35m[ADB][39m Found 1 'build-tools' folders under 'C:\Users\Agato\.katalon\tools\android_sdk' (newest first):
[35m[ADB][39m     C:/Users/Agato/.katalon/tools/android_sdk/build-tools/28.0.1
[35m[ADB][39m Using adb.exe from C:\Users\Agato\.katalon\tools\android_sdk\platform-tools\adb.exe
[35m[AndroidDriver][39m Retrieving device list
[35m[AndroidDriver][39m Using device: 10160a0973263f03
[35m[ADB][39m Using the alternative activity name detection method because of: Could not find apkanalyzer.bat in C:\Users\Agato\.katalon\tools\android_sdk\platform-tools\apkanalyzer.bat,C:\Users\Agato\.katalon\tools\android_sdk\emulator\apkanalyzer.bat,C:\Users\Agato\.katalon\tools\android_sdk\tools\apkanalyzer.bat,C:\Users\Agato\.katalon\tools\android_sdk\tools\bin\apkanalyzer.bat,C:\Users\Agato\.katalon\tools\android_sdk\build-tools\28.0.1\apkanalyzer.bat. Do you have the Android SDK installed at 'C:\Users\Agato\.katalon\tools\android_sdk'?
[35m[ADB][39m Checking whether aapt is present
[35m[ADB][39m Using aapt.exe from C:\Users\Agato\.katalon\tools\android_sdk\build-tools\28.0.1\aapt.exe
[35m[ADB][39m Extracting package and launch activity from manifest
[35m[ADB][39m Package name: 'com.abaxis.vetscan_vue.dev'
[35m[ADB][39m Main activity name: 'com.abaxis.vetscanvue.presentation.screens.activities.splash.SplashActivity'
[35m[ADB][39m Getting device platform version
[35m[ADB][39m Using apksigner.bat from C:\Users\Agato\.katalon\tools\android_sdk\build-tools\28.0.1\apksigner.bat
[35m[ADB][39m Checking whether zipalign is present
[35m[ADB][39m Using zipalign.exe from C:\Users\Agato\.katalon\tools\android_sdk\build-tools\28.0.1\zipalign.exe
[35m[ADB][39m io.appium.uiautomator2.server was successfully uninstalled
[35m[ADB][39m io.appium.uiautomator2.server.test was successfully uninstalled
[35m[AndroidDriver][39m setDeviceLanguageCountry requires language or country.
[35m[AndroidDriver][39m Got language: 'null' and country: 'null'
[35m[ADB][39m Successfully extracted 667 strings from 'C:\temp\app-development-debug.apk' resources for '(default)' configuration
[35m[ADB][39m com.abaxis.vetscan_vue.dev was not uninstalled, because it was not present on the device
[35m[UiAutomator2][39m Starting uiautomator2 server 1.12.0
[35m[UiAutomator2][39m Using UIAutomator2 server from 'C:\Users\Agato\AppData\Roaming\npm\node_modules\appium\node_modules\appium-uiautomator2-server\apks\appium-uiautomator2-server-v1.12.0.apk' and test from 'C:\Users\Agato\AppData\Roaming\npm\node_modules\appium\node_modules\appium-uiautomator2-server\apks\appium-uiautomator2-server-debug-androidTest.apk'
[35m[UiAutomator2][39m Running command: 'adb -s 10160a0973263f03 shell am instrument -w io.appium.uiautomator2.server.test/android.support.test.runner.AndroidJUnitRunner'
[35m[UiAutomator2][39m Waiting up to 20000ms for UiAutomator2 to be online...
[35m[AndroidDriver][39m Screen already unlocked, doing nothing
[35m[UiAutomator2][39m UiAutomator2 did not start the activity we were waiting for, 'com.abaxis.vetscan_vue.dev/com.abaxis.vetscanvue.presentation.screens.activities.splash.SplashActivity'. Starting it ourselves
[35m[Appium][39m New AndroidUiautomator2Driver session created successfully, session f37dd056-16d8-48fb-9a2a-245c92fd2137 added to master session list
[35m[HTTP][39m [37m<-- POST /wd/hub/session [39m[32m200[39m [90m74210 ms - 1133[39m
[35m[HTTP][39m [90m[39m
[35m[HTTP][39m [37m-->[39m [37mGET[39m [37m/wd/hub/status[39m
[35m[HTTP][39m [90m{}[39m
[35m[HTTP][39m [37m<-- GET /wd/hub/status [39m[32m200[39m [90m4 ms - 55[39m
[35m[HTTP][39m [90m[39m
[35m[HTTP][39m [37m-->[39m [37mPOST[39m [37m/wd/hub/session/f37dd056-16d8-48fb-9a2a-245c92fd2137/timeouts[39m
[35m[HTTP][39m [90m{"type":"implicit","ms":30000}[39m
[35m[HTTP][39m [37m<-- POST /wd/hub/session/f37dd056-16d8-48fb-9a2a-245c92fd2137/timeouts [39m[33m400[39m [90m16 ms - 5308[39m
[35m[HTTP][39m [90m[39m
[35m[HTTP][39m [37m-->[39m [37mGET[39m [37m/wd/hub/session/f37dd056-16d8-48fb-9a2a-245c92fd2137/window/current/size[39m
[35m[HTTP][39m [90m{}[39m
[35m[W3C][39m Driver proxy active, passing request on via HTTP proxy
[35m[JSONWP Proxy][39m Replacing sessionId 734438ed-a1f0-4e45-971c-be0e06046fb7 with f37dd056-16d8-48fb-9a2a-245c92fd2137
[35m[HTTP][39m [37m<-- GET /wd/hub/session/f37dd056-16d8-48fb-9a2a-245c92fd2137/window/current/size [39m[32m200[39m [90m23 ms - 100[39m
[35m[HTTP][39m [90m[39m
[35m[HTTP][39m [37m-->[39m [37mPOST[39m [37m/wd/hub/session/f37dd056-16d8-48fb-9a2a-245c92fd2137/elements[39m
[35m[HTTP][39m [90m{"using":"-android uiautomator","value":"new UiSelector().className(\"android.widget.ImageView\").resourceId(\"com.abaxis.vetscan_vue.dev:id/close_overview\").instance(1)"}[39m
[35m[HTTP][39m [37m<-- POST /wd/hub/session/f37dd056-16d8-48fb-9a2a-245c92fd2137/elements [39m[32m200[39m [90m298 ms - 74[39m
[35m[HTTP][39m [90m[39m
[35m[HTTP][39m [37m-->[39m [37mPOST[39m [37m/wd/hub/session/f37dd056-16d8-48fb-9a2a-245c92fd2137/elements[39m
[35m[HTTP][39m [90m{"using":"-android uiautomator","value":"new UiSelector().className(\"android.widget.ImageView\").resourceId(\"com.abaxis.vetscan_vue.dev:id/close_overview\").instance(1)"}[39m
[35m[HTTP][39m [37m<-- POST /wd/hub/session/f37dd056-16d8-48fb-9a2a-245c92fd2137/elements [39m[32m200[39m [90m225 ms - 74[39m
[35m[HTTP][39m [90m[39m
[35m[HTTP][39m [37m-->[39m [37mPOST[39m [37m/wd/hub/session/f37dd056-16d8-48fb-9a2a-245c92fd2137/elements[39m
[35m[HTTP][39m [90m{"using":"-android uiautomator","value":"new UiSelector().className(\"android.widget.ImageView\").resourceId(\"com.abaxis.vetscan_vue.dev:id/close_overview\").instance(1)"}[39m
[35m[HTTP][39m [37m<-- POST /wd/hub/session/f37dd056-16d8-48fb-9a2a-245c92fd2137/elements [39m[32m200[39m [90m1059 ms - 124[39m
[35m[HTTP][39m [90m[39m
[35m[HTTP][39m [37m-->[39m [37mGET[39m [37m/wd/hub/session/f37dd056-16d8-48fb-9a2a-245c92fd2137[39m
[35m[HTTP][39m [90m{}[39m
[35m[HTTP][39m [37m<-- GET /wd/hub/session/f37dd056-16d8-48fb-9a2a-245c92fd2137 [39m[32m200[39m [90m20 ms - 1133[39m
[35m[HTTP][39m [90m[39m
[35m[HTTP][39m [37m-->[39m [37mGET[39m [37m/wd/hub/session/f37dd056-16d8-48fb-9a2a-245c92fd2137[39m
[35m[HTTP][39m [90m{}[39m
[35m[HTTP][39m [37m<-- GET /wd/hub/session/f37dd056-16d8-48fb-9a2a-245c92fd2137 [39m[32m200[39m [90m23 ms - 1133[39m
[35m[HTTP][39m [90m[39m
[35m[HTTP][39m [37m-->[39m [37mGET[39m [37m/wd/hub/session/f37dd056-16d8-48fb-9a2a-245c92fd2137[39m
[35m[HTTP][39m [90m{}[39m
[35m[HTTP][39m [37m<-- GET /wd/hub/session/f37dd056-16d8-48fb-9a2a-245c92fd2137 [39m[32m200[39m [90m30 ms - 1133[39m
[35m[HTTP][39m [90m[39m
[35m[HTTP][39m [37m-->[39m [37mGET[39m [37m/wd/hub/session/f37dd056-16d8-48fb-9a2a-245c92fd2137[39m
[35m[HTTP][39m [90m{}[39m
[35m[HTTP][39m [37m<-- GET /wd/hub/session/f37dd056-16d8-48fb-9a2a-245c92fd2137 [39m[32m200[39m [90m32 ms - 1133[39m
[35m[HTTP][39m [90m[39m
[35m[HTTP][39m [37m-->[39m [37mGET[39m [37m/wd/hub/session/f37dd056-16d8-48fb-9a2a-245c92fd2137/element/3481008d-fdcb-4668-8db4-0e1fc2f29d1f/location[39m
[35m[HTTP][39m [90m{}[39m
[35m[W3C][39m Driver proxy active, passing request on via HTTP proxy
[35m[JSONWP Proxy][39m Replacing sessionId 734438ed-a1f0-4e45-971c-be0e06046fb7 with f37dd056-16d8-48fb-9a2a-245c92fd2137
[35m[HTTP][39m [37m<-- GET /wd/hub/session/f37dd056-16d8-48fb-9a2a-245c92fd2137/element/3481008d-fdcb-4668-8db4-0e1fc2f29d1f/location [39m[32m200[39m [90m57 ms - 90[39m
[35m[HTTP][39m [90m[39m
[35m[HTTP][39m [37m-->[39m [37mPOST[39m [37m/wd/hub/session/f37dd056-16d8-48fb-9a2a-245c92fd2137/touch/perform[39m
[35m[HTTP][39m [90m{"actions":[{"action":"tap","options":{"element":"3481008d-fdcb-4668-8db4-0e1fc2f29d1f","x":1,"y":1}}]}[39m
[35m[UiAutomator2][39m calling get location: 3481008d-fdcb-4668-8db4-0e1fc2f29d1f
[35m[HTTP][39m [37m<-- POST /wd/hub/session/f37dd056-16d8-48fb-9a2a-245c92fd2137/touch/perform [39m[32m200[39m [90m1358 ms - 76[39m
[35m[HTTP][39m [90m[39m
[35m[HTTP][39m [37m-->[39m [37mGET[39m [37m/wd/hub/session/f37dd056-16d8-48fb-9a2a-245c92fd2137/window/current/size[39m
[35m[HTTP][39m [90m{}[39m
[35m[W3C][39m Driver proxy active, passing request on via HTTP proxy
[35m[JSONWP Proxy][39m Replacing sessionId 734438ed-a1f0-4e45-971c-be0e06046fb7 with f37dd056-16d8-48fb-9a2a-245c92fd2137
[35m[HTTP][39m [37m<-- GET /wd/hub/session/f37dd056-16d8-48fb-9a2a-245c92fd2137/window/current/size [39m[32m200[39m [90m41 ms - 100[39m
[35m[HTTP][39m [90m[39m
[35m[HTTP][39m [37m-->[39m [37mPOST[39m [37m/wd/hub/session/f37dd056-16d8-48fb-9a2a-245c92fd2137/elements[39m
[35m[HTTP][39m [90m{"using":"-android uiautomator","value":"new UiSelector().className(\"android.widget.Button\").text(\"LOGIN\").resourceId(\"com.abaxis.vetscan_vue.dev:id/login_button\").instance(0)"}[39m
[35m[HTTP][39m [37m<-- POST /wd/hub/session/f37dd056-16d8-48fb-9a2a-245c92fd2137/elements [39m[32m200[39m [90m67 ms - 124[39m
[35m[HTTP][39m [90m[39m
[35m[HTTP][39m [37m-->[39m [37mGET[39m [37m/wd/hub/session/f37dd056-16d8-48fb-9a2a-245c92fd2137[39m
[35m[HTTP][39m [90m{}[39m
[35m[HTTP][39m [37m<-- GET /wd/hub/session/f37dd056-16d8-48fb-9a2a-245c92fd2137 [39m[32m200[39m [90m14 ms - 1133[39m
[35m[HTTP][39m [90m[39m
[35m[HTTP][39m [37m-->[39m [37mGET[39m [37m/wd/hub/session/f37dd056-16d8-48fb-9a2a-245c92fd2137[39m
[35m[HTTP][39m [90m{}[39m
[35m[HTTP][39m [37m<-- GET /wd/hub/session/f37dd056-16d8-48fb-9a2a-245c92fd2137 [39m[32m200[39m [90m18 ms - 1133[39m
[35m[HTTP][39m [90m[39m
[35m[HTTP][39m [37m-->[39m [37mGET[39m [37m/wd/hub/session/f37dd056-16d8-48fb-9a2a-245c92fd2137[39m
[35m[HTTP][39m [90m{}[39m
[35m[HTTP][39m [37m<-- GET /wd/hub/session/f37dd056-16d8-48fb-9a2a-245c92fd2137 [39m[32m200[39m [90m18 ms - 1133[39m
[35m[HTTP][39m [90m[39m
[35m[HTTP][39m [37m-->[39m [37mGET[39m [37m/wd/hub/session/f37dd056-16d8-48fb-9a2a-245c92fd2137[39m
[35m[HTTP][39m [90m{}[39m
[35m[HTTP][39m [37m<-- GET /wd/hub/session/f37dd056-16d8-48fb-9a2a-245c92fd2137 [39m[32m200[39m [90m23 ms - 1133[39m
[35m[HTTP][39m [90m[39m
[35m[HTTP][39m [37m-->[39m [37mGET[39m [37m/wd/hub/session/f37dd056-16d8-48fb-9a2a-245c92fd2137/element/f9e9b3f6-3222-4bb3-8f4f-c1a3decc3bd0/location[39m
[35m[HTTP][39m [90m{}[39m
[35m[W3C][39m Driver proxy active, passing request on via HTTP proxy
[35m[JSONWP Proxy][39m Replacing sessionId 734438ed-a1f0-4e45-971c-be0e06046fb7 with f37dd056-16d8-48fb-9a2a-245c92fd2137
[35m[HTTP][39m [37m<-- GET /wd/hub/session/f37dd056-16d8-48fb-9a2a-245c92fd2137/element/f9e9b3f6-3222-4bb3-8f4f-c1a3decc3bd0/location [39m[32m200[39m [90m43 ms - 88[39m
[35m[HTTP][39m [90m[39m
[35m[HTTP][39m [37m-->[39m [37mPOST[39m [37m/wd/hub/session/f37dd056-16d8-48fb-9a2a-245c92fd2137/touch/perform[39m
[35m[HTTP][39m [90m{"actions":[{"action":"tap","options":{"element":"f9e9b3f6-3222-4bb3-8f4f-c1a3decc3bd0","x":1,"y":1}}]}[39m
[35m[UiAutomator2][39m calling get location: f9e9b3f6-3222-4bb3-8f4f-c1a3decc3bd0
[35m[HTTP][39m [37m<-- POST /wd/hub/session/f37dd056-16d8-48fb-9a2a-245c92fd2137/touch/perform [39m[32m200[39m [90m2435 ms - 76[39m
[35m[HTTP][39m [90m[39m
[35m[HTTP][39m [37m-->[39m [37mGET[39m [37m/wd/hub/session/f37dd056-16d8-48fb-9a2a-245c92fd2137/window/current/size[39m
[35m[HTTP][39m [90m{}[39m
[35m[W3C][39m Driver proxy active, passing request on via HTTP proxy
[35m[JSONWP Proxy][39m Replacing sessionId 734438ed-a1f0-4e45-971c-be0e06046fb7 with f37dd056-16d8-48fb-9a2a-245c92fd2137
[35m[HTTP][39m [37m<-- GET /wd/hub/session/f37dd056-16d8-48fb-9a2a-245c92fd2137/window/current/size [39m[32m200[39m [90m47 ms - 100[39m
[35m[HTTP][39m [90m[39m
[35m[HTTP][39m [37m-->[39m [37mPOST[39m [37m/wd/hub/session/f37dd056-16d8-48fb-9a2a-245c92fd2137/elements[39m
[35m[HTTP][39m [90m{"using":"-android uiautomator","value":"new UiSelector().className(\"android.widget.ImageView\").resourceId(\"com.abaxis.vetscan_vue.dev:id/text_skip\").instance(1)"}[39m
[35m[HTTP][39m [37m<-- POST /wd/hub/session/f37dd056-16d8-48fb-9a2a-245c92fd2137/elements [39m[32m200[39m [90m120 ms - 124[39m
[35m[HTTP][39m [90m[39m
[35m[HTTP][39m [37m-->[39m [37mGET[39m [37m/wd/hub/session/f37dd056-16d8-48fb-9a2a-245c92fd2137[39m
[35m[HTTP][39m [90m{}[39m
[35m[HTTP][39m [37m<-- GET /wd/hub/session/f37dd056-16d8-48fb-9a2a-245c92fd2137 [39m[32m200[39m [90m23 ms - 1133[39m
[35m[HTTP][39m [90m[39m
[35m[HTTP][39m [37m-->[39m [37mGET[39m [37m/wd/hub/session/f37dd056-16d8-48fb-9a2a-245c92fd2137[39m
[35m[HTTP][39m [90m{}[39m
[35m[HTTP][39m [37m<-- GET /wd/hub/session/f37dd056-16d8-48fb-9a2a-245c92fd2137 [39m[32m200[39m [90m18 ms - 1133[39m
[35m[HTTP][39m [90m[39m
[35m[HTTP][39m [37m-->[39m [37mGET[39m [37m/wd/hub/session/f37dd056-16d8-48fb-9a2a-245c92fd2137[39m
[35m[HTTP][39m [90m{}[39m
[35m[HTTP][39m [37m<-- GET /wd/hub/session/f37dd056-16d8-48fb-9a2a-245c92fd2137 [39m[32m200[39m [90m17 ms - 1133[39m
[35m[HTTP][39m [90m[39m
[35m[HTTP][39m [37m-->[39m [37mGET[39m [37m/wd/hub/session/f37dd056-16d8-48fb-9a2a-245c92fd2137[39m
[35m[HTTP][39m [90m{}[39m
[35m[HTTP][39m [37m<-- GET /wd/hub/session/f37dd056-16d8-48fb-9a2a-245c92fd2137 [39m[32m200[39m [90m18 ms - 1133[39m
[35m[HTTP][39m [90m[39m
[35m[HTTP][39m [37m-->[39m [37mGET[39m [37m/wd/hub/session/f37dd056-16d8-48fb-9a2a-245c92fd2137/element/a02888ff-aaba-4416-bf11-bbfae7adab48/location[39m
[35m[HTTP][39m [90m{}[39m
[35m[W3C][39m Driver proxy active, passing request on via HTTP proxy
[35m[JSONWP Proxy][39m Replacing sessionId 734438ed-a1f0-4e45-971c-be0e06046fb7 with f37dd056-16d8-48fb-9a2a-245c92fd2137
[35m[HTTP][39m [37m<-- GET /wd/hub/session/f37dd056-16d8-48fb-9a2a-245c92fd2137/element/a02888ff-aaba-4416-bf11-bbfae7adab48/location [39m[32m200[39m [90m33 ms - 89[39m
[35m[HTTP][39m [90m[39m
[35m[HTTP][39m [37m-->[39m [37mPOST[39m [37m/wd/hub/session/f37dd056-16d8-48fb-9a2a-245c92fd2137/touch/perform[39m
[35m[HTTP][39m [90m{"actions":[{"action":"tap","options":{"element":"a02888ff-aaba-4416-bf11-bbfae7adab48","x":1,"y":1}}]}[39m
[35m[UiAutomator2][39m calling get location: a02888ff-aaba-4416-bf11-bbfae7adab48
[35m[HTTP][39m [37m<-- POST /wd/hub/session/f37dd056-16d8-48fb-9a2a-245c92fd2137/touch/perform [39m[32m200[39m [90m3181 ms - 76[39m
[35m[HTTP][39m [90m[39m
[35m[HTTP][39m [37m-->[39m [37mGET[39m [37m/wd/hub/session/f37dd056-16d8-48fb-9a2a-245c92fd2137/window/current/size[39m
[35m[HTTP][39m [90m{}[39m
[35m[W3C][39m Driver proxy active, passing request on via HTTP proxy
[35m[JSONWP Proxy][39m Replacing sessionId 734438ed-a1f0-4e45-971c-be0e06046fb7 with f37dd056-16d8-48fb-9a2a-245c92fd2137
[35m[HTTP][39m [37m<-- GET /wd/hub/session/f37dd056-16d8-48fb-9a2a-245c92fd2137/window/current/size [39m[32m200[39m [90m19 ms - 100[39m
[35m[HTTP][39m [90m[39m
[35m[HTTP][39m [37m-->[39m [37mPOST[39m [37m/wd/hub/session/f37dd056-16d8-48fb-9a2a-245c92fd2137/elements[39m
[35m[HTTP][39m [90m{"using":"-android uiautomator","value":"new UiSelector().className(\"android.widget.Button\").text(\"YES\").resourceId(\"android:id/button1\").instance(1)"}[39m
[35m[HTTP][39m [37m<-- POST /wd/hub/session/f37dd056-16d8-48fb-9a2a-245c92fd2137/elements [39m[32m200[39m [90m72 ms - 124[39m
[35m[HTTP][39m [90m[39m
[35m[HTTP][39m [37m-->[39m [37mGET[39m [37m/wd/hub/session/f37dd056-16d8-48fb-9a2a-245c92fd2137[39m
[35m[HTTP][39m [90m{}[39m
[35m[HTTP][39m [37m<-- GET /wd/hub/session/f37dd056-16d8-48fb-9a2a-245c92fd2137 [39m[32m200[39m [90m15 ms - 1133[39m
[35m[HTTP][39m [90m[39m
[35m[HTTP][39m [37m-->[39m [37mGET[39m [37m/wd/hub/session/f37dd056-16d8-48fb-9a2a-245c92fd2137[39m
[35m[HTTP][39m [90m{}[39m
[35m[HTTP][39m [37m<-- GET /wd/hub/session/f37dd056-16d8-48fb-9a2a-245c92fd2137 [39m[32m200[39m [90m12 ms - 1133[39m
[35m[HTTP][39m [90m[39m
[35m[HTTP][39m [37m-->[39m [37mGET[39m [37m/wd/hub/session/f37dd056-16d8-48fb-9a2a-245c92fd2137[39m
[35m[HTTP][39m [90m{}[39m
[35m[HTTP][39m [37m<-- GET /wd/hub/session/f37dd056-16d8-48fb-9a2a-245c92fd2137 [39m[32m200[39m [90m12 ms - 1133[39m
[35m[HTTP][39m [90m[39m
[35m[HTTP][39m [37m-->[39m [37mGET[39m [37m/wd/hub/session/f37dd056-16d8-48fb-9a2a-245c92fd2137[39m
[35m[HTTP][39m [90m{}[39m
[35m[HTTP][39m [37m<-- GET /wd/hub/session/f37dd056-16d8-48fb-9a2a-245c92fd2137 [39m[32m200[39m [90m11 ms - 1133[39m
[35m[HTTP][39m [90m[39m
[35m[HTTP][39m [37m-->[39m [37mGET[39m [37m/wd/hub/session/f37dd056-16d8-48fb-9a2a-245c92fd2137/element/bbe2a37d-4dcf-46b0-8757-7201190b4b4e/location[39m
[35m[HTTP][39m [90m{}[39m
[35m[W3C][39m Driver proxy active, passing request on via HTTP proxy
[35m[JSONWP Proxy][39m Replacing sessionId 734438ed-a1f0-4e45-971c-be0e06046fb7 with f37dd056-16d8-48fb-9a2a-245c92fd2137
[35m[HTTP][39m [37m<-- GET /wd/hub/session/f37dd056-16d8-48fb-9a2a-245c92fd2137/element/bbe2a37d-4dcf-46b0-8757-7201190b4b4e/location [39m[32m200[39m [90m500 ms - 91[39m
[35m[HTTP][39m [90m[39m
[35m[HTTP][39m [37m-->[39m [37mPOST[39m [37m/wd/hub/session/f37dd056-16d8-48fb-9a2a-245c92fd2137/touch/perform[39m
[35m[HTTP][39m [90m{"actions":[{"action":"tap","options":{"element":"bbe2a37d-4dcf-46b0-8757-7201190b4b4e","x":1,"y":1}}]}[39m
[35m[UiAutomator2][39m calling get location: bbe2a37d-4dcf-46b0-8757-7201190b4b4e
[35m[HTTP][39m [37m<-- POST /wd/hub/session/f37dd056-16d8-48fb-9a2a-245c92fd2137/touch/perform [39m[32m200[39m [90m2200 ms - 76[39m
[35m[HTTP][39m [90m[39m
[35m[HTTP][39m [37m-->[39m [37mGET[39m [37m/wd/hub/session/f37dd056-16d8-48fb-9a2a-245c92fd2137/window/current/size[39m
[35m[HTTP][39m [90m{}[39m
[35m[W3C][39m Driver proxy active, passing request on via HTTP proxy
[35m[JSONWP Proxy][39m Replacing sessionId 734438ed-a1f0-4e45-971c-be0e06046fb7 with f37dd056-16d8-48fb-9a2a-245c92fd2137
[35m[HTTP][39m [37m<-- GET /wd/hub/session/f37dd056-16d8-48fb-9a2a-245c92fd2137/window/current/size [39m[32m200[39m [90m17 ms - 100[39m
[35m[HTTP][39m [90m[39m
[35m[HTTP][39m [37m-->[39m [37mPOST[39m [37m/wd/hub/session/f37dd056-16d8-48fb-9a2a-245c92fd2137/elements[39m
[35m[HTTP][39m [90m{"using":"-android uiautomator","value":"new UiSelector().className(\"android.widget.Button\").text(\"OK\").resourceId(\"com.abaxis.vetscan_vue.dev:id/showcase_button\").instance(0)"}[39m
[35m[HTTP][39m [37m<-- POST /wd/hub/session/f37dd056-16d8-48fb-9a2a-245c92fd2137/elements [39m[32m200[39m [90m181 ms - 124[39m
[35m[HTTP][39m [90m[39m
[35m[HTTP][39m [37m-->[39m [37mGET[39m [37m/wd/hub/session/f37dd056-16d8-48fb-9a2a-245c92fd2137[39m
[35m[HTTP][39m [90m{}[39m
[35m[HTTP][39m [37m<-- GET /wd/hub/session/f37dd056-16d8-48fb-9a2a-245c92fd2137 [39m[32m200[39m [90m11 ms - 1133[39m
[35m[HTTP][39m [90m[39m
[35m[HTTP][39m [37m-->[39m [37mGET[39m [37m/wd/hub/session/f37dd056-16d8-48fb-9a2a-245c92fd2137[39m
[35m[HTTP][39m [90m{}[39m
[35m[HTTP][39m [37m<-- GET /wd/hub/session/f37dd056-16d8-48fb-9a2a-245c92fd2137 [39m[32m200[39m [90m32 ms - 1133[39m
[35m[HTTP][39m [90m[39m
[35m[HTTP][39m [37m-->[39m [37mGET[39m [37m/wd/hub/session/f37dd056-16d8-48fb-9a2a-245c92fd2137[39m
[35m[HTTP][39m [90m{}[39m
[35m[HTTP][39m [37m<-- GET /wd/hub/session/f37dd056-16d8-48fb-9a2a-245c92fd2137 [39m[32m200[39m [90m15 ms - 1133[39m
[35m[HTTP][39m [90m[39m
[35m[HTTP][39m [37m-->[39m [37mGET[39m [37m/wd/hub/session/f37dd056-16d8-48fb-9a2a-245c92fd2137[39m
[35m[HTTP][39m [90m{}[39m
[35m[HTTP][39m [37m<-- GET /wd/hub/session/f37dd056-16d8-48fb-9a2a-245c92fd2137 [39m[32m200[39m [90m10 ms - 1133[39m
[35m[HTTP][39m [90m[39m
[35m[HTTP][39m [37m-->[39m [37mGET[39m [37m/wd/hub/session/f37dd056-16d8-48fb-9a2a-245c92fd2137/element/16a40041-385d-42a0-af26-5aa7caeed128/location[39m
[35m[HTTP][39m [90m{}[39m
[35m[W3C][39m Driver proxy active, passing request on via HTTP proxy
[35m[JSONWP Proxy][39m Replacing sessionId 734438ed-a1f0-4e45-971c-be0e06046fb7 with f37dd056-16d8-48fb-9a2a-245c92fd2137
[35m[HTTP][39m [37m<-- GET /wd/hub/session/f37dd056-16d8-48fb-9a2a-245c92fd2137/element/16a40041-385d-42a0-af26-5aa7caeed128/location [39m[32m200[39m [90m54 ms - 90[39m
[35m[HTTP][39m [90m[39m
[35m[HTTP][39m [37m-->[39m [37mPOST[39m [37m/wd/hub/session/f37dd056-16d8-48fb-9a2a-245c92fd2137/touch/perform[39m
[35m[HTTP][39m [90m{"actions":[{"action":"tap","options":{"element":"16a40041-385d-42a0-af26-5aa7caeed128","x":1,"y":1}}]}[39m
[35m[UiAutomator2][39m calling get location: 16a40041-385d-42a0-af26-5aa7caeed128
[35m[HTTP][39m [37m<-- POST /wd/hub/session/f37dd056-16d8-48fb-9a2a-245c92fd2137/touch/perform [39m[32m200[39m [90m855 ms - 76[39m
[35m[HTTP][39m [90m[39m
[35m[HTTP][39m [37m-->[39m [37mGET[39m [37m/wd/hub/session/f37dd056-16d8-48fb-9a2a-245c92fd2137/window/current/size[39m
[35m[HTTP][39m [90m{}[39m
[35m[W3C][39m Driver proxy active, passing request on via HTTP proxy
[35m[JSONWP Proxy][39m Replacing sessionId 734438ed-a1f0-4e45-971c-be0e06046fb7 with f37dd056-16d8-48fb-9a2a-245c92fd2137
[35m[HTTP][39m [37m<-- GET /wd/hub/session/f37dd056-16d8-48fb-9a2a-245c92fd2137/window/current/size [39m[32m200[39m [90m15 ms - 100[39m
[35m[HTTP][39m [90m[39m
[35m[HTTP][39m [37m-->[39m [37mPOST[39m [37m/wd/hub/session/f37dd056-16d8-48fb-9a2a-245c92fd2137/elements[39m
[35m[HTTP][39m [90m{"using":"xpath","value":"//hierarchy/android.widget.FrameLayout[1]/android.widget.LinearLayout[1]/android.widget.FrameLayout[1]/android.widget.FrameLayout[1]/android.widget.FrameLayout[1]/android.widget.RelativeLayout[1]/android.widget.RelativeLayout[1]/android.widget.HorizontalScrollView[1]/android.widget.LinearLayout[1]/android.widget.ImageButton[1]"}[39m
[35m[HTTP][39m [37m<-- POST /wd/hub/session/f37dd056-16d8-48fb-9a2a-245c92fd2137/elements [39m[32m200[39m [90m137 ms - 124[39m
[35m[HTTP][39m [90m[39m
[35m[HTTP][39m [37m-->[39m [37mGET[39m [37m/wd/hub/session/f37dd056-16d8-48fb-9a2a-245c92fd2137[39m
[35m[HTTP][39m [90m{}[39m
[35m[HTTP][39m [37m<-- GET /wd/hub/session/f37dd056-16d8-48fb-9a2a-245c92fd2137 [39m[32m200[39m [90m12 ms - 1133[39m
[35m[HTTP][39m [90m[39m
[35m[HTTP][39m [37m-->[39m [37mGET[39m [37m/wd/hub/session/f37dd056-16d8-48fb-9a2a-245c92fd2137[39m
[35m[HTTP][39m [90m{}[39m
[35m[HTTP][39m [37m<-- GET /wd/hub/session/f37dd056-16d8-48fb-9a2a-245c92fd2137 [39m[32m200[39m [90m11 ms - 1133[39m
[35m[HTTP][39m [90m[39m
[35m[HTTP][39m [37m-->[39m [37mGET[39m [37m/wd/hub/session/f37dd056-16d8-48fb-9a2a-245c92fd2137[39m
[35m[HTTP][39m [90m{}[39m
[35m[HTTP][39m [37m<-- GET /wd/hub/session/f37dd056-16d8-48fb-9a2a-245c92fd2137 [39m[32m200[39m [90m18 ms - 1133[39m
[35m[HTTP][39m [90m[39m
[35m[HTTP][39m [37m-->[39m [37mGET[39m [37m/wd/hub/session/f37dd056-16d8-48fb-9a2a-245c92fd2137[39m
[35m[HTTP][39m [90m{}[39m
[35m[HTTP][39m [37m<-- GET /wd/hub/session/f37dd056-16d8-48fb-9a2a-245c92fd2137 [39m[32m200[39m [90m15 ms - 1133[39m
[35m[HTTP][39m [90m[39m
[35m[HTTP][39m [37m-->[39m [37mGET[39m [37m/wd/hub/session/f37dd056-16d8-48fb-9a2a-245c92fd2137/element/781f7872-1f98-42d3-8603-e1eef5be42d8/location[39m
[35m[HTTP][39m [90m{}[39m
[35m[W3C][39m Driver proxy active, passing request on via HTTP proxy
[35m[JSONWP Proxy][39m Replacing sessionId 734438ed-a1f0-4e45-971c-be0e06046fb7 with f37dd056-16d8-48fb-9a2a-245c92fd2137
[35m[HTTP][39m [37m<-- GET /wd/hub/session/f37dd056-16d8-48fb-9a2a-245c92fd2137/element/781f7872-1f98-42d3-8603-e1eef5be42d8/location [39m[32m200[39m [90m44 ms - 86[39m
[35m[HTTP][39m [90m[39m
[35m[HTTP][39m [37m-->[39m [37mPOST[39m [37m/wd/hub/session/f37dd056-16d8-48fb-9a2a-245c92fd2137/touch/perform[39m
[35m[HTTP][39m [90m{"actions":[{"action":"tap","options":{"element":"781f7872-1f98-42d3-8603-e1eef5be42d8","x":1,"y":1}}]}[39m
[35m[UiAutomator2][39m calling get location: 781f7872-1f98-42d3-8603-e1eef5be42d8
[35m[HTTP][39m [37m<-- POST /wd/hub/session/f37dd056-16d8-48fb-9a2a-245c92fd2137/touch/perform [39m[32m200[39m [90m97 ms - 76[39m
[35m[HTTP][39m [90m[39m
[35m[HTTP][39m [37m-->[39m [37mDELETE[39m [37m/wd/hub/session/f37dd056-16d8-48fb-9a2a-245c92fd2137[39m
[35m[HTTP][39m [90m{}[39m
[35m[Appium][39m Removing session f37dd056-16d8-48fb-9a2a-245c92fd2137 from our master session list
[35m[ADB][39m com.abaxis.vetscan_vue.dev was successfully uninstalled
[35m[HTTP][39m [37m<-- DELETE /wd/hub/session/f37dd056-16d8-48fb-9a2a-245c92fd2137 [39m[32m200[39m [90m4991 ms - 76[39m
[35m[HTTP][39m [90m[39m
