[35m[Appium][39m Welcome to Appium v1.8.1
[35m[Appium][39m Non-default server args:
[35m[Appium][39m   port: 59734
[35m[Appium][39m   loglevel: info
[35m[Appium][39m   chromeDriverPort: 59735
[35m[Appium][39m   tmpDir: C:\Users\Agato\AppData\Local\Temp\\Katalon\Appium\Temp1536307291990
[35m[Appium][39m Appium REST http interface listener started on 0.0.0.0:59734
[35m[HTTP][39m [37m-->[39m [37mGET[39m [37m/wd/hub/status[39m
[35m[HTTP][39m [90m{}[39m
[35m[HTTP][39m [37m<-- GET /wd/hub/status [39m[32m200[39m [90m17 ms - 83[39m
[35m[HTTP][39m [90m[39m
[35m[HTTP][39m [37m-->[39m [37mPOST[39m [37m/wd/hub/session[39m
[35m[HTTP][39m [90m{"desiredCapabilities":{"app":"C:\\temp\\app-development-debug.apk","autoGrantPermissions":true,"automationName":"uiautomator2","deviceName":"samsung SM-G920F (Android 7.0)","fullReset":true,"newCommandTimeout":1800,"noReset":false,"platform":"ANDROID","platformName":"Android","udid":"10160a0973263f03"},"capabilities":{"desiredCapabilities":{"app":"C:\\temp\\app-development-debug.apk","autoGrantPermissions":true,"automationName":"uiautomator2","deviceName":"samsung SM-G920F (Android 7.0)","fullReset":true,"newCommandTimeout":1800,"noReset":false,"platform":"ANDROID","platformName":"Android","udid":"10160a0973263f03"},"firstMatch":[{"platformName":"android"}]}}[39m
[35m[Appium][39m Could not parse W3C capabilities: 'deviceName' can't be blank. Falling back to JSONWP protocol.
[35m[Appium][39m The following capabilities were provided in the JSONWP desired capabilities that are missing in W3C capabilities: ["app","autoGrantPermissions","automationName","deviceName","fullReset","newCommandTimeout","noReset","platform","platformName","udid"]. Falling back to JSONWP protocol.
[35m[Appium][39m Creating new AndroidUiautomator2Driver (v1.12.0) session
[35m[Appium][39m Capabilities:
[35m[Appium][39m   app: C:\temp\app-development-debug.apk
[35m[Appium][39m   autoGrantPermissions: true
[35m[Appium][39m   automationName: uiautomator2
[35m[Appium][39m   deviceName: samsung SM-G920F (Android 7.0)
[35m[Appium][39m   fullReset: true
[35m[Appium][39m   newCommandTimeout: 1800
[35m[Appium][39m   noReset: false
[35m[Appium][39m   platform: ANDROID
[35m[Appium][39m   platformName: Android
[35m[Appium][39m   udid: 10160a0973263f03
[35m[BaseDriver][39m The following capabilities were provided, but are not recognized by appium: platform.
[35m[BaseDriver][39m Session created with session id: a5f97c95-0ff0-4e3a-9c6a-119ccccdbd1b
[35m[BaseDriver][39m Using local app 'C:\temp\app-development-debug.apk'
[35m[AndroidDriver][39m Java version is: 1.8.0_102
[35m[ADB][39m Checking whether adb is present
[35m[ADB][39m Found 1 'build-tools' folders under 'C:\Users\Agato\.katalon\tools\android_sdk' (newest first):
[35m[ADB][39m     C:/Users/Agato/.katalon/tools/android_sdk/build-tools/28.0.1
[35m[ADB][39m Using adb.exe from C:\Users\Agato\.katalon\tools\android_sdk\platform-tools\adb.exe
[35m[AndroidDriver][39m Retrieving device list
[35m[AndroidDriver][39m Using device: 10160a0973263f03
[35m[ADB][39m Using the alternative activity name detection method because of: Could not find apkanalyzer.bat in C:\Users\Agato\.katalon\tools\android_sdk\platform-tools\apkanalyzer.bat,C:\Users\Agato\.katalon\tools\android_sdk\emulator\apkanalyzer.bat,C:\Users\Agato\.katalon\tools\android_sdk\tools\apkanalyzer.bat,C:\Users\Agato\.katalon\tools\android_sdk\tools\bin\apkanalyzer.bat,C:\Users\Agato\.katalon\tools\android_sdk\build-tools\28.0.1\apkanalyzer.bat. Do you have the Android SDK installed at 'C:\Users\Agato\.katalon\tools\android_sdk'?
[35m[ADB][39m Checking whether aapt is present
[35m[ADB][39m Using aapt.exe from C:\Users\Agato\.katalon\tools\android_sdk\build-tools\28.0.1\aapt.exe
[35m[ADB][39m Extracting package and launch activity from manifest
[35m[ADB][39m Package name: 'com.abaxis.vetscan_vue.dev'
[35m[ADB][39m Main activity name: 'com.abaxis.vetscanvue.presentation.screens.activities.splash.SplashActivity'
[35m[ADB][39m Getting device platform version
[35m[ADB][39m Using apksigner.bat from C:\Users\Agato\.katalon\tools\android_sdk\build-tools\28.0.1\apksigner.bat
[35m[ADB][39m Checking whether zipalign is present
[35m[ADB][39m Using zipalign.exe from C:\Users\Agato\.katalon\tools\android_sdk\build-tools\28.0.1\zipalign.exe
[35m[ADB][39m io.appium.uiautomator2.server was successfully uninstalled
[35m[ADB][39m io.appium.uiautomator2.server.test was successfully uninstalled
[35m[AndroidDriver][39m setDeviceLanguageCountry requires language or country.
[35m[AndroidDriver][39m Got language: 'null' and country: 'null'
[35m[ADB][39m Successfully extracted 667 strings from 'C:\temp\app-development-debug.apk' resources for '(default)' configuration
[35m[ADB][39m com.abaxis.vetscan_vue.dev was not uninstalled, because it was not present on the device
[35m[UiAutomator2][39m Starting uiautomator2 server 1.12.0
[35m[UiAutomator2][39m Using UIAutomator2 server from 'C:\Users\Agato\AppData\Roaming\npm\node_modules\appium\node_modules\appium-uiautomator2-server\apks\appium-uiautomator2-server-v1.12.0.apk' and test from 'C:\Users\Agato\AppData\Roaming\npm\node_modules\appium\node_modules\appium-uiautomator2-server\apks\appium-uiautomator2-server-debug-androidTest.apk'
[35m[UiAutomator2][39m Running command: 'adb -s 10160a0973263f03 shell am instrument -w io.appium.uiautomator2.server.test/android.support.test.runner.AndroidJUnitRunner'
[35m[UiAutomator2][39m Waiting up to 20000ms for UiAutomator2 to be online...
[35m[AndroidDriver][39m Screen already unlocked, doing nothing
[35m[UiAutomator2][39m UiAutomator2 did not start the activity we were waiting for, 'com.abaxis.vetscan_vue.dev/com.abaxis.vetscanvue.presentation.screens.activities.splash.SplashActivity'. Starting it ourselves
[35m[Appium][39m New AndroidUiautomator2Driver session created successfully, session a5f97c95-0ff0-4e3a-9c6a-119ccccdbd1b added to master session list
[35m[HTTP][39m [37m<-- POST /wd/hub/session [39m[32m200[39m [90m52835 ms - 1133[39m
[35m[HTTP][39m [90m[39m
[35m[HTTP][39m [37m-->[39m [37mGET[39m [37m/wd/hub/status[39m
[35m[HTTP][39m [90m{}[39m
[35m[HTTP][39m [37m<-- GET /wd/hub/status [39m[32m200[39m [90m3 ms - 55[39m
[35m[HTTP][39m [90m[39m
[35m[HTTP][39m [37m-->[39m [37mPOST[39m [37m/wd/hub/session/a5f97c95-0ff0-4e3a-9c6a-119ccccdbd1b/timeouts[39m
[35m[HTTP][39m [90m{"type":"implicit","ms":30000}[39m
[35m[HTTP][39m [37m<-- POST /wd/hub/session/a5f97c95-0ff0-4e3a-9c6a-119ccccdbd1b/timeouts [39m[33m400[39m [90m13 ms - 5308[39m
[35m[HTTP][39m [90m[39m
[35m[HTTP][39m [37m-->[39m [37mGET[39m [37m/wd/hub/session/a5f97c95-0ff0-4e3a-9c6a-119ccccdbd1b/window/current/size[39m
[35m[HTTP][39m [90m{}[39m
[35m[W3C][39m Driver proxy active, passing request on via HTTP proxy
[35m[JSONWP Proxy][39m Replacing sessionId 5e4f1e0a-3f93-4fc8-94ed-1d40a222c5bc with a5f97c95-0ff0-4e3a-9c6a-119ccccdbd1b
[35m[HTTP][39m [37m<-- GET /wd/hub/session/a5f97c95-0ff0-4e3a-9c6a-119ccccdbd1b/window/current/size [39m[32m200[39m [90m26 ms - 100[39m
[35m[HTTP][39m [90m[39m
[35m[HTTP][39m [37m-->[39m [37mPOST[39m [37m/wd/hub/session/a5f97c95-0ff0-4e3a-9c6a-119ccccdbd1b/elements[39m
[35m[HTTP][39m [90m{"using":"-android uiautomator","value":"new UiSelector().className(\"android.widget.ImageView\").resourceId(\"com.abaxis.vetscan_vue.dev:id/close_overview\").instance(1)"}[39m
[35m[HTTP][39m [37m<-- POST /wd/hub/session/a5f97c95-0ff0-4e3a-9c6a-119ccccdbd1b/elements [39m[32m200[39m [90m225 ms - 74[39m
[35m[HTTP][39m [90m[39m
[35m[HTTP][39m [37m-->[39m [37mPOST[39m [37m/wd/hub/session/a5f97c95-0ff0-4e3a-9c6a-119ccccdbd1b/elements[39m
[35m[HTTP][39m [90m{"using":"-android uiautomator","value":"new UiSelector().className(\"android.widget.ImageView\").resourceId(\"com.abaxis.vetscan_vue.dev:id/close_overview\").instance(1)"}[39m
[35m[HTTP][39m [37m<-- POST /wd/hub/session/a5f97c95-0ff0-4e3a-9c6a-119ccccdbd1b/elements [39m[32m200[39m [90m172 ms - 74[39m
[35m[HTTP][39m [90m[39m
[35m[HTTP][39m [37m-->[39m [37mPOST[39m [37m/wd/hub/session/a5f97c95-0ff0-4e3a-9c6a-119ccccdbd1b/elements[39m
[35m[HTTP][39m [90m{"using":"-android uiautomator","value":"new UiSelector().className(\"android.widget.ImageView\").resourceId(\"com.abaxis.vetscan_vue.dev:id/close_overview\").instance(1)"}[39m
[35m[HTTP][39m [37m<-- POST /wd/hub/session/a5f97c95-0ff0-4e3a-9c6a-119ccccdbd1b/elements [39m[32m200[39m [90m1012 ms - 124[39m
[35m[HTTP][39m [90m[39m
[35m[HTTP][39m [37m-->[39m [37mGET[39m [37m/wd/hub/session/a5f97c95-0ff0-4e3a-9c6a-119ccccdbd1b[39m
[35m[HTTP][39m [90m{}[39m
[35m[HTTP][39m [37m<-- GET /wd/hub/session/a5f97c95-0ff0-4e3a-9c6a-119ccccdbd1b [39m[32m200[39m [90m31 ms - 1133[39m
[35m[HTTP][39m [90m[39m
[35m[HTTP][39m [37m-->[39m [37mGET[39m [37m/wd/hub/session/a5f97c95-0ff0-4e3a-9c6a-119ccccdbd1b[39m
[35m[HTTP][39m [90m{}[39m
[35m[HTTP][39m [37m<-- GET /wd/hub/session/a5f97c95-0ff0-4e3a-9c6a-119ccccdbd1b [39m[32m200[39m [90m31 ms - 1133[39m
[35m[HTTP][39m [90m[39m
[35m[HTTP][39m [37m-->[39m [37mGET[39m [37m/wd/hub/session/a5f97c95-0ff0-4e3a-9c6a-119ccccdbd1b[39m
[35m[HTTP][39m [90m{}[39m
[35m[HTTP][39m [37m<-- GET /wd/hub/session/a5f97c95-0ff0-4e3a-9c6a-119ccccdbd1b [39m[32m200[39m [90m29 ms - 1133[39m
[35m[HTTP][39m [90m[39m
[35m[HTTP][39m [37m-->[39m [37mGET[39m [37m/wd/hub/session/a5f97c95-0ff0-4e3a-9c6a-119ccccdbd1b[39m
[35m[HTTP][39m [90m{}[39m
[35m[HTTP][39m [37m<-- GET /wd/hub/session/a5f97c95-0ff0-4e3a-9c6a-119ccccdbd1b [39m[32m200[39m [90m32 ms - 1133[39m
[35m[HTTP][39m [90m[39m
[35m[HTTP][39m [37m-->[39m [37mGET[39m [37m/wd/hub/session/a5f97c95-0ff0-4e3a-9c6a-119ccccdbd1b/element/2919bcbd-1edd-4096-ba3c-7bedb0ba1ed1/location[39m
[35m[HTTP][39m [90m{}[39m
[35m[W3C][39m Driver proxy active, passing request on via HTTP proxy
[35m[JSONWP Proxy][39m Replacing sessionId 5e4f1e0a-3f93-4fc8-94ed-1d40a222c5bc with a5f97c95-0ff0-4e3a-9c6a-119ccccdbd1b
[35m[HTTP][39m [37m<-- GET /wd/hub/session/a5f97c95-0ff0-4e3a-9c6a-119ccccdbd1b/element/2919bcbd-1edd-4096-ba3c-7bedb0ba1ed1/location [39m[32m200[39m [90m60 ms - 90[39m
[35m[HTTP][39m [90m[39m
[35m[HTTP][39m [37m-->[39m [37mPOST[39m [37m/wd/hub/session/a5f97c95-0ff0-4e3a-9c6a-119ccccdbd1b/touch/perform[39m
[35m[HTTP][39m [90m{"actions":[{"action":"tap","options":{"element":"2919bcbd-1edd-4096-ba3c-7bedb0ba1ed1","x":1,"y":1}}]}[39m
[35m[UiAutomator2][39m calling get location: 2919bcbd-1edd-4096-ba3c-7bedb0ba1ed1
[35m[HTTP][39m [37m<-- POST /wd/hub/session/a5f97c95-0ff0-4e3a-9c6a-119ccccdbd1b/touch/perform [39m[32m200[39m [90m1261 ms - 76[39m
[35m[HTTP][39m [90m[39m
[35m[HTTP][39m [37m-->[39m [37mGET[39m [37m/wd/hub/session/a5f97c95-0ff0-4e3a-9c6a-119ccccdbd1b/window/current/size[39m
[35m[HTTP][39m [90m{}[39m
[35m[W3C][39m Driver proxy active, passing request on via HTTP proxy
[35m[JSONWP Proxy][39m Replacing sessionId 5e4f1e0a-3f93-4fc8-94ed-1d40a222c5bc with a5f97c95-0ff0-4e3a-9c6a-119ccccdbd1b
[35m[HTTP][39m [37m<-- GET /wd/hub/session/a5f97c95-0ff0-4e3a-9c6a-119ccccdbd1b/window/current/size [39m[32m200[39m [90m34 ms - 100[39m
[35m[HTTP][39m [90m[39m
[35m[HTTP][39m [37m-->[39m [37mPOST[39m [37m/wd/hub/session/a5f97c95-0ff0-4e3a-9c6a-119ccccdbd1b/elements[39m
[35m[HTTP][39m [90m{"using":"-android uiautomator","value":"new UiSelector().className(\"android.widget.Button\").text(\"LOGIN\").resourceId(\"com.abaxis.vetscan_vue.dev:id/login_button\").instance(0)"}[39m
[35m[HTTP][39m [37m<-- POST /wd/hub/session/a5f97c95-0ff0-4e3a-9c6a-119ccccdbd1b/elements [39m[32m200[39m [90m88 ms - 124[39m
[35m[HTTP][39m [90m[39m
[35m[HTTP][39m [37m-->[39m [37mGET[39m [37m/wd/hub/session/a5f97c95-0ff0-4e3a-9c6a-119ccccdbd1b[39m
[35m[HTTP][39m [90m{}[39m
[35m[HTTP][39m [37m<-- GET /wd/hub/session/a5f97c95-0ff0-4e3a-9c6a-119ccccdbd1b [39m[32m200[39m [90m23 ms - 1133[39m
[35m[HTTP][39m [90m[39m
[35m[HTTP][39m [37m-->[39m [37mGET[39m [37m/wd/hub/session/a5f97c95-0ff0-4e3a-9c6a-119ccccdbd1b[39m
[35m[HTTP][39m [90m{}[39m
[35m[HTTP][39m [37m<-- GET /wd/hub/session/a5f97c95-0ff0-4e3a-9c6a-119ccccdbd1b [39m[32m200[39m [90m27 ms - 1133[39m
[35m[HTTP][39m [90m[39m
[35m[HTTP][39m [37m-->[39m [37mGET[39m [37m/wd/hub/session/a5f97c95-0ff0-4e3a-9c6a-119ccccdbd1b[39m
[35m[HTTP][39m [90m{}[39m
[35m[HTTP][39m [37m<-- GET /wd/hub/session/a5f97c95-0ff0-4e3a-9c6a-119ccccdbd1b [39m[32m200[39m [90m24 ms - 1133[39m
[35m[HTTP][39m [90m[39m
[35m[HTTP][39m [37m-->[39m [37mGET[39m [37m/wd/hub/session/a5f97c95-0ff0-4e3a-9c6a-119ccccdbd1b[39m
[35m[HTTP][39m [90m{}[39m
[35m[HTTP][39m [37m<-- GET /wd/hub/session/a5f97c95-0ff0-4e3a-9c6a-119ccccdbd1b [39m[32m200[39m [90m25 ms - 1133[39m
[35m[HTTP][39m [90m[39m
[35m[HTTP][39m [37m-->[39m [37mGET[39m [37m/wd/hub/session/a5f97c95-0ff0-4e3a-9c6a-119ccccdbd1b/element/8a1b284a-5f39-4180-92c7-5443a139be04/location[39m
[35m[HTTP][39m [90m{}[39m
[35m[W3C][39m Driver proxy active, passing request on via HTTP proxy
[35m[JSONWP Proxy][39m Replacing sessionId 5e4f1e0a-3f93-4fc8-94ed-1d40a222c5bc with a5f97c95-0ff0-4e3a-9c6a-119ccccdbd1b
[35m[HTTP][39m [37m<-- GET /wd/hub/session/a5f97c95-0ff0-4e3a-9c6a-119ccccdbd1b/element/8a1b284a-5f39-4180-92c7-5443a139be04/location [39m[32m200[39m [90m46 ms - 88[39m
[35m[HTTP][39m [90m[39m
[35m[HTTP][39m [37m-->[39m [37mPOST[39m [37m/wd/hub/session/a5f97c95-0ff0-4e3a-9c6a-119ccccdbd1b/touch/perform[39m
[35m[HTTP][39m [90m{"actions":[{"action":"tap","options":{"element":"8a1b284a-5f39-4180-92c7-5443a139be04","x":1,"y":1}}]}[39m
[35m[UiAutomator2][39m calling get location: 8a1b284a-5f39-4180-92c7-5443a139be04
[35m[HTTP][39m [37m<-- POST /wd/hub/session/a5f97c95-0ff0-4e3a-9c6a-119ccccdbd1b/touch/perform [39m[32m200[39m [90m2007 ms - 76[39m
[35m[HTTP][39m [90m[39m
[35m[HTTP][39m [37m-->[39m [37mGET[39m [37m/wd/hub/session/a5f97c95-0ff0-4e3a-9c6a-119ccccdbd1b/window/current/size[39m
[35m[HTTP][39m [90m{}[39m
[35m[W3C][39m Driver proxy active, passing request on via HTTP proxy
[35m[JSONWP Proxy][39m Replacing sessionId 5e4f1e0a-3f93-4fc8-94ed-1d40a222c5bc with a5f97c95-0ff0-4e3a-9c6a-119ccccdbd1b
[35m[HTTP][39m [37m<-- GET /wd/hub/session/a5f97c95-0ff0-4e3a-9c6a-119ccccdbd1b/window/current/size [39m[32m200[39m [90m33 ms - 100[39m
[35m[HTTP][39m [90m[39m
[35m[HTTP][39m [37m-->[39m [37mPOST[39m [37m/wd/hub/session/a5f97c95-0ff0-4e3a-9c6a-119ccccdbd1b/elements[39m
[35m[HTTP][39m [90m{"using":"-android uiautomator","value":"new UiSelector().className(\"android.widget.ImageView\").resourceId(\"com.abaxis.vetscan_vue.dev:id/text_skip\").instance(1)"}[39m
[35m[HTTP][39m [37m<-- POST /wd/hub/session/a5f97c95-0ff0-4e3a-9c6a-119ccccdbd1b/elements [39m[32m200[39m [90m81 ms - 124[39m
[35m[HTTP][39m [90m[39m
[35m[HTTP][39m [37m-->[39m [37mGET[39m [37m/wd/hub/session/a5f97c95-0ff0-4e3a-9c6a-119ccccdbd1b[39m
[35m[HTTP][39m [90m{}[39m
[35m[HTTP][39m [37m<-- GET /wd/hub/session/a5f97c95-0ff0-4e3a-9c6a-119ccccdbd1b [39m[32m200[39m [90m25 ms - 1133[39m
[35m[HTTP][39m [90m[39m
[35m[HTTP][39m [37m-->[39m [37mGET[39m [37m/wd/hub/session/a5f97c95-0ff0-4e3a-9c6a-119ccccdbd1b[39m
[35m[HTTP][39m [90m{}[39m
[35m[HTTP][39m [37m<-- GET /wd/hub/session/a5f97c95-0ff0-4e3a-9c6a-119ccccdbd1b [39m[32m200[39m [90m27 ms - 1133[39m
[35m[HTTP][39m [90m[39m
[35m[HTTP][39m [37m-->[39m [37mGET[39m [37m/wd/hub/session/a5f97c95-0ff0-4e3a-9c6a-119ccccdbd1b[39m
[35m[HTTP][39m [90m{}[39m
[35m[HTTP][39m [37m<-- GET /wd/hub/session/a5f97c95-0ff0-4e3a-9c6a-119ccccdbd1b [39m[32m200[39m [90m21 ms - 1133[39m
[35m[HTTP][39m [90m[39m
[35m[HTTP][39m [37m-->[39m [37mGET[39m [37m/wd/hub/session/a5f97c95-0ff0-4e3a-9c6a-119ccccdbd1b[39m
[35m[HTTP][39m [90m{}[39m
[35m[HTTP][39m [37m<-- GET /wd/hub/session/a5f97c95-0ff0-4e3a-9c6a-119ccccdbd1b [39m[32m200[39m [90m23 ms - 1133[39m
[35m[HTTP][39m [90m[39m
[35m[HTTP][39m [37m-->[39m [37mGET[39m [37m/wd/hub/session/a5f97c95-0ff0-4e3a-9c6a-119ccccdbd1b/element/1bc897c6-7852-48e7-9ae3-2a0a3298dcca/location[39m
[35m[HTTP][39m [90m{}[39m
[35m[W3C][39m Driver proxy active, passing request on via HTTP proxy
[35m[JSONWP Proxy][39m Replacing sessionId 5e4f1e0a-3f93-4fc8-94ed-1d40a222c5bc with a5f97c95-0ff0-4e3a-9c6a-119ccccdbd1b
[35m[HTTP][39m [37m<-- GET /wd/hub/session/a5f97c95-0ff0-4e3a-9c6a-119ccccdbd1b/element/1bc897c6-7852-48e7-9ae3-2a0a3298dcca/location [39m[32m200[39m [90m42 ms - 89[39m
[35m[HTTP][39m [90m[39m
[35m[HTTP][39m [37m-->[39m [37mPOST[39m [37m/wd/hub/session/a5f97c95-0ff0-4e3a-9c6a-119ccccdbd1b/touch/perform[39m
[35m[HTTP][39m [90m{"actions":[{"action":"tap","options":{"element":"1bc897c6-7852-48e7-9ae3-2a0a3298dcca","x":1,"y":1}}]}[39m
[35m[UiAutomator2][39m calling get location: 1bc897c6-7852-48e7-9ae3-2a0a3298dcca
[35m[HTTP][39m [37m<-- POST /wd/hub/session/a5f97c95-0ff0-4e3a-9c6a-119ccccdbd1b/touch/perform [39m[32m200[39m [90m1025 ms - 76[39m
[35m[HTTP][39m [90m[39m
[35m[HTTP][39m [37m-->[39m [37mGET[39m [37m/wd/hub/session/a5f97c95-0ff0-4e3a-9c6a-119ccccdbd1b/window/current/size[39m
[35m[HTTP][39m [90m{}[39m
[35m[W3C][39m Driver proxy active, passing request on via HTTP proxy
[35m[JSONWP Proxy][39m Replacing sessionId 5e4f1e0a-3f93-4fc8-94ed-1d40a222c5bc with a5f97c95-0ff0-4e3a-9c6a-119ccccdbd1b
[35m[HTTP][39m [37m<-- GET /wd/hub/session/a5f97c95-0ff0-4e3a-9c6a-119ccccdbd1b/window/current/size [39m[32m200[39m [90m24 ms - 100[39m
[35m[HTTP][39m [90m[39m
[35m[HTTP][39m [37m-->[39m [37mPOST[39m [37m/wd/hub/session/a5f97c95-0ff0-4e3a-9c6a-119ccccdbd1b/elements[39m
[35m[HTTP][39m [90m{"using":"-android uiautomator","value":"new UiSelector().className(\"android.widget.Button\").text(\"YES\").resourceId(\"android:id/button1\").instance(1)"}[39m
[35m[HTTP][39m [37m<-- POST /wd/hub/session/a5f97c95-0ff0-4e3a-9c6a-119ccccdbd1b/elements [39m[32m200[39m [90m99 ms - 124[39m
[35m[HTTP][39m [90m[39m
[35m[HTTP][39m [37m-->[39m [37mGET[39m [37m/wd/hub/session/a5f97c95-0ff0-4e3a-9c6a-119ccccdbd1b[39m
[35m[HTTP][39m [90m{}[39m
[35m[HTTP][39m [37m<-- GET /wd/hub/session/a5f97c95-0ff0-4e3a-9c6a-119ccccdbd1b [39m[32m200[39m [90m29 ms - 1133[39m
[35m[HTTP][39m [90m[39m
[35m[HTTP][39m [37m-->[39m [37mGET[39m [37m/wd/hub/session/a5f97c95-0ff0-4e3a-9c6a-119ccccdbd1b[39m
[35m[HTTP][39m [90m{}[39m
[35m[HTTP][39m [37m<-- GET /wd/hub/session/a5f97c95-0ff0-4e3a-9c6a-119ccccdbd1b [39m[32m200[39m [90m30 ms - 1133[39m
[35m[HTTP][39m [90m[39m
[35m[HTTP][39m [37m-->[39m [37mGET[39m [37m/wd/hub/session/a5f97c95-0ff0-4e3a-9c6a-119ccccdbd1b[39m
[35m[HTTP][39m [90m{}[39m
[35m[HTTP][39m [37m<-- GET /wd/hub/session/a5f97c95-0ff0-4e3a-9c6a-119ccccdbd1b [39m[32m200[39m [90m26 ms - 1133[39m
[35m[HTTP][39m [90m[39m
[35m[HTTP][39m [37m-->[39m [37mGET[39m [37m/wd/hub/session/a5f97c95-0ff0-4e3a-9c6a-119ccccdbd1b[39m
[35m[HTTP][39m [90m{}[39m
[35m[HTTP][39m [37m<-- GET /wd/hub/session/a5f97c95-0ff0-4e3a-9c6a-119ccccdbd1b [39m[32m200[39m [90m23 ms - 1133[39m
[35m[HTTP][39m [90m[39m
[35m[HTTP][39m [37m-->[39m [37mGET[39m [37m/wd/hub/session/a5f97c95-0ff0-4e3a-9c6a-119ccccdbd1b/element/70d91016-28f8-404d-822a-94fad925bd2e/location[39m
[35m[HTTP][39m [90m{}[39m
[35m[W3C][39m Driver proxy active, passing request on via HTTP proxy
[35m[JSONWP Proxy][39m Replacing sessionId 5e4f1e0a-3f93-4fc8-94ed-1d40a222c5bc with a5f97c95-0ff0-4e3a-9c6a-119ccccdbd1b
[35m[HTTP][39m [37m<-- GET /wd/hub/session/a5f97c95-0ff0-4e3a-9c6a-119ccccdbd1b/element/70d91016-28f8-404d-822a-94fad925bd2e/location [39m[32m200[39m [90m37 ms - 91[39m
[35m[HTTP][39m [90m[39m
[35m[HTTP][39m [37m-->[39m [37mPOST[39m [37m/wd/hub/session/a5f97c95-0ff0-4e3a-9c6a-119ccccdbd1b/touch/perform[39m
[35m[HTTP][39m [90m{"actions":[{"action":"tap","options":{"element":"70d91016-28f8-404d-822a-94fad925bd2e","x":1,"y":1}}]}[39m
[35m[UiAutomator2][39m calling get location: 70d91016-28f8-404d-822a-94fad925bd2e
[35m[HTTP][39m [37m<-- POST /wd/hub/session/a5f97c95-0ff0-4e3a-9c6a-119ccccdbd1b/touch/perform [39m[32m200[39m [90m2213 ms - 76[39m
[35m[HTTP][39m [90m[39m
[35m[HTTP][39m [37m-->[39m [37mGET[39m [37m/wd/hub/session/a5f97c95-0ff0-4e3a-9c6a-119ccccdbd1b/window/current/size[39m
[35m[HTTP][39m [90m{}[39m
[35m[W3C][39m Driver proxy active, passing request on via HTTP proxy
[35m[JSONWP Proxy][39m Replacing sessionId 5e4f1e0a-3f93-4fc8-94ed-1d40a222c5bc with a5f97c95-0ff0-4e3a-9c6a-119ccccdbd1b
[35m[HTTP][39m [37m<-- GET /wd/hub/session/a5f97c95-0ff0-4e3a-9c6a-119ccccdbd1b/window/current/size [39m[32m200[39m [90m34 ms - 100[39m
[35m[HTTP][39m [90m[39m
[35m[HTTP][39m [37m-->[39m [37mPOST[39m [37m/wd/hub/session/a5f97c95-0ff0-4e3a-9c6a-119ccccdbd1b/elements[39m
[35m[HTTP][39m [90m{"using":"-android uiautomator","value":"new UiSelector().className(\"android.widget.Button\").text(\"OK\").resourceId(\"com.abaxis.vetscan_vue.dev:id/showcase_button\").instance(0)"}[39m
[35m[HTTP][39m [37m<-- POST /wd/hub/session/a5f97c95-0ff0-4e3a-9c6a-119ccccdbd1b/elements [39m[32m200[39m [90m194 ms - 124[39m
[35m[HTTP][39m [90m[39m
[35m[HTTP][39m [37m-->[39m [37mGET[39m [37m/wd/hub/session/a5f97c95-0ff0-4e3a-9c6a-119ccccdbd1b[39m
[35m[HTTP][39m [90m{}[39m
[35m[HTTP][39m [37m<-- GET /wd/hub/session/a5f97c95-0ff0-4e3a-9c6a-119ccccdbd1b [39m[32m200[39m [90m17 ms - 1133[39m
[35m[HTTP][39m [90m[39m
[35m[HTTP][39m [37m-->[39m [37mGET[39m [37m/wd/hub/session/a5f97c95-0ff0-4e3a-9c6a-119ccccdbd1b[39m
[35m[HTTP][39m [90m{}[39m
[35m[HTTP][39m [37m<-- GET /wd/hub/session/a5f97c95-0ff0-4e3a-9c6a-119ccccdbd1b [39m[32m200[39m [90m18 ms - 1133[39m
[35m[HTTP][39m [90m[39m
[35m[HTTP][39m [37m-->[39m [37mGET[39m [37m/wd/hub/session/a5f97c95-0ff0-4e3a-9c6a-119ccccdbd1b[39m
[35m[HTTP][39m [90m{}[39m
[35m[HTTP][39m [37m<-- GET /wd/hub/session/a5f97c95-0ff0-4e3a-9c6a-119ccccdbd1b [39m[32m200[39m [90m14 ms - 1133[39m
[35m[HTTP][39m [90m[39m
[35m[HTTP][39m [37m-->[39m [37mGET[39m [37m/wd/hub/session/a5f97c95-0ff0-4e3a-9c6a-119ccccdbd1b[39m
[35m[HTTP][39m [90m{}[39m
[35m[HTTP][39m [37m<-- GET /wd/hub/session/a5f97c95-0ff0-4e3a-9c6a-119ccccdbd1b [39m[32m200[39m [90m13 ms - 1133[39m
[35m[HTTP][39m [90m[39m
[35m[HTTP][39m [37m-->[39m [37mGET[39m [37m/wd/hub/session/a5f97c95-0ff0-4e3a-9c6a-119ccccdbd1b/element/1a51bd8b-2130-4c1b-93d1-53c2ea9cc819/location[39m
[35m[HTTP][39m [90m{}[39m
[35m[W3C][39m Driver proxy active, passing request on via HTTP proxy
[35m[JSONWP Proxy][39m Replacing sessionId 5e4f1e0a-3f93-4fc8-94ed-1d40a222c5bc with a5f97c95-0ff0-4e3a-9c6a-119ccccdbd1b
[35m[HTTP][39m [37m<-- GET /wd/hub/session/a5f97c95-0ff0-4e3a-9c6a-119ccccdbd1b/element/1a51bd8b-2130-4c1b-93d1-53c2ea9cc819/location [39m[32m200[39m [90m55 ms - 90[39m
[35m[HTTP][39m [90m[39m
[35m[HTTP][39m [37m-->[39m [37mPOST[39m [37m/wd/hub/session/a5f97c95-0ff0-4e3a-9c6a-119ccccdbd1b/touch/perform[39m
[35m[HTTP][39m [90m{"actions":[{"action":"tap","options":{"element":"1a51bd8b-2130-4c1b-93d1-53c2ea9cc819","x":1,"y":1}}]}[39m
[35m[UiAutomator2][39m calling get location: 1a51bd8b-2130-4c1b-93d1-53c2ea9cc819
[35m[HTTP][39m [37m<-- POST /wd/hub/session/a5f97c95-0ff0-4e3a-9c6a-119ccccdbd1b/touch/perform [39m[32m200[39m [90m883 ms - 76[39m
[35m[HTTP][39m [90m[39m
[35m[HTTP][39m [37m-->[39m [37mGET[39m [37m/wd/hub/session/a5f97c95-0ff0-4e3a-9c6a-119ccccdbd1b/window/current/size[39m
[35m[HTTP][39m [90m{}[39m
[35m[W3C][39m Driver proxy active, passing request on via HTTP proxy
[35m[JSONWP Proxy][39m Replacing sessionId 5e4f1e0a-3f93-4fc8-94ed-1d40a222c5bc with a5f97c95-0ff0-4e3a-9c6a-119ccccdbd1b
[35m[HTTP][39m [37m<-- GET /wd/hub/session/a5f97c95-0ff0-4e3a-9c6a-119ccccdbd1b/window/current/size [39m[32m200[39m [90m16 ms - 100[39m
[35m[HTTP][39m [90m[39m
[35m[HTTP][39m [37m-->[39m [37mPOST[39m [37m/wd/hub/session/a5f97c95-0ff0-4e3a-9c6a-119ccccdbd1b/elements[39m
[35m[HTTP][39m [90m{"using":"-android uiautomator","value":"new UiSelector().className(\"android.widget.ImageButton\").instance(3)"}[39m
[35m[HTTP][39m [37m<-- POST /wd/hub/session/a5f97c95-0ff0-4e3a-9c6a-119ccccdbd1b/elements [39m[32m200[39m [90m104 ms - 124[39m
[35m[HTTP][39m [90m[39m
[35m[HTTP][39m [37m-->[39m [37mGET[39m [37m/wd/hub/session/a5f97c95-0ff0-4e3a-9c6a-119ccccdbd1b[39m
[35m[HTTP][39m [90m{}[39m
[35m[HTTP][39m [37m<-- GET /wd/hub/session/a5f97c95-0ff0-4e3a-9c6a-119ccccdbd1b [39m[32m200[39m [90m16 ms - 1133[39m
[35m[HTTP][39m [90m[39m
[35m[HTTP][39m [37m-->[39m [37mGET[39m [37m/wd/hub/session/a5f97c95-0ff0-4e3a-9c6a-119ccccdbd1b[39m
[35m[HTTP][39m [90m{}[39m
[35m[HTTP][39m [37m<-- GET /wd/hub/session/a5f97c95-0ff0-4e3a-9c6a-119ccccdbd1b [39m[32m200[39m [90m15 ms - 1133[39m
[35m[HTTP][39m [90m[39m
[35m[HTTP][39m [37m-->[39m [37mGET[39m [37m/wd/hub/session/a5f97c95-0ff0-4e3a-9c6a-119ccccdbd1b[39m
[35m[HTTP][39m [90m{}[39m
[35m[HTTP][39m [37m<-- GET /wd/hub/session/a5f97c95-0ff0-4e3a-9c6a-119ccccdbd1b [39m[32m200[39m [90m17 ms - 1133[39m
[35m[HTTP][39m [90m[39m
[35m[HTTP][39m [37m-->[39m [37mGET[39m [37m/wd/hub/session/a5f97c95-0ff0-4e3a-9c6a-119ccccdbd1b[39m
[35m[HTTP][39m [90m{}[39m
[35m[HTTP][39m [37m<-- GET /wd/hub/session/a5f97c95-0ff0-4e3a-9c6a-119ccccdbd1b [39m[32m200[39m [90m14 ms - 1133[39m
[35m[HTTP][39m [90m[39m
[35m[HTTP][39m [37m-->[39m [37mGET[39m [37m/wd/hub/session/a5f97c95-0ff0-4e3a-9c6a-119ccccdbd1b/element/3737da3b-b7e2-4ae8-8d6d-4f98cb928272/location[39m
[35m[HTTP][39m [90m{}[39m
[35m[W3C][39m Driver proxy active, passing request on via HTTP proxy
[35m[JSONWP Proxy][39m Replacing sessionId 5e4f1e0a-3f93-4fc8-94ed-1d40a222c5bc with a5f97c95-0ff0-4e3a-9c6a-119ccccdbd1b
[35m[HTTP][39m [37m<-- GET /wd/hub/session/a5f97c95-0ff0-4e3a-9c6a-119ccccdbd1b/element/3737da3b-b7e2-4ae8-8d6d-4f98cb928272/location [39m[32m200[39m [90m48 ms - 88[39m
[35m[HTTP][39m [90m[39m
[35m[HTTP][39m [37m-->[39m [37mPOST[39m [37m/wd/hub/session/a5f97c95-0ff0-4e3a-9c6a-119ccccdbd1b/touch/perform[39m
[35m[HTTP][39m [90m{"actions":[{"action":"tap","options":{"element":"3737da3b-b7e2-4ae8-8d6d-4f98cb928272","x":1,"y":1}}]}[39m
[35m[UiAutomator2][39m calling get location: 3737da3b-b7e2-4ae8-8d6d-4f98cb928272
[35m[HTTP][39m [37m<-- POST /wd/hub/session/a5f97c95-0ff0-4e3a-9c6a-119ccccdbd1b/touch/perform [39m[32m200[39m [90m1099 ms - 76[39m
[35m[HTTP][39m [90m[39m
[35m[HTTP][39m [37m-->[39m [37mDELETE[39m [37m/wd/hub/session/a5f97c95-0ff0-4e3a-9c6a-119ccccdbd1b[39m
[35m[HTTP][39m [90m{}[39m
[35m[Appium][39m Removing session a5f97c95-0ff0-4e3a-9c6a-119ccccdbd1b from our master session list
[35m[ADB][39m com.abaxis.vetscan_vue.dev was successfully uninstalled
[35m[HTTP][39m [37m<-- DELETE /wd/hub/session/a5f97c95-0ff0-4e3a-9c6a-119ccccdbd1b [39m[32m200[39m [90m3825 ms - 76[39m
[35m[HTTP][39m [90m[39m
