[35m[Appium][39m Welcome to Appium v1.8.1
[35m[Appium][39m Non-default server args:
[35m[Appium][39m   port: 51246
[35m[Appium][39m   loglevel: info
[35m[Appium][39m   chromeDriverPort: 51248
[35m[Appium][39m   tmpDir: C:\Users\Agato\AppData\Local\Temp\\Katalon\Appium\Temp1536303432754
[35m[Appium][39m Appium REST http interface listener started on 0.0.0.0:51246
[35m[HTTP][39m [37m-->[39m [37mGET[39m [37m/wd/hub/status[39m
[35m[HTTP][39m [90m{}[39m
[35m[HTTP][39m [37m<-- GET /wd/hub/status [39m[32m200[39m [90m25 ms - 83[39m
[35m[HTTP][39m [90m[39m
[35m[HTTP][39m [37m-->[39m [37mPOST[39m [37m/wd/hub/session[39m
[35m[HTTP][39m [90m{"desiredCapabilities":{"app":"C:\\temp\\app-development-debug.apk","autoGrantPermissions":true,"automationName":"uiautomator2","deviceName":"samsung SM-G920F (Android 7.0)","fullReset":true,"newCommandTimeout":1800,"noReset":false,"platform":"ANDROID","platformName":"Android","udid":"10160a0973263f03"},"capabilities":{"desiredCapabilities":{"app":"C:\\temp\\app-development-debug.apk","autoGrantPermissions":true,"automationName":"uiautomator2","deviceName":"samsung SM-G920F (Android 7.0)","fullReset":true,"newCommandTimeout":1800,"noReset":false,"platform":"ANDROID","platformName":"Android","udid":"10160a0973263f03"},"firstMatch":[{"platformName":"android"}]}}[39m
[35m[Appium][39m Could not parse W3C capabilities: 'deviceName' can't be blank. Falling back to JSONWP protocol.
[35m[Appium][39m The following capabilities were provided in the JSONWP desired capabilities that are missing in W3C capabilities: ["app","autoGrantPermissions","automationName","deviceName","fullReset","newCommandTimeout","noReset","platform","platformName","udid"]. Falling back to JSONWP protocol.
[35m[Appium][39m Creating new AndroidUiautomator2Driver (v1.12.0) session
[35m[Appium][39m Capabilities:
[35m[Appium][39m   app: C:\temp\app-development-debug.apk
[35m[Appium][39m   autoGrantPermissions: true
[35m[Appium][39m   automationName: uiautomator2
[35m[Appium][39m   deviceName: samsung SM-G920F (Android 7.0)
[35m[Appium][39m   fullReset: true
[35m[Appium][39m   newCommandTimeout: 1800
[35m[Appium][39m   noReset: false
[35m[Appium][39m   platform: ANDROID
[35m[Appium][39m   platformName: Android
[35m[Appium][39m   udid: 10160a0973263f03
[35m[BaseDriver][39m The following capabilities were provided, but are not recognized by appium: platform.
[35m[BaseDriver][39m Session created with session id: 55558337-41c3-4bc9-b353-3fd3d45d74f6
[35m[BaseDriver][39m Using local app 'C:\temp\app-development-debug.apk'
[35m[AndroidDriver][39m Java version is: 1.8.0_102
[35m[ADB][39m Checking whether adb is present
[35m[ADB][39m Found 1 'build-tools' folders under 'C:\Users\Agato\.katalon\tools\android_sdk' (newest first):
[35m[ADB][39m     C:/Users/Agato/.katalon/tools/android_sdk/build-tools/28.0.1
[35m[ADB][39m Using adb.exe from C:\Users\Agato\.katalon\tools\android_sdk\platform-tools\adb.exe
[35m[AndroidDriver][39m Retrieving device list
[35m[AndroidDriver][39m Using device: 10160a0973263f03
[35m[ADB][39m Using the alternative activity name detection method because of: Could not find apkanalyzer.bat in C:\Users\Agato\.katalon\tools\android_sdk\platform-tools\apkanalyzer.bat,C:\Users\Agato\.katalon\tools\android_sdk\emulator\apkanalyzer.bat,C:\Users\Agato\.katalon\tools\android_sdk\tools\apkanalyzer.bat,C:\Users\Agato\.katalon\tools\android_sdk\tools\bin\apkanalyzer.bat,C:\Users\Agato\.katalon\tools\android_sdk\build-tools\28.0.1\apkanalyzer.bat. Do you have the Android SDK installed at 'C:\Users\Agato\.katalon\tools\android_sdk'?
[35m[ADB][39m Checking whether aapt is present
[35m[ADB][39m Using aapt.exe from C:\Users\Agato\.katalon\tools\android_sdk\build-tools\28.0.1\aapt.exe
[35m[ADB][39m Extracting package and launch activity from manifest
[35m[ADB][39m Package name: 'com.abaxis.vetscan_vue.dev'
[35m[ADB][39m Main activity name: 'com.abaxis.vetscanvue.presentation.screens.activities.splash.SplashActivity'
[35m[ADB][39m Getting device platform version
[35m[ADB][39m Using apksigner.bat from C:\Users\Agato\.katalon\tools\android_sdk\build-tools\28.0.1\apksigner.bat
[35m[ADB][39m Checking whether zipalign is present
[35m[ADB][39m Using zipalign.exe from C:\Users\Agato\.katalon\tools\android_sdk\build-tools\28.0.1\zipalign.exe
[35m[ADB][39m io.appium.uiautomator2.server was successfully uninstalled
[35m[ADB][39m io.appium.uiautomator2.server.test was successfully uninstalled
[35m[AndroidDriver][39m setDeviceLanguageCountry requires language or country.
[35m[AndroidDriver][39m Got language: 'null' and country: 'null'
[35m[ADB][39m Successfully extracted 667 strings from 'C:\temp\app-development-debug.apk' resources for '(default)' configuration
[35m[ADB][39m com.abaxis.vetscan_vue.dev was not uninstalled, because it was not present on the device
[35m[UiAutomator2][39m Starting uiautomator2 server 1.12.0
[35m[UiAutomator2][39m Using UIAutomator2 server from 'C:\Users\Agato\AppData\Roaming\npm\node_modules\appium\node_modules\appium-uiautomator2-server\apks\appium-uiautomator2-server-v1.12.0.apk' and test from 'C:\Users\Agato\AppData\Roaming\npm\node_modules\appium\node_modules\appium-uiautomator2-server\apks\appium-uiautomator2-server-debug-androidTest.apk'
[35m[UiAutomator2][39m Running command: 'adb -s 10160a0973263f03 shell am instrument -w io.appium.uiautomator2.server.test/android.support.test.runner.AndroidJUnitRunner'
[35m[UiAutomator2][39m Waiting up to 20000ms for UiAutomator2 to be online...
[35m[AndroidDriver][39m Screen already unlocked, doing nothing
[35m[UiAutomator2][39m UiAutomator2 did not start the activity we were waiting for, 'com.abaxis.vetscan_vue.dev/com.abaxis.vetscanvue.presentation.screens.activities.splash.SplashActivity'. Starting it ourselves
[35m[Appium][39m New AndroidUiautomator2Driver session created successfully, session 55558337-41c3-4bc9-b353-3fd3d45d74f6 added to master session list
[35m[HTTP][39m [37m<-- POST /wd/hub/session [39m[32m200[39m [90m49820 ms - 1133[39m
[35m[HTTP][39m [90m[39m
[35m[HTTP][39m [37m-->[39m [37mGET[39m [37m/wd/hub/status[39m
[35m[HTTP][39m [90m{}[39m
[35m[HTTP][39m [37m<-- GET /wd/hub/status [39m[32m200[39m [90m2 ms - 55[39m
[35m[HTTP][39m [90m[39m
[35m[HTTP][39m [37m-->[39m [37mPOST[39m [37m/wd/hub/session/55558337-41c3-4bc9-b353-3fd3d45d74f6/timeouts[39m
[35m[HTTP][39m [90m{"type":"implicit","ms":30000}[39m
[35m[HTTP][39m [37m<-- POST /wd/hub/session/55558337-41c3-4bc9-b353-3fd3d45d74f6/timeouts [39m[33m400[39m [90m9 ms - 5308[39m
[35m[HTTP][39m [90m[39m
[35m[HTTP][39m [37m-->[39m [37mGET[39m [37m/wd/hub/session/55558337-41c3-4bc9-b353-3fd3d45d74f6/window/current/size[39m
[35m[HTTP][39m [90m{}[39m
[35m[W3C][39m Driver proxy active, passing request on via HTTP proxy
[35m[JSONWP Proxy][39m Replacing sessionId 9b909afe-1aaa-4154-8ef5-2be010a856cb with 55558337-41c3-4bc9-b353-3fd3d45d74f6
[35m[HTTP][39m [37m<-- GET /wd/hub/session/55558337-41c3-4bc9-b353-3fd3d45d74f6/window/current/size [39m[32m200[39m [90m18 ms - 100[39m
[35m[HTTP][39m [90m[39m
[35m[HTTP][39m [37m-->[39m [37mPOST[39m [37m/wd/hub/session/55558337-41c3-4bc9-b353-3fd3d45d74f6/elements[39m
[35m[HTTP][39m [90m{"using":"-android uiautomator","value":"new UiSelector().className(\"android.widget.ImageView\").resourceId(\"com.abaxis.vetscan_vue.dev:id/close_overview\").instance(1)"}[39m
[35m[HTTP][39m [37m<-- POST /wd/hub/session/55558337-41c3-4bc9-b353-3fd3d45d74f6/elements [39m[32m200[39m [90m89 ms - 74[39m
[35m[HTTP][39m [90m[39m
[35m[HTTP][39m [37m-->[39m [37mPOST[39m [37m/wd/hub/session/55558337-41c3-4bc9-b353-3fd3d45d74f6/elements[39m
[35m[HTTP][39m [90m{"using":"-android uiautomator","value":"new UiSelector().className(\"android.widget.ImageView\").resourceId(\"com.abaxis.vetscan_vue.dev:id/close_overview\").instance(1)"}[39m
[35m[HTTP][39m [37m<-- POST /wd/hub/session/55558337-41c3-4bc9-b353-3fd3d45d74f6/elements [39m[32m200[39m [90m982 ms - 124[39m
[35m[HTTP][39m [90m[39m
[35m[HTTP][39m [37m-->[39m [37mGET[39m [37m/wd/hub/session/55558337-41c3-4bc9-b353-3fd3d45d74f6[39m
[35m[HTTP][39m [90m{}[39m
[35m[HTTP][39m [37m<-- GET /wd/hub/session/55558337-41c3-4bc9-b353-3fd3d45d74f6 [39m[32m200[39m [90m49 ms - 1133[39m
[35m[HTTP][39m [90m[39m
[35m[HTTP][39m [37m-->[39m [37mGET[39m [37m/wd/hub/session/55558337-41c3-4bc9-b353-3fd3d45d74f6[39m
[35m[HTTP][39m [90m{}[39m
[35m[HTTP][39m [37m<-- GET /wd/hub/session/55558337-41c3-4bc9-b353-3fd3d45d74f6 [39m[32m200[39m [90m32 ms - 1133[39m
[35m[HTTP][39m [90m[39m
[35m[HTTP][39m [37m-->[39m [37mGET[39m [37m/wd/hub/session/55558337-41c3-4bc9-b353-3fd3d45d74f6[39m
[35m[HTTP][39m [90m{}[39m
[35m[HTTP][39m [37m<-- GET /wd/hub/session/55558337-41c3-4bc9-b353-3fd3d45d74f6 [39m[32m200[39m [90m27 ms - 1133[39m
[35m[HTTP][39m [90m[39m
[35m[HTTP][39m [37m-->[39m [37mGET[39m [37m/wd/hub/session/55558337-41c3-4bc9-b353-3fd3d45d74f6[39m
[35m[HTTP][39m [90m{}[39m
[35m[HTTP][39m [37m<-- GET /wd/hub/session/55558337-41c3-4bc9-b353-3fd3d45d74f6 [39m[32m200[39m [90m30 ms - 1133[39m
[35m[HTTP][39m [90m[39m
[35m[HTTP][39m [37m-->[39m [37mGET[39m [37m/wd/hub/session/55558337-41c3-4bc9-b353-3fd3d45d74f6/element/6ade9093-8083-4ea5-bcf4-42aa1d99e284/location[39m
[35m[HTTP][39m [90m{}[39m
[35m[W3C][39m Driver proxy active, passing request on via HTTP proxy
[35m[JSONWP Proxy][39m Replacing sessionId 9b909afe-1aaa-4154-8ef5-2be010a856cb with 55558337-41c3-4bc9-b353-3fd3d45d74f6
[35m[HTTP][39m [37m<-- GET /wd/hub/session/55558337-41c3-4bc9-b353-3fd3d45d74f6/element/6ade9093-8083-4ea5-bcf4-42aa1d99e284/location [39m[32m200[39m [90m74 ms - 90[39m
[35m[HTTP][39m [90m[39m
[35m[HTTP][39m [37m-->[39m [37mPOST[39m [37m/wd/hub/session/55558337-41c3-4bc9-b353-3fd3d45d74f6/touch/perform[39m
[35m[HTTP][39m [90m{"actions":[{"action":"tap","options":{"element":"6ade9093-8083-4ea5-bcf4-42aa1d99e284","x":1,"y":1}}]}[39m
[35m[UiAutomator2][39m calling get location: 6ade9093-8083-4ea5-bcf4-42aa1d99e284
[35m[HTTP][39m [37m<-- POST /wd/hub/session/55558337-41c3-4bc9-b353-3fd3d45d74f6/touch/perform [39m[32m200[39m [90m1424 ms - 76[39m
[35m[HTTP][39m [90m[39m
[35m[HTTP][39m [37m-->[39m [37mGET[39m [37m/wd/hub/session/55558337-41c3-4bc9-b353-3fd3d45d74f6/window/current/size[39m
[35m[HTTP][39m [90m{}[39m
[35m[W3C][39m Driver proxy active, passing request on via HTTP proxy
[35m[JSONWP Proxy][39m Replacing sessionId 9b909afe-1aaa-4154-8ef5-2be010a856cb with 55558337-41c3-4bc9-b353-3fd3d45d74f6
[35m[HTTP][39m [37m<-- GET /wd/hub/session/55558337-41c3-4bc9-b353-3fd3d45d74f6/window/current/size [39m[32m200[39m [90m26 ms - 100[39m
[35m[HTTP][39m [90m[39m
[35m[HTTP][39m [37m-->[39m [37mPOST[39m [37m/wd/hub/session/55558337-41c3-4bc9-b353-3fd3d45d74f6/elements[39m
[35m[HTTP][39m [90m{"using":"-android uiautomator","value":"new UiSelector().className(\"android.widget.Button\").text(\"LOGIN\").resourceId(\"com.abaxis.vetscan_vue.dev:id/login_button\").instance(0)"}[39m
[35m[HTTP][39m [37m<-- POST /wd/hub/session/55558337-41c3-4bc9-b353-3fd3d45d74f6/elements [39m[32m200[39m [90m94 ms - 124[39m
[35m[HTTP][39m [90m[39m
[35m[HTTP][39m [37m-->[39m [37mGET[39m [37m/wd/hub/session/55558337-41c3-4bc9-b353-3fd3d45d74f6[39m
[35m[HTTP][39m [90m{}[39m
[35m[HTTP][39m [37m<-- GET /wd/hub/session/55558337-41c3-4bc9-b353-3fd3d45d74f6 [39m[32m200[39m [90m23 ms - 1133[39m
[35m[HTTP][39m [90m[39m
[35m[HTTP][39m [37m-->[39m [37mGET[39m [37m/wd/hub/session/55558337-41c3-4bc9-b353-3fd3d45d74f6[39m
[35m[HTTP][39m [90m{}[39m
[35m[HTTP][39m [37m<-- GET /wd/hub/session/55558337-41c3-4bc9-b353-3fd3d45d74f6 [39m[32m200[39m [90m40 ms - 1133[39m
[35m[HTTP][39m [90m[39m
[35m[HTTP][39m [37m-->[39m [37mGET[39m [37m/wd/hub/session/55558337-41c3-4bc9-b353-3fd3d45d74f6[39m
[35m[HTTP][39m [90m{}[39m
[35m[HTTP][39m [37m<-- GET /wd/hub/session/55558337-41c3-4bc9-b353-3fd3d45d74f6 [39m[32m200[39m [90m41 ms - 1133[39m
[35m[HTTP][39m [90m[39m
[35m[HTTP][39m [37m-->[39m [37mGET[39m [37m/wd/hub/session/55558337-41c3-4bc9-b353-3fd3d45d74f6[39m
[35m[HTTP][39m [90m{}[39m
[35m[HTTP][39m [37m<-- GET /wd/hub/session/55558337-41c3-4bc9-b353-3fd3d45d74f6 [39m[32m200[39m [90m38 ms - 1133[39m
[35m[HTTP][39m [90m[39m
[35m[HTTP][39m [37m-->[39m [37mGET[39m [37m/wd/hub/session/55558337-41c3-4bc9-b353-3fd3d45d74f6/element/b59ea53d-8834-4069-ac8c-c17f78037475/location[39m
[35m[HTTP][39m [90m{}[39m
[35m[W3C][39m Driver proxy active, passing request on via HTTP proxy
[35m[JSONWP Proxy][39m Replacing sessionId 9b909afe-1aaa-4154-8ef5-2be010a856cb with 55558337-41c3-4bc9-b353-3fd3d45d74f6
[35m[HTTP][39m [37m<-- GET /wd/hub/session/55558337-41c3-4bc9-b353-3fd3d45d74f6/element/b59ea53d-8834-4069-ac8c-c17f78037475/location [39m[32m200[39m [90m51 ms - 88[39m
[35m[HTTP][39m [90m[39m
[35m[HTTP][39m [37m-->[39m [37mPOST[39m [37m/wd/hub/session/55558337-41c3-4bc9-b353-3fd3d45d74f6/touch/perform[39m
[35m[HTTP][39m [90m{"actions":[{"action":"tap","options":{"element":"b59ea53d-8834-4069-ac8c-c17f78037475","x":1,"y":1}}]}[39m
[35m[UiAutomator2][39m calling get location: b59ea53d-8834-4069-ac8c-c17f78037475
[35m[HTTP][39m [37m<-- POST /wd/hub/session/55558337-41c3-4bc9-b353-3fd3d45d74f6/touch/perform [39m[32m200[39m [90m2135 ms - 76[39m
[35m[HTTP][39m [90m[39m
[35m[HTTP][39m [37m-->[39m [37mGET[39m [37m/wd/hub/session/55558337-41c3-4bc9-b353-3fd3d45d74f6/window/current/size[39m
[35m[HTTP][39m [90m{}[39m
[35m[W3C][39m Driver proxy active, passing request on via HTTP proxy
[35m[JSONWP Proxy][39m Replacing sessionId 9b909afe-1aaa-4154-8ef5-2be010a856cb with 55558337-41c3-4bc9-b353-3fd3d45d74f6
[35m[HTTP][39m [37m<-- GET /wd/hub/session/55558337-41c3-4bc9-b353-3fd3d45d74f6/window/current/size [39m[32m200[39m [90m42 ms - 100[39m
[35m[HTTP][39m [90m[39m
[35m[HTTP][39m [37m-->[39m [37mPOST[39m [37m/wd/hub/session/55558337-41c3-4bc9-b353-3fd3d45d74f6/elements[39m
[35m[HTTP][39m [90m{"using":"-android uiautomator","value":"new UiSelector().className(\"android.widget.ImageView\").resourceId(\"com.abaxis.vetscan_vue.dev:id/text_skip\").instance(1)"}[39m
[35m[HTTP][39m [37m<-- POST /wd/hub/session/55558337-41c3-4bc9-b353-3fd3d45d74f6/elements [39m[32m200[39m [90m83 ms - 124[39m
[35m[HTTP][39m [90m[39m
[35m[HTTP][39m [37m-->[39m [37mGET[39m [37m/wd/hub/session/55558337-41c3-4bc9-b353-3fd3d45d74f6[39m
[35m[HTTP][39m [90m{}[39m
[35m[HTTP][39m [37m<-- GET /wd/hub/session/55558337-41c3-4bc9-b353-3fd3d45d74f6 [39m[32m200[39m [90m30 ms - 1133[39m
[35m[HTTP][39m [90m[39m
[35m[HTTP][39m [37m-->[39m [37mGET[39m [37m/wd/hub/session/55558337-41c3-4bc9-b353-3fd3d45d74f6[39m
[35m[HTTP][39m [90m{}[39m
[35m[HTTP][39m [37m<-- GET /wd/hub/session/55558337-41c3-4bc9-b353-3fd3d45d74f6 [39m[32m200[39m [90m30 ms - 1133[39m
[35m[HTTP][39m [90m[39m
[35m[HTTP][39m [37m-->[39m [37mGET[39m [37m/wd/hub/session/55558337-41c3-4bc9-b353-3fd3d45d74f6[39m
[35m[HTTP][39m [90m{}[39m
[35m[HTTP][39m [37m<-- GET /wd/hub/session/55558337-41c3-4bc9-b353-3fd3d45d74f6 [39m[32m200[39m [90m29 ms - 1133[39m
[35m[HTTP][39m [90m[39m
[35m[HTTP][39m [37m-->[39m [37mGET[39m [37m/wd/hub/session/55558337-41c3-4bc9-b353-3fd3d45d74f6[39m
[35m[HTTP][39m [90m{}[39m
[35m[HTTP][39m [37m<-- GET /wd/hub/session/55558337-41c3-4bc9-b353-3fd3d45d74f6 [39m[32m200[39m [90m21 ms - 1133[39m
[35m[HTTP][39m [90m[39m
[35m[HTTP][39m [37m-->[39m [37mGET[39m [37m/wd/hub/session/55558337-41c3-4bc9-b353-3fd3d45d74f6/element/37663545-0db8-4efe-b230-2c3fde01ee5f/location[39m
[35m[HTTP][39m [90m{}[39m
[35m[W3C][39m Driver proxy active, passing request on via HTTP proxy
[35m[JSONWP Proxy][39m Replacing sessionId 9b909afe-1aaa-4154-8ef5-2be010a856cb with 55558337-41c3-4bc9-b353-3fd3d45d74f6
[35m[HTTP][39m [37m<-- GET /wd/hub/session/55558337-41c3-4bc9-b353-3fd3d45d74f6/element/37663545-0db8-4efe-b230-2c3fde01ee5f/location [39m[32m200[39m [90m41 ms - 89[39m
[35m[HTTP][39m [90m[39m
[35m[HTTP][39m [37m-->[39m [37mPOST[39m [37m/wd/hub/session/55558337-41c3-4bc9-b353-3fd3d45d74f6/touch/perform[39m
[35m[HTTP][39m [90m{"actions":[{"action":"tap","options":{"element":"37663545-0db8-4efe-b230-2c3fde01ee5f","x":1,"y":1}}]}[39m
[35m[UiAutomator2][39m calling get location: 37663545-0db8-4efe-b230-2c3fde01ee5f
[35m[HTTP][39m [37m<-- POST /wd/hub/session/55558337-41c3-4bc9-b353-3fd3d45d74f6/touch/perform [39m[32m200[39m [90m981 ms - 76[39m
[35m[HTTP][39m [90m[39m
[35m[HTTP][39m [37m-->[39m [37mGET[39m [37m/wd/hub/session/55558337-41c3-4bc9-b353-3fd3d45d74f6/window/current/size[39m
[35m[HTTP][39m [90m{}[39m
[35m[W3C][39m Driver proxy active, passing request on via HTTP proxy
[35m[JSONWP Proxy][39m Replacing sessionId 9b909afe-1aaa-4154-8ef5-2be010a856cb with 55558337-41c3-4bc9-b353-3fd3d45d74f6
[35m[HTTP][39m [37m<-- GET /wd/hub/session/55558337-41c3-4bc9-b353-3fd3d45d74f6/window/current/size [39m[32m200[39m [90m50 ms - 100[39m
[35m[HTTP][39m [90m[39m
[35m[HTTP][39m [37m-->[39m [37mPOST[39m [37m/wd/hub/session/55558337-41c3-4bc9-b353-3fd3d45d74f6/elements[39m
[35m[HTTP][39m [90m{"using":"-android uiautomator","value":"new UiSelector().className(\"android.widget.Button\").text(\"YES\").resourceId(\"android:id/button1\").instance(1)"}[39m
[35m[HTTP][39m [37m<-- POST /wd/hub/session/55558337-41c3-4bc9-b353-3fd3d45d74f6/elements [39m[32m200[39m [90m110 ms - 124[39m
[35m[HTTP][39m [90m[39m
[35m[HTTP][39m [37m-->[39m [37mGET[39m [37m/wd/hub/session/55558337-41c3-4bc9-b353-3fd3d45d74f6[39m
[35m[HTTP][39m [90m{}[39m
[35m[HTTP][39m [37m<-- GET /wd/hub/session/55558337-41c3-4bc9-b353-3fd3d45d74f6 [39m[32m200[39m [90m20 ms - 1133[39m
[35m[HTTP][39m [90m[39m
[35m[HTTP][39m [37m-->[39m [37mGET[39m [37m/wd/hub/session/55558337-41c3-4bc9-b353-3fd3d45d74f6[39m
[35m[HTTP][39m [90m{}[39m
[35m[HTTP][39m [37m<-- GET /wd/hub/session/55558337-41c3-4bc9-b353-3fd3d45d74f6 [39m[32m200[39m [90m20 ms - 1133[39m
[35m[HTTP][39m [90m[39m
[35m[HTTP][39m [37m-->[39m [37mGET[39m [37m/wd/hub/session/55558337-41c3-4bc9-b353-3fd3d45d74f6[39m
[35m[HTTP][39m [90m{}[39m
[35m[HTTP][39m [37m<-- GET /wd/hub/session/55558337-41c3-4bc9-b353-3fd3d45d74f6 [39m[32m200[39m [90m16 ms - 1133[39m
[35m[HTTP][39m [90m[39m
[35m[HTTP][39m [37m-->[39m [37mGET[39m [37m/wd/hub/session/55558337-41c3-4bc9-b353-3fd3d45d74f6[39m
[35m[HTTP][39m [90m{}[39m
[35m[HTTP][39m [37m<-- GET /wd/hub/session/55558337-41c3-4bc9-b353-3fd3d45d74f6 [39m[32m200[39m [90m17 ms - 1133[39m
[35m[HTTP][39m [90m[39m
[35m[HTTP][39m [37m-->[39m [37mGET[39m [37m/wd/hub/session/55558337-41c3-4bc9-b353-3fd3d45d74f6/element/6f69094f-d95e-49c6-abc1-77ab73246730/location[39m
[35m[HTTP][39m [90m{}[39m
[35m[W3C][39m Driver proxy active, passing request on via HTTP proxy
[35m[JSONWP Proxy][39m Replacing sessionId 9b909afe-1aaa-4154-8ef5-2be010a856cb with 55558337-41c3-4bc9-b353-3fd3d45d74f6
[35m[HTTP][39m [37m<-- GET /wd/hub/session/55558337-41c3-4bc9-b353-3fd3d45d74f6/element/6f69094f-d95e-49c6-abc1-77ab73246730/location [39m[32m200[39m [90m34 ms - 91[39m
[35m[HTTP][39m [90m[39m
[35m[HTTP][39m [37m-->[39m [37mPOST[39m [37m/wd/hub/session/55558337-41c3-4bc9-b353-3fd3d45d74f6/touch/perform[39m
[35m[HTTP][39m [90m{"actions":[{"action":"tap","options":{"element":"6f69094f-d95e-49c6-abc1-77ab73246730","x":1,"y":1}}]}[39m
[35m[UiAutomator2][39m calling get location: 6f69094f-d95e-49c6-abc1-77ab73246730
[35m[HTTP][39m [37m<-- POST /wd/hub/session/55558337-41c3-4bc9-b353-3fd3d45d74f6/touch/perform [39m[32m200[39m [90m2219 ms - 76[39m
[35m[HTTP][39m [90m[39m
[35m[HTTP][39m [37m-->[39m [37mGET[39m [37m/wd/hub/session/55558337-41c3-4bc9-b353-3fd3d45d74f6/window/current/size[39m
[35m[HTTP][39m [90m{}[39m
[35m[W3C][39m Driver proxy active, passing request on via HTTP proxy
[35m[JSONWP Proxy][39m Replacing sessionId 9b909afe-1aaa-4154-8ef5-2be010a856cb with 55558337-41c3-4bc9-b353-3fd3d45d74f6
[35m[HTTP][39m [37m<-- GET /wd/hub/session/55558337-41c3-4bc9-b353-3fd3d45d74f6/window/current/size [39m[32m200[39m [90m30 ms - 100[39m
[35m[HTTP][39m [90m[39m
[35m[HTTP][39m [37m-->[39m [37mPOST[39m [37m/wd/hub/session/55558337-41c3-4bc9-b353-3fd3d45d74f6/elements[39m
[35m[HTTP][39m [90m{"using":"-android uiautomator","value":"new UiSelector().className(\"android.widget.Button\").text(\"OK\").resourceId(\"com.abaxis.vetscan_vue.dev:id/showcase_button\").instance(0)"}[39m
[35m[HTTP][39m [37m<-- POST /wd/hub/session/55558337-41c3-4bc9-b353-3fd3d45d74f6/elements [39m[32m200[39m [90m151 ms - 124[39m
[35m[HTTP][39m [90m[39m
[35m[HTTP][39m [37m-->[39m [37mGET[39m [37m/wd/hub/session/55558337-41c3-4bc9-b353-3fd3d45d74f6[39m
[35m[HTTP][39m [90m{}[39m
[35m[HTTP][39m [37m<-- GET /wd/hub/session/55558337-41c3-4bc9-b353-3fd3d45d74f6 [39m[32m200[39m [90m25 ms - 1133[39m
[35m[HTTP][39m [90m[39m
[35m[HTTP][39m [37m-->[39m [37mGET[39m [37m/wd/hub/session/55558337-41c3-4bc9-b353-3fd3d45d74f6[39m
[35m[HTTP][39m [90m{}[39m
[35m[HTTP][39m [37m<-- GET /wd/hub/session/55558337-41c3-4bc9-b353-3fd3d45d74f6 [39m[32m200[39m [90m26 ms - 1133[39m
[35m[HTTP][39m [90m[39m
[35m[HTTP][39m [37m-->[39m [37mGET[39m [37m/wd/hub/session/55558337-41c3-4bc9-b353-3fd3d45d74f6[39m
[35m[HTTP][39m [90m{}[39m
[35m[HTTP][39m [37m<-- GET /wd/hub/session/55558337-41c3-4bc9-b353-3fd3d45d74f6 [39m[32m200[39m [90m24 ms - 1133[39m
[35m[HTTP][39m [90m[39m
[35m[HTTP][39m [37m-->[39m [37mGET[39m [37m/wd/hub/session/55558337-41c3-4bc9-b353-3fd3d45d74f6[39m
[35m[HTTP][39m [90m{}[39m
[35m[HTTP][39m [37m<-- GET /wd/hub/session/55558337-41c3-4bc9-b353-3fd3d45d74f6 [39m[32m200[39m [90m27 ms - 1133[39m
[35m[HTTP][39m [90m[39m
[35m[HTTP][39m [37m-->[39m [37mGET[39m [37m/wd/hub/session/55558337-41c3-4bc9-b353-3fd3d45d74f6/element/319cc596-4a81-4e0c-8a49-8bd0ed970a54/location[39m
[35m[HTTP][39m [90m{}[39m
[35m[W3C][39m Driver proxy active, passing request on via HTTP proxy
[35m[JSONWP Proxy][39m Replacing sessionId 9b909afe-1aaa-4154-8ef5-2be010a856cb with 55558337-41c3-4bc9-b353-3fd3d45d74f6
[35m[HTTP][39m [37m<-- GET /wd/hub/session/55558337-41c3-4bc9-b353-3fd3d45d74f6/element/319cc596-4a81-4e0c-8a49-8bd0ed970a54/location [39m[32m200[39m [90m68 ms - 90[39m
[35m[HTTP][39m [90m[39m
[35m[HTTP][39m [37m-->[39m [37mPOST[39m [37m/wd/hub/session/55558337-41c3-4bc9-b353-3fd3d45d74f6/touch/perform[39m
[35m[HTTP][39m [90m{"actions":[{"action":"tap","options":{"element":"319cc596-4a81-4e0c-8a49-8bd0ed970a54","x":1,"y":1}}]}[39m
[35m[UiAutomator2][39m calling get location: 319cc596-4a81-4e0c-8a49-8bd0ed970a54
[35m[HTTP][39m [37m<-- POST /wd/hub/session/55558337-41c3-4bc9-b353-3fd3d45d74f6/touch/perform [39m[32m200[39m [90m906 ms - 76[39m
[35m[HTTP][39m [90m[39m
[35m[HTTP][39m [37m-->[39m [37mGET[39m [37m/wd/hub/session/55558337-41c3-4bc9-b353-3fd3d45d74f6/window/current/size[39m
[35m[HTTP][39m [90m{}[39m
[35m[W3C][39m Driver proxy active, passing request on via HTTP proxy
[35m[JSONWP Proxy][39m Replacing sessionId 9b909afe-1aaa-4154-8ef5-2be010a856cb with 55558337-41c3-4bc9-b353-3fd3d45d74f6
[35m[HTTP][39m [37m<-- GET /wd/hub/session/55558337-41c3-4bc9-b353-3fd3d45d74f6/window/current/size [39m[32m200[39m [90m34 ms - 100[39m
[35m[HTTP][39m [90m[39m
[35m[HTTP][39m [37m-->[39m [37mPOST[39m [37m/wd/hub/session/55558337-41c3-4bc9-b353-3fd3d45d74f6/elements[39m
[35m[HTTP][39m [90m{"using":"-android uiautomator","value":"new UiSelector().className(\"android.widget.ImageButton\").instance(1)"}[39m
[35m[HTTP][39m [37m<-- POST /wd/hub/session/55558337-41c3-4bc9-b353-3fd3d45d74f6/elements [39m[32m200[39m [90m106 ms - 124[39m
[35m[HTTP][39m [90m[39m
[35m[HTTP][39m [37m-->[39m [37mGET[39m [37m/wd/hub/session/55558337-41c3-4bc9-b353-3fd3d45d74f6[39m
[35m[HTTP][39m [90m{}[39m
[35m[HTTP][39m [37m<-- GET /wd/hub/session/55558337-41c3-4bc9-b353-3fd3d45d74f6 [39m[32m200[39m [90m32 ms - 1133[39m
[35m[HTTP][39m [90m[39m
[35m[HTTP][39m [37m-->[39m [37mGET[39m [37m/wd/hub/session/55558337-41c3-4bc9-b353-3fd3d45d74f6[39m
[35m[HTTP][39m [90m{}[39m
[35m[HTTP][39m [37m<-- GET /wd/hub/session/55558337-41c3-4bc9-b353-3fd3d45d74f6 [39m[32m200[39m [90m25 ms - 1133[39m
[35m[HTTP][39m [90m[39m
[35m[HTTP][39m [37m-->[39m [37mGET[39m [37m/wd/hub/session/55558337-41c3-4bc9-b353-3fd3d45d74f6[39m
[35m[HTTP][39m [90m{}[39m
[35m[HTTP][39m [37m<-- GET /wd/hub/session/55558337-41c3-4bc9-b353-3fd3d45d74f6 [39m[32m200[39m [90m18 ms - 1133[39m
[35m[HTTP][39m [90m[39m
[35m[HTTP][39m [37m-->[39m [37mGET[39m [37m/wd/hub/session/55558337-41c3-4bc9-b353-3fd3d45d74f6[39m
[35m[HTTP][39m [90m{}[39m
[35m[HTTP][39m [37m<-- GET /wd/hub/session/55558337-41c3-4bc9-b353-3fd3d45d74f6 [39m[32m200[39m [90m23 ms - 1133[39m
[35m[HTTP][39m [90m[39m
[35m[HTTP][39m [37m-->[39m [37mGET[39m [37m/wd/hub/session/55558337-41c3-4bc9-b353-3fd3d45d74f6/element/dc9f3378-afc8-4bf6-8411-5f1eec89e031/location[39m
[35m[HTTP][39m [90m{}[39m
[35m[W3C][39m Driver proxy active, passing request on via HTTP proxy
[35m[JSONWP Proxy][39m Replacing sessionId 9b909afe-1aaa-4154-8ef5-2be010a856cb with 55558337-41c3-4bc9-b353-3fd3d45d74f6
[35m[HTTP][39m [37m<-- GET /wd/hub/session/55558337-41c3-4bc9-b353-3fd3d45d74f6/element/dc9f3378-afc8-4bf6-8411-5f1eec89e031/location [39m[32m200[39m [90m52 ms - 86[39m
[35m[HTTP][39m [90m[39m
[35m[HTTP][39m [37m-->[39m [37mPOST[39m [37m/wd/hub/session/55558337-41c3-4bc9-b353-3fd3d45d74f6/touch/perform[39m
[35m[HTTP][39m [90m{"actions":[{"action":"tap","options":{"element":"dc9f3378-afc8-4bf6-8411-5f1eec89e031","x":1,"y":1}}]}[39m
[35m[UiAutomator2][39m calling get location: dc9f3378-afc8-4bf6-8411-5f1eec89e031
[35m[HTTP][39m [37m<-- POST /wd/hub/session/55558337-41c3-4bc9-b353-3fd3d45d74f6/touch/perform [39m[32m200[39m [90m2270 ms - 76[39m
[35m[HTTP][39m [90m[39m
[35m[HTTP][39m [37m-->[39m [37mGET[39m [37m/wd/hub/session/55558337-41c3-4bc9-b353-3fd3d45d74f6/window/current/size[39m
[35m[HTTP][39m [90m{}[39m
[35m[W3C][39m Driver proxy active, passing request on via HTTP proxy
[35m[JSONWP Proxy][39m Replacing sessionId 9b909afe-1aaa-4154-8ef5-2be010a856cb with 55558337-41c3-4bc9-b353-3fd3d45d74f6
[35m[HTTP][39m [37m<-- GET /wd/hub/session/55558337-41c3-4bc9-b353-3fd3d45d74f6/window/current/size [39m[32m200[39m [90m30 ms - 100[39m
[35m[HTTP][39m [90m[39m
[35m[HTTP][39m [37m-->[39m [37mPOST[39m [37m/wd/hub/session/55558337-41c3-4bc9-b353-3fd3d45d74f6/elements[39m
[35m[HTTP][39m [90m{"using":"-android uiautomator","value":"new UiSelector().className(\"android.widget.ImageButton\").instance(2)"}[39m
[35m[HTTP][39m [37m<-- POST /wd/hub/session/55558337-41c3-4bc9-b353-3fd3d45d74f6/elements [39m[32m200[39m [90m105 ms - 124[39m
[35m[HTTP][39m [90m[39m
[35m[HTTP][39m [37m-->[39m [37mGET[39m [37m/wd/hub/session/55558337-41c3-4bc9-b353-3fd3d45d74f6[39m
[35m[HTTP][39m [90m{}[39m
[35m[HTTP][39m [37m<-- GET /wd/hub/session/55558337-41c3-4bc9-b353-3fd3d45d74f6 [39m[32m200[39m [90m33 ms - 1133[39m
[35m[HTTP][39m [90m[39m
[35m[HTTP][39m [37m-->[39m [37mGET[39m [37m/wd/hub/session/55558337-41c3-4bc9-b353-3fd3d45d74f6[39m
[35m[HTTP][39m [90m{}[39m
[35m[HTTP][39m [37m<-- GET /wd/hub/session/55558337-41c3-4bc9-b353-3fd3d45d74f6 [39m[32m200[39m [90m25 ms - 1133[39m
[35m[HTTP][39m [90m[39m
[35m[HTTP][39m [37m-->[39m [37mGET[39m [37m/wd/hub/session/55558337-41c3-4bc9-b353-3fd3d45d74f6[39m
[35m[HTTP][39m [90m{}[39m
[35m[HTTP][39m [37m<-- GET /wd/hub/session/55558337-41c3-4bc9-b353-3fd3d45d74f6 [39m[32m200[39m [90m24 ms - 1133[39m
[35m[HTTP][39m [90m[39m
[35m[HTTP][39m [37m-->[39m [37mGET[39m [37m/wd/hub/session/55558337-41c3-4bc9-b353-3fd3d45d74f6[39m
[35m[HTTP][39m [90m{}[39m
[35m[HTTP][39m [37m<-- GET /wd/hub/session/55558337-41c3-4bc9-b353-3fd3d45d74f6 [39m[32m200[39m [90m21 ms - 1133[39m
[35m[HTTP][39m [90m[39m
[35m[HTTP][39m [37m-->[39m [37mGET[39m [37m/wd/hub/session/55558337-41c3-4bc9-b353-3fd3d45d74f6/element/c6bd3ac0-3e07-4ddb-b218-64b4b5732a20/location[39m
[35m[HTTP][39m [90m{}[39m
[35m[W3C][39m Driver proxy active, passing request on via HTTP proxy
[35m[JSONWP Proxy][39m Replacing sessionId 9b909afe-1aaa-4154-8ef5-2be010a856cb with 55558337-41c3-4bc9-b353-3fd3d45d74f6
[35m[HTTP][39m [37m<-- GET /wd/hub/session/55558337-41c3-4bc9-b353-3fd3d45d74f6/element/c6bd3ac0-3e07-4ddb-b218-64b4b5732a20/location [39m[32m200[39m [90m59 ms - 88[39m
[35m[HTTP][39m [90m[39m
[35m[HTTP][39m [37m-->[39m [37mPOST[39m [37m/wd/hub/session/55558337-41c3-4bc9-b353-3fd3d45d74f6/touch/perform[39m
[35m[HTTP][39m [90m{"actions":[{"action":"tap","options":{"element":"c6bd3ac0-3e07-4ddb-b218-64b4b5732a20","x":1,"y":1}}]}[39m
[35m[UiAutomator2][39m calling get location: c6bd3ac0-3e07-4ddb-b218-64b4b5732a20
[35m[HTTP][39m [37m<-- POST /wd/hub/session/55558337-41c3-4bc9-b353-3fd3d45d74f6/touch/perform [39m[32m200[39m [90m1014 ms - 76[39m
[35m[HTTP][39m [90m[39m
[35m[HTTP][39m [37m-->[39m [37mGET[39m [37m/wd/hub/session/55558337-41c3-4bc9-b353-3fd3d45d74f6/window/current/size[39m
[35m[HTTP][39m [90m{}[39m
[35m[W3C][39m Driver proxy active, passing request on via HTTP proxy
[35m[JSONWP Proxy][39m Replacing sessionId 9b909afe-1aaa-4154-8ef5-2be010a856cb with 55558337-41c3-4bc9-b353-3fd3d45d74f6
[35m[HTTP][39m [37m<-- GET /wd/hub/session/55558337-41c3-4bc9-b353-3fd3d45d74f6/window/current/size [39m[32m200[39m [90m28 ms - 100[39m
[35m[HTTP][39m [90m[39m
[35m[HTTP][39m [37m-->[39m [37mPOST[39m [37m/wd/hub/session/55558337-41c3-4bc9-b353-3fd3d45d74f6/elements[39m
[35m[HTTP][39m [90m{"using":"-android uiautomator","value":"new UiSelector().className(\"android.widget.ImageButton\").instance(3)"}[39m
[35m[HTTP][39m [37m<-- POST /wd/hub/session/55558337-41c3-4bc9-b353-3fd3d45d74f6/elements [39m[32m200[39m [90m66 ms - 124[39m
[35m[HTTP][39m [90m[39m
[35m[HTTP][39m [37m-->[39m [37mGET[39m [37m/wd/hub/session/55558337-41c3-4bc9-b353-3fd3d45d74f6[39m
[35m[HTTP][39m [90m{}[39m
[35m[HTTP][39m [37m<-- GET /wd/hub/session/55558337-41c3-4bc9-b353-3fd3d45d74f6 [39m[32m200[39m [90m20 ms - 1133[39m
[35m[HTTP][39m [90m[39m
[35m[HTTP][39m [37m-->[39m [37mGET[39m [37m/wd/hub/session/55558337-41c3-4bc9-b353-3fd3d45d74f6[39m
[35m[HTTP][39m [90m{}[39m
[35m[HTTP][39m [37m<-- GET /wd/hub/session/55558337-41c3-4bc9-b353-3fd3d45d74f6 [39m[32m200[39m [90m19 ms - 1133[39m
[35m[HTTP][39m [90m[39m
[35m[HTTP][39m [37m-->[39m [37mGET[39m [37m/wd/hub/session/55558337-41c3-4bc9-b353-3fd3d45d74f6[39m
[35m[HTTP][39m [90m{}[39m
[35m[HTTP][39m [37m<-- GET /wd/hub/session/55558337-41c3-4bc9-b353-3fd3d45d74f6 [39m[32m200[39m [90m29 ms - 1133[39m
[35m[HTTP][39m [90m[39m
[35m[HTTP][39m [37m-->[39m [37mGET[39m [37m/wd/hub/session/55558337-41c3-4bc9-b353-3fd3d45d74f6[39m
[35m[HTTP][39m [90m{}[39m
[35m[HTTP][39m [37m<-- GET /wd/hub/session/55558337-41c3-4bc9-b353-3fd3d45d74f6 [39m[32m200[39m [90m22 ms - 1133[39m
[35m[HTTP][39m [90m[39m
[35m[HTTP][39m [37m-->[39m [37mGET[39m [37m/wd/hub/session/55558337-41c3-4bc9-b353-3fd3d45d74f6/element/4db93ca2-7fab-4634-8660-bc6337d4b2cd/location[39m
[35m[HTTP][39m [90m{}[39m
[35m[W3C][39m Driver proxy active, passing request on via HTTP proxy
[35m[JSONWP Proxy][39m Replacing sessionId 9b909afe-1aaa-4154-8ef5-2be010a856cb with 55558337-41c3-4bc9-b353-3fd3d45d74f6
[35m[HTTP][39m [37m<-- GET /wd/hub/session/55558337-41c3-4bc9-b353-3fd3d45d74f6/element/4db93ca2-7fab-4634-8660-bc6337d4b2cd/location [39m[32m200[39m [90m53 ms - 88[39m
[35m[HTTP][39m [90m[39m
[35m[HTTP][39m [37m-->[39m [37mPOST[39m [37m/wd/hub/session/55558337-41c3-4bc9-b353-3fd3d45d74f6/touch/perform[39m
[35m[HTTP][39m [90m{"actions":[{"action":"tap","options":{"element":"4db93ca2-7fab-4634-8660-bc6337d4b2cd","x":1,"y":1}}]}[39m
[35m[UiAutomator2][39m calling get location: 4db93ca2-7fab-4634-8660-bc6337d4b2cd
[35m[HTTP][39m [37m<-- POST /wd/hub/session/55558337-41c3-4bc9-b353-3fd3d45d74f6/touch/perform [39m[32m200[39m [90m1009 ms - 76[39m
[35m[HTTP][39m [90m[39m
[35m[HTTP][39m [37m-->[39m [37mGET[39m [37m/wd/hub/session/55558337-41c3-4bc9-b353-3fd3d45d74f6/window/current/size[39m
[35m[HTTP][39m [90m{}[39m
[35m[W3C][39m Driver proxy active, passing request on via HTTP proxy
[35m[JSONWP Proxy][39m Replacing sessionId 9b909afe-1aaa-4154-8ef5-2be010a856cb with 55558337-41c3-4bc9-b353-3fd3d45d74f6
[35m[HTTP][39m [37m<-- GET /wd/hub/session/55558337-41c3-4bc9-b353-3fd3d45d74f6/window/current/size [39m[32m200[39m [90m24 ms - 100[39m
[35m[HTTP][39m [90m[39m
[35m[HTTP][39m [37m-->[39m [37mPOST[39m [37m/wd/hub/session/55558337-41c3-4bc9-b353-3fd3d45d74f6/elements[39m
[35m[HTTP][39m [90m{"using":"-android uiautomator","value":"new UiSelector().className(\"android.widget.ImageButton\").instance(4)"}[39m
[35m[HTTP][39m [37m<-- POST /wd/hub/session/55558337-41c3-4bc9-b353-3fd3d45d74f6/elements [39m[32m200[39m [90m95 ms - 124[39m
[35m[HTTP][39m [90m[39m
[35m[HTTP][39m [37m-->[39m [37mGET[39m [37m/wd/hub/session/55558337-41c3-4bc9-b353-3fd3d45d74f6[39m
[35m[HTTP][39m [90m{}[39m
[35m[HTTP][39m [37m<-- GET /wd/hub/session/55558337-41c3-4bc9-b353-3fd3d45d74f6 [39m[32m200[39m [90m22 ms - 1133[39m
[35m[HTTP][39m [90m[39m
[35m[HTTP][39m [37m-->[39m [37mGET[39m [37m/wd/hub/session/55558337-41c3-4bc9-b353-3fd3d45d74f6[39m
[35m[HTTP][39m [90m{}[39m
[35m[HTTP][39m [37m<-- GET /wd/hub/session/55558337-41c3-4bc9-b353-3fd3d45d74f6 [39m[32m200[39m [90m22 ms - 1133[39m
[35m[HTTP][39m [90m[39m
[35m[HTTP][39m [37m-->[39m [37mGET[39m [37m/wd/hub/session/55558337-41c3-4bc9-b353-3fd3d45d74f6[39m
[35m[HTTP][39m [90m{}[39m
[35m[HTTP][39m [37m<-- GET /wd/hub/session/55558337-41c3-4bc9-b353-3fd3d45d74f6 [39m[32m200[39m [90m22 ms - 1133[39m
[35m[HTTP][39m [90m[39m
[35m[HTTP][39m [37m-->[39m [37mGET[39m [37m/wd/hub/session/55558337-41c3-4bc9-b353-3fd3d45d74f6[39m
[35m[HTTP][39m [90m{}[39m
[35m[HTTP][39m [37m<-- GET /wd/hub/session/55558337-41c3-4bc9-b353-3fd3d45d74f6 [39m[32m200[39m [90m23 ms - 1133[39m
[35m[HTTP][39m [90m[39m
[35m[HTTP][39m [37m-->[39m [37mGET[39m [37m/wd/hub/session/55558337-41c3-4bc9-b353-3fd3d45d74f6/element/daa2714b-aaef-4893-aa3b-16e6c667c32e/location[39m
[35m[HTTP][39m [90m{}[39m
[35m[W3C][39m Driver proxy active, passing request on via HTTP proxy
[35m[JSONWP Proxy][39m Replacing sessionId 9b909afe-1aaa-4154-8ef5-2be010a856cb with 55558337-41c3-4bc9-b353-3fd3d45d74f6
[35m[HTTP][39m [37m<-- GET /wd/hub/session/55558337-41c3-4bc9-b353-3fd3d45d74f6/element/daa2714b-aaef-4893-aa3b-16e6c667c32e/location [39m[32m200[39m [90m68 ms - 89[39m
[35m[HTTP][39m [90m[39m
[35m[HTTP][39m [37m-->[39m [37mPOST[39m [37m/wd/hub/session/55558337-41c3-4bc9-b353-3fd3d45d74f6/touch/perform[39m
[35m[HTTP][39m [90m{"actions":[{"action":"tap","options":{"element":"daa2714b-aaef-4893-aa3b-16e6c667c32e","x":1,"y":1}}]}[39m
[35m[UiAutomator2][39m calling get location: daa2714b-aaef-4893-aa3b-16e6c667c32e
[35m[HTTP][39m [37m<-- POST /wd/hub/session/55558337-41c3-4bc9-b353-3fd3d45d74f6/touch/perform [39m[32m200[39m [90m1025 ms - 76[39m
[35m[HTTP][39m [90m[39m
[35m[HTTP][39m [37m-->[39m [37mGET[39m [37m/wd/hub/session/55558337-41c3-4bc9-b353-3fd3d45d74f6/context[39m
[35m[HTTP][39m [90m{}[39m
[35m[HTTP][39m [37m<-- GET /wd/hub/session/55558337-41c3-4bc9-b353-3fd3d45d74f6/context [39m[32m200[39m [90m6 ms - 84[39m
[35m[HTTP][39m [90m[39m
[35m[HTTP][39m [37m-->[39m [37mGET[39m [37m/wd/hub/session/55558337-41c3-4bc9-b353-3fd3d45d74f6/contexts[39m
[35m[HTTP][39m [90m{}[39m
[35m[HTTP][39m [37m<-- GET /wd/hub/session/55558337-41c3-4bc9-b353-3fd3d45d74f6/contexts [39m[32m200[39m [90m105 ms - 147[39m
[35m[HTTP][39m [90m[39m
[35m[HTTP][39m [37m-->[39m [37mPOST[39m [37m/wd/hub/session/55558337-41c3-4bc9-b353-3fd3d45d74f6/context[39m
[35m[HTTP][39m [90m{"name":"NATIVE_APP"}[39m
[35m[HTTP][39m [37m<-- POST /wd/hub/session/55558337-41c3-4bc9-b353-3fd3d45d74f6/context [39m[32m200[39m [90m104 ms - 76[39m
[35m[HTTP][39m [90m[39m
[35m[HTTP][39m [37m-->[39m [37mPOST[39m [37m/wd/hub/session/55558337-41c3-4bc9-b353-3fd3d45d74f6/appium/device/press_keycode[39m
[35m[HTTP][39m [90m{"keycode":4}[39m
[35m[HTTP][39m [37m<-- POST /wd/hub/session/55558337-41c3-4bc9-b353-3fd3d45d74f6/appium/device/press_keycode [39m[32m200[39m [90m242 ms - 76[39m
[35m[HTTP][39m [90m[39m
[35m[HTTP][39m [37m-->[39m [37mPOST[39m [37m/wd/hub/session/55558337-41c3-4bc9-b353-3fd3d45d74f6/context[39m
[35m[HTTP][39m [90m{"name":"NATIVE_APP"}[39m
[35m[HTTP][39m [37m<-- POST /wd/hub/session/55558337-41c3-4bc9-b353-3fd3d45d74f6/context [39m[32m200[39m [90m95 ms - 76[39m
[35m[HTTP][39m [90m[39m
[35m[HTTP][39m [37m-->[39m [37mGET[39m [37m/wd/hub/session/55558337-41c3-4bc9-b353-3fd3d45d74f6/window/current/size[39m
[35m[HTTP][39m [90m{}[39m
[35m[W3C][39m Driver proxy active, passing request on via HTTP proxy
[35m[JSONWP Proxy][39m Replacing sessionId 9b909afe-1aaa-4154-8ef5-2be010a856cb with 55558337-41c3-4bc9-b353-3fd3d45d74f6
[35m[HTTP][39m [37m<-- GET /wd/hub/session/55558337-41c3-4bc9-b353-3fd3d45d74f6/window/current/size [39m[32m200[39m [90m20 ms - 100[39m
[35m[HTTP][39m [90m[39m
[35m[HTTP][39m [37m-->[39m [37mPOST[39m [37m/wd/hub/session/55558337-41c3-4bc9-b353-3fd3d45d74f6/elements[39m
[35m[HTTP][39m [90m{"using":"-android uiautomator","value":"new UiSelector().className(\"android.widget.Button\").text(\"YES\").resourceId(\"android:id/button1\").instance(1)"}[39m
[35m[HTTP][39m [37m<-- POST /wd/hub/session/55558337-41c3-4bc9-b353-3fd3d45d74f6/elements [39m[32m200[39m [90m566 ms - 124[39m
[35m[HTTP][39m [90m[39m
[35m[HTTP][39m [37m-->[39m [37mGET[39m [37m/wd/hub/session/55558337-41c3-4bc9-b353-3fd3d45d74f6[39m
[35m[HTTP][39m [90m{}[39m
[35m[HTTP][39m [37m<-- GET /wd/hub/session/55558337-41c3-4bc9-b353-3fd3d45d74f6 [39m[32m200[39m [90m41 ms - 1133[39m
[35m[HTTP][39m [90m[39m
[35m[HTTP][39m [37m-->[39m [37mGET[39m [37m/wd/hub/session/55558337-41c3-4bc9-b353-3fd3d45d74f6[39m
[35m[HTTP][39m [90m{}[39m
[35m[HTTP][39m [37m<-- GET /wd/hub/session/55558337-41c3-4bc9-b353-3fd3d45d74f6 [39m[32m200[39m [90m31 ms - 1133[39m
[35m[HTTP][39m [90m[39m
[35m[HTTP][39m [37m-->[39m [37mGET[39m [37m/wd/hub/session/55558337-41c3-4bc9-b353-3fd3d45d74f6[39m
[35m[HTTP][39m [90m{}[39m
[35m[HTTP][39m [37m<-- GET /wd/hub/session/55558337-41c3-4bc9-b353-3fd3d45d74f6 [39m[32m200[39m [90m33 ms - 1133[39m
[35m[HTTP][39m [90m[39m
[35m[HTTP][39m [37m-->[39m [37mGET[39m [37m/wd/hub/session/55558337-41c3-4bc9-b353-3fd3d45d74f6[39m
[35m[HTTP][39m [90m{}[39m
[35m[HTTP][39m [37m<-- GET /wd/hub/session/55558337-41c3-4bc9-b353-3fd3d45d74f6 [39m[32m200[39m [90m32 ms - 1133[39m
[35m[HTTP][39m [90m[39m
[35m[HTTP][39m [37m-->[39m [37mGET[39m [37m/wd/hub/session/55558337-41c3-4bc9-b353-3fd3d45d74f6/element/4a73effe-b379-4f0c-ab3a-af31c0005306/location[39m
[35m[HTTP][39m [90m{}[39m
[35m[W3C][39m Driver proxy active, passing request on via HTTP proxy
[35m[JSONWP Proxy][39m Replacing sessionId 9b909afe-1aaa-4154-8ef5-2be010a856cb with 55558337-41c3-4bc9-b353-3fd3d45d74f6
[35m[HTTP][39m [37m<-- GET /wd/hub/session/55558337-41c3-4bc9-b353-3fd3d45d74f6/element/4a73effe-b379-4f0c-ab3a-af31c0005306/location [39m[32m200[39m [90m60 ms - 91[39m
[35m[HTTP][39m [90m[39m
[35m[HTTP][39m [37m-->[39m [37mPOST[39m [37m/wd/hub/session/55558337-41c3-4bc9-b353-3fd3d45d74f6/touch/perform[39m
[35m[HTTP][39m [90m{"actions":[{"action":"tap","options":{"element":"4a73effe-b379-4f0c-ab3a-af31c0005306","x":1,"y":1}}]}[39m
[35m[UiAutomator2][39m calling get location: 4a73effe-b379-4f0c-ab3a-af31c0005306
[35m[HTTP][39m [37m<-- POST /wd/hub/session/55558337-41c3-4bc9-b353-3fd3d45d74f6/touch/perform [39m[32m200[39m [90m1585 ms - 76[39m
[35m[HTTP][39m [90m[39m
[35m[HTTP][39m [37m-->[39m [37mDELETE[39m [37m/wd/hub/session/55558337-41c3-4bc9-b353-3fd3d45d74f6[39m
[35m[HTTP][39m [90m{}[39m
[35m[Appium][39m Removing session 55558337-41c3-4bc9-b353-3fd3d45d74f6 from our master session list
[35m[ADB][39m com.abaxis.vetscan_vue.dev was successfully uninstalled
[35m[HTTP][39m [37m<-- DELETE /wd/hub/session/55558337-41c3-4bc9-b353-3fd3d45d74f6 [39m[32m200[39m [90m4300 ms - 76[39m
[35m[HTTP][39m [90m[39m
