[35m[Appium][39m Welcome to Appium v1.8.1
[35m[Appium][39m Non-default server args:
[35m[Appium][39m   port: 54483
[35m[Appium][39m   loglevel: info
[35m[Appium][39m   chromeDriverPort: 54484
[35m[Appium][39m   tmpDir: C:\Users\Agato\AppData\Local\Temp\\Katalon\Appium\Temp1537252480371
[35m[Appium][39m Appium REST http interface listener started on 0.0.0.0:54483
[35m[HTTP][39m [37m-->[39m [37mGET[39m [37m/wd/hub/status[39m
[35m[HTTP][39m [90m{}[39m
[35m[HTTP][39m [37m<-- GET /wd/hub/status [39m[32m200[39m [90m8 ms - 83[39m
[35m[HTTP][39m [90m[39m
[35m[HTTP][39m [37m-->[39m [37mPOST[39m [37m/wd/hub/session[39m
[35m[HTTP][39m [90m{"desiredCapabilities":{"app":"C:\\temp\\app-development-debug.apk","autoGrantPermissions":true,"automationName":"uiautomator2","deviceName":"samsung SM-G920F (Android 7.0)","fullReset":true,"newCommandTimeout":1800,"noReset":false,"platform":"ANDROID","platformName":"Android","udid":"10160a0973263f03"},"capabilities":{"desiredCapabilities":{"app":"C:\\temp\\app-development-debug.apk","autoGrantPermissions":true,"automationName":"uiautomator2","deviceName":"samsung SM-G920F (Android 7.0)","fullReset":true,"newCommandTimeout":1800,"noReset":false,"platform":"ANDROID","platformName":"Android","udid":"10160a0973263f03"},"firstMatch":[{"platformName":"android"}]}}[39m
[35m[Appium][39m Could not parse W3C capabilities: 'deviceName' can't be blank. Falling back to JSONWP protocol.
[35m[Appium][39m The following capabilities were provided in the JSONWP desired capabilities that are missing in W3C capabilities: ["app","autoGrantPermissions","automationName","deviceName","fullReset","newCommandTimeout","noReset","platform","platformName","udid"]. Falling back to JSONWP protocol.
[35m[Appium][39m Creating new AndroidUiautomator2Driver (v1.12.0) session
[35m[Appium][39m Capabilities:
[35m[Appium][39m   app: C:\temp\app-development-debug.apk
[35m[Appium][39m   autoGrantPermissions: true
[35m[Appium][39m   automationName: uiautomator2
[35m[Appium][39m   deviceName: samsung SM-G920F (Android 7.0)
[35m[Appium][39m   fullReset: true
[35m[Appium][39m   newCommandTimeout: 1800
[35m[Appium][39m   noReset: false
[35m[Appium][39m   platform: ANDROID
[35m[Appium][39m   platformName: Android
[35m[Appium][39m   udid: 10160a0973263f03
[35m[BaseDriver][39m The following capabilities were provided, but are not recognized by appium: platform.
[35m[BaseDriver][39m Session created with session id: 3866e046-fcc3-40c1-972d-2543d4e74140
[35m[BaseDriver][39m Using local app 'C:\temp\app-development-debug.apk'
[35m[AndroidDriver][39m Java version is: 1.8.0_102
[35m[ADB][39m Checking whether adb is present
[35m[ADB][39m Found 1 'build-tools' folders under 'C:\Users\Agato\.katalon\tools\android_sdk' (newest first):
[35m[ADB][39m     C:/Users/Agato/.katalon/tools/android_sdk/build-tools/28.0.1
[35m[ADB][39m Using adb.exe from C:\Users\Agato\.katalon\tools\android_sdk\platform-tools\adb.exe
[35m[AndroidDriver][39m Retrieving device list
[35m[AndroidDriver][39m Using device: 10160a0973263f03
[35m[ADB][39m Using the alternative activity name detection method because of: Could not find apkanalyzer.bat in C:\Users\Agato\.katalon\tools\android_sdk\platform-tools\apkanalyzer.bat,C:\Users\Agato\.katalon\tools\android_sdk\emulator\apkanalyzer.bat,C:\Users\Agato\.katalon\tools\android_sdk\tools\apkanalyzer.bat,C:\Users\Agato\.katalon\tools\android_sdk\tools\bin\apkanalyzer.bat,C:\Users\Agato\.katalon\tools\android_sdk\build-tools\28.0.1\apkanalyzer.bat. Do you have the Android SDK installed at 'C:\Users\Agato\.katalon\tools\android_sdk'?
[35m[ADB][39m Checking whether aapt is present
[35m[ADB][39m Using aapt.exe from C:\Users\Agato\.katalon\tools\android_sdk\build-tools\28.0.1\aapt.exe
[35m[ADB][39m Extracting package and launch activity from manifest
[35m[ADB][39m Package name: 'com.abaxis.vetscan_vue.dev'
[35m[ADB][39m Main activity name: 'com.abaxis.vetscanvue.presentation.screens.activities.splash.SplashActivity'
[35m[ADB][39m Getting device platform version
[35m[ADB][39m Using apksigner.bat from C:\Users\Agato\.katalon\tools\android_sdk\build-tools\28.0.1\apksigner.bat
[35m[ADB][39m Checking whether zipalign is present
[35m[ADB][39m Using zipalign.exe from C:\Users\Agato\.katalon\tools\android_sdk\build-tools\28.0.1\zipalign.exe
[35m[ADB][39m io.appium.uiautomator2.server was successfully uninstalled
[35m[ADB][39m io.appium.uiautomator2.server.test was successfully uninstalled
[35m[AndroidDriver][39m setDeviceLanguageCountry requires language or country.
[35m[AndroidDriver][39m Got language: 'null' and country: 'null'
[35m[ADB][39m Successfully extracted 667 strings from 'C:\temp\app-development-debug.apk' resources for '(default)' configuration
[35m[ADB][39m com.abaxis.vetscan_vue.dev was not uninstalled, because it was not present on the device
[35m[UiAutomator2][39m Starting uiautomator2 server 1.12.0
[35m[UiAutomator2][39m Using UIAutomator2 server from 'C:\Users\Agato\AppData\Roaming\npm\node_modules\appium\node_modules\appium-uiautomator2-server\apks\appium-uiautomator2-server-v1.12.0.apk' and test from 'C:\Users\Agato\AppData\Roaming\npm\node_modules\appium\node_modules\appium-uiautomator2-server\apks\appium-uiautomator2-server-debug-androidTest.apk'
[35m[UiAutomator2][39m Running command: 'adb -s 10160a0973263f03 shell am instrument -w io.appium.uiautomator2.server.test/android.support.test.runner.AndroidJUnitRunner'
[35m[UiAutomator2][39m Waiting up to 20000ms for UiAutomator2 to be online...
[35m[AndroidDriver][39m Screen already unlocked, doing nothing
[35m[UiAutomator2][39m UiAutomator2 did not start the activity we were waiting for, 'com.abaxis.vetscan_vue.dev/com.abaxis.vetscanvue.presentation.screens.activities.splash.SplashActivity'. Starting it ourselves
[35m[Appium][39m New AndroidUiautomator2Driver session created successfully, session 3866e046-fcc3-40c1-972d-2543d4e74140 added to master session list
[35m[HTTP][39m [37m<-- POST /wd/hub/session [39m[32m200[39m [90m61816 ms - 1133[39m
[35m[HTTP][39m [90m[39m
[35m[HTTP][39m [37m-->[39m [37mGET[39m [37m/wd/hub/status[39m
[35m[HTTP][39m [90m{}[39m
[35m[HTTP][39m [37m<-- GET /wd/hub/status [39m[32m200[39m [90m4 ms - 55[39m
[35m[HTTP][39m [90m[39m
[35m[HTTP][39m [37m-->[39m [37mPOST[39m [37m/wd/hub/session/3866e046-fcc3-40c1-972d-2543d4e74140/timeouts[39m
[35m[HTTP][39m [90m{"type":"implicit","ms":30000}[39m
[35m[HTTP][39m [37m<-- POST /wd/hub/session/3866e046-fcc3-40c1-972d-2543d4e74140/timeouts [39m[33m400[39m [90m14 ms - 5308[39m
[35m[HTTP][39m [90m[39m
[35m[HTTP][39m [37m-->[39m [37mGET[39m [37m/wd/hub/session/3866e046-fcc3-40c1-972d-2543d4e74140/window/current/size[39m
[35m[HTTP][39m [90m{}[39m
[35m[W3C][39m Driver proxy active, passing request on via HTTP proxy
[35m[JSONWP Proxy][39m Replacing sessionId 0f33908c-6fe1-4158-98fe-2c5eae42ba7a with 3866e046-fcc3-40c1-972d-2543d4e74140
[35m[HTTP][39m [37m<-- GET /wd/hub/session/3866e046-fcc3-40c1-972d-2543d4e74140/window/current/size [39m[32m200[39m [90m27 ms - 100[39m
[35m[HTTP][39m [90m[39m
[35m[HTTP][39m [37m-->[39m [37mPOST[39m [37m/wd/hub/session/3866e046-fcc3-40c1-972d-2543d4e74140/elements[39m
[35m[HTTP][39m [90m{"using":"-android uiautomator","value":"new UiSelector().className(\"android.widget.ImageView\").resourceId(\"com.abaxis.vetscan_vue.dev:id/close_overview\").instance(1)"}[39m
[35m[HTTP][39m [37m<-- POST /wd/hub/session/3866e046-fcc3-40c1-972d-2543d4e74140/elements [39m[32m200[39m [90m223 ms - 74[39m
[35m[HTTP][39m [90m[39m
[35m[HTTP][39m [37m-->[39m [37mPOST[39m [37m/wd/hub/session/3866e046-fcc3-40c1-972d-2543d4e74140/elements[39m
[35m[HTTP][39m [90m{"using":"-android uiautomator","value":"new UiSelector().className(\"android.widget.ImageView\").resourceId(\"com.abaxis.vetscan_vue.dev:id/close_overview\").instance(1)"}[39m
[35m[HTTP][39m [37m<-- POST /wd/hub/session/3866e046-fcc3-40c1-972d-2543d4e74140/elements [39m[32m200[39m [90m207 ms - 74[39m
[35m[HTTP][39m [90m[39m
[35m[HTTP][39m [37m-->[39m [37mPOST[39m [37m/wd/hub/session/3866e046-fcc3-40c1-972d-2543d4e74140/elements[39m
[35m[HTTP][39m [90m{"using":"-android uiautomator","value":"new UiSelector().className(\"android.widget.ImageView\").resourceId(\"com.abaxis.vetscan_vue.dev:id/close_overview\").instance(1)"}[39m
[35m[HTTP][39m [37m<-- POST /wd/hub/session/3866e046-fcc3-40c1-972d-2543d4e74140/elements [39m[32m200[39m [90m1080 ms - 124[39m
[35m[HTTP][39m [90m[39m
[35m[HTTP][39m [37m-->[39m [37mGET[39m [37m/wd/hub/session/3866e046-fcc3-40c1-972d-2543d4e74140[39m
[35m[HTTP][39m [90m{}[39m
[35m[HTTP][39m [37m<-- GET /wd/hub/session/3866e046-fcc3-40c1-972d-2543d4e74140 [39m[32m200[39m [90m30 ms - 1133[39m
[35m[HTTP][39m [90m[39m
[35m[HTTP][39m [37m-->[39m [37mGET[39m [37m/wd/hub/session/3866e046-fcc3-40c1-972d-2543d4e74140[39m
[35m[HTTP][39m [90m{}[39m
[35m[HTTP][39m [37m<-- GET /wd/hub/session/3866e046-fcc3-40c1-972d-2543d4e74140 [39m[32m200[39m [90m30 ms - 1133[39m
[35m[HTTP][39m [90m[39m
[35m[HTTP][39m [37m-->[39m [37mGET[39m [37m/wd/hub/session/3866e046-fcc3-40c1-972d-2543d4e74140[39m
[35m[HTTP][39m [90m{}[39m
[35m[HTTP][39m [37m<-- GET /wd/hub/session/3866e046-fcc3-40c1-972d-2543d4e74140 [39m[32m200[39m [90m26 ms - 1133[39m
[35m[HTTP][39m [90m[39m
[35m[HTTP][39m [37m-->[39m [37mGET[39m [37m/wd/hub/session/3866e046-fcc3-40c1-972d-2543d4e74140[39m
[35m[HTTP][39m [90m{}[39m
[35m[HTTP][39m [37m<-- GET /wd/hub/session/3866e046-fcc3-40c1-972d-2543d4e74140 [39m[32m200[39m [90m25 ms - 1133[39m
[35m[HTTP][39m [90m[39m
[35m[HTTP][39m [37m-->[39m [37mGET[39m [37m/wd/hub/session/3866e046-fcc3-40c1-972d-2543d4e74140/element/ba1e67ba-c529-4a28-bf39-3af331eb14fb/location[39m
[35m[HTTP][39m [90m{}[39m
[35m[W3C][39m Driver proxy active, passing request on via HTTP proxy
[35m[JSONWP Proxy][39m Replacing sessionId 0f33908c-6fe1-4158-98fe-2c5eae42ba7a with 3866e046-fcc3-40c1-972d-2543d4e74140
[35m[HTTP][39m [37m<-- GET /wd/hub/session/3866e046-fcc3-40c1-972d-2543d4e74140/element/ba1e67ba-c529-4a28-bf39-3af331eb14fb/location [39m[32m200[39m [90m37 ms - 90[39m
[35m[HTTP][39m [90m[39m
[35m[HTTP][39m [37m-->[39m [37mPOST[39m [37m/wd/hub/session/3866e046-fcc3-40c1-972d-2543d4e74140/touch/perform[39m
[35m[HTTP][39m [90m{"actions":[{"action":"tap","options":{"element":"ba1e67ba-c529-4a28-bf39-3af331eb14fb","x":1,"y":1}}]}[39m
[35m[UiAutomator2][39m calling get location: ba1e67ba-c529-4a28-bf39-3af331eb14fb
[35m[HTTP][39m [37m<-- POST /wd/hub/session/3866e046-fcc3-40c1-972d-2543d4e74140/touch/perform [39m[32m200[39m [90m1433 ms - 76[39m
[35m[HTTP][39m [90m[39m
[35m[HTTP][39m [37m-->[39m [37mGET[39m [37m/wd/hub/session/3866e046-fcc3-40c1-972d-2543d4e74140/window/current/size[39m
[35m[HTTP][39m [90m{}[39m
[35m[W3C][39m Driver proxy active, passing request on via HTTP proxy
[35m[JSONWP Proxy][39m Replacing sessionId 0f33908c-6fe1-4158-98fe-2c5eae42ba7a with 3866e046-fcc3-40c1-972d-2543d4e74140
[35m[HTTP][39m [37m<-- GET /wd/hub/session/3866e046-fcc3-40c1-972d-2543d4e74140/window/current/size [39m[32m200[39m [90m52 ms - 100[39m
[35m[HTTP][39m [90m[39m
[35m[HTTP][39m [37m-->[39m [37mPOST[39m [37m/wd/hub/session/3866e046-fcc3-40c1-972d-2543d4e74140/elements[39m
[35m[HTTP][39m [90m{"using":"-android uiautomator","value":"new UiSelector().className(\"android.widget.Button\").text(\"LOGIN\").resourceId(\"com.abaxis.vetscan_vue.dev:id/login_button\").instance(0)"}[39m
[35m[HTTP][39m [37m<-- POST /wd/hub/session/3866e046-fcc3-40c1-972d-2543d4e74140/elements [39m[32m200[39m [90m90 ms - 124[39m
[35m[HTTP][39m [90m[39m
[35m[HTTP][39m [37m-->[39m [37mGET[39m [37m/wd/hub/session/3866e046-fcc3-40c1-972d-2543d4e74140[39m
[35m[HTTP][39m [90m{}[39m
[35m[HTTP][39m [37m<-- GET /wd/hub/session/3866e046-fcc3-40c1-972d-2543d4e74140 [39m[32m200[39m [90m18 ms - 1133[39m
[35m[HTTP][39m [90m[39m
[35m[HTTP][39m [37m-->[39m [37mGET[39m [37m/wd/hub/session/3866e046-fcc3-40c1-972d-2543d4e74140[39m
[35m[HTTP][39m [90m{}[39m
[35m[HTTP][39m [37m<-- GET /wd/hub/session/3866e046-fcc3-40c1-972d-2543d4e74140 [39m[32m200[39m [90m14 ms - 1133[39m
[35m[HTTP][39m [90m[39m
[35m[HTTP][39m [37m-->[39m [37mGET[39m [37m/wd/hub/session/3866e046-fcc3-40c1-972d-2543d4e74140[39m
[35m[HTTP][39m [90m{}[39m
[35m[HTTP][39m [37m<-- GET /wd/hub/session/3866e046-fcc3-40c1-972d-2543d4e74140 [39m[32m200[39m [90m16 ms - 1133[39m
[35m[HTTP][39m [90m[39m
[35m[HTTP][39m [37m-->[39m [37mGET[39m [37m/wd/hub/session/3866e046-fcc3-40c1-972d-2543d4e74140[39m
[35m[HTTP][39m [90m{}[39m
[35m[HTTP][39m [37m<-- GET /wd/hub/session/3866e046-fcc3-40c1-972d-2543d4e74140 [39m[32m200[39m [90m21 ms - 1133[39m
[35m[HTTP][39m [90m[39m
[35m[HTTP][39m [37m-->[39m [37mGET[39m [37m/wd/hub/session/3866e046-fcc3-40c1-972d-2543d4e74140/element/db09d444-37da-420e-877c-dc2d4f2d1530/location[39m
[35m[HTTP][39m [90m{}[39m
[35m[W3C][39m Driver proxy active, passing request on via HTTP proxy
[35m[JSONWP Proxy][39m Replacing sessionId 0f33908c-6fe1-4158-98fe-2c5eae42ba7a with 3866e046-fcc3-40c1-972d-2543d4e74140
[35m[HTTP][39m [37m<-- GET /wd/hub/session/3866e046-fcc3-40c1-972d-2543d4e74140/element/db09d444-37da-420e-877c-dc2d4f2d1530/location [39m[32m200[39m [90m45 ms - 88[39m
[35m[HTTP][39m [90m[39m
[35m[HTTP][39m [37m-->[39m [37mPOST[39m [37m/wd/hub/session/3866e046-fcc3-40c1-972d-2543d4e74140/touch/perform[39m
[35m[HTTP][39m [90m{"actions":[{"action":"tap","options":{"element":"db09d444-37da-420e-877c-dc2d4f2d1530","x":1,"y":1}}]}[39m
[35m[UiAutomator2][39m calling get location: db09d444-37da-420e-877c-dc2d4f2d1530
[35m[HTTP][39m [37m<-- POST /wd/hub/session/3866e046-fcc3-40c1-972d-2543d4e74140/touch/perform [39m[32m200[39m [90m2344 ms - 76[39m
[35m[HTTP][39m [90m[39m
[35m[HTTP][39m [37m-->[39m [37mGET[39m [37m/wd/hub/session/3866e046-fcc3-40c1-972d-2543d4e74140/window/current/size[39m
[35m[HTTP][39m [90m{}[39m
[35m[W3C][39m Driver proxy active, passing request on via HTTP proxy
[35m[JSONWP Proxy][39m Replacing sessionId 0f33908c-6fe1-4158-98fe-2c5eae42ba7a with 3866e046-fcc3-40c1-972d-2543d4e74140
[35m[HTTP][39m [37m<-- GET /wd/hub/session/3866e046-fcc3-40c1-972d-2543d4e74140/window/current/size [39m[32m200[39m [90m47 ms - 100[39m
[35m[HTTP][39m [90m[39m
[35m[HTTP][39m [37m-->[39m [37mPOST[39m [37m/wd/hub/session/3866e046-fcc3-40c1-972d-2543d4e74140/elements[39m
[35m[HTTP][39m [90m{"using":"-android uiautomator","value":"new UiSelector().className(\"android.widget.ImageView\").resourceId(\"com.abaxis.vetscan_vue.dev:id/text_skip\").instance(1)"}[39m
[35m[HTTP][39m [37m<-- POST /wd/hub/session/3866e046-fcc3-40c1-972d-2543d4e74140/elements [39m[32m200[39m [90m80 ms - 124[39m
[35m[HTTP][39m [90m[39m
[35m[HTTP][39m [37m-->[39m [37mGET[39m [37m/wd/hub/session/3866e046-fcc3-40c1-972d-2543d4e74140[39m
[35m[HTTP][39m [90m{}[39m
[35m[HTTP][39m [37m<-- GET /wd/hub/session/3866e046-fcc3-40c1-972d-2543d4e74140 [39m[32m200[39m [90m20 ms - 1133[39m
[35m[HTTP][39m [90m[39m
[35m[HTTP][39m [37m-->[39m [37mGET[39m [37m/wd/hub/session/3866e046-fcc3-40c1-972d-2543d4e74140[39m
[35m[HTTP][39m [90m{}[39m
[35m[HTTP][39m [37m<-- GET /wd/hub/session/3866e046-fcc3-40c1-972d-2543d4e74140 [39m[32m200[39m [90m19 ms - 1133[39m
[35m[HTTP][39m [90m[39m
[35m[HTTP][39m [37m-->[39m [37mGET[39m [37m/wd/hub/session/3866e046-fcc3-40c1-972d-2543d4e74140[39m
[35m[HTTP][39m [90m{}[39m
[35m[HTTP][39m [37m<-- GET /wd/hub/session/3866e046-fcc3-40c1-972d-2543d4e74140 [39m[32m200[39m [90m17 ms - 1133[39m
[35m[HTTP][39m [90m[39m
[35m[HTTP][39m [37m-->[39m [37mGET[39m [37m/wd/hub/session/3866e046-fcc3-40c1-972d-2543d4e74140[39m
[35m[HTTP][39m [90m{}[39m
[35m[HTTP][39m [37m<-- GET /wd/hub/session/3866e046-fcc3-40c1-972d-2543d4e74140 [39m[32m200[39m [90m18 ms - 1133[39m
[35m[HTTP][39m [90m[39m
[35m[HTTP][39m [37m-->[39m [37mGET[39m [37m/wd/hub/session/3866e046-fcc3-40c1-972d-2543d4e74140/element/fa5872d1-ecd3-46eb-9370-f22748d5007e/location[39m
[35m[HTTP][39m [90m{}[39m
[35m[W3C][39m Driver proxy active, passing request on via HTTP proxy
[35m[JSONWP Proxy][39m Replacing sessionId 0f33908c-6fe1-4158-98fe-2c5eae42ba7a with 3866e046-fcc3-40c1-972d-2543d4e74140
[35m[HTTP][39m [37m<-- GET /wd/hub/session/3866e046-fcc3-40c1-972d-2543d4e74140/element/fa5872d1-ecd3-46eb-9370-f22748d5007e/location [39m[32m200[39m [90m34 ms - 89[39m
[35m[HTTP][39m [90m[39m
[35m[HTTP][39m [37m-->[39m [37mPOST[39m [37m/wd/hub/session/3866e046-fcc3-40c1-972d-2543d4e74140/touch/perform[39m
[35m[HTTP][39m [90m{"actions":[{"action":"tap","options":{"element":"fa5872d1-ecd3-46eb-9370-f22748d5007e","x":1,"y":1}}]}[39m
[35m[UiAutomator2][39m calling get location: fa5872d1-ecd3-46eb-9370-f22748d5007e
[35m[HTTP][39m [37m<-- POST /wd/hub/session/3866e046-fcc3-40c1-972d-2543d4e74140/touch/perform [39m[32m200[39m [90m958 ms - 76[39m
[35m[HTTP][39m [90m[39m
[35m[HTTP][39m [37m-->[39m [37mGET[39m [37m/wd/hub/session/3866e046-fcc3-40c1-972d-2543d4e74140/window/current/size[39m
[35m[HTTP][39m [90m{}[39m
[35m[W3C][39m Driver proxy active, passing request on via HTTP proxy
[35m[JSONWP Proxy][39m Replacing sessionId 0f33908c-6fe1-4158-98fe-2c5eae42ba7a with 3866e046-fcc3-40c1-972d-2543d4e74140
[35m[HTTP][39m [37m<-- GET /wd/hub/session/3866e046-fcc3-40c1-972d-2543d4e74140/window/current/size [39m[32m200[39m [90m40 ms - 100[39m
[35m[HTTP][39m [90m[39m
[35m[HTTP][39m [37m-->[39m [37mPOST[39m [37m/wd/hub/session/3866e046-fcc3-40c1-972d-2543d4e74140/elements[39m
[35m[HTTP][39m [90m{"using":"-android uiautomator","value":"new UiSelector().className(\"android.widget.Button\").text(\"YES\").resourceId(\"android:id/button1\").instance(1)"}[39m
[35m[HTTP][39m [37m<-- POST /wd/hub/session/3866e046-fcc3-40c1-972d-2543d4e74140/elements [39m[32m200[39m [90m102 ms - 124[39m
[35m[HTTP][39m [90m[39m
[35m[HTTP][39m [37m-->[39m [37mGET[39m [37m/wd/hub/session/3866e046-fcc3-40c1-972d-2543d4e74140[39m
[35m[HTTP][39m [90m{}[39m
[35m[HTTP][39m [37m<-- GET /wd/hub/session/3866e046-fcc3-40c1-972d-2543d4e74140 [39m[32m200[39m [90m15 ms - 1133[39m
[35m[HTTP][39m [90m[39m
[35m[HTTP][39m [37m-->[39m [37mGET[39m [37m/wd/hub/session/3866e046-fcc3-40c1-972d-2543d4e74140[39m
[35m[HTTP][39m [90m{}[39m
[35m[HTTP][39m [37m<-- GET /wd/hub/session/3866e046-fcc3-40c1-972d-2543d4e74140 [39m[32m200[39m [90m17 ms - 1133[39m
[35m[HTTP][39m [90m[39m
[35m[HTTP][39m [37m-->[39m [37mGET[39m [37m/wd/hub/session/3866e046-fcc3-40c1-972d-2543d4e74140[39m
[35m[HTTP][39m [90m{}[39m
[35m[HTTP][39m [37m<-- GET /wd/hub/session/3866e046-fcc3-40c1-972d-2543d4e74140 [39m[32m200[39m [90m46 ms - 1133[39m
[35m[HTTP][39m [90m[39m
[35m[HTTP][39m [37m-->[39m [37mGET[39m [37m/wd/hub/session/3866e046-fcc3-40c1-972d-2543d4e74140[39m
[35m[HTTP][39m [90m{}[39m
[35m[HTTP][39m [37m<-- GET /wd/hub/session/3866e046-fcc3-40c1-972d-2543d4e74140 [39m[32m200[39m [90m19 ms - 1133[39m
[35m[HTTP][39m [90m[39m
[35m[HTTP][39m [37m-->[39m [37mGET[39m [37m/wd/hub/session/3866e046-fcc3-40c1-972d-2543d4e74140/element/aa058fe7-47b1-455d-a254-980a89ef5886/location[39m
[35m[HTTP][39m [90m{}[39m
[35m[W3C][39m Driver proxy active, passing request on via HTTP proxy
[35m[JSONWP Proxy][39m Replacing sessionId 0f33908c-6fe1-4158-98fe-2c5eae42ba7a with 3866e046-fcc3-40c1-972d-2543d4e74140
[35m[HTTP][39m [37m<-- GET /wd/hub/session/3866e046-fcc3-40c1-972d-2543d4e74140/element/aa058fe7-47b1-455d-a254-980a89ef5886/location [39m[32m200[39m [90m37 ms - 91[39m
[35m[HTTP][39m [90m[39m
[35m[HTTP][39m [37m-->[39m [37mPOST[39m [37m/wd/hub/session/3866e046-fcc3-40c1-972d-2543d4e74140/touch/perform[39m
[35m[HTTP][39m [90m{"actions":[{"action":"tap","options":{"element":"aa058fe7-47b1-455d-a254-980a89ef5886","x":1,"y":1}}]}[39m
[35m[UiAutomator2][39m calling get location: aa058fe7-47b1-455d-a254-980a89ef5886
[35m[HTTP][39m [37m<-- POST /wd/hub/session/3866e046-fcc3-40c1-972d-2543d4e74140/touch/perform [39m[32m200[39m [90m2145 ms - 76[39m
[35m[HTTP][39m [90m[39m
[35m[HTTP][39m [37m-->[39m [37mGET[39m [37m/wd/hub/session/3866e046-fcc3-40c1-972d-2543d4e74140/window/current/size[39m
[35m[HTTP][39m [90m{}[39m
[35m[W3C][39m Driver proxy active, passing request on via HTTP proxy
[35m[JSONWP Proxy][39m Replacing sessionId 0f33908c-6fe1-4158-98fe-2c5eae42ba7a with 3866e046-fcc3-40c1-972d-2543d4e74140
[35m[HTTP][39m [37m<-- GET /wd/hub/session/3866e046-fcc3-40c1-972d-2543d4e74140/window/current/size [39m[32m200[39m [90m15 ms - 100[39m
[35m[HTTP][39m [90m[39m
[35m[HTTP][39m [37m-->[39m [37mPOST[39m [37m/wd/hub/session/3866e046-fcc3-40c1-972d-2543d4e74140/elements[39m
[35m[HTTP][39m [90m{"using":"-android uiautomator","value":"new UiSelector().className(\"android.widget.Button\").text(\"OK\").resourceId(\"com.abaxis.vetscan_vue.dev:id/showcase_button\").instance(0)"}[39m
[35m[HTTP][39m [37m<-- POST /wd/hub/session/3866e046-fcc3-40c1-972d-2543d4e74140/elements [39m[32m200[39m [90m155 ms - 124[39m
[35m[HTTP][39m [90m[39m
[35m[HTTP][39m [37m-->[39m [37mGET[39m [37m/wd/hub/session/3866e046-fcc3-40c1-972d-2543d4e74140[39m
[35m[HTTP][39m [90m{}[39m
[35m[HTTP][39m [37m<-- GET /wd/hub/session/3866e046-fcc3-40c1-972d-2543d4e74140 [39m[32m200[39m [90m13 ms - 1133[39m
[35m[HTTP][39m [90m[39m
[35m[HTTP][39m [37m-->[39m [37mGET[39m [37m/wd/hub/session/3866e046-fcc3-40c1-972d-2543d4e74140[39m
[35m[HTTP][39m [90m{}[39m
[35m[HTTP][39m [37m<-- GET /wd/hub/session/3866e046-fcc3-40c1-972d-2543d4e74140 [39m[32m200[39m [90m13 ms - 1133[39m
[35m[HTTP][39m [90m[39m
[35m[HTTP][39m [37m-->[39m [37mGET[39m [37m/wd/hub/session/3866e046-fcc3-40c1-972d-2543d4e74140[39m
[35m[HTTP][39m [90m{}[39m
[35m[HTTP][39m [37m<-- GET /wd/hub/session/3866e046-fcc3-40c1-972d-2543d4e74140 [39m[32m200[39m [90m10 ms - 1133[39m
[35m[HTTP][39m [90m[39m
[35m[HTTP][39m [37m-->[39m [37mGET[39m [37m/wd/hub/session/3866e046-fcc3-40c1-972d-2543d4e74140[39m
[35m[HTTP][39m [90m{}[39m
[35m[HTTP][39m [37m<-- GET /wd/hub/session/3866e046-fcc3-40c1-972d-2543d4e74140 [39m[32m200[39m [90m8 ms - 1133[39m
[35m[HTTP][39m [90m[39m
[35m[HTTP][39m [37m-->[39m [37mGET[39m [37m/wd/hub/session/3866e046-fcc3-40c1-972d-2543d4e74140/element/e6858c01-3d9d-4526-8df0-1cbbc5610f87/location[39m
[35m[HTTP][39m [90m{}[39m
[35m[W3C][39m Driver proxy active, passing request on via HTTP proxy
[35m[JSONWP Proxy][39m Replacing sessionId 0f33908c-6fe1-4158-98fe-2c5eae42ba7a with 3866e046-fcc3-40c1-972d-2543d4e74140
[35m[HTTP][39m [37m<-- GET /wd/hub/session/3866e046-fcc3-40c1-972d-2543d4e74140/element/e6858c01-3d9d-4526-8df0-1cbbc5610f87/location [39m[32m200[39m [90m49 ms - 90[39m
[35m[HTTP][39m [90m[39m
[35m[HTTP][39m [37m-->[39m [37mPOST[39m [37m/wd/hub/session/3866e046-fcc3-40c1-972d-2543d4e74140/touch/perform[39m
[35m[HTTP][39m [90m{"actions":[{"action":"tap","options":{"element":"e6858c01-3d9d-4526-8df0-1cbbc5610f87","x":1,"y":1}}]}[39m
[35m[UiAutomator2][39m calling get location: e6858c01-3d9d-4526-8df0-1cbbc5610f87
[35m[HTTP][39m [37m<-- POST /wd/hub/session/3866e046-fcc3-40c1-972d-2543d4e74140/touch/perform [39m[32m200[39m [90m834 ms - 76[39m
[35m[HTTP][39m [90m[39m
[35m[HTTP][39m [37m-->[39m [37mGET[39m [37m/wd/hub/session/3866e046-fcc3-40c1-972d-2543d4e74140/window/current/size[39m
[35m[HTTP][39m [90m{}[39m
[35m[W3C][39m Driver proxy active, passing request on via HTTP proxy
[35m[JSONWP Proxy][39m Replacing sessionId 0f33908c-6fe1-4158-98fe-2c5eae42ba7a with 3866e046-fcc3-40c1-972d-2543d4e74140
[35m[HTTP][39m [37m<-- GET /wd/hub/session/3866e046-fcc3-40c1-972d-2543d4e74140/window/current/size [39m[32m200[39m [90m15 ms - 100[39m
[35m[HTTP][39m [90m[39m
[35m[HTTP][39m [37m-->[39m [37mPOST[39m [37m/wd/hub/session/3866e046-fcc3-40c1-972d-2543d4e74140/elements[39m
[35m[HTTP][39m [90m{"using":"xpath","value":"//hierarchy/android.widget.FrameLayout[1]/android.widget.LinearLayout[1]/android.widget.FrameLayout[1]/android.widget.FrameLayout[1]/android.widget.FrameLayout[1]/android.widget.RelativeLayout[1]/android.widget.RelativeLayout[1]/android.widget.HorizontalScrollView[1]/android.widget.LinearLayout[1]/android.widget.ImageButton[4]"}[39m
[35m[HTTP][39m [37m<-- POST /wd/hub/session/3866e046-fcc3-40c1-972d-2543d4e74140/elements [39m[32m200[39m [90m117 ms - 124[39m
[35m[HTTP][39m [90m[39m
[35m[HTTP][39m [37m-->[39m [37mGET[39m [37m/wd/hub/session/3866e046-fcc3-40c1-972d-2543d4e74140[39m
[35m[HTTP][39m [90m{}[39m
[35m[HTTP][39m [37m<-- GET /wd/hub/session/3866e046-fcc3-40c1-972d-2543d4e74140 [39m[32m200[39m [90m10 ms - 1133[39m
[35m[HTTP][39m [90m[39m
[35m[HTTP][39m [37m-->[39m [37mGET[39m [37m/wd/hub/session/3866e046-fcc3-40c1-972d-2543d4e74140[39m
[35m[HTTP][39m [90m{}[39m
[35m[HTTP][39m [37m<-- GET /wd/hub/session/3866e046-fcc3-40c1-972d-2543d4e74140 [39m[32m200[39m [90m12 ms - 1133[39m
[35m[HTTP][39m [90m[39m
[35m[HTTP][39m [37m-->[39m [37mGET[39m [37m/wd/hub/session/3866e046-fcc3-40c1-972d-2543d4e74140[39m
[35m[HTTP][39m [90m{}[39m
[35m[HTTP][39m [37m<-- GET /wd/hub/session/3866e046-fcc3-40c1-972d-2543d4e74140 [39m[32m200[39m [90m12 ms - 1133[39m
[35m[HTTP][39m [90m[39m
[35m[HTTP][39m [37m-->[39m [37mGET[39m [37m/wd/hub/session/3866e046-fcc3-40c1-972d-2543d4e74140[39m
[35m[HTTP][39m [90m{}[39m
[35m[HTTP][39m [37m<-- GET /wd/hub/session/3866e046-fcc3-40c1-972d-2543d4e74140 [39m[32m200[39m [90m10 ms - 1133[39m
[35m[HTTP][39m [90m[39m
[35m[HTTP][39m [37m-->[39m [37mGET[39m [37m/wd/hub/session/3866e046-fcc3-40c1-972d-2543d4e74140/element/e0ddddea-19c4-4e25-b5fa-6734a689bf13/location[39m
[35m[HTTP][39m [90m{}[39m
[35m[W3C][39m Driver proxy active, passing request on via HTTP proxy
[35m[JSONWP Proxy][39m Replacing sessionId 0f33908c-6fe1-4158-98fe-2c5eae42ba7a with 3866e046-fcc3-40c1-972d-2543d4e74140
[35m[HTTP][39m [37m<-- GET /wd/hub/session/3866e046-fcc3-40c1-972d-2543d4e74140/element/e0ddddea-19c4-4e25-b5fa-6734a689bf13/location [39m[32m200[39m [90m22 ms - 89[39m
[35m[HTTP][39m [90m[39m
[35m[HTTP][39m [37m-->[39m [37mPOST[39m [37m/wd/hub/session/3866e046-fcc3-40c1-972d-2543d4e74140/touch/perform[39m
[35m[HTTP][39m [90m{"actions":[{"action":"tap","options":{"element":"e0ddddea-19c4-4e25-b5fa-6734a689bf13","x":1,"y":1}}]}[39m
[35m[UiAutomator2][39m calling get location: e0ddddea-19c4-4e25-b5fa-6734a689bf13
[35m[HTTP][39m [37m<-- POST /wd/hub/session/3866e046-fcc3-40c1-972d-2543d4e74140/touch/perform [39m[32m200[39m [90m55 ms - 76[39m
[35m[HTTP][39m [90m[39m
[35m[HTTP][39m [37m-->[39m [37mGET[39m [37m/wd/hub/session/3866e046-fcc3-40c1-972d-2543d4e74140/window/current/size[39m
[35m[HTTP][39m [90m{}[39m
[35m[W3C][39m Driver proxy active, passing request on via HTTP proxy
[35m[JSONWP Proxy][39m Replacing sessionId 0f33908c-6fe1-4158-98fe-2c5eae42ba7a with 3866e046-fcc3-40c1-972d-2543d4e74140
[35m[HTTP][39m [37m<-- GET /wd/hub/session/3866e046-fcc3-40c1-972d-2543d4e74140/window/current/size [39m[32m200[39m [90m11 ms - 100[39m
[35m[HTTP][39m [90m[39m
[35m[HTTP][39m [37m-->[39m [37mPOST[39m [37m/wd/hub/session/3866e046-fcc3-40c1-972d-2543d4e74140/elements[39m
[35m[HTTP][39m [90m{"using":"xpath","value":"//hierarchy/android.widget.FrameLayout[1]/android.widget.LinearLayout[1]/android.widget.FrameLayout[1]/android.widget.FrameLayout[1]/android.widget.FrameLayout[1]/android.widget.RelativeLayout[1]/android.widget.RelativeLayout[1]/android.widget.HorizontalScrollView[1]/android.widget.LinearLayout[1]/android.widget.ImageButton[4]"}[39m
[35m[HTTP][39m [37m<-- POST /wd/hub/session/3866e046-fcc3-40c1-972d-2543d4e74140/elements [39m[32m200[39m [90m893 ms - 124[39m
[35m[HTTP][39m [90m[39m
[35m[HTTP][39m [37m-->[39m [37mGET[39m [37m/wd/hub/session/3866e046-fcc3-40c1-972d-2543d4e74140[39m
[35m[HTTP][39m [90m{}[39m
[35m[HTTP][39m [37m<-- GET /wd/hub/session/3866e046-fcc3-40c1-972d-2543d4e74140 [39m[32m200[39m [90m15 ms - 1133[39m
[35m[HTTP][39m [90m[39m
[35m[HTTP][39m [37m-->[39m [37mGET[39m [37m/wd/hub/session/3866e046-fcc3-40c1-972d-2543d4e74140[39m
[35m[HTTP][39m [90m{}[39m
[35m[HTTP][39m [37m<-- GET /wd/hub/session/3866e046-fcc3-40c1-972d-2543d4e74140 [39m[32m200[39m [90m13 ms - 1133[39m
[35m[HTTP][39m [90m[39m
[35m[HTTP][39m [37m-->[39m [37mGET[39m [37m/wd/hub/session/3866e046-fcc3-40c1-972d-2543d4e74140[39m
[35m[HTTP][39m [90m{}[39m
[35m[HTTP][39m [37m<-- GET /wd/hub/session/3866e046-fcc3-40c1-972d-2543d4e74140 [39m[32m200[39m [90m12 ms - 1133[39m
[35m[HTTP][39m [90m[39m
[35m[HTTP][39m [37m-->[39m [37mGET[39m [37m/wd/hub/session/3866e046-fcc3-40c1-972d-2543d4e74140[39m
[35m[HTTP][39m [90m{}[39m
[35m[HTTP][39m [37m<-- GET /wd/hub/session/3866e046-fcc3-40c1-972d-2543d4e74140 [39m[32m200[39m [90m11 ms - 1133[39m
[35m[HTTP][39m [90m[39m
[35m[HTTP][39m [37m-->[39m [37mGET[39m [37m/wd/hub/session/3866e046-fcc3-40c1-972d-2543d4e74140/element/0b9224e5-6702-4cfb-be50-f85befedb442/location[39m
[35m[HTTP][39m [90m{}[39m
[35m[W3C][39m Driver proxy active, passing request on via HTTP proxy
[35m[JSONWP Proxy][39m Replacing sessionId 0f33908c-6fe1-4158-98fe-2c5eae42ba7a with 3866e046-fcc3-40c1-972d-2543d4e74140
[35m[HTTP][39m [37m<-- GET /wd/hub/session/3866e046-fcc3-40c1-972d-2543d4e74140/element/0b9224e5-6702-4cfb-be50-f85befedb442/location [39m[32m200[39m [90m28 ms - 89[39m
[35m[HTTP][39m [90m[39m
[35m[HTTP][39m [37m-->[39m [37mPOST[39m [37m/wd/hub/session/3866e046-fcc3-40c1-972d-2543d4e74140/touch/perform[39m
[35m[HTTP][39m [90m{"actions":[{"action":"tap","options":{"element":"0b9224e5-6702-4cfb-be50-f85befedb442","x":1,"y":1}}]}[39m
[35m[UiAutomator2][39m calling get location: 0b9224e5-6702-4cfb-be50-f85befedb442
[35m[HTTP][39m [37m<-- POST /wd/hub/session/3866e046-fcc3-40c1-972d-2543d4e74140/touch/perform [39m[32m200[39m [90m55 ms - 76[39m
[35m[HTTP][39m [90m[39m
[35m[HTTP][39m [37m-->[39m [37mGET[39m [37m/wd/hub/session/3866e046-fcc3-40c1-972d-2543d4e74140/window/current/size[39m
[35m[HTTP][39m [90m{}[39m
[35m[W3C][39m Driver proxy active, passing request on via HTTP proxy
[35m[JSONWP Proxy][39m Replacing sessionId 0f33908c-6fe1-4158-98fe-2c5eae42ba7a with 3866e046-fcc3-40c1-972d-2543d4e74140
[35m[HTTP][39m [37m<-- GET /wd/hub/session/3866e046-fcc3-40c1-972d-2543d4e74140/window/current/size [39m[32m200[39m [90m14 ms - 100[39m
[35m[HTTP][39m [90m[39m
[35m[HTTP][39m [37m-->[39m [37mPOST[39m [37m/wd/hub/session/3866e046-fcc3-40c1-972d-2543d4e74140/elements[39m
[35m[HTTP][39m [90m{"using":"-android uiautomator","value":"new UiSelector().className(\"android.widget.LinearLayout\").instance(8)"}[39m
[35m[HTTP][39m [37m<-- POST /wd/hub/session/3866e046-fcc3-40c1-972d-2543d4e74140/elements [39m[32m200[39m [90m522 ms - 124[39m
[35m[HTTP][39m [90m[39m
[35m[HTTP][39m [37m-->[39m [37mGET[39m [37m/wd/hub/session/3866e046-fcc3-40c1-972d-2543d4e74140[39m
[35m[HTTP][39m [90m{}[39m
[35m[HTTP][39m [37m<-- GET /wd/hub/session/3866e046-fcc3-40c1-972d-2543d4e74140 [39m[32m200[39m [90m9 ms - 1133[39m
[35m[HTTP][39m [90m[39m
[35m[HTTP][39m [37m-->[39m [37mGET[39m [37m/wd/hub/session/3866e046-fcc3-40c1-972d-2543d4e74140[39m
[35m[HTTP][39m [90m{}[39m
[35m[HTTP][39m [37m<-- GET /wd/hub/session/3866e046-fcc3-40c1-972d-2543d4e74140 [39m[32m200[39m [90m11 ms - 1133[39m
[35m[HTTP][39m [90m[39m
[35m[HTTP][39m [37m-->[39m [37mGET[39m [37m/wd/hub/session/3866e046-fcc3-40c1-972d-2543d4e74140[39m
[35m[HTTP][39m [90m{}[39m
[35m[HTTP][39m [37m<-- GET /wd/hub/session/3866e046-fcc3-40c1-972d-2543d4e74140 [39m[32m200[39m [90m12 ms - 1133[39m
[35m[HTTP][39m [90m[39m
[35m[HTTP][39m [37m-->[39m [37mGET[39m [37m/wd/hub/session/3866e046-fcc3-40c1-972d-2543d4e74140[39m
[35m[HTTP][39m [90m{}[39m
[35m[HTTP][39m [37m<-- GET /wd/hub/session/3866e046-fcc3-40c1-972d-2543d4e74140 [39m[32m200[39m [90m11 ms - 1133[39m
[35m[HTTP][39m [90m[39m
[35m[HTTP][39m [37m-->[39m [37mGET[39m [37m/wd/hub/session/3866e046-fcc3-40c1-972d-2543d4e74140/element/16a37159-28e6-4177-a19f-4b5e57d6b660/location[39m
[35m[HTTP][39m [90m{}[39m
[35m[W3C][39m Driver proxy active, passing request on via HTTP proxy
[35m[JSONWP Proxy][39m Replacing sessionId 0f33908c-6fe1-4158-98fe-2c5eae42ba7a with 3866e046-fcc3-40c1-972d-2543d4e74140
[35m[HTTP][39m [37m<-- GET /wd/hub/session/3866e046-fcc3-40c1-972d-2543d4e74140/element/16a37159-28e6-4177-a19f-4b5e57d6b660/location [39m[32m200[39m [90m26 ms - 89[39m
[35m[HTTP][39m [90m[39m
[35m[HTTP][39m [37m-->[39m [37mPOST[39m [37m/wd/hub/session/3866e046-fcc3-40c1-972d-2543d4e74140/touch/perform[39m
[35m[HTTP][39m [90m{"actions":[{"action":"tap","options":{"element":"16a37159-28e6-4177-a19f-4b5e57d6b660","x":1,"y":1}}]}[39m
[35m[UiAutomator2][39m calling get location: 16a37159-28e6-4177-a19f-4b5e57d6b660
[35m[HTTP][39m [37m<-- POST /wd/hub/session/3866e046-fcc3-40c1-972d-2543d4e74140/touch/perform [39m[32m200[39m [90m1575 ms - 76[39m
[35m[HTTP][39m [90m[39m
[35m[HTTP][39m [37m-->[39m [37mGET[39m [37m/wd/hub/session/3866e046-fcc3-40c1-972d-2543d4e74140/window/current/size[39m
[35m[HTTP][39m [90m{}[39m
[35m[W3C][39m Driver proxy active, passing request on via HTTP proxy
[35m[JSONWP Proxy][39m Replacing sessionId 0f33908c-6fe1-4158-98fe-2c5eae42ba7a with 3866e046-fcc3-40c1-972d-2543d4e74140
[35m[HTTP][39m [37m<-- GET /wd/hub/session/3866e046-fcc3-40c1-972d-2543d4e74140/window/current/size [39m[32m200[39m [90m18 ms - 100[39m
[35m[HTTP][39m [90m[39m
[35m[HTTP][39m [37m-->[39m [37mPOST[39m [37m/wd/hub/session/3866e046-fcc3-40c1-972d-2543d4e74140/elements[39m
[35m[HTTP][39m [90m{"using":"-android uiautomator","value":"new UiSelector().className(\"android.widget.TextView\").resourceId(\"com.abaxis.vetscan_vue.dev:id/button_single_connection_fuse\").instance(1)"}[39m
[35m[HTTP][39m [37m<-- POST /wd/hub/session/3866e046-fcc3-40c1-972d-2543d4e74140/elements [39m[32m200[39m [90m77 ms - 124[39m
[35m[HTTP][39m [90m[39m
[35m[HTTP][39m [37m-->[39m [37mGET[39m [37m/wd/hub/session/3866e046-fcc3-40c1-972d-2543d4e74140[39m
[35m[HTTP][39m [90m{}[39m
[35m[HTTP][39m [37m<-- GET /wd/hub/session/3866e046-fcc3-40c1-972d-2543d4e74140 [39m[32m200[39m [90m9 ms - 1133[39m
[35m[HTTP][39m [90m[39m
[35m[HTTP][39m [37m-->[39m [37mGET[39m [37m/wd/hub/session/3866e046-fcc3-40c1-972d-2543d4e74140[39m
[35m[HTTP][39m [90m{}[39m
[35m[HTTP][39m [37m<-- GET /wd/hub/session/3866e046-fcc3-40c1-972d-2543d4e74140 [39m[32m200[39m [90m9 ms - 1133[39m
[35m[HTTP][39m [90m[39m
[35m[HTTP][39m [37m-->[39m [37mGET[39m [37m/wd/hub/session/3866e046-fcc3-40c1-972d-2543d4e74140[39m
[35m[HTTP][39m [90m{}[39m
[35m[HTTP][39m [37m<-- GET /wd/hub/session/3866e046-fcc3-40c1-972d-2543d4e74140 [39m[32m200[39m [90m12 ms - 1133[39m
[35m[HTTP][39m [90m[39m
[35m[HTTP][39m [37m-->[39m [37mGET[39m [37m/wd/hub/session/3866e046-fcc3-40c1-972d-2543d4e74140[39m
[35m[HTTP][39m [90m{}[39m
[35m[HTTP][39m [37m<-- GET /wd/hub/session/3866e046-fcc3-40c1-972d-2543d4e74140 [39m[32m200[39m [90m9 ms - 1133[39m
[35m[HTTP][39m [90m[39m
[35m[HTTP][39m [37m-->[39m [37mGET[39m [37m/wd/hub/session/3866e046-fcc3-40c1-972d-2543d4e74140/element/2eac0251-8366-4762-86bb-414c41ce5ce9/location[39m
[35m[HTTP][39m [90m{}[39m
[35m[W3C][39m Driver proxy active, passing request on via HTTP proxy
[35m[JSONWP Proxy][39m Replacing sessionId 0f33908c-6fe1-4158-98fe-2c5eae42ba7a with 3866e046-fcc3-40c1-972d-2543d4e74140
[35m[HTTP][39m [37m<-- GET /wd/hub/session/3866e046-fcc3-40c1-972d-2543d4e74140/element/2eac0251-8366-4762-86bb-414c41ce5ce9/location [39m[32m200[39m [90m25 ms - 90[39m
[35m[HTTP][39m [90m[39m
[35m[HTTP][39m [37m-->[39m [37mPOST[39m [37m/wd/hub/session/3866e046-fcc3-40c1-972d-2543d4e74140/touch/perform[39m
[35m[HTTP][39m [90m{"actions":[{"action":"tap","options":{"element":"2eac0251-8366-4762-86bb-414c41ce5ce9","x":1,"y":1}}]}[39m
[35m[UiAutomator2][39m calling get location: 2eac0251-8366-4762-86bb-414c41ce5ce9
[35m[HTTP][39m [37m<-- POST /wd/hub/session/3866e046-fcc3-40c1-972d-2543d4e74140/touch/perform [39m[32m200[39m [90m1334 ms - 76[39m
[35m[HTTP][39m [90m[39m
[35m[HTTP][39m [37m-->[39m [37mGET[39m [37m/wd/hub/session/3866e046-fcc3-40c1-972d-2543d4e74140/window/current/size[39m
[35m[HTTP][39m [90m{}[39m
[35m[W3C][39m Driver proxy active, passing request on via HTTP proxy
[35m[JSONWP Proxy][39m Replacing sessionId 0f33908c-6fe1-4158-98fe-2c5eae42ba7a with 3866e046-fcc3-40c1-972d-2543d4e74140
[35m[HTTP][39m [37m<-- GET /wd/hub/session/3866e046-fcc3-40c1-972d-2543d4e74140/window/current/size [39m[32m200[39m [90m34 ms - 100[39m
[35m[HTTP][39m [90m[39m
[35m[HTTP][39m [37m-->[39m [37mPOST[39m [37m/wd/hub/session/3866e046-fcc3-40c1-972d-2543d4e74140/elements[39m
[35m[HTTP][39m [90m{"using":"-android uiautomator","value":"new UiSelector().className(\"android.widget.EditText\").text(\"Enter fuse IP address\").resourceId(\"com.abaxis.vetscan_vue.dev:id/fuse_ip_edit_text\").instance(0)"}[39m
[35m[HTTP][39m [37m<-- POST /wd/hub/session/3866e046-fcc3-40c1-972d-2543d4e74140/elements [39m[32m200[39m [90m112 ms - 124[39m
[35m[HTTP][39m [90m[39m
[35m[HTTP][39m [37m-->[39m [37mGET[39m [37m/wd/hub/session/3866e046-fcc3-40c1-972d-2543d4e74140[39m
[35m[HTTP][39m [90m{}[39m
[35m[HTTP][39m [37m<-- GET /wd/hub/session/3866e046-fcc3-40c1-972d-2543d4e74140 [39m[32m200[39m [90m21 ms - 1133[39m
[35m[HTTP][39m [90m[39m
[35m[HTTP][39m [37m-->[39m [37mGET[39m [37m/wd/hub/session/3866e046-fcc3-40c1-972d-2543d4e74140[39m
[35m[HTTP][39m [90m{}[39m
[35m[HTTP][39m [37m<-- GET /wd/hub/session/3866e046-fcc3-40c1-972d-2543d4e74140 [39m[32m200[39m [90m19 ms - 1133[39m
[35m[HTTP][39m [90m[39m
[35m[HTTP][39m [37m-->[39m [37mGET[39m [37m/wd/hub/session/3866e046-fcc3-40c1-972d-2543d4e74140[39m
[35m[HTTP][39m [90m{}[39m
[35m[HTTP][39m [37m<-- GET /wd/hub/session/3866e046-fcc3-40c1-972d-2543d4e74140 [39m[32m200[39m [90m27 ms - 1133[39m
[35m[HTTP][39m [90m[39m
[35m[HTTP][39m [37m-->[39m [37mGET[39m [37m/wd/hub/session/3866e046-fcc3-40c1-972d-2543d4e74140[39m
[35m[HTTP][39m [90m{}[39m
[35m[HTTP][39m [37m<-- GET /wd/hub/session/3866e046-fcc3-40c1-972d-2543d4e74140 [39m[32m200[39m [90m11 ms - 1133[39m
[35m[HTTP][39m [90m[39m
[35m[HTTP][39m [37m-->[39m [37mGET[39m [37m/wd/hub/session/3866e046-fcc3-40c1-972d-2543d4e74140/element/8c79e6a1-8cd4-46ca-b0f6-3246d27e927d/location[39m
[35m[HTTP][39m [90m{}[39m
[35m[W3C][39m Driver proxy active, passing request on via HTTP proxy
[35m[JSONWP Proxy][39m Replacing sessionId 0f33908c-6fe1-4158-98fe-2c5eae42ba7a with 3866e046-fcc3-40c1-972d-2543d4e74140
[35m[HTTP][39m [37m<-- GET /wd/hub/session/3866e046-fcc3-40c1-972d-2543d4e74140/element/8c79e6a1-8cd4-46ca-b0f6-3246d27e927d/location [39m[32m200[39m [90m22 ms - 89[39m
[35m[HTTP][39m [90m[39m
[35m[HTTP][39m [37m-->[39m [37mPOST[39m [37m/wd/hub/session/3866e046-fcc3-40c1-972d-2543d4e74140/element/8c79e6a1-8cd4-46ca-b0f6-3246d27e927d/clear[39m
[35m[HTTP][39m [90m{"id":"8c79e6a1-8cd4-46ca-b0f6-3246d27e927d"}[39m
[35m[HTTP][39m [37m<-- POST /wd/hub/session/3866e046-fcc3-40c1-972d-2543d4e74140/element/8c79e6a1-8cd4-46ca-b0f6-3246d27e927d/clear [39m[32m200[39m [90m41 ms - 89[39m
[35m[HTTP][39m [90m[39m
[35m[HTTP][39m [37m-->[39m [37mPOST[39m [37m/wd/hub/session/3866e046-fcc3-40c1-972d-2543d4e74140/element/8c79e6a1-8cd4-46ca-b0f6-3246d27e927d/value[39m
[35m[HTTP][39m [90m{"id":"8c79e6a1-8cd4-46ca-b0f6-3246d27e927d","value":["192.168.1.150"]}[39m
[35m[HTTP][39m [37m<-- POST /wd/hub/session/3866e046-fcc3-40c1-972d-2543d4e74140/element/8c79e6a1-8cd4-46ca-b0f6-3246d27e927d/value [39m[32m200[39m [90m1241 ms - 74[39m
[35m[HTTP][39m [90m[39m
[35m[HTTP][39m [37m-->[39m [37mGET[39m [37m/wd/hub/session/3866e046-fcc3-40c1-972d-2543d4e74140/window/current/size[39m
[35m[HTTP][39m [90m{}[39m
[35m[W3C][39m Driver proxy active, passing request on via HTTP proxy
[35m[JSONWP Proxy][39m Replacing sessionId 0f33908c-6fe1-4158-98fe-2c5eae42ba7a with 3866e046-fcc3-40c1-972d-2543d4e74140
[35m[HTTP][39m [37m<-- GET /wd/hub/session/3866e046-fcc3-40c1-972d-2543d4e74140/window/current/size [39m[32m200[39m [90m14 ms - 100[39m
[35m[HTTP][39m [90m[39m
[35m[HTTP][39m [37m-->[39m [37mPOST[39m [37m/wd/hub/session/3866e046-fcc3-40c1-972d-2543d4e74140/elements[39m
[35m[HTTP][39m [90m{"using":"-android uiautomator","value":"new UiSelector().className(\"android.widget.Button\").text(\"CONNECT\").resourceId(\"com.abaxis.vetscan_vue.dev:id/manual_connect_button\").instance(0)"}[39m
[35m[HTTP][39m [37m<-- POST /wd/hub/session/3866e046-fcc3-40c1-972d-2543d4e74140/elements [39m[32m200[39m [90m565 ms - 124[39m
[35m[HTTP][39m [90m[39m
[35m[HTTP][39m [37m-->[39m [37mGET[39m [37m/wd/hub/session/3866e046-fcc3-40c1-972d-2543d4e74140[39m
[35m[HTTP][39m [90m{}[39m
[35m[HTTP][39m [37m<-- GET /wd/hub/session/3866e046-fcc3-40c1-972d-2543d4e74140 [39m[32m200[39m [90m13 ms - 1133[39m
[35m[HTTP][39m [90m[39m
[35m[HTTP][39m [37m-->[39m [37mGET[39m [37m/wd/hub/session/3866e046-fcc3-40c1-972d-2543d4e74140[39m
[35m[HTTP][39m [90m{}[39m
[35m[HTTP][39m [37m<-- GET /wd/hub/session/3866e046-fcc3-40c1-972d-2543d4e74140 [39m[32m200[39m [90m9 ms - 1133[39m
[35m[HTTP][39m [90m[39m
[35m[HTTP][39m [37m-->[39m [37mGET[39m [37m/wd/hub/session/3866e046-fcc3-40c1-972d-2543d4e74140[39m
[35m[HTTP][39m [90m{}[39m
[35m[HTTP][39m [37m<-- GET /wd/hub/session/3866e046-fcc3-40c1-972d-2543d4e74140 [39m[32m200[39m [90m9 ms - 1133[39m
[35m[HTTP][39m [90m[39m
[35m[HTTP][39m [37m-->[39m [37mGET[39m [37m/wd/hub/session/3866e046-fcc3-40c1-972d-2543d4e74140[39m
[35m[HTTP][39m [90m{}[39m
[35m[HTTP][39m [37m<-- GET /wd/hub/session/3866e046-fcc3-40c1-972d-2543d4e74140 [39m[32m200[39m [90m9 ms - 1133[39m
[35m[HTTP][39m [90m[39m
[35m[HTTP][39m [37m-->[39m [37mGET[39m [37m/wd/hub/session/3866e046-fcc3-40c1-972d-2543d4e74140/element/22f4adeb-ca9b-49cd-9c0e-9396fb848e9e/location[39m
[35m[HTTP][39m [90m{}[39m
[35m[W3C][39m Driver proxy active, passing request on via HTTP proxy
[35m[JSONWP Proxy][39m Replacing sessionId 0f33908c-6fe1-4158-98fe-2c5eae42ba7a with 3866e046-fcc3-40c1-972d-2543d4e74140
[35m[HTTP][39m [37m<-- GET /wd/hub/session/3866e046-fcc3-40c1-972d-2543d4e74140/element/22f4adeb-ca9b-49cd-9c0e-9396fb848e9e/location [39m[32m200[39m [90m16 ms - 89[39m
[35m[HTTP][39m [90m[39m
[35m[HTTP][39m [37m-->[39m [37mPOST[39m [37m/wd/hub/session/3866e046-fcc3-40c1-972d-2543d4e74140/touch/perform[39m
[35m[HTTP][39m [90m{"actions":[{"action":"tap","options":{"element":"22f4adeb-ca9b-49cd-9c0e-9396fb848e9e","x":1,"y":1}}]}[39m
[35m[UiAutomator2][39m calling get location: 22f4adeb-ca9b-49cd-9c0e-9396fb848e9e
[35m[HTTP][39m [37m<-- POST /wd/hub/session/3866e046-fcc3-40c1-972d-2543d4e74140/touch/perform [39m[32m200[39m [90m874 ms - 76[39m
[35m[HTTP][39m [90m[39m
[35m[HTTP][39m [37m-->[39m [37mGET[39m [37m/wd/hub/session/3866e046-fcc3-40c1-972d-2543d4e74140/window/current/size[39m
[35m[HTTP][39m [90m{}[39m
[35m[W3C][39m Driver proxy active, passing request on via HTTP proxy
[35m[JSONWP Proxy][39m Replacing sessionId 0f33908c-6fe1-4158-98fe-2c5eae42ba7a with 3866e046-fcc3-40c1-972d-2543d4e74140
[35m[HTTP][39m [37m<-- GET /wd/hub/session/3866e046-fcc3-40c1-972d-2543d4e74140/window/current/size [39m[32m200[39m [90m13 ms - 100[39m
[35m[HTTP][39m [90m[39m
[35m[HTTP][39m [37m-->[39m [37mPOST[39m [37m/wd/hub/session/3866e046-fcc3-40c1-972d-2543d4e74140/elements[39m
[35m[HTTP][39m [90m{"using":"-android uiautomator","value":"new UiSelector().className(\"android.widget.ImageButton\").instance(0)"}[39m
[35m[HTTP][39m [37m<-- POST /wd/hub/session/3866e046-fcc3-40c1-972d-2543d4e74140/elements [39m[32m200[39m [90m33 ms - 74[39m
[35m[HTTP][39m [90m[39m
[35m[HTTP][39m [37m-->[39m [37mPOST[39m [37m/wd/hub/session/3866e046-fcc3-40c1-972d-2543d4e74140/elements[39m
[35m[HTTP][39m [90m{"using":"-android uiautomator","value":"new UiSelector().className(\"android.widget.ImageButton\").instance(0)"}[39m
[35m[HTTP][39m [37m<-- POST /wd/hub/session/3866e046-fcc3-40c1-972d-2543d4e74140/elements [39m[32m200[39m [90m32 ms - 74[39m
[35m[HTTP][39m [90m[39m
[35m[HTTP][39m [37m-->[39m [37mPOST[39m [37m/wd/hub/session/3866e046-fcc3-40c1-972d-2543d4e74140/elements[39m
[35m[HTTP][39m [90m{"using":"-android uiautomator","value":"new UiSelector().className(\"android.widget.ImageButton\").instance(0)"}[39m
[35m[HTTP][39m [37m<-- POST /wd/hub/session/3866e046-fcc3-40c1-972d-2543d4e74140/elements [39m[32m200[39m [90m29 ms - 74[39m
[35m[HTTP][39m [90m[39m
[35m[HTTP][39m [37m-->[39m [37mPOST[39m [37m/wd/hub/session/3866e046-fcc3-40c1-972d-2543d4e74140/elements[39m
[35m[HTTP][39m [90m{"using":"-android uiautomator","value":"new UiSelector().className(\"android.widget.ImageButton\").instance(0)"}[39m
[35m[HTTP][39m [37m<-- POST /wd/hub/session/3866e046-fcc3-40c1-972d-2543d4e74140/elements [39m[32m200[39m [90m31 ms - 74[39m
[35m[HTTP][39m [90m[39m
[35m[HTTP][39m [37m-->[39m [37mPOST[39m [37m/wd/hub/session/3866e046-fcc3-40c1-972d-2543d4e74140/elements[39m
[35m[HTTP][39m [90m{"using":"-android uiautomator","value":"new UiSelector().className(\"android.widget.ImageButton\").instance(0)"}[39m
[35m[HTTP][39m [37m<-- POST /wd/hub/session/3866e046-fcc3-40c1-972d-2543d4e74140/elements [39m[32m200[39m [90m31 ms - 74[39m
[35m[HTTP][39m [90m[39m
[35m[HTTP][39m [37m-->[39m [37mPOST[39m [37m/wd/hub/session/3866e046-fcc3-40c1-972d-2543d4e74140/elements[39m
[35m[HTTP][39m [90m{"using":"-android uiautomator","value":"new UiSelector().className(\"android.widget.ImageButton\").instance(0)"}[39m
[35m[HTTP][39m [37m<-- POST /wd/hub/session/3866e046-fcc3-40c1-972d-2543d4e74140/elements [39m[32m200[39m [90m32 ms - 74[39m
[35m[HTTP][39m [90m[39m
[35m[HTTP][39m [37m-->[39m [37mPOST[39m [37m/wd/hub/session/3866e046-fcc3-40c1-972d-2543d4e74140/elements[39m
[35m[HTTP][39m [90m{"using":"-android uiautomator","value":"new UiSelector().className(\"android.widget.ImageButton\").instance(0)"}[39m
[35m[HTTP][39m [37m<-- POST /wd/hub/session/3866e046-fcc3-40c1-972d-2543d4e74140/elements [39m[32m200[39m [90m32 ms - 74[39m
[35m[HTTP][39m [90m[39m
[35m[HTTP][39m [37m-->[39m [37mPOST[39m [37m/wd/hub/session/3866e046-fcc3-40c1-972d-2543d4e74140/elements[39m
[35m[HTTP][39m [90m{"using":"-android uiautomator","value":"new UiSelector().className(\"android.widget.ImageButton\").instance(0)"}[39m
[35m[HTTP][39m [37m<-- POST /wd/hub/session/3866e046-fcc3-40c1-972d-2543d4e74140/elements [39m[32m200[39m [90m29 ms - 74[39m
[35m[HTTP][39m [90m[39m
[35m[HTTP][39m [37m-->[39m [37mPOST[39m [37m/wd/hub/session/3866e046-fcc3-40c1-972d-2543d4e74140/elements[39m
[35m[HTTP][39m [90m{"using":"-android uiautomator","value":"new UiSelector().className(\"android.widget.ImageButton\").instance(0)"}[39m
[35m[HTTP][39m [37m<-- POST /wd/hub/session/3866e046-fcc3-40c1-972d-2543d4e74140/elements [39m[32m200[39m [90m29 ms - 74[39m
[35m[HTTP][39m [90m[39m
[35m[HTTP][39m [37m-->[39m [37mPOST[39m [37m/wd/hub/session/3866e046-fcc3-40c1-972d-2543d4e74140/elements[39m
[35m[HTTP][39m [90m{"using":"-android uiautomator","value":"new UiSelector().className(\"android.widget.ImageButton\").instance(0)"}[39m
[35m[HTTP][39m [37m<-- POST /wd/hub/session/3866e046-fcc3-40c1-972d-2543d4e74140/elements [39m[32m200[39m [90m26 ms - 74[39m
[35m[HTTP][39m [90m[39m
[35m[HTTP][39m [37m-->[39m [37mPOST[39m [37m/wd/hub/session/3866e046-fcc3-40c1-972d-2543d4e74140/elements[39m
[35m[HTTP][39m [90m{"using":"-android uiautomator","value":"new UiSelector().className(\"android.widget.ImageButton\").instance(0)"}[39m
[35m[HTTP][39m [37m<-- POST /wd/hub/session/3866e046-fcc3-40c1-972d-2543d4e74140/elements [39m[32m200[39m [90m31 ms - 74[39m
[35m[HTTP][39m [90m[39m
[35m[HTTP][39m [37m-->[39m [37mPOST[39m [37m/wd/hub/session/3866e046-fcc3-40c1-972d-2543d4e74140/elements[39m
[35m[HTTP][39m [90m{"using":"-android uiautomator","value":"new UiSelector().className(\"android.widget.ImageButton\").instance(0)"}[39m
[35m[HTTP][39m [37m<-- POST /wd/hub/session/3866e046-fcc3-40c1-972d-2543d4e74140/elements [39m[32m200[39m [90m33 ms - 74[39m
[35m[HTTP][39m [90m[39m
[35m[HTTP][39m [37m-->[39m [37mPOST[39m [37m/wd/hub/session/3866e046-fcc3-40c1-972d-2543d4e74140/elements[39m
[35m[HTTP][39m [90m{"using":"-android uiautomator","value":"new UiSelector().className(\"android.widget.ImageButton\").instance(0)"}[39m
[35m[HTTP][39m [37m<-- POST /wd/hub/session/3866e046-fcc3-40c1-972d-2543d4e74140/elements [39m[32m200[39m [90m31 ms - 74[39m
[35m[HTTP][39m [90m[39m
[35m[HTTP][39m [37m-->[39m [37mPOST[39m [37m/wd/hub/session/3866e046-fcc3-40c1-972d-2543d4e74140/elements[39m
[35m[HTTP][39m [90m{"using":"-android uiautomator","value":"new UiSelector().className(\"android.widget.ImageButton\").instance(0)"}[39m
[35m[HTTP][39m [37m<-- POST /wd/hub/session/3866e046-fcc3-40c1-972d-2543d4e74140/elements [39m[32m200[39m [90m30 ms - 74[39m
[35m[HTTP][39m [90m[39m
[35m[HTTP][39m [37m-->[39m [37mPOST[39m [37m/wd/hub/session/3866e046-fcc3-40c1-972d-2543d4e74140/elements[39m
[35m[HTTP][39m [90m{"using":"-android uiautomator","value":"new UiSelector().className(\"android.widget.ImageButton\").instance(0)"}[39m
[35m[HTTP][39m [37m<-- POST /wd/hub/session/3866e046-fcc3-40c1-972d-2543d4e74140/elements [39m[32m200[39m [90m814 ms - 124[39m
[35m[HTTP][39m [90m[39m
[35m[HTTP][39m [37m-->[39m [37mGET[39m [37m/wd/hub/session/3866e046-fcc3-40c1-972d-2543d4e74140[39m
[35m[HTTP][39m [90m{}[39m
[35m[HTTP][39m [37m<-- GET /wd/hub/session/3866e046-fcc3-40c1-972d-2543d4e74140 [39m[32m200[39m [90m29 ms - 1133[39m
[35m[HTTP][39m [90m[39m
[35m[HTTP][39m [37m-->[39m [37mGET[39m [37m/wd/hub/session/3866e046-fcc3-40c1-972d-2543d4e74140[39m
[35m[HTTP][39m [90m{}[39m
[35m[HTTP][39m [37m<-- GET /wd/hub/session/3866e046-fcc3-40c1-972d-2543d4e74140 [39m[32m200[39m [90m18 ms - 1133[39m
[35m[HTTP][39m [90m[39m
[35m[HTTP][39m [37m-->[39m [37mGET[39m [37m/wd/hub/session/3866e046-fcc3-40c1-972d-2543d4e74140[39m
[35m[HTTP][39m [90m{}[39m
[35m[HTTP][39m [37m<-- GET /wd/hub/session/3866e046-fcc3-40c1-972d-2543d4e74140 [39m[32m200[39m [90m18 ms - 1133[39m
[35m[HTTP][39m [90m[39m
[35m[HTTP][39m [37m-->[39m [37mGET[39m [37m/wd/hub/session/3866e046-fcc3-40c1-972d-2543d4e74140[39m
[35m[HTTP][39m [90m{}[39m
[35m[HTTP][39m [37m<-- GET /wd/hub/session/3866e046-fcc3-40c1-972d-2543d4e74140 [39m[32m200[39m [90m17 ms - 1133[39m
[35m[HTTP][39m [90m[39m
[35m[HTTP][39m [37m-->[39m [37mGET[39m [37m/wd/hub/session/3866e046-fcc3-40c1-972d-2543d4e74140/element/cccc3956-cece-4aed-b675-a561caabd529/location[39m
[35m[HTTP][39m [90m{}[39m
[35m[W3C][39m Driver proxy active, passing request on via HTTP proxy
[35m[JSONWP Proxy][39m Replacing sessionId 0f33908c-6fe1-4158-98fe-2c5eae42ba7a with 3866e046-fcc3-40c1-972d-2543d4e74140
[35m[HTTP][39m [37m<-- GET /wd/hub/session/3866e046-fcc3-40c1-972d-2543d4e74140/element/cccc3956-cece-4aed-b675-a561caabd529/location [39m[32m200[39m [90m48 ms - 86[39m
[35m[HTTP][39m [90m[39m
[35m[HTTP][39m [37m-->[39m [37mPOST[39m [37m/wd/hub/session/3866e046-fcc3-40c1-972d-2543d4e74140/touch/perform[39m
[35m[HTTP][39m [90m{"actions":[{"action":"tap","options":{"element":"cccc3956-cece-4aed-b675-a561caabd529","x":1,"y":1}}]}[39m
[35m[UiAutomator2][39m calling get location: cccc3956-cece-4aed-b675-a561caabd529
[35m[HTTP][39m [37m<-- POST /wd/hub/session/3866e046-fcc3-40c1-972d-2543d4e74140/touch/perform [39m[32m200[39m [90m2070 ms - 76[39m
[35m[HTTP][39m [90m[39m
[35m[HTTP][39m [37m-->[39m [37mGET[39m [37m/wd/hub/session/3866e046-fcc3-40c1-972d-2543d4e74140/window/current/size[39m
[35m[HTTP][39m [90m{}[39m
[35m[W3C][39m Driver proxy active, passing request on via HTTP proxy
[35m[JSONWP Proxy][39m Replacing sessionId 0f33908c-6fe1-4158-98fe-2c5eae42ba7a with 3866e046-fcc3-40c1-972d-2543d4e74140
[35m[HTTP][39m [37m<-- GET /wd/hub/session/3866e046-fcc3-40c1-972d-2543d4e74140/window/current/size [39m[32m200[39m [90m14 ms - 100[39m
[35m[HTTP][39m [90m[39m
[35m[HTTP][39m [37m-->[39m [37mPOST[39m [37m/wd/hub/session/3866e046-fcc3-40c1-972d-2543d4e74140/elements[39m
[35m[HTTP][39m [90m{"using":"-android uiautomator","value":"new UiSelector().className(\"android.widget.ImageButton\").instance(0)"}[39m
[35m[HTTP][39m [37m<-- POST /wd/hub/session/3866e046-fcc3-40c1-972d-2543d4e74140/elements [39m[32m200[39m [90m70 ms - 124[39m
[35m[HTTP][39m [90m[39m
[35m[HTTP][39m [37m-->[39m [37mGET[39m [37m/wd/hub/session/3866e046-fcc3-40c1-972d-2543d4e74140[39m
[35m[HTTP][39m [90m{}[39m
[35m[HTTP][39m [37m<-- GET /wd/hub/session/3866e046-fcc3-40c1-972d-2543d4e74140 [39m[32m200[39m [90m9 ms - 1133[39m
[35m[HTTP][39m [90m[39m
[35m[HTTP][39m [37m-->[39m [37mGET[39m [37m/wd/hub/session/3866e046-fcc3-40c1-972d-2543d4e74140[39m
[35m[HTTP][39m [90m{}[39m
[35m[HTTP][39m [37m<-- GET /wd/hub/session/3866e046-fcc3-40c1-972d-2543d4e74140 [39m[32m200[39m [90m12 ms - 1133[39m
[35m[HTTP][39m [90m[39m
[35m[HTTP][39m [37m-->[39m [37mGET[39m [37m/wd/hub/session/3866e046-fcc3-40c1-972d-2543d4e74140[39m
[35m[HTTP][39m [90m{}[39m
[35m[HTTP][39m [37m<-- GET /wd/hub/session/3866e046-fcc3-40c1-972d-2543d4e74140 [39m[32m200[39m [90m14 ms - 1133[39m
[35m[HTTP][39m [90m[39m
[35m[HTTP][39m [37m-->[39m [37mGET[39m [37m/wd/hub/session/3866e046-fcc3-40c1-972d-2543d4e74140[39m
[35m[HTTP][39m [90m{}[39m
[35m[HTTP][39m [37m<-- GET /wd/hub/session/3866e046-fcc3-40c1-972d-2543d4e74140 [39m[32m200[39m [90m8 ms - 1133[39m
[35m[HTTP][39m [90m[39m
[35m[HTTP][39m [37m-->[39m [37mGET[39m [37m/wd/hub/session/3866e046-fcc3-40c1-972d-2543d4e74140/element/338ebbdc-8cc5-4ab4-8230-0a4c50ac2f50/location[39m
[35m[HTTP][39m [90m{}[39m
[35m[W3C][39m Driver proxy active, passing request on via HTTP proxy
[35m[JSONWP Proxy][39m Replacing sessionId 0f33908c-6fe1-4158-98fe-2c5eae42ba7a with 3866e046-fcc3-40c1-972d-2543d4e74140
[35m[HTTP][39m [37m<-- GET /wd/hub/session/3866e046-fcc3-40c1-972d-2543d4e74140/element/338ebbdc-8cc5-4ab4-8230-0a4c50ac2f50/location [39m[32m200[39m [90m50 ms - 86[39m
[35m[HTTP][39m [90m[39m
[35m[HTTP][39m [37m-->[39m [37mPOST[39m [37m/wd/hub/session/3866e046-fcc3-40c1-972d-2543d4e74140/touch/perform[39m
[35m[HTTP][39m [90m{"actions":[{"action":"tap","options":{"element":"338ebbdc-8cc5-4ab4-8230-0a4c50ac2f50","x":1,"y":1}}]}[39m
[35m[UiAutomator2][39m calling get location: 338ebbdc-8cc5-4ab4-8230-0a4c50ac2f50
[35m[HTTP][39m [37m<-- POST /wd/hub/session/3866e046-fcc3-40c1-972d-2543d4e74140/touch/perform [39m[32m200[39m [90m1451 ms - 76[39m
[35m[HTTP][39m [90m[39m
[35m[HTTP][39m [37m-->[39m [37mGET[39m [37m/wd/hub/session/3866e046-fcc3-40c1-972d-2543d4e74140/window/current/size[39m
[35m[HTTP][39m [90m{}[39m
[35m[W3C][39m Driver proxy active, passing request on via HTTP proxy
[35m[JSONWP Proxy][39m Replacing sessionId 0f33908c-6fe1-4158-98fe-2c5eae42ba7a with 3866e046-fcc3-40c1-972d-2543d4e74140
[35m[HTTP][39m [37m<-- GET /wd/hub/session/3866e046-fcc3-40c1-972d-2543d4e74140/window/current/size [39m[32m200[39m [90m11 ms - 100[39m
[35m[HTTP][39m [90m[39m
[35m[HTTP][39m [37m-->[39m [37mPOST[39m [37m/wd/hub/session/3866e046-fcc3-40c1-972d-2543d4e74140/elements[39m
[35m[HTTP][39m [90m{"using":"xpath","value":"//hierarchy/android.widget.FrameLayout[1]/android.widget.LinearLayout[1]/android.widget.FrameLayout[1]/android.widget.FrameLayout[1]/android.widget.FrameLayout[1]/android.widget.RelativeLayout[1]/android.widget.RelativeLayout[1]/android.widget.HorizontalScrollView[1]/android.widget.LinearLayout[1]/android.widget.ImageButton[2]"}[39m
[35m[HTTP][39m [37m<-- POST /wd/hub/session/3866e046-fcc3-40c1-972d-2543d4e74140/elements [39m[32m200[39m [90m90 ms - 124[39m
[35m[HTTP][39m [90m[39m
[35m[HTTP][39m [37m-->[39m [37mGET[39m [37m/wd/hub/session/3866e046-fcc3-40c1-972d-2543d4e74140[39m
[35m[HTTP][39m [90m{}[39m
[35m[HTTP][39m [37m<-- GET /wd/hub/session/3866e046-fcc3-40c1-972d-2543d4e74140 [39m[32m200[39m [90m11 ms - 1133[39m
[35m[HTTP][39m [90m[39m
[35m[HTTP][39m [37m-->[39m [37mGET[39m [37m/wd/hub/session/3866e046-fcc3-40c1-972d-2543d4e74140[39m
[35m[HTTP][39m [90m{}[39m
[35m[HTTP][39m [37m<-- GET /wd/hub/session/3866e046-fcc3-40c1-972d-2543d4e74140 [39m[32m200[39m [90m10 ms - 1133[39m
[35m[HTTP][39m [90m[39m
[35m[HTTP][39m [37m-->[39m [37mGET[39m [37m/wd/hub/session/3866e046-fcc3-40c1-972d-2543d4e74140[39m
[35m[HTTP][39m [90m{}[39m
[35m[HTTP][39m [37m<-- GET /wd/hub/session/3866e046-fcc3-40c1-972d-2543d4e74140 [39m[32m200[39m [90m11 ms - 1133[39m
[35m[HTTP][39m [90m[39m
[35m[HTTP][39m [37m-->[39m [37mGET[39m [37m/wd/hub/session/3866e046-fcc3-40c1-972d-2543d4e74140[39m
[35m[HTTP][39m [90m{}[39m
[35m[HTTP][39m [37m<-- GET /wd/hub/session/3866e046-fcc3-40c1-972d-2543d4e74140 [39m[32m200[39m [90m8 ms - 1133[39m
[35m[HTTP][39m [90m[39m
[35m[HTTP][39m [37m-->[39m [37mGET[39m [37m/wd/hub/session/3866e046-fcc3-40c1-972d-2543d4e74140/element/a1c667d5-d8b0-40bf-adab-4f9ff60f17a8/location[39m
[35m[HTTP][39m [90m{}[39m
[35m[W3C][39m Driver proxy active, passing request on via HTTP proxy
[35m[JSONWP Proxy][39m Replacing sessionId 0f33908c-6fe1-4158-98fe-2c5eae42ba7a with 3866e046-fcc3-40c1-972d-2543d4e74140
[35m[HTTP][39m [37m<-- GET /wd/hub/session/3866e046-fcc3-40c1-972d-2543d4e74140/element/a1c667d5-d8b0-40bf-adab-4f9ff60f17a8/location [39m[32m200[39m [90m35 ms - 88[39m
[35m[HTTP][39m [90m[39m
[35m[HTTP][39m [37m-->[39m [37mPOST[39m [37m/wd/hub/session/3866e046-fcc3-40c1-972d-2543d4e74140/touch/perform[39m
[35m[HTTP][39m [90m{"actions":[{"action":"tap","options":{"element":"a1c667d5-d8b0-40bf-adab-4f9ff60f17a8","x":1,"y":1}}]}[39m
[35m[UiAutomator2][39m calling get location: a1c667d5-d8b0-40bf-adab-4f9ff60f17a8
[35m[HTTP][39m [37m<-- POST /wd/hub/session/3866e046-fcc3-40c1-972d-2543d4e74140/touch/perform [39m[32m200[39m [90m55 ms - 76[39m
[35m[HTTP][39m [90m[39m
[35m[HTTP][39m [37m-->[39m [37mGET[39m [37m/wd/hub/session/3866e046-fcc3-40c1-972d-2543d4e74140/window/current/size[39m
[35m[HTTP][39m [90m{}[39m
[35m[W3C][39m Driver proxy active, passing request on via HTTP proxy
[35m[JSONWP Proxy][39m Replacing sessionId 0f33908c-6fe1-4158-98fe-2c5eae42ba7a with 3866e046-fcc3-40c1-972d-2543d4e74140
[35m[HTTP][39m [37m<-- GET /wd/hub/session/3866e046-fcc3-40c1-972d-2543d4e74140/window/current/size [39m[32m200[39m [90m20 ms - 100[39m
[35m[HTTP][39m [90m[39m
[35m[HTTP][39m [37m-->[39m [37mPOST[39m [37m/wd/hub/session/3866e046-fcc3-40c1-972d-2543d4e74140/elements[39m
[35m[HTTP][39m [90m{"using":"xpath","value":"//hierarchy/android.widget.FrameLayout[1]/android.widget.LinearLayout[1]/android.widget.FrameLayout[1]/android.widget.FrameLayout[1]/android.widget.FrameLayout[1]/android.widget.RelativeLayout[1]/android.support.v4.view.ViewPager[1]/android.widget.FrameLayout[1]/android.view.ViewGroup[1]/android.widget.RelativeLayout[1]/android.widget.RelativeLayout[1]/android.widget.ImageView[1]"}[39m
[35m[HTTP][39m [37m<-- POST /wd/hub/session/3866e046-fcc3-40c1-972d-2543d4e74140/elements [39m[32m200[39m [90m990 ms - 124[39m
[35m[HTTP][39m [90m[39m
[35m[HTTP][39m [37m-->[39m [37mGET[39m [37m/wd/hub/session/3866e046-fcc3-40c1-972d-2543d4e74140[39m
[35m[HTTP][39m [90m{}[39m
[35m[HTTP][39m [37m<-- GET /wd/hub/session/3866e046-fcc3-40c1-972d-2543d4e74140 [39m[32m200[39m [90m11 ms - 1133[39m
[35m[HTTP][39m [90m[39m
[35m[HTTP][39m [37m-->[39m [37mGET[39m [37m/wd/hub/session/3866e046-fcc3-40c1-972d-2543d4e74140[39m
[35m[HTTP][39m [90m{}[39m
[35m[HTTP][39m [37m<-- GET /wd/hub/session/3866e046-fcc3-40c1-972d-2543d4e74140 [39m[32m200[39m [90m8 ms - 1133[39m
[35m[HTTP][39m [90m[39m
[35m[HTTP][39m [37m-->[39m [37mGET[39m [37m/wd/hub/session/3866e046-fcc3-40c1-972d-2543d4e74140[39m
[35m[HTTP][39m [90m{}[39m
[35m[HTTP][39m [37m<-- GET /wd/hub/session/3866e046-fcc3-40c1-972d-2543d4e74140 [39m[32m200[39m [90m8 ms - 1133[39m
[35m[HTTP][39m [90m[39m
[35m[HTTP][39m [37m-->[39m [37mGET[39m [37m/wd/hub/session/3866e046-fcc3-40c1-972d-2543d4e74140[39m
[35m[HTTP][39m [90m{}[39m
[35m[HTTP][39m [37m<-- GET /wd/hub/session/3866e046-fcc3-40c1-972d-2543d4e74140 [39m[32m200[39m [90m9 ms - 1133[39m
[35m[HTTP][39m [90m[39m
[35m[HTTP][39m [37m-->[39m [37mGET[39m [37m/wd/hub/session/3866e046-fcc3-40c1-972d-2543d4e74140/element/0d83562e-5273-448f-908c-d9abe5ccf92b/location[39m
[35m[HTTP][39m [90m{}[39m
[35m[W3C][39m Driver proxy active, passing request on via HTTP proxy
[35m[JSONWP Proxy][39m Replacing sessionId 0f33908c-6fe1-4158-98fe-2c5eae42ba7a with 3866e046-fcc3-40c1-972d-2543d4e74140
[35m[HTTP][39m [37m<-- GET /wd/hub/session/3866e046-fcc3-40c1-972d-2543d4e74140/element/0d83562e-5273-448f-908c-d9abe5ccf92b/location [39m[32m200[39m [90m483 ms - 91[39m
[35m[HTTP][39m [90m[39m
[35m[HTTP][39m [37m-->[39m [37mPOST[39m [37m/wd/hub/session/3866e046-fcc3-40c1-972d-2543d4e74140/touch/perform[39m
[35m[HTTP][39m [90m{"actions":[{"action":"tap","options":{"element":"0d83562e-5273-448f-908c-d9abe5ccf92b","x":1,"y":1}}]}[39m
[35m[UiAutomator2][39m calling get location: 0d83562e-5273-448f-908c-d9abe5ccf92b
[35m[HTTP][39m [37m<-- POST /wd/hub/session/3866e046-fcc3-40c1-972d-2543d4e74140/touch/perform [39m[32m200[39m [90m81 ms - 76[39m
[35m[HTTP][39m [90m[39m
[35m[HTTP][39m [37m-->[39m [37mGET[39m [37m/wd/hub/session/3866e046-fcc3-40c1-972d-2543d4e74140/window/current/size[39m
[35m[HTTP][39m [90m{}[39m
[35m[W3C][39m Driver proxy active, passing request on via HTTP proxy
[35m[JSONWP Proxy][39m Replacing sessionId 0f33908c-6fe1-4158-98fe-2c5eae42ba7a with 3866e046-fcc3-40c1-972d-2543d4e74140
[35m[HTTP][39m [37m<-- GET /wd/hub/session/3866e046-fcc3-40c1-972d-2543d4e74140/window/current/size [39m[32m200[39m [90m13 ms - 100[39m
[35m[HTTP][39m [90m[39m
[35m[HTTP][39m [37m-->[39m [37mPOST[39m [37m/wd/hub/session/3866e046-fcc3-40c1-972d-2543d4e74140/elements[39m
[35m[HTTP][39m [90m{"using":"xpath","value":"//hierarchy/android.widget.FrameLayout[1]/android.widget.LinearLayout[1]/android.widget.FrameLayout[1]/android.widget.FrameLayout[1]/android.widget.FrameLayout[1]/android.widget.RelativeLayout[1]/android.support.v4.view.ViewPager[1]/android.widget.FrameLayout[1]/android.view.ViewGroup[1]/android.widget.RelativeLayout[1]/android.support.v7.widget.RecyclerView[1]/android.widget.LinearLayout[2]"}[39m
[35m[HTTP][39m [37m<-- POST /wd/hub/session/3866e046-fcc3-40c1-972d-2543d4e74140/elements [39m[32m200[39m [90m533 ms - 124[39m
[35m[HTTP][39m [90m[39m
[35m[HTTP][39m [37m-->[39m [37mGET[39m [37m/wd/hub/session/3866e046-fcc3-40c1-972d-2543d4e74140[39m
[35m[HTTP][39m [90m{}[39m
[35m[HTTP][39m [37m<-- GET /wd/hub/session/3866e046-fcc3-40c1-972d-2543d4e74140 [39m[32m200[39m [90m10 ms - 1133[39m
[35m[HTTP][39m [90m[39m
[35m[HTTP][39m [37m-->[39m [37mGET[39m [37m/wd/hub/session/3866e046-fcc3-40c1-972d-2543d4e74140[39m
[35m[HTTP][39m [90m{}[39m
[35m[HTTP][39m [37m<-- GET /wd/hub/session/3866e046-fcc3-40c1-972d-2543d4e74140 [39m[32m200[39m [90m9 ms - 1133[39m
[35m[HTTP][39m [90m[39m
[35m[HTTP][39m [37m-->[39m [37mGET[39m [37m/wd/hub/session/3866e046-fcc3-40c1-972d-2543d4e74140[39m
[35m[HTTP][39m [90m{}[39m
[35m[HTTP][39m [37m<-- GET /wd/hub/session/3866e046-fcc3-40c1-972d-2543d4e74140 [39m[32m200[39m [90m10 ms - 1133[39m
[35m[HTTP][39m [90m[39m
[35m[HTTP][39m [37m-->[39m [37mGET[39m [37m/wd/hub/session/3866e046-fcc3-40c1-972d-2543d4e74140[39m
[35m[HTTP][39m [90m{}[39m
[35m[HTTP][39m [37m<-- GET /wd/hub/session/3866e046-fcc3-40c1-972d-2543d4e74140 [39m[32m200[39m [90m12 ms - 1133[39m
[35m[HTTP][39m [90m[39m
[35m[HTTP][39m [37m-->[39m [37mGET[39m [37m/wd/hub/session/3866e046-fcc3-40c1-972d-2543d4e74140/element/e68a263e-f728-4cc0-8af3-fadce4c5e149/location[39m
[35m[HTTP][39m [90m{}[39m
[35m[W3C][39m Driver proxy active, passing request on via HTTP proxy
[35m[JSONWP Proxy][39m Replacing sessionId 0f33908c-6fe1-4158-98fe-2c5eae42ba7a with 3866e046-fcc3-40c1-972d-2543d4e74140
[35m[HTTP][39m [37m<-- GET /wd/hub/session/3866e046-fcc3-40c1-972d-2543d4e74140/element/e68a263e-f728-4cc0-8af3-fadce4c5e149/location [39m[32m200[39m [90m31 ms - 88[39m
[35m[HTTP][39m [90m[39m
[35m[HTTP][39m [37m-->[39m [37mPOST[39m [37m/wd/hub/session/3866e046-fcc3-40c1-972d-2543d4e74140/touch/perform[39m
[35m[HTTP][39m [90m{"actions":[{"action":"tap","options":{"element":"e68a263e-f728-4cc0-8af3-fadce4c5e149","x":1,"y":1}}]}[39m
[35m[UiAutomator2][39m calling get location: e68a263e-f728-4cc0-8af3-fadce4c5e149
[35m[HTTP][39m [37m<-- POST /wd/hub/session/3866e046-fcc3-40c1-972d-2543d4e74140/touch/perform [39m[32m200[39m [90m84 ms - 76[39m
[35m[HTTP][39m [90m[39m
[35m[HTTP][39m [37m-->[39m [37mGET[39m [37m/wd/hub/session/3866e046-fcc3-40c1-972d-2543d4e74140/window/current/size[39m
[35m[HTTP][39m [90m{}[39m
[35m[W3C][39m Driver proxy active, passing request on via HTTP proxy
[35m[JSONWP Proxy][39m Replacing sessionId 0f33908c-6fe1-4158-98fe-2c5eae42ba7a with 3866e046-fcc3-40c1-972d-2543d4e74140
[35m[HTTP][39m [37m<-- GET /wd/hub/session/3866e046-fcc3-40c1-972d-2543d4e74140/window/current/size [39m[32m200[39m [90m12 ms - 100[39m
[35m[HTTP][39m [90m[39m
[35m[HTTP][39m [37m-->[39m [37mPOST[39m [37m/wd/hub/session/3866e046-fcc3-40c1-972d-2543d4e74140/elements[39m
[35m[HTTP][39m [90m{"using":"-android uiautomator","value":"new UiSelector().className(\"android.widget.ImageButton\").instance(0)"}[39m
[35m[HTTP][39m [37m<-- POST /wd/hub/session/3866e046-fcc3-40c1-972d-2543d4e74140/elements [39m[32m200[39m [90m1466 ms - 124[39m
[35m[HTTP][39m [90m[39m
[35m[HTTP][39m [37m-->[39m [37mGET[39m [37m/wd/hub/session/3866e046-fcc3-40c1-972d-2543d4e74140[39m
[35m[HTTP][39m [90m{}[39m
[35m[HTTP][39m [37m<-- GET /wd/hub/session/3866e046-fcc3-40c1-972d-2543d4e74140 [39m[32m200[39m [90m19 ms - 1133[39m
[35m[HTTP][39m [90m[39m
[35m[HTTP][39m [37m-->[39m [37mGET[39m [37m/wd/hub/session/3866e046-fcc3-40c1-972d-2543d4e74140[39m
[35m[HTTP][39m [90m{}[39m
[35m[HTTP][39m [37m<-- GET /wd/hub/session/3866e046-fcc3-40c1-972d-2543d4e74140 [39m[32m200[39m [90m20 ms - 1133[39m
[35m[HTTP][39m [90m[39m
[35m[HTTP][39m [37m-->[39m [37mGET[39m [37m/wd/hub/session/3866e046-fcc3-40c1-972d-2543d4e74140[39m
[35m[HTTP][39m [90m{}[39m
[35m[HTTP][39m [37m<-- GET /wd/hub/session/3866e046-fcc3-40c1-972d-2543d4e74140 [39m[32m200[39m [90m19 ms - 1133[39m
[35m[HTTP][39m [90m[39m
[35m[HTTP][39m [37m-->[39m [37mGET[39m [37m/wd/hub/session/3866e046-fcc3-40c1-972d-2543d4e74140[39m
[35m[HTTP][39m [90m{}[39m
[35m[HTTP][39m [37m<-- GET /wd/hub/session/3866e046-fcc3-40c1-972d-2543d4e74140 [39m[32m200[39m [90m19 ms - 1133[39m
[35m[HTTP][39m [90m[39m
[35m[HTTP][39m [37m-->[39m [37mGET[39m [37m/wd/hub/session/3866e046-fcc3-40c1-972d-2543d4e74140/element/c03c4c51-8670-403d-874c-ebea0a97e3dc/location[39m
[35m[HTTP][39m [90m{}[39m
[35m[W3C][39m Driver proxy active, passing request on via HTTP proxy
[35m[JSONWP Proxy][39m Replacing sessionId 0f33908c-6fe1-4158-98fe-2c5eae42ba7a with 3866e046-fcc3-40c1-972d-2543d4e74140
[35m[HTTP][39m [37m<-- GET /wd/hub/session/3866e046-fcc3-40c1-972d-2543d4e74140/element/c03c4c51-8670-403d-874c-ebea0a97e3dc/location [39m[32m200[39m [90m37 ms - 86[39m
[35m[HTTP][39m [90m[39m
[35m[HTTP][39m [37m-->[39m [37mPOST[39m [37m/wd/hub/session/3866e046-fcc3-40c1-972d-2543d4e74140/touch/perform[39m
[35m[HTTP][39m [90m{"actions":[{"action":"tap","options":{"element":"c03c4c51-8670-403d-874c-ebea0a97e3dc","x":1,"y":1}}]}[39m
[35m[UiAutomator2][39m calling get location: c03c4c51-8670-403d-874c-ebea0a97e3dc
[35m[HTTP][39m [37m<-- POST /wd/hub/session/3866e046-fcc3-40c1-972d-2543d4e74140/touch/perform [39m[32m200[39m [90m1633 ms - 76[39m
[35m[HTTP][39m [90m[39m
[35m[HTTP][39m [37m-->[39m [37mGET[39m [37m/wd/hub/session/3866e046-fcc3-40c1-972d-2543d4e74140/window/current/size[39m
[35m[HTTP][39m [90m{}[39m
[35m[W3C][39m Driver proxy active, passing request on via HTTP proxy
[35m[JSONWP Proxy][39m Replacing sessionId 0f33908c-6fe1-4158-98fe-2c5eae42ba7a with 3866e046-fcc3-40c1-972d-2543d4e74140
[35m[HTTP][39m [37m<-- GET /wd/hub/session/3866e046-fcc3-40c1-972d-2543d4e74140/window/current/size [39m[32m200[39m [90m10 ms - 100[39m
[35m[HTTP][39m [90m[39m
[35m[HTTP][39m [37m-->[39m [37mPOST[39m [37m/wd/hub/session/3866e046-fcc3-40c1-972d-2543d4e74140/elements[39m
[35m[HTTP][39m [90m{"using":"-android uiautomator","value":"new UiSelector().className(\"android.widget.Button\").text(\"OK\").resourceId(\"com.abaxis.vetscan_vue.dev:id/showcase_button\").instance(0)"}[39m
[35m[HTTP][39m [37m<-- POST /wd/hub/session/3866e046-fcc3-40c1-972d-2543d4e74140/elements [39m[32m200[39m [90m44 ms - 74[39m
[35m[HTTP][39m [90m[39m
[35m[HTTP][39m [37m-->[39m [37mPOST[39m [37m/wd/hub/session/3866e046-fcc3-40c1-972d-2543d4e74140/elements[39m
[35m[HTTP][39m [90m{"using":"-android uiautomator","value":"new UiSelector().className(\"android.widget.Button\").text(\"OK\").resourceId(\"com.abaxis.vetscan_vue.dev:id/showcase_button\").instance(0)"}[39m
[35m[HTTP][39m [37m<-- POST /wd/hub/session/3866e046-fcc3-40c1-972d-2543d4e74140/elements [39m[32m200[39m [90m39 ms - 74[39m
[35m[HTTP][39m [90m[39m
[35m[HTTP][39m [37m-->[39m [37mPOST[39m [37m/wd/hub/session/3866e046-fcc3-40c1-972d-2543d4e74140/elements[39m
[35m[HTTP][39m [90m{"using":"-android uiautomator","value":"new UiSelector().className(\"android.widget.Button\").text(\"OK\").resourceId(\"com.abaxis.vetscan_vue.dev:id/showcase_button\").instance(0)"}[39m
[35m[HTTP][39m [37m<-- POST /wd/hub/session/3866e046-fcc3-40c1-972d-2543d4e74140/elements [39m[32m200[39m [90m27 ms - 74[39m
[35m[HTTP][39m [90m[39m
[35m[HTTP][39m [37m-->[39m [37mPOST[39m [37m/wd/hub/session/3866e046-fcc3-40c1-972d-2543d4e74140/elements[39m
[35m[HTTP][39m [90m{"using":"-android uiautomator","value":"new UiSelector().className(\"android.widget.Button\").text(\"OK\").resourceId(\"com.abaxis.vetscan_vue.dev:id/showcase_button\").instance(0)"}[39m
[35m[HTTP][39m [37m<-- POST /wd/hub/session/3866e046-fcc3-40c1-972d-2543d4e74140/elements [39m[32m200[39m [90m31 ms - 74[39m
[35m[HTTP][39m [90m[39m
[35m[HTTP][39m [37m-->[39m [37mPOST[39m [37m/wd/hub/session/3866e046-fcc3-40c1-972d-2543d4e74140/elements[39m
[35m[HTTP][39m [90m{"using":"-android uiautomator","value":"new UiSelector().className(\"android.widget.Button\").text(\"OK\").resourceId(\"com.abaxis.vetscan_vue.dev:id/showcase_button\").instance(0)"}[39m
[35m[HTTP][39m [37m<-- POST /wd/hub/session/3866e046-fcc3-40c1-972d-2543d4e74140/elements [39m[32m200[39m [90m45 ms - 74[39m
[35m[HTTP][39m [90m[39m
[35m[HTTP][39m [37m-->[39m [37mPOST[39m [37m/wd/hub/session/3866e046-fcc3-40c1-972d-2543d4e74140/elements[39m
[35m[HTTP][39m [90m{"using":"-android uiautomator","value":"new UiSelector().className(\"android.widget.Button\").text(\"OK\").resourceId(\"com.abaxis.vetscan_vue.dev:id/showcase_button\").instance(0)"}[39m
[35m[HTTP][39m [37m<-- POST /wd/hub/session/3866e046-fcc3-40c1-972d-2543d4e74140/elements [39m[32m200[39m [90m31 ms - 74[39m
[35m[HTTP][39m [90m[39m
[35m[HTTP][39m [37m-->[39m [37mPOST[39m [37m/wd/hub/session/3866e046-fcc3-40c1-972d-2543d4e74140/elements[39m
[35m[HTTP][39m [90m{"using":"-android uiautomator","value":"new UiSelector().className(\"android.widget.Button\").text(\"OK\").resourceId(\"com.abaxis.vetscan_vue.dev:id/showcase_button\").instance(0)"}[39m
[35m[HTTP][39m [37m<-- POST /wd/hub/session/3866e046-fcc3-40c1-972d-2543d4e74140/elements [39m[32m200[39m [90m64 ms - 74[39m
[35m[HTTP][39m [90m[39m
[35m[HTTP][39m [37m-->[39m [37mPOST[39m [37m/wd/hub/session/3866e046-fcc3-40c1-972d-2543d4e74140/elements[39m
[35m[HTTP][39m [90m{"using":"-android uiautomator","value":"new UiSelector().className(\"android.widget.Button\").text(\"OK\").resourceId(\"com.abaxis.vetscan_vue.dev:id/showcase_button\").instance(0)"}[39m
[35m[HTTP][39m [37m<-- POST /wd/hub/session/3866e046-fcc3-40c1-972d-2543d4e74140/elements [39m[32m200[39m [90m834 ms - 124[39m
[35m[HTTP][39m [90m[39m
[35m[HTTP][39m [37m-->[39m [37mGET[39m [37m/wd/hub/session/3866e046-fcc3-40c1-972d-2543d4e74140[39m
[35m[HTTP][39m [90m{}[39m
[35m[HTTP][39m [37m<-- GET /wd/hub/session/3866e046-fcc3-40c1-972d-2543d4e74140 [39m[32m200[39m [90m15 ms - 1133[39m
[35m[HTTP][39m [90m[39m
[35m[HTTP][39m [37m-->[39m [37mGET[39m [37m/wd/hub/session/3866e046-fcc3-40c1-972d-2543d4e74140[39m
[35m[HTTP][39m [90m{}[39m
[35m[HTTP][39m [37m<-- GET /wd/hub/session/3866e046-fcc3-40c1-972d-2543d4e74140 [39m[32m200[39m [90m12 ms - 1133[39m
[35m[HTTP][39m [90m[39m
[35m[HTTP][39m [37m-->[39m [37mGET[39m [37m/wd/hub/session/3866e046-fcc3-40c1-972d-2543d4e74140[39m
[35m[HTTP][39m [90m{}[39m
[35m[HTTP][39m [37m<-- GET /wd/hub/session/3866e046-fcc3-40c1-972d-2543d4e74140 [39m[32m200[39m [90m9 ms - 1133[39m
[35m[HTTP][39m [90m[39m
[35m[HTTP][39m [37m-->[39m [37mGET[39m [37m/wd/hub/session/3866e046-fcc3-40c1-972d-2543d4e74140[39m
[35m[HTTP][39m [90m{}[39m
[35m[HTTP][39m [37m<-- GET /wd/hub/session/3866e046-fcc3-40c1-972d-2543d4e74140 [39m[32m200[39m [90m9 ms - 1133[39m
[35m[HTTP][39m [90m[39m
[35m[HTTP][39m [37m-->[39m [37mGET[39m [37m/wd/hub/session/3866e046-fcc3-40c1-972d-2543d4e74140/element/65fc14a8-51e5-4f64-84e6-3cbf0894a4d9/location[39m
[35m[HTTP][39m [90m{}[39m
[35m[W3C][39m Driver proxy active, passing request on via HTTP proxy
[35m[JSONWP Proxy][39m Replacing sessionId 0f33908c-6fe1-4158-98fe-2c5eae42ba7a with 3866e046-fcc3-40c1-972d-2543d4e74140
[35m[HTTP][39m [37m<-- GET /wd/hub/session/3866e046-fcc3-40c1-972d-2543d4e74140/element/65fc14a8-51e5-4f64-84e6-3cbf0894a4d9/location [39m[32m200[39m [90m618 ms - 90[39m
[35m[HTTP][39m [90m[39m
[35m[HTTP][39m [37m-->[39m [37mPOST[39m [37m/wd/hub/session/3866e046-fcc3-40c1-972d-2543d4e74140/touch/perform[39m
[35m[HTTP][39m [90m{"actions":[{"action":"tap","options":{"element":"65fc14a8-51e5-4f64-84e6-3cbf0894a4d9","x":1,"y":1}}]}[39m
[35m[UiAutomator2][39m calling get location: 65fc14a8-51e5-4f64-84e6-3cbf0894a4d9
[35m[HTTP][39m [37m<-- POST /wd/hub/session/3866e046-fcc3-40c1-972d-2543d4e74140/touch/perform [39m[32m200[39m [90m860 ms - 76[39m
[35m[HTTP][39m [90m[39m
[35m[HTTP][39m [37m-->[39m [37mGET[39m [37m/wd/hub/session/3866e046-fcc3-40c1-972d-2543d4e74140/window/current/size[39m
[35m[HTTP][39m [90m{}[39m
[35m[W3C][39m Driver proxy active, passing request on via HTTP proxy
[35m[JSONWP Proxy][39m Replacing sessionId 0f33908c-6fe1-4158-98fe-2c5eae42ba7a with 3866e046-fcc3-40c1-972d-2543d4e74140
[35m[HTTP][39m [37m<-- GET /wd/hub/session/3866e046-fcc3-40c1-972d-2543d4e74140/window/current/size [39m[32m200[39m [90m43 ms - 100[39m
[35m[HTTP][39m [90m[39m
[35m[HTTP][39m [37m-->[39m [37mPOST[39m [37m/wd/hub/session/3866e046-fcc3-40c1-972d-2543d4e74140/elements[39m
[35m[HTTP][39m [90m{"using":"xpath","value":"//hierarchy/android.widget.FrameLayout[1]/android.widget.LinearLayout[1]/android.widget.FrameLayout[1]/android.widget.FrameLayout[1]/android.widget.FrameLayout[1]/android.widget.RelativeLayout[1]/android.view.ViewGroup[1]/android.widget.RelativeLayout[1]/android.view.ViewGroup[1]/android.widget.ImageButton[1]"}[39m
[35m[HTTP][39m [37m<-- POST /wd/hub/session/3866e046-fcc3-40c1-972d-2543d4e74140/elements [39m[32m200[39m [90m137 ms - 124[39m
[35m[HTTP][39m [90m[39m
[35m[HTTP][39m [37m-->[39m [37mGET[39m [37m/wd/hub/session/3866e046-fcc3-40c1-972d-2543d4e74140[39m
[35m[HTTP][39m [90m{}[39m
[35m[HTTP][39m [37m<-- GET /wd/hub/session/3866e046-fcc3-40c1-972d-2543d4e74140 [39m[32m200[39m [90m12 ms - 1133[39m
[35m[HTTP][39m [90m[39m
[35m[HTTP][39m [37m-->[39m [37mGET[39m [37m/wd/hub/session/3866e046-fcc3-40c1-972d-2543d4e74140[39m
[35m[HTTP][39m [90m{}[39m
[35m[HTTP][39m [37m<-- GET /wd/hub/session/3866e046-fcc3-40c1-972d-2543d4e74140 [39m[32m200[39m [90m11 ms - 1133[39m
[35m[HTTP][39m [90m[39m
[35m[HTTP][39m [37m-->[39m [37mGET[39m [37m/wd/hub/session/3866e046-fcc3-40c1-972d-2543d4e74140[39m
[35m[HTTP][39m [90m{}[39m
[35m[HTTP][39m [37m<-- GET /wd/hub/session/3866e046-fcc3-40c1-972d-2543d4e74140 [39m[32m200[39m [90m12 ms - 1133[39m
[35m[HTTP][39m [90m[39m
[35m[HTTP][39m [37m-->[39m [37mGET[39m [37m/wd/hub/session/3866e046-fcc3-40c1-972d-2543d4e74140[39m
[35m[HTTP][39m [90m{}[39m
[35m[HTTP][39m [37m<-- GET /wd/hub/session/3866e046-fcc3-40c1-972d-2543d4e74140 [39m[32m200[39m [90m16 ms - 1133[39m
[35m[HTTP][39m [90m[39m
[35m[HTTP][39m [37m-->[39m [37mGET[39m [37m/wd/hub/session/3866e046-fcc3-40c1-972d-2543d4e74140/element/f127a3a8-f5c6-4152-92ec-3dd259546d5d/location[39m
[35m[HTTP][39m [90m{}[39m
[35m[W3C][39m Driver proxy active, passing request on via HTTP proxy
[35m[JSONWP Proxy][39m Replacing sessionId 0f33908c-6fe1-4158-98fe-2c5eae42ba7a with 3866e046-fcc3-40c1-972d-2543d4e74140
[35m[HTTP][39m [37m<-- GET /wd/hub/session/3866e046-fcc3-40c1-972d-2543d4e74140/element/f127a3a8-f5c6-4152-92ec-3dd259546d5d/location [39m[32m200[39m [90m25 ms - 91[39m
[35m[HTTP][39m [90m[39m
[35m[HTTP][39m [37m-->[39m [37mPOST[39m [37m/wd/hub/session/3866e046-fcc3-40c1-972d-2543d4e74140/touch/perform[39m
[35m[HTTP][39m [90m{"actions":[{"action":"tap","options":{"element":"f127a3a8-f5c6-4152-92ec-3dd259546d5d","x":1,"y":1}}]}[39m
[35m[UiAutomator2][39m calling get location: f127a3a8-f5c6-4152-92ec-3dd259546d5d
[35m[HTTP][39m [37m<-- POST /wd/hub/session/3866e046-fcc3-40c1-972d-2543d4e74140/touch/perform [39m[32m200[39m [90m66 ms - 76[39m
[35m[HTTP][39m [90m[39m
[35m[HTTP][39m [37m-->[39m [37mGET[39m [37m/wd/hub/session/3866e046-fcc3-40c1-972d-2543d4e74140/window/current/size[39m
[35m[HTTP][39m [90m{}[39m
[35m[W3C][39m Driver proxy active, passing request on via HTTP proxy
[35m[JSONWP Proxy][39m Replacing sessionId 0f33908c-6fe1-4158-98fe-2c5eae42ba7a with 3866e046-fcc3-40c1-972d-2543d4e74140
[35m[HTTP][39m [37m<-- GET /wd/hub/session/3866e046-fcc3-40c1-972d-2543d4e74140/window/current/size [39m[32m200[39m [90m24 ms - 100[39m
[35m[HTTP][39m [90m[39m
[35m[HTTP][39m [37m-->[39m [37mPOST[39m [37m/wd/hub/session/3866e046-fcc3-40c1-972d-2543d4e74140/elements[39m
[35m[HTTP][39m [90m{"using":"xpath","value":"//hierarchy/android.widget.FrameLayout[1]/android.widget.LinearLayout[1]/android.widget.FrameLayout[1]/android.widget.FrameLayout[1]/android.widget.FrameLayout[1]/android.widget.RelativeLayout[1]/android.view.ViewGroup[1]/android.widget.RelativeLayout[1]/android.view.ViewGroup[1]/android.widget.ImageButton[2]"}[39m
[35m[HTTP][39m [37m<-- POST /wd/hub/session/3866e046-fcc3-40c1-972d-2543d4e74140/elements [39m[32m200[39m [90m1383 ms - 124[39m
[35m[HTTP][39m [90m[39m
[35m[HTTP][39m [37m-->[39m [37mGET[39m [37m/wd/hub/session/3866e046-fcc3-40c1-972d-2543d4e74140[39m
[35m[HTTP][39m [90m{}[39m
[35m[HTTP][39m [37m<-- GET /wd/hub/session/3866e046-fcc3-40c1-972d-2543d4e74140 [39m[32m200[39m [90m14 ms - 1133[39m
[35m[HTTP][39m [90m[39m
[35m[HTTP][39m [37m-->[39m [37mGET[39m [37m/wd/hub/session/3866e046-fcc3-40c1-972d-2543d4e74140[39m
[35m[HTTP][39m [90m{}[39m
[35m[HTTP][39m [37m<-- GET /wd/hub/session/3866e046-fcc3-40c1-972d-2543d4e74140 [39m[32m200[39m [90m12 ms - 1133[39m
[35m[HTTP][39m [90m[39m
[35m[HTTP][39m [37m-->[39m [37mGET[39m [37m/wd/hub/session/3866e046-fcc3-40c1-972d-2543d4e74140[39m
[35m[HTTP][39m [90m{}[39m
[35m[HTTP][39m [37m<-- GET /wd/hub/session/3866e046-fcc3-40c1-972d-2543d4e74140 [39m[32m200[39m [90m15 ms - 1133[39m
[35m[HTTP][39m [90m[39m
[35m[HTTP][39m [37m-->[39m [37mGET[39m [37m/wd/hub/session/3866e046-fcc3-40c1-972d-2543d4e74140[39m
[35m[HTTP][39m [90m{}[39m
[35m[HTTP][39m [37m<-- GET /wd/hub/session/3866e046-fcc3-40c1-972d-2543d4e74140 [39m[32m200[39m [90m17 ms - 1133[39m
[35m[HTTP][39m [90m[39m
[35m[HTTP][39m [37m-->[39m [37mGET[39m [37m/wd/hub/session/3866e046-fcc3-40c1-972d-2543d4e74140/element/2c856ee0-f5bb-4185-ba18-bf746866a924/location[39m
[35m[HTTP][39m [90m{}[39m
[35m[W3C][39m Driver proxy active, passing request on via HTTP proxy
[35m[JSONWP Proxy][39m Replacing sessionId 0f33908c-6fe1-4158-98fe-2c5eae42ba7a with 3866e046-fcc3-40c1-972d-2543d4e74140
[35m[HTTP][39m [37m<-- GET /wd/hub/session/3866e046-fcc3-40c1-972d-2543d4e74140/element/2c856ee0-f5bb-4185-ba18-bf746866a924/location [39m[32m200[39m [90m24 ms - 91[39m
[35m[HTTP][39m [90m[39m
[35m[HTTP][39m [37m-->[39m [37mPOST[39m [37m/wd/hub/session/3866e046-fcc3-40c1-972d-2543d4e74140/touch/perform[39m
[35m[HTTP][39m [90m{"actions":[{"action":"tap","options":{"element":"2c856ee0-f5bb-4185-ba18-bf746866a924","x":1,"y":1}}]}[39m
[35m[UiAutomator2][39m calling get location: 2c856ee0-f5bb-4185-ba18-bf746866a924
[35m[HTTP][39m [37m<-- POST /wd/hub/session/3866e046-fcc3-40c1-972d-2543d4e74140/touch/perform [39m[32m200[39m [90m47 ms - 76[39m
[35m[HTTP][39m [90m[39m
[35m[HTTP][39m [37m-->[39m [37mGET[39m [37m/wd/hub/session/3866e046-fcc3-40c1-972d-2543d4e74140/window/current/size[39m
[35m[HTTP][39m [90m{}[39m
[35m[W3C][39m Driver proxy active, passing request on via HTTP proxy
[35m[JSONWP Proxy][39m Replacing sessionId 0f33908c-6fe1-4158-98fe-2c5eae42ba7a with 3866e046-fcc3-40c1-972d-2543d4e74140
[35m[HTTP][39m [37m<-- GET /wd/hub/session/3866e046-fcc3-40c1-972d-2543d4e74140/window/current/size [39m[32m200[39m [90m50 ms - 100[39m
[35m[HTTP][39m [90m[39m
[35m[HTTP][39m [37m-->[39m [37mPOST[39m [37m/wd/hub/session/3866e046-fcc3-40c1-972d-2543d4e74140/elements[39m
[35m[HTTP][39m [90m{"using":"-android uiautomator","value":"new UiSelector().className(\"android.widget.ImageView\").resourceId(\"com.abaxis.vetscan_vue.dev:id/toolbar_home_button\").instance(0)"}[39m
[35m[HTTP][39m [37m<-- POST /wd/hub/session/3866e046-fcc3-40c1-972d-2543d4e74140/elements [39m[32m200[39m [90m76 ms - 124[39m
[35m[HTTP][39m [90m[39m
[35m[HTTP][39m [37m-->[39m [37mGET[39m [37m/wd/hub/session/3866e046-fcc3-40c1-972d-2543d4e74140[39m
[35m[HTTP][39m [90m{}[39m
[35m[HTTP][39m [37m<-- GET /wd/hub/session/3866e046-fcc3-40c1-972d-2543d4e74140 [39m[32m200[39m [90m18 ms - 1133[39m
[35m[HTTP][39m [90m[39m
[35m[HTTP][39m [37m-->[39m [37mGET[39m [37m/wd/hub/session/3866e046-fcc3-40c1-972d-2543d4e74140[39m
[35m[HTTP][39m [90m{}[39m
[35m[HTTP][39m [37m<-- GET /wd/hub/session/3866e046-fcc3-40c1-972d-2543d4e74140 [39m[32m200[39m [90m17 ms - 1133[39m
[35m[HTTP][39m [90m[39m
[35m[HTTP][39m [37m-->[39m [37mGET[39m [37m/wd/hub/session/3866e046-fcc3-40c1-972d-2543d4e74140[39m
[35m[HTTP][39m [90m{}[39m
[35m[HTTP][39m [37m<-- GET /wd/hub/session/3866e046-fcc3-40c1-972d-2543d4e74140 [39m[32m200[39m [90m17 ms - 1133[39m
[35m[HTTP][39m [90m[39m
[35m[HTTP][39m [37m-->[39m [37mGET[39m [37m/wd/hub/session/3866e046-fcc3-40c1-972d-2543d4e74140[39m
[35m[HTTP][39m [90m{}[39m
[35m[HTTP][39m [37m<-- GET /wd/hub/session/3866e046-fcc3-40c1-972d-2543d4e74140 [39m[32m200[39m [90m17 ms - 1133[39m
[35m[HTTP][39m [90m[39m
[35m[HTTP][39m [37m-->[39m [37mGET[39m [37m/wd/hub/session/3866e046-fcc3-40c1-972d-2543d4e74140/element/fb16fdaf-4f95-4a56-8fe1-827436d88d1b/location[39m
[35m[HTTP][39m [90m{}[39m
[35m[W3C][39m Driver proxy active, passing request on via HTTP proxy
[35m[JSONWP Proxy][39m Replacing sessionId 0f33908c-6fe1-4158-98fe-2c5eae42ba7a with 3866e046-fcc3-40c1-972d-2543d4e74140
[35m[HTTP][39m [37m<-- GET /wd/hub/session/3866e046-fcc3-40c1-972d-2543d4e74140/element/fb16fdaf-4f95-4a56-8fe1-827436d88d1b/location [39m[32m200[39m [90m34 ms - 87[39m
[35m[HTTP][39m [90m[39m
[35m[HTTP][39m [37m-->[39m [37mPOST[39m [37m/wd/hub/session/3866e046-fcc3-40c1-972d-2543d4e74140/touch/perform[39m
[35m[HTTP][39m [90m{"actions":[{"action":"tap","options":{"element":"fb16fdaf-4f95-4a56-8fe1-827436d88d1b","x":1,"y":1}}]}[39m
[35m[UiAutomator2][39m calling get location: fb16fdaf-4f95-4a56-8fe1-827436d88d1b
[35m[HTTP][39m [37m<-- POST /wd/hub/session/3866e046-fcc3-40c1-972d-2543d4e74140/touch/perform [39m[32m200[39m [90m1666 ms - 76[39m
[35m[HTTP][39m [90m[39m
[35m[HTTP][39m [37m-->[39m [37mDELETE[39m [37m/wd/hub/session/3866e046-fcc3-40c1-972d-2543d4e74140[39m
[35m[HTTP][39m [90m{}[39m
[35m[Appium][39m Removing session 3866e046-fcc3-40c1-972d-2543d4e74140 from our master session list
[35m[ADB][39m com.abaxis.vetscan_vue.dev was successfully uninstalled
[35m[HTTP][39m [37m<-- DELETE /wd/hub/session/3866e046-fcc3-40c1-972d-2543d4e74140 [39m[32m200[39m [90m3352 ms - 76[39m
[35m[HTTP][39m [90m[39m
