[35m[Appium][39m Welcome to Appium v1.8.1
[35m[Appium][39m Non-default server args:
[35m[Appium][39m   port: 50460
[35m[Appium][39m   loglevel: info
[35m[Appium][39m   chromeDriverPort: 50461
[35m[Appium][39m   tmpDir: C:\Users\Agato\AppData\Local\Temp\\Katalon\Appium\Temp1536303195686
[35m[Appium][39m Appium REST http interface listener started on 0.0.0.0:50460
[35m[HTTP][39m [37m-->[39m [37mGET[39m [37m/wd/hub/status[39m
[35m[HTTP][39m [90m{}[39m
[35m[HTTP][39m [37m<-- GET /wd/hub/status [39m[32m200[39m [90m18 ms - 83[39m
[35m[HTTP][39m [90m[39m
[35m[HTTP][39m [37m-->[39m [37mPOST[39m [37m/wd/hub/session[39m
[35m[HTTP][39m [90m{"desiredCapabilities":{"app":"C:\\temp\\app-development-debug.apk","autoGrantPermissions":true,"automationName":"uiautomator2","deviceName":"samsung SM-G920F (Android 7.0)","fullReset":true,"newCommandTimeout":1800,"noReset":false,"platform":"ANDROID","platformName":"Android","udid":"10160a0973263f03"},"capabilities":{"desiredCapabilities":{"app":"C:\\temp\\app-development-debug.apk","autoGrantPermissions":true,"automationName":"uiautomator2","deviceName":"samsung SM-G920F (Android 7.0)","fullReset":true,"newCommandTimeout":1800,"noReset":false,"platform":"ANDROID","platformName":"Android","udid":"10160a0973263f03"},"firstMatch":[{"platformName":"android"}]}}[39m
[35m[Appium][39m Could not parse W3C capabilities: 'deviceName' can't be blank. Falling back to JSONWP protocol.
[35m[Appium][39m The following capabilities were provided in the JSONWP desired capabilities that are missing in W3C capabilities: ["app","autoGrantPermissions","automationName","deviceName","fullReset","newCommandTimeout","noReset","platform","platformName","udid"]. Falling back to JSONWP protocol.
[35m[Appium][39m Creating new AndroidUiautomator2Driver (v1.12.0) session
[35m[Appium][39m Capabilities:
[35m[Appium][39m   app: C:\temp\app-development-debug.apk
[35m[Appium][39m   autoGrantPermissions: true
[35m[Appium][39m   automationName: uiautomator2
[35m[Appium][39m   deviceName: samsung SM-G920F (Android 7.0)
[35m[Appium][39m   fullReset: true
[35m[Appium][39m   newCommandTimeout: 1800
[35m[Appium][39m   noReset: false
[35m[Appium][39m   platform: ANDROID
[35m[Appium][39m   platformName: Android
[35m[Appium][39m   udid: 10160a0973263f03
[35m[BaseDriver][39m The following capabilities were provided, but are not recognized by appium: platform.
[35m[BaseDriver][39m Session created with session id: f264f3d8-afc3-45ee-8378-9e84392d053c
[35m[BaseDriver][39m Using local app 'C:\temp\app-development-debug.apk'
[35m[AndroidDriver][39m Java version is: 1.8.0_102
[35m[ADB][39m Checking whether adb is present
[35m[ADB][39m Found 1 'build-tools' folders under 'C:\Users\Agato\.katalon\tools\android_sdk' (newest first):
[35m[ADB][39m     C:/Users/Agato/.katalon/tools/android_sdk/build-tools/28.0.1
[35m[ADB][39m Using adb.exe from C:\Users\Agato\.katalon\tools\android_sdk\platform-tools\adb.exe
[35m[AndroidDriver][39m Retrieving device list
[35m[AndroidDriver][39m Using device: 10160a0973263f03
[35m[ADB][39m Using the alternative activity name detection method because of: Could not find apkanalyzer.bat in C:\Users\Agato\.katalon\tools\android_sdk\platform-tools\apkanalyzer.bat,C:\Users\Agato\.katalon\tools\android_sdk\emulator\apkanalyzer.bat,C:\Users\Agato\.katalon\tools\android_sdk\tools\apkanalyzer.bat,C:\Users\Agato\.katalon\tools\android_sdk\tools\bin\apkanalyzer.bat,C:\Users\Agato\.katalon\tools\android_sdk\build-tools\28.0.1\apkanalyzer.bat. Do you have the Android SDK installed at 'C:\Users\Agato\.katalon\tools\android_sdk'?
[35m[ADB][39m Checking whether aapt is present
[35m[ADB][39m Using aapt.exe from C:\Users\Agato\.katalon\tools\android_sdk\build-tools\28.0.1\aapt.exe
[35m[ADB][39m Extracting package and launch activity from manifest
[35m[ADB][39m Package name: 'com.abaxis.vetscan_vue.dev'
[35m[ADB][39m Main activity name: 'com.abaxis.vetscanvue.presentation.screens.activities.splash.SplashActivity'
[35m[ADB][39m Getting device platform version
[35m[ADB][39m Using apksigner.bat from C:\Users\Agato\.katalon\tools\android_sdk\build-tools\28.0.1\apksigner.bat
[35m[ADB][39m Checking whether zipalign is present
[35m[ADB][39m Using zipalign.exe from C:\Users\Agato\.katalon\tools\android_sdk\build-tools\28.0.1\zipalign.exe
[35m[ADB][39m io.appium.uiautomator2.server was successfully uninstalled
[35m[ADB][39m io.appium.uiautomator2.server.test was successfully uninstalled
[35m[AndroidDriver][39m setDeviceLanguageCountry requires language or country.
[35m[AndroidDriver][39m Got language: 'null' and country: 'null'
[35m[ADB][39m Successfully extracted 667 strings from 'C:\temp\app-development-debug.apk' resources for '(default)' configuration
[35m[ADB][39m com.abaxis.vetscan_vue.dev was not uninstalled, because it was not present on the device
[35m[UiAutomator2][39m Starting uiautomator2 server 1.12.0
[35m[UiAutomator2][39m Using UIAutomator2 server from 'C:\Users\Agato\AppData\Roaming\npm\node_modules\appium\node_modules\appium-uiautomator2-server\apks\appium-uiautomator2-server-v1.12.0.apk' and test from 'C:\Users\Agato\AppData\Roaming\npm\node_modules\appium\node_modules\appium-uiautomator2-server\apks\appium-uiautomator2-server-debug-androidTest.apk'
[35m[UiAutomator2][39m Running command: 'adb -s 10160a0973263f03 shell am instrument -w io.appium.uiautomator2.server.test/android.support.test.runner.AndroidJUnitRunner'
[35m[UiAutomator2][39m Waiting up to 20000ms for UiAutomator2 to be online...
[35m[AndroidDriver][39m Screen already unlocked, doing nothing
[35m[UiAutomator2][39m UiAutomator2 did not start the activity we were waiting for, 'com.abaxis.vetscan_vue.dev/com.abaxis.vetscanvue.presentation.screens.activities.splash.SplashActivity'. Starting it ourselves
[35m[Appium][39m New AndroidUiautomator2Driver session created successfully, session f264f3d8-afc3-45ee-8378-9e84392d053c added to master session list
[35m[HTTP][39m [37m<-- POST /wd/hub/session [39m[32m200[39m [90m53431 ms - 1133[39m
[35m[HTTP][39m [90m[39m
[35m[HTTP][39m [37m-->[39m [37mGET[39m [37m/wd/hub/status[39m
[35m[HTTP][39m [90m{}[39m
[35m[HTTP][39m [37m<-- GET /wd/hub/status [39m[32m200[39m [90m2 ms - 55[39m
[35m[HTTP][39m [90m[39m
[35m[HTTP][39m [37m-->[39m [37mPOST[39m [37m/wd/hub/session/f264f3d8-afc3-45ee-8378-9e84392d053c/timeouts[39m
[35m[HTTP][39m [90m{"type":"implicit","ms":30000}[39m
[35m[HTTP][39m [37m<-- POST /wd/hub/session/f264f3d8-afc3-45ee-8378-9e84392d053c/timeouts [39m[33m400[39m [90m10 ms - 5308[39m
[35m[HTTP][39m [90m[39m
[35m[HTTP][39m [37m-->[39m [37mGET[39m [37m/wd/hub/session/f264f3d8-afc3-45ee-8378-9e84392d053c/window/current/size[39m
[35m[HTTP][39m [90m{}[39m
[35m[W3C][39m Driver proxy active, passing request on via HTTP proxy
[35m[JSONWP Proxy][39m Replacing sessionId de0127c4-53cf-401b-b814-4fc5bf1a6ab2 with f264f3d8-afc3-45ee-8378-9e84392d053c
[35m[HTTP][39m [37m<-- GET /wd/hub/session/f264f3d8-afc3-45ee-8378-9e84392d053c/window/current/size [39m[32m200[39m [90m20 ms - 100[39m
[35m[HTTP][39m [90m[39m
[35m[HTTP][39m [37m-->[39m [37mPOST[39m [37m/wd/hub/session/f264f3d8-afc3-45ee-8378-9e84392d053c/elements[39m
[35m[HTTP][39m [90m{"using":"-android uiautomator","value":"new UiSelector().className(\"android.widget.ImageView\").resourceId(\"com.abaxis.vetscan_vue.dev:id/close_overview\").instance(1)"}[39m
[35m[HTTP][39m [37m<-- POST /wd/hub/session/f264f3d8-afc3-45ee-8378-9e84392d053c/elements [39m[32m200[39m [90m66 ms - 74[39m
[35m[HTTP][39m [90m[39m
[35m[HTTP][39m [37m-->[39m [37mPOST[39m [37m/wd/hub/session/f264f3d8-afc3-45ee-8378-9e84392d053c/elements[39m
[35m[HTTP][39m [90m{"using":"-android uiautomator","value":"new UiSelector().className(\"android.widget.ImageView\").resourceId(\"com.abaxis.vetscan_vue.dev:id/close_overview\").instance(1)"}[39m
[35m[HTTP][39m [37m<-- POST /wd/hub/session/f264f3d8-afc3-45ee-8378-9e84392d053c/elements [39m[32m200[39m [90m935 ms - 124[39m
[35m[HTTP][39m [90m[39m
[35m[HTTP][39m [37m-->[39m [37mGET[39m [37m/wd/hub/session/f264f3d8-afc3-45ee-8378-9e84392d053c[39m
[35m[HTTP][39m [90m{}[39m
[35m[HTTP][39m [37m<-- GET /wd/hub/session/f264f3d8-afc3-45ee-8378-9e84392d053c [39m[32m200[39m [90m37 ms - 1133[39m
[35m[HTTP][39m [90m[39m
[35m[HTTP][39m [37m-->[39m [37mGET[39m [37m/wd/hub/session/f264f3d8-afc3-45ee-8378-9e84392d053c[39m
[35m[HTTP][39m [90m{}[39m
[35m[HTTP][39m [37m<-- GET /wd/hub/session/f264f3d8-afc3-45ee-8378-9e84392d053c [39m[32m200[39m [90m27 ms - 1133[39m
[35m[HTTP][39m [90m[39m
[35m[HTTP][39m [37m-->[39m [37mGET[39m [37m/wd/hub/session/f264f3d8-afc3-45ee-8378-9e84392d053c[39m
[35m[HTTP][39m [90m{}[39m
[35m[HTTP][39m [37m<-- GET /wd/hub/session/f264f3d8-afc3-45ee-8378-9e84392d053c [39m[32m200[39m [90m62 ms - 1133[39m
[35m[HTTP][39m [90m[39m
[35m[HTTP][39m [37m-->[39m [37mGET[39m [37m/wd/hub/session/f264f3d8-afc3-45ee-8378-9e84392d053c[39m
[35m[HTTP][39m [90m{}[39m
[35m[HTTP][39m [37m<-- GET /wd/hub/session/f264f3d8-afc3-45ee-8378-9e84392d053c [39m[32m200[39m [90m26 ms - 1133[39m
[35m[HTTP][39m [90m[39m
[35m[HTTP][39m [37m-->[39m [37mGET[39m [37m/wd/hub/session/f264f3d8-afc3-45ee-8378-9e84392d053c/element/c8ba69f5-bcd2-4071-9607-a9c9890699c3/location[39m
[35m[HTTP][39m [90m{}[39m
[35m[W3C][39m Driver proxy active, passing request on via HTTP proxy
[35m[JSONWP Proxy][39m Replacing sessionId de0127c4-53cf-401b-b814-4fc5bf1a6ab2 with f264f3d8-afc3-45ee-8378-9e84392d053c
[35m[HTTP][39m [37m<-- GET /wd/hub/session/f264f3d8-afc3-45ee-8378-9e84392d053c/element/c8ba69f5-bcd2-4071-9607-a9c9890699c3/location [39m[32m200[39m [90m42 ms - 90[39m
[35m[HTTP][39m [90m[39m
[35m[HTTP][39m [37m-->[39m [37mPOST[39m [37m/wd/hub/session/f264f3d8-afc3-45ee-8378-9e84392d053c/touch/perform[39m
[35m[HTTP][39m [90m{"actions":[{"action":"tap","options":{"element":"c8ba69f5-bcd2-4071-9607-a9c9890699c3","x":1,"y":1}}]}[39m
[35m[UiAutomator2][39m calling get location: c8ba69f5-bcd2-4071-9607-a9c9890699c3
[35m[HTTP][39m [37m<-- POST /wd/hub/session/f264f3d8-afc3-45ee-8378-9e84392d053c/touch/perform [39m[32m200[39m [90m1401 ms - 76[39m
[35m[HTTP][39m [90m[39m
[35m[HTTP][39m [37m-->[39m [37mGET[39m [37m/wd/hub/session/f264f3d8-afc3-45ee-8378-9e84392d053c/window/current/size[39m
[35m[HTTP][39m [90m{}[39m
[35m[W3C][39m Driver proxy active, passing request on via HTTP proxy
[35m[JSONWP Proxy][39m Replacing sessionId de0127c4-53cf-401b-b814-4fc5bf1a6ab2 with f264f3d8-afc3-45ee-8378-9e84392d053c
[35m[HTTP][39m [37m<-- GET /wd/hub/session/f264f3d8-afc3-45ee-8378-9e84392d053c/window/current/size [39m[32m200[39m [90m25 ms - 100[39m
[35m[HTTP][39m [90m[39m
[35m[HTTP][39m [37m-->[39m [37mPOST[39m [37m/wd/hub/session/f264f3d8-afc3-45ee-8378-9e84392d053c/elements[39m
[35m[HTTP][39m [90m{"using":"-android uiautomator","value":"new UiSelector().className(\"android.widget.Button\").text(\"LOGIN\").resourceId(\"com.abaxis.vetscan_vue.dev:id/login_button\").instance(0)"}[39m
[35m[HTTP][39m [37m<-- POST /wd/hub/session/f264f3d8-afc3-45ee-8378-9e84392d053c/elements [39m[32m200[39m [90m75 ms - 124[39m
[35m[HTTP][39m [90m[39m
[35m[HTTP][39m [37m-->[39m [37mGET[39m [37m/wd/hub/session/f264f3d8-afc3-45ee-8378-9e84392d053c[39m
[35m[HTTP][39m [90m{}[39m
[35m[HTTP][39m [37m<-- GET /wd/hub/session/f264f3d8-afc3-45ee-8378-9e84392d053c [39m[32m200[39m [90m22 ms - 1133[39m
[35m[HTTP][39m [90m[39m
[35m[HTTP][39m [37m-->[39m [37mGET[39m [37m/wd/hub/session/f264f3d8-afc3-45ee-8378-9e84392d053c[39m
[35m[HTTP][39m [90m{}[39m
[35m[HTTP][39m [37m<-- GET /wd/hub/session/f264f3d8-afc3-45ee-8378-9e84392d053c [39m[32m200[39m [90m20 ms - 1133[39m
[35m[HTTP][39m [90m[39m
[35m[HTTP][39m [37m-->[39m [37mGET[39m [37m/wd/hub/session/f264f3d8-afc3-45ee-8378-9e84392d053c[39m
[35m[HTTP][39m [90m{}[39m
[35m[HTTP][39m [37m<-- GET /wd/hub/session/f264f3d8-afc3-45ee-8378-9e84392d053c [39m[32m200[39m [90m19 ms - 1133[39m
[35m[HTTP][39m [90m[39m
[35m[HTTP][39m [37m-->[39m [37mGET[39m [37m/wd/hub/session/f264f3d8-afc3-45ee-8378-9e84392d053c[39m
[35m[HTTP][39m [90m{}[39m
[35m[HTTP][39m [37m<-- GET /wd/hub/session/f264f3d8-afc3-45ee-8378-9e84392d053c [39m[32m200[39m [90m17 ms - 1133[39m
[35m[HTTP][39m [90m[39m
[35m[HTTP][39m [37m-->[39m [37mGET[39m [37m/wd/hub/session/f264f3d8-afc3-45ee-8378-9e84392d053c/element/3b596d56-a03b-423d-9753-4006a0d8aca3/location[39m
[35m[HTTP][39m [90m{}[39m
[35m[W3C][39m Driver proxy active, passing request on via HTTP proxy
[35m[JSONWP Proxy][39m Replacing sessionId de0127c4-53cf-401b-b814-4fc5bf1a6ab2 with f264f3d8-afc3-45ee-8378-9e84392d053c
[35m[HTTP][39m [37m<-- GET /wd/hub/session/f264f3d8-afc3-45ee-8378-9e84392d053c/element/3b596d56-a03b-423d-9753-4006a0d8aca3/location [39m[32m200[39m [90m35 ms - 88[39m
[35m[HTTP][39m [90m[39m
[35m[HTTP][39m [37m-->[39m [37mPOST[39m [37m/wd/hub/session/f264f3d8-afc3-45ee-8378-9e84392d053c/touch/perform[39m
[35m[HTTP][39m [90m{"actions":[{"action":"tap","options":{"element":"3b596d56-a03b-423d-9753-4006a0d8aca3","x":1,"y":1}}]}[39m
[35m[UiAutomator2][39m calling get location: 3b596d56-a03b-423d-9753-4006a0d8aca3
[35m[HTTP][39m [37m<-- POST /wd/hub/session/f264f3d8-afc3-45ee-8378-9e84392d053c/touch/perform [39m[32m200[39m [90m1977 ms - 76[39m
[35m[HTTP][39m [90m[39m
[35m[HTTP][39m [37m-->[39m [37mGET[39m [37m/wd/hub/session/f264f3d8-afc3-45ee-8378-9e84392d053c/window/current/size[39m
[35m[HTTP][39m [90m{}[39m
[35m[W3C][39m Driver proxy active, passing request on via HTTP proxy
[35m[JSONWP Proxy][39m Replacing sessionId de0127c4-53cf-401b-b814-4fc5bf1a6ab2 with f264f3d8-afc3-45ee-8378-9e84392d053c
[35m[HTTP][39m [37m<-- GET /wd/hub/session/f264f3d8-afc3-45ee-8378-9e84392d053c/window/current/size [39m[32m200[39m [90m38 ms - 100[39m
[35m[HTTP][39m [90m[39m
[35m[HTTP][39m [37m-->[39m [37mPOST[39m [37m/wd/hub/session/f264f3d8-afc3-45ee-8378-9e84392d053c/elements[39m
[35m[HTTP][39m [90m{"using":"-android uiautomator","value":"new UiSelector().className(\"android.widget.ImageView\").resourceId(\"com.abaxis.vetscan_vue.dev:id/text_skip\").instance(1)"}[39m
[35m[HTTP][39m [37m<-- POST /wd/hub/session/f264f3d8-afc3-45ee-8378-9e84392d053c/elements [39m[32m200[39m [90m80 ms - 124[39m
[35m[HTTP][39m [90m[39m
[35m[HTTP][39m [37m-->[39m [37mGET[39m [37m/wd/hub/session/f264f3d8-afc3-45ee-8378-9e84392d053c[39m
[35m[HTTP][39m [90m{}[39m
[35m[HTTP][39m [37m<-- GET /wd/hub/session/f264f3d8-afc3-45ee-8378-9e84392d053c [39m[32m200[39m [90m31 ms - 1133[39m
[35m[HTTP][39m [90m[39m
[35m[HTTP][39m [37m-->[39m [37mGET[39m [37m/wd/hub/session/f264f3d8-afc3-45ee-8378-9e84392d053c[39m
[35m[HTTP][39m [90m{}[39m
[35m[HTTP][39m [37m<-- GET /wd/hub/session/f264f3d8-afc3-45ee-8378-9e84392d053c [39m[32m200[39m [90m24 ms - 1133[39m
[35m[HTTP][39m [90m[39m
[35m[HTTP][39m [37m-->[39m [37mGET[39m [37m/wd/hub/session/f264f3d8-afc3-45ee-8378-9e84392d053c[39m
[35m[HTTP][39m [90m{}[39m
[35m[HTTP][39m [37m<-- GET /wd/hub/session/f264f3d8-afc3-45ee-8378-9e84392d053c [39m[32m200[39m [90m36 ms - 1133[39m
[35m[HTTP][39m [90m[39m
[35m[HTTP][39m [37m-->[39m [37mGET[39m [37m/wd/hub/session/f264f3d8-afc3-45ee-8378-9e84392d053c[39m
[35m[HTTP][39m [90m{}[39m
[35m[HTTP][39m [37m<-- GET /wd/hub/session/f264f3d8-afc3-45ee-8378-9e84392d053c [39m[32m200[39m [90m20 ms - 1133[39m
[35m[HTTP][39m [90m[39m
[35m[HTTP][39m [37m-->[39m [37mGET[39m [37m/wd/hub/session/f264f3d8-afc3-45ee-8378-9e84392d053c/element/ec86ce7e-e898-40fe-ab3b-3710e2841bac/location[39m
[35m[HTTP][39m [90m{}[39m
[35m[W3C][39m Driver proxy active, passing request on via HTTP proxy
[35m[JSONWP Proxy][39m Replacing sessionId de0127c4-53cf-401b-b814-4fc5bf1a6ab2 with f264f3d8-afc3-45ee-8378-9e84392d053c
[35m[HTTP][39m [37m<-- GET /wd/hub/session/f264f3d8-afc3-45ee-8378-9e84392d053c/element/ec86ce7e-e898-40fe-ab3b-3710e2841bac/location [39m[32m200[39m [90m40 ms - 89[39m
[35m[HTTP][39m [90m[39m
[35m[HTTP][39m [37m-->[39m [37mPOST[39m [37m/wd/hub/session/f264f3d8-afc3-45ee-8378-9e84392d053c/touch/perform[39m
[35m[HTTP][39m [90m{"actions":[{"action":"tap","options":{"element":"ec86ce7e-e898-40fe-ab3b-3710e2841bac","x":1,"y":1}}]}[39m
[35m[UiAutomator2][39m calling get location: ec86ce7e-e898-40fe-ab3b-3710e2841bac
[35m[HTTP][39m [37m<-- POST /wd/hub/session/f264f3d8-afc3-45ee-8378-9e84392d053c/touch/perform [39m[32m200[39m [90m975 ms - 76[39m
[35m[HTTP][39m [90m[39m
[35m[HTTP][39m [37m-->[39m [37mGET[39m [37m/wd/hub/session/f264f3d8-afc3-45ee-8378-9e84392d053c/window/current/size[39m
[35m[HTTP][39m [90m{}[39m
[35m[W3C][39m Driver proxy active, passing request on via HTTP proxy
[35m[JSONWP Proxy][39m Replacing sessionId de0127c4-53cf-401b-b814-4fc5bf1a6ab2 with f264f3d8-afc3-45ee-8378-9e84392d053c
[35m[HTTP][39m [37m<-- GET /wd/hub/session/f264f3d8-afc3-45ee-8378-9e84392d053c/window/current/size [39m[32m200[39m [90m44 ms - 100[39m
[35m[HTTP][39m [90m[39m
[35m[HTTP][39m [37m-->[39m [37mPOST[39m [37m/wd/hub/session/f264f3d8-afc3-45ee-8378-9e84392d053c/elements[39m
[35m[HTTP][39m [90m{"using":"-android uiautomator","value":"new UiSelector().className(\"android.widget.Button\").text(\"YES\").resourceId(\"android:id/button1\").instance(1)"}[39m
[35m[HTTP][39m [37m<-- POST /wd/hub/session/f264f3d8-afc3-45ee-8378-9e84392d053c/elements [39m[32m200[39m [90m96 ms - 124[39m
[35m[HTTP][39m [90m[39m
[35m[HTTP][39m [37m-->[39m [37mGET[39m [37m/wd/hub/session/f264f3d8-afc3-45ee-8378-9e84392d053c[39m
[35m[HTTP][39m [90m{}[39m
[35m[HTTP][39m [37m<-- GET /wd/hub/session/f264f3d8-afc3-45ee-8378-9e84392d053c [39m[32m200[39m [90m15 ms - 1133[39m
[35m[HTTP][39m [90m[39m
[35m[HTTP][39m [37m-->[39m [37mGET[39m [37m/wd/hub/session/f264f3d8-afc3-45ee-8378-9e84392d053c[39m
[35m[HTTP][39m [90m{}[39m
[35m[HTTP][39m [37m<-- GET /wd/hub/session/f264f3d8-afc3-45ee-8378-9e84392d053c [39m[32m200[39m [90m14 ms - 1133[39m
[35m[HTTP][39m [90m[39m
[35m[HTTP][39m [37m-->[39m [37mGET[39m [37m/wd/hub/session/f264f3d8-afc3-45ee-8378-9e84392d053c[39m
[35m[HTTP][39m [90m{}[39m
[35m[HTTP][39m [37m<-- GET /wd/hub/session/f264f3d8-afc3-45ee-8378-9e84392d053c [39m[32m200[39m [90m16 ms - 1133[39m
[35m[HTTP][39m [90m[39m
[35m[HTTP][39m [37m-->[39m [37mGET[39m [37m/wd/hub/session/f264f3d8-afc3-45ee-8378-9e84392d053c[39m
[35m[HTTP][39m [90m{}[39m
[35m[HTTP][39m [37m<-- GET /wd/hub/session/f264f3d8-afc3-45ee-8378-9e84392d053c [39m[32m200[39m [90m16 ms - 1133[39m
[35m[HTTP][39m [90m[39m
[35m[HTTP][39m [37m-->[39m [37mGET[39m [37m/wd/hub/session/f264f3d8-afc3-45ee-8378-9e84392d053c/element/b1eba5a7-24b2-4cc0-8f88-aa3549716a40/location[39m
[35m[HTTP][39m [90m{}[39m
[35m[W3C][39m Driver proxy active, passing request on via HTTP proxy
[35m[JSONWP Proxy][39m Replacing sessionId de0127c4-53cf-401b-b814-4fc5bf1a6ab2 with f264f3d8-afc3-45ee-8378-9e84392d053c
[35m[HTTP][39m [37m<-- GET /wd/hub/session/f264f3d8-afc3-45ee-8378-9e84392d053c/element/b1eba5a7-24b2-4cc0-8f88-aa3549716a40/location [39m[32m200[39m [90m31 ms - 91[39m
[35m[HTTP][39m [90m[39m
[35m[HTTP][39m [37m-->[39m [37mPOST[39m [37m/wd/hub/session/f264f3d8-afc3-45ee-8378-9e84392d053c/touch/perform[39m
[35m[HTTP][39m [90m{"actions":[{"action":"tap","options":{"element":"b1eba5a7-24b2-4cc0-8f88-aa3549716a40","x":1,"y":1}}]}[39m
[35m[UiAutomator2][39m calling get location: b1eba5a7-24b2-4cc0-8f88-aa3549716a40
[35m[HTTP][39m [37m<-- POST /wd/hub/session/f264f3d8-afc3-45ee-8378-9e84392d053c/touch/perform [39m[32m200[39m [90m1548 ms - 76[39m
[35m[HTTP][39m [90m[39m
[35m[HTTP][39m [37m-->[39m [37mGET[39m [37m/wd/hub/session/f264f3d8-afc3-45ee-8378-9e84392d053c/window/current/size[39m
[35m[HTTP][39m [90m{}[39m
[35m[W3C][39m Driver proxy active, passing request on via HTTP proxy
[35m[JSONWP Proxy][39m Replacing sessionId de0127c4-53cf-401b-b814-4fc5bf1a6ab2 with f264f3d8-afc3-45ee-8378-9e84392d053c
[35m[HTTP][39m [37m<-- GET /wd/hub/session/f264f3d8-afc3-45ee-8378-9e84392d053c/window/current/size [39m[32m200[39m [90m30 ms - 100[39m
[35m[HTTP][39m [90m[39m
[35m[HTTP][39m [37m-->[39m [37mPOST[39m [37m/wd/hub/session/f264f3d8-afc3-45ee-8378-9e84392d053c/elements[39m
[35m[HTTP][39m [90m{"using":"-android uiautomator","value":"new UiSelector().className(\"android.widget.Button\").text(\"OK\").resourceId(\"com.abaxis.vetscan_vue.dev:id/showcase_button\").instance(0)"}[39m
[35m[HTTP][39m [37m<-- POST /wd/hub/session/f264f3d8-afc3-45ee-8378-9e84392d053c/elements [39m[32m200[39m [90m84 ms - 74[39m
[35m[HTTP][39m [90m[39m
[35m[HTTP][39m [37m-->[39m [37mPOST[39m [37m/wd/hub/session/f264f3d8-afc3-45ee-8378-9e84392d053c/elements[39m
[35m[HTTP][39m [90m{"using":"-android uiautomator","value":"new UiSelector().className(\"android.widget.Button\").text(\"OK\").resourceId(\"com.abaxis.vetscan_vue.dev:id/showcase_button\").instance(0)"}[39m
[35m[HTTP][39m [37m<-- POST /wd/hub/session/f264f3d8-afc3-45ee-8378-9e84392d053c/elements [39m[32m200[39m [90m116 ms - 74[39m
[35m[HTTP][39m [90m[39m
[35m[HTTP][39m [37m-->[39m [37mPOST[39m [37m/wd/hub/session/f264f3d8-afc3-45ee-8378-9e84392d053c/elements[39m
[35m[HTTP][39m [90m{"using":"-android uiautomator","value":"new UiSelector().className(\"android.widget.Button\").text(\"OK\").resourceId(\"com.abaxis.vetscan_vue.dev:id/showcase_button\").instance(0)"}[39m
[35m[HTTP][39m [37m<-- POST /wd/hub/session/f264f3d8-afc3-45ee-8378-9e84392d053c/elements [39m[32m200[39m [90m800 ms - 124[39m
[35m[HTTP][39m [90m[39m
[35m[HTTP][39m [37m-->[39m [37mGET[39m [37m/wd/hub/session/f264f3d8-afc3-45ee-8378-9e84392d053c[39m
[35m[HTTP][39m [90m{}[39m
[35m[HTTP][39m [37m<-- GET /wd/hub/session/f264f3d8-afc3-45ee-8378-9e84392d053c [39m[32m200[39m [90m26 ms - 1133[39m
[35m[HTTP][39m [90m[39m
[35m[HTTP][39m [37m-->[39m [37mGET[39m [37m/wd/hub/session/f264f3d8-afc3-45ee-8378-9e84392d053c[39m
[35m[HTTP][39m [90m{}[39m
[35m[HTTP][39m [37m<-- GET /wd/hub/session/f264f3d8-afc3-45ee-8378-9e84392d053c [39m[32m200[39m [90m19 ms - 1133[39m
[35m[HTTP][39m [90m[39m
[35m[HTTP][39m [37m-->[39m [37mGET[39m [37m/wd/hub/session/f264f3d8-afc3-45ee-8378-9e84392d053c[39m
[35m[HTTP][39m [90m{}[39m
[35m[HTTP][39m [37m<-- GET /wd/hub/session/f264f3d8-afc3-45ee-8378-9e84392d053c [39m[32m200[39m [90m19 ms - 1133[39m
[35m[HTTP][39m [90m[39m
[35m[HTTP][39m [37m-->[39m [37mGET[39m [37m/wd/hub/session/f264f3d8-afc3-45ee-8378-9e84392d053c[39m
[35m[HTTP][39m [90m{}[39m
[35m[HTTP][39m [37m<-- GET /wd/hub/session/f264f3d8-afc3-45ee-8378-9e84392d053c [39m[32m200[39m [90m19 ms - 1133[39m
[35m[HTTP][39m [90m[39m
[35m[HTTP][39m [37m-->[39m [37mGET[39m [37m/wd/hub/session/f264f3d8-afc3-45ee-8378-9e84392d053c/element/5d71ee41-970a-4d50-afcd-dcc378846897/location[39m
[35m[HTTP][39m [90m{}[39m
[35m[W3C][39m Driver proxy active, passing request on via HTTP proxy
[35m[JSONWP Proxy][39m Replacing sessionId de0127c4-53cf-401b-b814-4fc5bf1a6ab2 with f264f3d8-afc3-45ee-8378-9e84392d053c
[35m[HTTP][39m [37m<-- GET /wd/hub/session/f264f3d8-afc3-45ee-8378-9e84392d053c/element/5d71ee41-970a-4d50-afcd-dcc378846897/location [39m[32m200[39m [90m53 ms - 90[39m
[35m[HTTP][39m [90m[39m
[35m[HTTP][39m [37m-->[39m [37mPOST[39m [37m/wd/hub/session/f264f3d8-afc3-45ee-8378-9e84392d053c/touch/perform[39m
[35m[HTTP][39m [90m{"actions":[{"action":"tap","options":{"element":"5d71ee41-970a-4d50-afcd-dcc378846897","x":1,"y":1}}]}[39m
[35m[UiAutomator2][39m calling get location: 5d71ee41-970a-4d50-afcd-dcc378846897
[35m[HTTP][39m [37m<-- POST /wd/hub/session/f264f3d8-afc3-45ee-8378-9e84392d053c/touch/perform [39m[32m200[39m [90m864 ms - 76[39m
[35m[HTTP][39m [90m[39m
[35m[HTTP][39m [37m-->[39m [37mGET[39m [37m/wd/hub/session/f264f3d8-afc3-45ee-8378-9e84392d053c/window/current/size[39m
[35m[HTTP][39m [90m{}[39m
[35m[W3C][39m Driver proxy active, passing request on via HTTP proxy
[35m[JSONWP Proxy][39m Replacing sessionId de0127c4-53cf-401b-b814-4fc5bf1a6ab2 with f264f3d8-afc3-45ee-8378-9e84392d053c
[35m[HTTP][39m [37m<-- GET /wd/hub/session/f264f3d8-afc3-45ee-8378-9e84392d053c/window/current/size [39m[32m200[39m [90m42 ms - 100[39m
[35m[HTTP][39m [90m[39m
[35m[HTTP][39m [37m-->[39m [37mPOST[39m [37m/wd/hub/session/f264f3d8-afc3-45ee-8378-9e84392d053c/elements[39m
[35m[HTTP][39m [90m{"using":"-android uiautomator","value":"new UiSelector().className(\"android.widget.ImageButton\").instance(1)"}[39m
[35m[HTTP][39m [37m<-- POST /wd/hub/session/f264f3d8-afc3-45ee-8378-9e84392d053c/elements [39m[32m200[39m [90m90 ms - 124[39m
[35m[HTTP][39m [90m[39m
[35m[HTTP][39m [37m-->[39m [37mGET[39m [37m/wd/hub/session/f264f3d8-afc3-45ee-8378-9e84392d053c[39m
[35m[HTTP][39m [90m{}[39m
[35m[HTTP][39m [37m<-- GET /wd/hub/session/f264f3d8-afc3-45ee-8378-9e84392d053c [39m[32m200[39m [90m31 ms - 1133[39m
[35m[HTTP][39m [90m[39m
[35m[HTTP][39m [37m-->[39m [37mGET[39m [37m/wd/hub/session/f264f3d8-afc3-45ee-8378-9e84392d053c[39m
[35m[HTTP][39m [90m{}[39m
[35m[HTTP][39m [37m<-- GET /wd/hub/session/f264f3d8-afc3-45ee-8378-9e84392d053c [39m[32m200[39m [90m28 ms - 1133[39m
[35m[HTTP][39m [90m[39m
[35m[HTTP][39m [37m-->[39m [37mGET[39m [37m/wd/hub/session/f264f3d8-afc3-45ee-8378-9e84392d053c[39m
[35m[HTTP][39m [90m{}[39m
[35m[HTTP][39m [37m<-- GET /wd/hub/session/f264f3d8-afc3-45ee-8378-9e84392d053c [39m[32m200[39m [90m25 ms - 1133[39m
[35m[HTTP][39m [90m[39m
[35m[HTTP][39m [37m-->[39m [37mGET[39m [37m/wd/hub/session/f264f3d8-afc3-45ee-8378-9e84392d053c[39m
[35m[HTTP][39m [90m{}[39m
[35m[HTTP][39m [37m<-- GET /wd/hub/session/f264f3d8-afc3-45ee-8378-9e84392d053c [39m[32m200[39m [90m27 ms - 1133[39m
[35m[HTTP][39m [90m[39m
[35m[HTTP][39m [37m-->[39m [37mGET[39m [37m/wd/hub/session/f264f3d8-afc3-45ee-8378-9e84392d053c/element/c7382ef6-b593-4673-80f3-13b5175b26e3/location[39m
[35m[HTTP][39m [90m{}[39m
[35m[W3C][39m Driver proxy active, passing request on via HTTP proxy
[35m[JSONWP Proxy][39m Replacing sessionId de0127c4-53cf-401b-b814-4fc5bf1a6ab2 with f264f3d8-afc3-45ee-8378-9e84392d053c
[35m[HTTP][39m [37m<-- GET /wd/hub/session/f264f3d8-afc3-45ee-8378-9e84392d053c/element/c7382ef6-b593-4673-80f3-13b5175b26e3/location [39m[32m200[39m [90m62 ms - 86[39m
[35m[HTTP][39m [90m[39m
[35m[HTTP][39m [37m-->[39m [37mPOST[39m [37m/wd/hub/session/f264f3d8-afc3-45ee-8378-9e84392d053c/touch/perform[39m
[35m[HTTP][39m [90m{"actions":[{"action":"tap","options":{"element":"c7382ef6-b593-4673-80f3-13b5175b26e3","x":1,"y":1}}]}[39m
[35m[UiAutomator2][39m calling get location: c7382ef6-b593-4673-80f3-13b5175b26e3
[35m[HTTP][39m [37m<-- POST /wd/hub/session/f264f3d8-afc3-45ee-8378-9e84392d053c/touch/perform [39m[32m200[39m [90m2083 ms - 76[39m
[35m[HTTP][39m [90m[39m
[35m[HTTP][39m [37m-->[39m [37mGET[39m [37m/wd/hub/session/f264f3d8-afc3-45ee-8378-9e84392d053c/window/current/size[39m
[35m[HTTP][39m [90m{}[39m
[35m[W3C][39m Driver proxy active, passing request on via HTTP proxy
[35m[JSONWP Proxy][39m Replacing sessionId de0127c4-53cf-401b-b814-4fc5bf1a6ab2 with f264f3d8-afc3-45ee-8378-9e84392d053c
[35m[HTTP][39m [37m<-- GET /wd/hub/session/f264f3d8-afc3-45ee-8378-9e84392d053c/window/current/size [39m[32m200[39m [90m51 ms - 100[39m
[35m[HTTP][39m [90m[39m
[35m[HTTP][39m [37m-->[39m [37mPOST[39m [37m/wd/hub/session/f264f3d8-afc3-45ee-8378-9e84392d053c/elements[39m
[35m[HTTP][39m [90m{"using":"-android uiautomator","value":"new UiSelector().className(\"android.widget.ImageButton\").instance(2)"}[39m
[35m[HTTP][39m [37m<-- POST /wd/hub/session/f264f3d8-afc3-45ee-8378-9e84392d053c/elements [39m[32m200[39m [90m96 ms - 124[39m
[35m[HTTP][39m [90m[39m
[35m[HTTP][39m [37m-->[39m [37mGET[39m [37m/wd/hub/session/f264f3d8-afc3-45ee-8378-9e84392d053c[39m
[35m[HTTP][39m [90m{}[39m
[35m[HTTP][39m [37m<-- GET /wd/hub/session/f264f3d8-afc3-45ee-8378-9e84392d053c [39m[32m200[39m [90m36 ms - 1133[39m
[35m[HTTP][39m [90m[39m
[35m[HTTP][39m [37m-->[39m [37mGET[39m [37m/wd/hub/session/f264f3d8-afc3-45ee-8378-9e84392d053c[39m
[35m[HTTP][39m [90m{}[39m
[35m[HTTP][39m [37m<-- GET /wd/hub/session/f264f3d8-afc3-45ee-8378-9e84392d053c [39m[32m200[39m [90m33 ms - 1133[39m
[35m[HTTP][39m [90m[39m
[35m[HTTP][39m [37m-->[39m [37mGET[39m [37m/wd/hub/session/f264f3d8-afc3-45ee-8378-9e84392d053c[39m
[35m[HTTP][39m [90m{}[39m
[35m[HTTP][39m [37m<-- GET /wd/hub/session/f264f3d8-afc3-45ee-8378-9e84392d053c [39m[32m200[39m [90m22 ms - 1133[39m
[35m[HTTP][39m [90m[39m
[35m[HTTP][39m [37m-->[39m [37mGET[39m [37m/wd/hub/session/f264f3d8-afc3-45ee-8378-9e84392d053c[39m
[35m[HTTP][39m [90m{}[39m
[35m[HTTP][39m [37m<-- GET /wd/hub/session/f264f3d8-afc3-45ee-8378-9e84392d053c [39m[32m200[39m [90m25 ms - 1133[39m
[35m[HTTP][39m [90m[39m
[35m[HTTP][39m [37m-->[39m [37mGET[39m [37m/wd/hub/session/f264f3d8-afc3-45ee-8378-9e84392d053c/element/830afa06-c436-4ccd-8d0b-102d50763220/location[39m
[35m[HTTP][39m [90m{}[39m
[35m[W3C][39m Driver proxy active, passing request on via HTTP proxy
[35m[JSONWP Proxy][39m Replacing sessionId de0127c4-53cf-401b-b814-4fc5bf1a6ab2 with f264f3d8-afc3-45ee-8378-9e84392d053c
[35m[HTTP][39m [37m<-- GET /wd/hub/session/f264f3d8-afc3-45ee-8378-9e84392d053c/element/830afa06-c436-4ccd-8d0b-102d50763220/location [39m[32m200[39m [90m61 ms - 88[39m
[35m[HTTP][39m [90m[39m
[35m[HTTP][39m [37m-->[39m [37mPOST[39m [37m/wd/hub/session/f264f3d8-afc3-45ee-8378-9e84392d053c/touch/perform[39m
[35m[HTTP][39m [90m{"actions":[{"action":"tap","options":{"element":"830afa06-c436-4ccd-8d0b-102d50763220","x":1,"y":1}}]}[39m
[35m[UiAutomator2][39m calling get location: 830afa06-c436-4ccd-8d0b-102d50763220
[35m[HTTP][39m [37m<-- POST /wd/hub/session/f264f3d8-afc3-45ee-8378-9e84392d053c/touch/perform [39m[32m200[39m [90m1028 ms - 76[39m
[35m[HTTP][39m [90m[39m
[35m[HTTP][39m [37m-->[39m [37mGET[39m [37m/wd/hub/session/f264f3d8-afc3-45ee-8378-9e84392d053c/window/current/size[39m
[35m[HTTP][39m [90m{}[39m
[35m[W3C][39m Driver proxy active, passing request on via HTTP proxy
[35m[JSONWP Proxy][39m Replacing sessionId de0127c4-53cf-401b-b814-4fc5bf1a6ab2 with f264f3d8-afc3-45ee-8378-9e84392d053c
[35m[HTTP][39m [37m<-- GET /wd/hub/session/f264f3d8-afc3-45ee-8378-9e84392d053c/window/current/size [39m[32m200[39m [90m29 ms - 100[39m
[35m[HTTP][39m [90m[39m
[35m[HTTP][39m [37m-->[39m [37mPOST[39m [37m/wd/hub/session/f264f3d8-afc3-45ee-8378-9e84392d053c/elements[39m
[35m[HTTP][39m [90m{"using":"-android uiautomator","value":"new UiSelector().className(\"android.widget.ImageButton\").instance(3)"}[39m
[35m[HTTP][39m [37m<-- POST /wd/hub/session/f264f3d8-afc3-45ee-8378-9e84392d053c/elements [39m[32m200[39m [90m84 ms - 124[39m
[35m[HTTP][39m [90m[39m
[35m[HTTP][39m [37m-->[39m [37mGET[39m [37m/wd/hub/session/f264f3d8-afc3-45ee-8378-9e84392d053c[39m
[35m[HTTP][39m [90m{}[39m
[35m[HTTP][39m [37m<-- GET /wd/hub/session/f264f3d8-afc3-45ee-8378-9e84392d053c [39m[32m200[39m [90m16 ms - 1133[39m
[35m[HTTP][39m [90m[39m
[35m[HTTP][39m [37m-->[39m [37mGET[39m [37m/wd/hub/session/f264f3d8-afc3-45ee-8378-9e84392d053c[39m
[35m[HTTP][39m [90m{}[39m
[35m[HTTP][39m [37m<-- GET /wd/hub/session/f264f3d8-afc3-45ee-8378-9e84392d053c [39m[32m200[39m [90m16 ms - 1133[39m
[35m[HTTP][39m [90m[39m
[35m[HTTP][39m [37m-->[39m [37mGET[39m [37m/wd/hub/session/f264f3d8-afc3-45ee-8378-9e84392d053c[39m
[35m[HTTP][39m [90m{}[39m
[35m[HTTP][39m [37m<-- GET /wd/hub/session/f264f3d8-afc3-45ee-8378-9e84392d053c [39m[32m200[39m [90m16 ms - 1133[39m
[35m[HTTP][39m [90m[39m
[35m[HTTP][39m [37m-->[39m [37mGET[39m [37m/wd/hub/session/f264f3d8-afc3-45ee-8378-9e84392d053c[39m
[35m[HTTP][39m [90m{}[39m
[35m[HTTP][39m [37m<-- GET /wd/hub/session/f264f3d8-afc3-45ee-8378-9e84392d053c [39m[32m200[39m [90m20 ms - 1133[39m
[35m[HTTP][39m [90m[39m
[35m[HTTP][39m [37m-->[39m [37mGET[39m [37m/wd/hub/session/f264f3d8-afc3-45ee-8378-9e84392d053c/element/6b768688-1bb1-4ad6-ba88-ef7905dfcd87/location[39m
[35m[HTTP][39m [90m{}[39m
[35m[W3C][39m Driver proxy active, passing request on via HTTP proxy
[35m[JSONWP Proxy][39m Replacing sessionId de0127c4-53cf-401b-b814-4fc5bf1a6ab2 with f264f3d8-afc3-45ee-8378-9e84392d053c
[35m[HTTP][39m [37m<-- GET /wd/hub/session/f264f3d8-afc3-45ee-8378-9e84392d053c/element/6b768688-1bb1-4ad6-ba88-ef7905dfcd87/location [39m[32m200[39m [90m58 ms - 88[39m
[35m[HTTP][39m [90m[39m
[35m[HTTP][39m [37m-->[39m [37mPOST[39m [37m/wd/hub/session/f264f3d8-afc3-45ee-8378-9e84392d053c/touch/perform[39m
[35m[HTTP][39m [90m{"actions":[{"action":"tap","options":{"element":"6b768688-1bb1-4ad6-ba88-ef7905dfcd87","x":1,"y":1}}]}[39m
[35m[UiAutomator2][39m calling get location: 6b768688-1bb1-4ad6-ba88-ef7905dfcd87
[35m[HTTP][39m [37m<-- POST /wd/hub/session/f264f3d8-afc3-45ee-8378-9e84392d053c/touch/perform [39m[32m200[39m [90m1042 ms - 76[39m
[35m[HTTP][39m [90m[39m
[35m[HTTP][39m [37m-->[39m [37mGET[39m [37m/wd/hub/session/f264f3d8-afc3-45ee-8378-9e84392d053c/window/current/size[39m
[35m[HTTP][39m [90m{}[39m
[35m[W3C][39m Driver proxy active, passing request on via HTTP proxy
[35m[JSONWP Proxy][39m Replacing sessionId de0127c4-53cf-401b-b814-4fc5bf1a6ab2 with f264f3d8-afc3-45ee-8378-9e84392d053c
[35m[HTTP][39m [37m<-- GET /wd/hub/session/f264f3d8-afc3-45ee-8378-9e84392d053c/window/current/size [39m[32m200[39m [90m39 ms - 100[39m
[35m[HTTP][39m [90m[39m
[35m[HTTP][39m [37m-->[39m [37mPOST[39m [37m/wd/hub/session/f264f3d8-afc3-45ee-8378-9e84392d053c/elements[39m
[35m[HTTP][39m [90m{"using":"-android uiautomator","value":"new UiSelector().className(\"android.widget.ImageButton\").instance(4)"}[39m
[35m[HTTP][39m [37m<-- POST /wd/hub/session/f264f3d8-afc3-45ee-8378-9e84392d053c/elements [39m[32m200[39m [90m99 ms - 124[39m
[35m[HTTP][39m [90m[39m
[35m[HTTP][39m [37m-->[39m [37mGET[39m [37m/wd/hub/session/f264f3d8-afc3-45ee-8378-9e84392d053c[39m
[35m[HTTP][39m [90m{}[39m
[35m[HTTP][39m [37m<-- GET /wd/hub/session/f264f3d8-afc3-45ee-8378-9e84392d053c [39m[32m200[39m [90m32 ms - 1133[39m
[35m[HTTP][39m [90m[39m
[35m[HTTP][39m [37m-->[39m [37mGET[39m [37m/wd/hub/session/f264f3d8-afc3-45ee-8378-9e84392d053c[39m
[35m[HTTP][39m [90m{}[39m
[35m[HTTP][39m [37m<-- GET /wd/hub/session/f264f3d8-afc3-45ee-8378-9e84392d053c [39m[32m200[39m [90m27 ms - 1133[39m
[35m[HTTP][39m [90m[39m
[35m[HTTP][39m [37m-->[39m [37mGET[39m [37m/wd/hub/session/f264f3d8-afc3-45ee-8378-9e84392d053c[39m
[35m[HTTP][39m [90m{}[39m
[35m[HTTP][39m [37m<-- GET /wd/hub/session/f264f3d8-afc3-45ee-8378-9e84392d053c [39m[32m200[39m [90m31 ms - 1133[39m
[35m[HTTP][39m [90m[39m
[35m[HTTP][39m [37m-->[39m [37mGET[39m [37m/wd/hub/session/f264f3d8-afc3-45ee-8378-9e84392d053c[39m
[35m[HTTP][39m [90m{}[39m
[35m[HTTP][39m [37m<-- GET /wd/hub/session/f264f3d8-afc3-45ee-8378-9e84392d053c [39m[32m200[39m [90m23 ms - 1133[39m
[35m[HTTP][39m [90m[39m
[35m[HTTP][39m [37m-->[39m [37mGET[39m [37m/wd/hub/session/f264f3d8-afc3-45ee-8378-9e84392d053c/element/7edf88f3-8e97-4587-96ab-3c29ed718435/location[39m
[35m[HTTP][39m [90m{}[39m
[35m[W3C][39m Driver proxy active, passing request on via HTTP proxy
[35m[JSONWP Proxy][39m Replacing sessionId de0127c4-53cf-401b-b814-4fc5bf1a6ab2 with f264f3d8-afc3-45ee-8378-9e84392d053c
[35m[HTTP][39m [37m<-- GET /wd/hub/session/f264f3d8-afc3-45ee-8378-9e84392d053c/element/7edf88f3-8e97-4587-96ab-3c29ed718435/location [39m[32m200[39m [90m64 ms - 89[39m
[35m[HTTP][39m [90m[39m
[35m[HTTP][39m [37m-->[39m [37mPOST[39m [37m/wd/hub/session/f264f3d8-afc3-45ee-8378-9e84392d053c/touch/perform[39m
[35m[HTTP][39m [90m{"actions":[{"action":"tap","options":{"element":"7edf88f3-8e97-4587-96ab-3c29ed718435","x":1,"y":1}}]}[39m
[35m[UiAutomator2][39m calling get location: 7edf88f3-8e97-4587-96ab-3c29ed718435
[35m[HTTP][39m [37m<-- POST /wd/hub/session/f264f3d8-afc3-45ee-8378-9e84392d053c/touch/perform [39m[32m200[39m [90m1053 ms - 76[39m
[35m[HTTP][39m [90m[39m
[35m[HTTP][39m [37m-->[39m [37mGET[39m [37m/wd/hub/session/f264f3d8-afc3-45ee-8378-9e84392d053c/context[39m
[35m[HTTP][39m [90m{}[39m
[35m[HTTP][39m [37m<-- GET /wd/hub/session/f264f3d8-afc3-45ee-8378-9e84392d053c/context [39m[32m200[39m [90m3 ms - 84[39m
[35m[HTTP][39m [90m[39m
[35m[HTTP][39m [37m-->[39m [37mGET[39m [37m/wd/hub/session/f264f3d8-afc3-45ee-8378-9e84392d053c/contexts[39m
[35m[HTTP][39m [90m{}[39m
[35m[HTTP][39m [37m<-- GET /wd/hub/session/f264f3d8-afc3-45ee-8378-9e84392d053c/contexts [39m[32m200[39m [90m89 ms - 147[39m
[35m[HTTP][39m [90m[39m
[35m[HTTP][39m [37m-->[39m [37mPOST[39m [37m/wd/hub/session/f264f3d8-afc3-45ee-8378-9e84392d053c/context[39m
[35m[HTTP][39m [90m{"name":"NATIVE_APP"}[39m
[35m[HTTP][39m [37m<-- POST /wd/hub/session/f264f3d8-afc3-45ee-8378-9e84392d053c/context [39m[32m200[39m [90m106 ms - 76[39m
[35m[HTTP][39m [90m[39m
[35m[HTTP][39m [37m-->[39m [37mPOST[39m [37m/wd/hub/session/f264f3d8-afc3-45ee-8378-9e84392d053c/appium/device/press_keycode[39m
[35m[HTTP][39m [90m{"keycode":4}[39m
[35m[HTTP][39m [37m<-- POST /wd/hub/session/f264f3d8-afc3-45ee-8378-9e84392d053c/appium/device/press_keycode [39m[32m200[39m [90m215 ms - 76[39m
[35m[HTTP][39m [90m[39m
[35m[HTTP][39m [37m-->[39m [37mPOST[39m [37m/wd/hub/session/f264f3d8-afc3-45ee-8378-9e84392d053c/context[39m
[35m[HTTP][39m [90m{"name":"NATIVE_APP"}[39m
[35m[HTTP][39m [37m<-- POST /wd/hub/session/f264f3d8-afc3-45ee-8378-9e84392d053c/context [39m[32m200[39m [90m71 ms - 76[39m
[35m[HTTP][39m [90m[39m
[35m[HTTP][39m [37m-->[39m [37mGET[39m [37m/wd/hub/session/f264f3d8-afc3-45ee-8378-9e84392d053c/window/current/size[39m
[35m[HTTP][39m [90m{}[39m
[35m[W3C][39m Driver proxy active, passing request on via HTTP proxy
[35m[JSONWP Proxy][39m Replacing sessionId de0127c4-53cf-401b-b814-4fc5bf1a6ab2 with f264f3d8-afc3-45ee-8378-9e84392d053c
[35m[HTTP][39m [37m<-- GET /wd/hub/session/f264f3d8-afc3-45ee-8378-9e84392d053c/window/current/size [39m[32m200[39m [90m15 ms - 100[39m
[35m[HTTP][39m [90m[39m
[35m[HTTP][39m [37m-->[39m [37mPOST[39m [37m/wd/hub/session/f264f3d8-afc3-45ee-8378-9e84392d053c/elements[39m
[35m[HTTP][39m [90m{"using":"-android uiautomator","value":"new UiSelector().className(\"android.widget.Button\").text(\"YES\").resourceId(\"android:id/button1\").instance(1)"}[39m
[35m[HTTP][39m [37m<-- POST /wd/hub/session/f264f3d8-afc3-45ee-8378-9e84392d053c/elements [39m[32m200[39m [90m613 ms - 124[39m
[35m[HTTP][39m [90m[39m
[35m[HTTP][39m [37m-->[39m [37mGET[39m [37m/wd/hub/session/f264f3d8-afc3-45ee-8378-9e84392d053c[39m
[35m[HTTP][39m [90m{}[39m
[35m[HTTP][39m [37m<-- GET /wd/hub/session/f264f3d8-afc3-45ee-8378-9e84392d053c [39m[32m200[39m [90m33 ms - 1133[39m
[35m[HTTP][39m [90m[39m
[35m[HTTP][39m [37m-->[39m [37mGET[39m [37m/wd/hub/session/f264f3d8-afc3-45ee-8378-9e84392d053c[39m
[35m[HTTP][39m [90m{}[39m
[35m[HTTP][39m [37m<-- GET /wd/hub/session/f264f3d8-afc3-45ee-8378-9e84392d053c [39m[32m200[39m [90m39 ms - 1133[39m
[35m[HTTP][39m [90m[39m
[35m[HTTP][39m [37m-->[39m [37mGET[39m [37m/wd/hub/session/f264f3d8-afc3-45ee-8378-9e84392d053c[39m
[35m[HTTP][39m [90m{}[39m
[35m[HTTP][39m [37m<-- GET /wd/hub/session/f264f3d8-afc3-45ee-8378-9e84392d053c [39m[32m200[39m [90m29 ms - 1133[39m
[35m[HTTP][39m [90m[39m
[35m[HTTP][39m [37m-->[39m [37mGET[39m [37m/wd/hub/session/f264f3d8-afc3-45ee-8378-9e84392d053c[39m
[35m[HTTP][39m [90m{}[39m
[35m[HTTP][39m [37m<-- GET /wd/hub/session/f264f3d8-afc3-45ee-8378-9e84392d053c [39m[32m200[39m [90m25 ms - 1133[39m
[35m[HTTP][39m [90m[39m
[35m[HTTP][39m [37m-->[39m [37mGET[39m [37m/wd/hub/session/f264f3d8-afc3-45ee-8378-9e84392d053c/element/93f68e36-2236-407b-9caf-a046b392baa2/location[39m
[35m[HTTP][39m [90m{}[39m
[35m[W3C][39m Driver proxy active, passing request on via HTTP proxy
[35m[JSONWP Proxy][39m Replacing sessionId de0127c4-53cf-401b-b814-4fc5bf1a6ab2 with f264f3d8-afc3-45ee-8378-9e84392d053c
[35m[HTTP][39m [37m<-- GET /wd/hub/session/f264f3d8-afc3-45ee-8378-9e84392d053c/element/93f68e36-2236-407b-9caf-a046b392baa2/location [39m[32m200[39m [90m37 ms - 91[39m
[35m[HTTP][39m [90m[39m
[35m[HTTP][39m [37m-->[39m [37mPOST[39m [37m/wd/hub/session/f264f3d8-afc3-45ee-8378-9e84392d053c/touch/perform[39m
[35m[HTTP][39m [90m{"actions":[{"action":"tap","options":{"element":"93f68e36-2236-407b-9caf-a046b392baa2","x":1,"y":1}}]}[39m
[35m[UiAutomator2][39m calling get location: 93f68e36-2236-407b-9caf-a046b392baa2
[35m[HTTP][39m [37m<-- POST /wd/hub/session/f264f3d8-afc3-45ee-8378-9e84392d053c/touch/perform [39m[32m200[39m [90m1288 ms - 76[39m
[35m[HTTP][39m [90m[39m
[35m[HTTP][39m [37m-->[39m [37mDELETE[39m [37m/wd/hub/session/f264f3d8-afc3-45ee-8378-9e84392d053c[39m
[35m[HTTP][39m [90m{}[39m
[35m[Appium][39m Removing session f264f3d8-afc3-45ee-8378-9e84392d053c from our master session list
[35m[ADB][39m com.abaxis.vetscan_vue.dev was successfully uninstalled
[35m[HTTP][39m [37m<-- DELETE /wd/hub/session/f264f3d8-afc3-45ee-8378-9e84392d053c [39m[32m200[39m [90m3858 ms - 76[39m
[35m[HTTP][39m [90m[39m
