[35m[Appium][39m Welcome to Appium v1.8.1
[35m[Appium][39m Non-default server args:
[35m[Appium][39m   port: 65499
[35m[Appium][39m   loglevel: info
[35m[Appium][39m   chromeDriverPort: 65500
[35m[Appium][39m   tmpDir: C:\Users\Agato\AppData\Local\Temp\\Katalon\Appium\Temp1536918055137
[35m[Appium][39m Appium REST http interface listener started on 0.0.0.0:65499
[35m[HTTP][39m [37m-->[39m [37mGET[39m [37m/wd/hub/status[39m
[35m[HTTP][39m [90m{}[39m
[35m[HTTP][39m [37m<-- GET /wd/hub/status [39m[32m200[39m [90m8 ms - 83[39m
[35m[HTTP][39m [90m[39m
[35m[HTTP][39m [37m-->[39m [37mPOST[39m [37m/wd/hub/session[39m
[35m[HTTP][39m [90m{"desiredCapabilities":{"app":"C:\\temp\\app-development-debug.apk","autoGrantPermissions":true,"automationName":"uiautomator2","deviceName":"samsung SM-G920F (Android 7.0)","fullReset":true,"newCommandTimeout":1800,"noReset":false,"platform":"ANDROID","platformName":"Android","udid":"10160a0973263f03"},"capabilities":{"desiredCapabilities":{"app":"C:\\temp\\app-development-debug.apk","autoGrantPermissions":true,"automationName":"uiautomator2","deviceName":"samsung SM-G920F (Android 7.0)","fullReset":true,"newCommandTimeout":1800,"noReset":false,"platform":"ANDROID","platformName":"Android","udid":"10160a0973263f03"},"firstMatch":[{"platformName":"android"}]}}[39m
[35m[Appium][39m Could not parse W3C capabilities: 'deviceName' can't be blank. Falling back to JSONWP protocol.
[35m[Appium][39m The following capabilities were provided in the JSONWP desired capabilities that are missing in W3C capabilities: ["app","autoGrantPermissions","automationName","deviceName","fullReset","newCommandTimeout","noReset","platform","platformName","udid"]. Falling back to JSONWP protocol.
[35m[Appium][39m Creating new AndroidUiautomator2Driver (v1.12.0) session
[35m[Appium][39m Capabilities:
[35m[Appium][39m   app: C:\temp\app-development-debug.apk
[35m[Appium][39m   autoGrantPermissions: true
[35m[Appium][39m   automationName: uiautomator2
[35m[Appium][39m   deviceName: samsung SM-G920F (Android 7.0)
[35m[Appium][39m   fullReset: true
[35m[Appium][39m   newCommandTimeout: 1800
[35m[Appium][39m   noReset: false
[35m[Appium][39m   platform: ANDROID
[35m[Appium][39m   platformName: Android
[35m[Appium][39m   udid: 10160a0973263f03
[35m[BaseDriver][39m The following capabilities were provided, but are not recognized by appium: platform.
[35m[BaseDriver][39m Session created with session id: cfce9147-9f05-49e8-abf1-945f89fd1892
[35m[BaseDriver][39m Using local app 'C:\temp\app-development-debug.apk'
[35m[AndroidDriver][39m Java version is: 1.8.0_102
[35m[ADB][39m Checking whether adb is present
[35m[ADB][39m Found 1 'build-tools' folders under 'C:\Users\Agato\.katalon\tools\android_sdk' (newest first):
[35m[ADB][39m     C:/Users/Agato/.katalon/tools/android_sdk/build-tools/28.0.1
[35m[ADB][39m Using adb.exe from C:\Users\Agato\.katalon\tools\android_sdk\platform-tools\adb.exe
[35m[AndroidDriver][39m Retrieving device list
[35m[AndroidDriver][39m Using device: 10160a0973263f03
[35m[ADB][39m Using the alternative activity name detection method because of: Could not find apkanalyzer.bat in C:\Users\Agato\.katalon\tools\android_sdk\platform-tools\apkanalyzer.bat,C:\Users\Agato\.katalon\tools\android_sdk\emulator\apkanalyzer.bat,C:\Users\Agato\.katalon\tools\android_sdk\tools\apkanalyzer.bat,C:\Users\Agato\.katalon\tools\android_sdk\tools\bin\apkanalyzer.bat,C:\Users\Agato\.katalon\tools\android_sdk\build-tools\28.0.1\apkanalyzer.bat. Do you have the Android SDK installed at 'C:\Users\Agato\.katalon\tools\android_sdk'?
[35m[ADB][39m Checking whether aapt is present
[35m[ADB][39m Using aapt.exe from C:\Users\Agato\.katalon\tools\android_sdk\build-tools\28.0.1\aapt.exe
[35m[ADB][39m Extracting package and launch activity from manifest
[35m[ADB][39m Package name: 'com.abaxis.vetscan_vue.dev'
[35m[ADB][39m Main activity name: 'com.abaxis.vetscanvue.presentation.screens.activities.splash.SplashActivity'
[35m[ADB][39m Getting device platform version
[35m[ADB][39m Using apksigner.bat from C:\Users\Agato\.katalon\tools\android_sdk\build-tools\28.0.1\apksigner.bat
[35m[ADB][39m Checking whether zipalign is present
[35m[ADB][39m Using zipalign.exe from C:\Users\Agato\.katalon\tools\android_sdk\build-tools\28.0.1\zipalign.exe
[35m[ADB][39m io.appium.uiautomator2.server was successfully uninstalled
[35m[ADB][39m io.appium.uiautomator2.server.test was successfully uninstalled
[35m[AndroidDriver][39m setDeviceLanguageCountry requires language or country.
[35m[AndroidDriver][39m Got language: 'null' and country: 'null'
[35m[ADB][39m Successfully extracted 667 strings from 'C:\temp\app-development-debug.apk' resources for '(default)' configuration
[35m[ADB][39m com.abaxis.vetscan_vue.dev was not uninstalled, because it was not present on the device
[35m[UiAutomator2][39m Starting uiautomator2 server 1.12.0
[35m[UiAutomator2][39m Using UIAutomator2 server from 'C:\Users\Agato\AppData\Roaming\npm\node_modules\appium\node_modules\appium-uiautomator2-server\apks\appium-uiautomator2-server-v1.12.0.apk' and test from 'C:\Users\Agato\AppData\Roaming\npm\node_modules\appium\node_modules\appium-uiautomator2-server\apks\appium-uiautomator2-server-debug-androidTest.apk'
[35m[UiAutomator2][39m Running command: 'adb -s 10160a0973263f03 shell am instrument -w io.appium.uiautomator2.server.test/android.support.test.runner.AndroidJUnitRunner'
[35m[UiAutomator2][39m Waiting up to 20000ms for UiAutomator2 to be online...
[35m[AndroidDriver][39m Screen already unlocked, doing nothing
[35m[UiAutomator2][39m UiAutomator2 did not start the activity we were waiting for, 'com.abaxis.vetscan_vue.dev/com.abaxis.vetscanvue.presentation.screens.activities.splash.SplashActivity'. Starting it ourselves
[35m[Appium][39m New AndroidUiautomator2Driver session created successfully, session cfce9147-9f05-49e8-abf1-945f89fd1892 added to master session list
[35m[HTTP][39m [37m<-- POST /wd/hub/session [39m[32m200[39m [90m58569 ms - 1133[39m
[35m[HTTP][39m [90m[39m
[35m[HTTP][39m [37m-->[39m [37mGET[39m [37m/wd/hub/status[39m
[35m[HTTP][39m [90m{}[39m
[35m[HTTP][39m [37m<-- GET /wd/hub/status [39m[32m200[39m [90m2 ms - 55[39m
[35m[HTTP][39m [90m[39m
[35m[HTTP][39m [37m-->[39m [37mPOST[39m [37m/wd/hub/session/cfce9147-9f05-49e8-abf1-945f89fd1892/timeouts[39m
[35m[HTTP][39m [90m{"type":"implicit","ms":30000}[39m
[35m[HTTP][39m [37m<-- POST /wd/hub/session/cfce9147-9f05-49e8-abf1-945f89fd1892/timeouts [39m[33m400[39m [90m11 ms - 5308[39m
[35m[HTTP][39m [90m[39m
[35m[HTTP][39m [37m-->[39m [37mGET[39m [37m/wd/hub/session/cfce9147-9f05-49e8-abf1-945f89fd1892/window/current/size[39m
[35m[HTTP][39m [90m{}[39m
[35m[W3C][39m Driver proxy active, passing request on via HTTP proxy
[35m[JSONWP Proxy][39m Replacing sessionId a05adb02-c918-4b15-89eb-a5d292183bdf with cfce9147-9f05-49e8-abf1-945f89fd1892
[35m[HTTP][39m [37m<-- GET /wd/hub/session/cfce9147-9f05-49e8-abf1-945f89fd1892/window/current/size [39m[32m200[39m [90m229 ms - 100[39m
[35m[HTTP][39m [90m[39m
[35m[HTTP][39m [37m-->[39m [37mPOST[39m [37m/wd/hub/session/cfce9147-9f05-49e8-abf1-945f89fd1892/elements[39m
[35m[HTTP][39m [90m{"using":"-android uiautomator","value":"new UiSelector().className(\"android.widget.ImageView\").resourceId(\"com.abaxis.vetscan_vue.dev:id/close_overview\").instance(1)"}[39m
[35m[HTTP][39m [37m<-- POST /wd/hub/session/cfce9147-9f05-49e8-abf1-945f89fd1892/elements [39m[32m200[39m [90m791 ms - 124[39m
[35m[HTTP][39m [90m[39m
[35m[HTTP][39m [37m-->[39m [37mGET[39m [37m/wd/hub/session/cfce9147-9f05-49e8-abf1-945f89fd1892[39m
[35m[HTTP][39m [90m{}[39m
[35m[HTTP][39m [37m<-- GET /wd/hub/session/cfce9147-9f05-49e8-abf1-945f89fd1892 [39m[32m200[39m [90m20 ms - 1133[39m
[35m[HTTP][39m [90m[39m
[35m[HTTP][39m [37m-->[39m [37mGET[39m [37m/wd/hub/session/cfce9147-9f05-49e8-abf1-945f89fd1892[39m
[35m[HTTP][39m [90m{}[39m
[35m[HTTP][39m [37m<-- GET /wd/hub/session/cfce9147-9f05-49e8-abf1-945f89fd1892 [39m[32m200[39m [90m20 ms - 1133[39m
[35m[HTTP][39m [90m[39m
[35m[HTTP][39m [37m-->[39m [37mGET[39m [37m/wd/hub/session/cfce9147-9f05-49e8-abf1-945f89fd1892[39m
[35m[HTTP][39m [90m{}[39m
[35m[HTTP][39m [37m<-- GET /wd/hub/session/cfce9147-9f05-49e8-abf1-945f89fd1892 [39m[32m200[39m [90m20 ms - 1133[39m
[35m[HTTP][39m [90m[39m
[35m[HTTP][39m [37m-->[39m [37mGET[39m [37m/wd/hub/session/cfce9147-9f05-49e8-abf1-945f89fd1892[39m
[35m[HTTP][39m [90m{}[39m
[35m[HTTP][39m [37m<-- GET /wd/hub/session/cfce9147-9f05-49e8-abf1-945f89fd1892 [39m[32m200[39m [90m20 ms - 1133[39m
[35m[HTTP][39m [90m[39m
[35m[HTTP][39m [37m-->[39m [37mGET[39m [37m/wd/hub/session/cfce9147-9f05-49e8-abf1-945f89fd1892/element/2bc31188-0dbb-4c2c-a651-ae1c1fa81385/location[39m
[35m[HTTP][39m [90m{}[39m
[35m[W3C][39m Driver proxy active, passing request on via HTTP proxy
[35m[JSONWP Proxy][39m Replacing sessionId a05adb02-c918-4b15-89eb-a5d292183bdf with cfce9147-9f05-49e8-abf1-945f89fd1892
[35m[HTTP][39m [37m<-- GET /wd/hub/session/cfce9147-9f05-49e8-abf1-945f89fd1892/element/2bc31188-0dbb-4c2c-a651-ae1c1fa81385/location [39m[32m200[39m [90m38 ms - 90[39m
[35m[HTTP][39m [90m[39m
[35m[HTTP][39m [37m-->[39m [37mPOST[39m [37m/wd/hub/session/cfce9147-9f05-49e8-abf1-945f89fd1892/touch/perform[39m
[35m[HTTP][39m [90m{"actions":[{"action":"tap","options":{"element":"2bc31188-0dbb-4c2c-a651-ae1c1fa81385","x":1,"y":1}}]}[39m
[35m[UiAutomator2][39m calling get location: 2bc31188-0dbb-4c2c-a651-ae1c1fa81385
[35m[HTTP][39m [37m<-- POST /wd/hub/session/cfce9147-9f05-49e8-abf1-945f89fd1892/touch/perform [39m[32m200[39m [90m1412 ms - 76[39m
[35m[HTTP][39m [90m[39m
[35m[HTTP][39m [37m-->[39m [37mGET[39m [37m/wd/hub/session/cfce9147-9f05-49e8-abf1-945f89fd1892/window/current/size[39m
[35m[HTTP][39m [90m{}[39m
[35m[W3C][39m Driver proxy active, passing request on via HTTP proxy
[35m[JSONWP Proxy][39m Replacing sessionId a05adb02-c918-4b15-89eb-a5d292183bdf with cfce9147-9f05-49e8-abf1-945f89fd1892
[35m[HTTP][39m [37m<-- GET /wd/hub/session/cfce9147-9f05-49e8-abf1-945f89fd1892/window/current/size [39m[32m200[39m [90m23 ms - 100[39m
[35m[HTTP][39m [90m[39m
[35m[HTTP][39m [37m-->[39m [37mPOST[39m [37m/wd/hub/session/cfce9147-9f05-49e8-abf1-945f89fd1892/elements[39m
[35m[HTTP][39m [90m{"using":"-android uiautomator","value":"new UiSelector().className(\"android.widget.Button\").text(\"LOGIN\").resourceId(\"com.abaxis.vetscan_vue.dev:id/login_button\").instance(0)"}[39m
[35m[HTTP][39m [37m<-- POST /wd/hub/session/cfce9147-9f05-49e8-abf1-945f89fd1892/elements [39m[32m200[39m [90m77 ms - 124[39m
[35m[HTTP][39m [90m[39m
[35m[HTTP][39m [37m-->[39m [37mGET[39m [37m/wd/hub/session/cfce9147-9f05-49e8-abf1-945f89fd1892[39m
[35m[HTTP][39m [90m{}[39m
[35m[HTTP][39m [37m<-- GET /wd/hub/session/cfce9147-9f05-49e8-abf1-945f89fd1892 [39m[32m200[39m [90m18 ms - 1133[39m
[35m[HTTP][39m [90m[39m
[35m[HTTP][39m [37m-->[39m [37mGET[39m [37m/wd/hub/session/cfce9147-9f05-49e8-abf1-945f89fd1892[39m
[35m[HTTP][39m [90m{}[39m
[35m[HTTP][39m [37m<-- GET /wd/hub/session/cfce9147-9f05-49e8-abf1-945f89fd1892 [39m[32m200[39m [90m16 ms - 1133[39m
[35m[HTTP][39m [90m[39m
[35m[HTTP][39m [37m-->[39m [37mGET[39m [37m/wd/hub/session/cfce9147-9f05-49e8-abf1-945f89fd1892[39m
[35m[HTTP][39m [90m{}[39m
[35m[HTTP][39m [37m<-- GET /wd/hub/session/cfce9147-9f05-49e8-abf1-945f89fd1892 [39m[32m200[39m [90m15 ms - 1133[39m
[35m[HTTP][39m [90m[39m
[35m[HTTP][39m [37m-->[39m [37mGET[39m [37m/wd/hub/session/cfce9147-9f05-49e8-abf1-945f89fd1892[39m
[35m[HTTP][39m [90m{}[39m
[35m[HTTP][39m [37m<-- GET /wd/hub/session/cfce9147-9f05-49e8-abf1-945f89fd1892 [39m[32m200[39m [90m15 ms - 1133[39m
[35m[HTTP][39m [90m[39m
[35m[HTTP][39m [37m-->[39m [37mGET[39m [37m/wd/hub/session/cfce9147-9f05-49e8-abf1-945f89fd1892/element/0c18251d-4bc1-4726-948a-10852bb5e5d4/location[39m
[35m[HTTP][39m [90m{}[39m
[35m[W3C][39m Driver proxy active, passing request on via HTTP proxy
[35m[JSONWP Proxy][39m Replacing sessionId a05adb02-c918-4b15-89eb-a5d292183bdf with cfce9147-9f05-49e8-abf1-945f89fd1892
[35m[HTTP][39m [37m<-- GET /wd/hub/session/cfce9147-9f05-49e8-abf1-945f89fd1892/element/0c18251d-4bc1-4726-948a-10852bb5e5d4/location [39m[32m200[39m [90m34 ms - 88[39m
[35m[HTTP][39m [90m[39m
[35m[HTTP][39m [37m-->[39m [37mPOST[39m [37m/wd/hub/session/cfce9147-9f05-49e8-abf1-945f89fd1892/touch/perform[39m
[35m[HTTP][39m [90m{"actions":[{"action":"tap","options":{"element":"0c18251d-4bc1-4726-948a-10852bb5e5d4","x":1,"y":1}}]}[39m
[35m[UiAutomator2][39m calling get location: 0c18251d-4bc1-4726-948a-10852bb5e5d4
[35m[HTTP][39m [37m<-- POST /wd/hub/session/cfce9147-9f05-49e8-abf1-945f89fd1892/touch/perform [39m[32m200[39m [90m2415 ms - 76[39m
[35m[HTTP][39m [90m[39m
[35m[HTTP][39m [37m-->[39m [37mGET[39m [37m/wd/hub/session/cfce9147-9f05-49e8-abf1-945f89fd1892/window/current/size[39m
[35m[HTTP][39m [90m{}[39m
[35m[W3C][39m Driver proxy active, passing request on via HTTP proxy
[35m[JSONWP Proxy][39m Replacing sessionId a05adb02-c918-4b15-89eb-a5d292183bdf with cfce9147-9f05-49e8-abf1-945f89fd1892
[35m[HTTP][39m [37m<-- GET /wd/hub/session/cfce9147-9f05-49e8-abf1-945f89fd1892/window/current/size [39m[32m200[39m [90m34 ms - 100[39m
[35m[HTTP][39m [90m[39m
[35m[HTTP][39m [37m-->[39m [37mPOST[39m [37m/wd/hub/session/cfce9147-9f05-49e8-abf1-945f89fd1892/elements[39m
[35m[HTTP][39m [90m{"using":"-android uiautomator","value":"new UiSelector().className(\"android.widget.ImageView\").resourceId(\"com.abaxis.vetscan_vue.dev:id/text_skip\").instance(1)"}[39m
[35m[HTTP][39m [37m<-- POST /wd/hub/session/cfce9147-9f05-49e8-abf1-945f89fd1892/elements [39m[32m200[39m [90m82 ms - 124[39m
[35m[HTTP][39m [90m[39m
[35m[HTTP][39m [37m-->[39m [37mGET[39m [37m/wd/hub/session/cfce9147-9f05-49e8-abf1-945f89fd1892[39m
[35m[HTTP][39m [90m{}[39m
[35m[HTTP][39m [37m<-- GET /wd/hub/session/cfce9147-9f05-49e8-abf1-945f89fd1892 [39m[32m200[39m [90m17 ms - 1133[39m
[35m[HTTP][39m [90m[39m
[35m[HTTP][39m [37m-->[39m [37mGET[39m [37m/wd/hub/session/cfce9147-9f05-49e8-abf1-945f89fd1892[39m
[35m[HTTP][39m [90m{}[39m
[35m[HTTP][39m [37m<-- GET /wd/hub/session/cfce9147-9f05-49e8-abf1-945f89fd1892 [39m[32m200[39m [90m20 ms - 1133[39m
[35m[HTTP][39m [90m[39m
[35m[HTTP][39m [37m-->[39m [37mGET[39m [37m/wd/hub/session/cfce9147-9f05-49e8-abf1-945f89fd1892[39m
[35m[HTTP][39m [90m{}[39m
[35m[HTTP][39m [37m<-- GET /wd/hub/session/cfce9147-9f05-49e8-abf1-945f89fd1892 [39m[32m200[39m [90m21 ms - 1133[39m
[35m[HTTP][39m [90m[39m
[35m[HTTP][39m [37m-->[39m [37mGET[39m [37m/wd/hub/session/cfce9147-9f05-49e8-abf1-945f89fd1892[39m
[35m[HTTP][39m [90m{}[39m
[35m[HTTP][39m [37m<-- GET /wd/hub/session/cfce9147-9f05-49e8-abf1-945f89fd1892 [39m[32m200[39m [90m23 ms - 1133[39m
[35m[HTTP][39m [90m[39m
[35m[HTTP][39m [37m-->[39m [37mGET[39m [37m/wd/hub/session/cfce9147-9f05-49e8-abf1-945f89fd1892/element/333bedf9-9793-4e1c-a5fb-04a678024575/location[39m
[35m[HTTP][39m [90m{}[39m
[35m[W3C][39m Driver proxy active, passing request on via HTTP proxy
[35m[JSONWP Proxy][39m Replacing sessionId a05adb02-c918-4b15-89eb-a5d292183bdf with cfce9147-9f05-49e8-abf1-945f89fd1892
[35m[HTTP][39m [37m<-- GET /wd/hub/session/cfce9147-9f05-49e8-abf1-945f89fd1892/element/333bedf9-9793-4e1c-a5fb-04a678024575/location [39m[32m200[39m [90m42 ms - 89[39m
[35m[HTTP][39m [90m[39m
[35m[HTTP][39m [37m-->[39m [37mPOST[39m [37m/wd/hub/session/cfce9147-9f05-49e8-abf1-945f89fd1892/touch/perform[39m
[35m[HTTP][39m [90m{"actions":[{"action":"tap","options":{"element":"333bedf9-9793-4e1c-a5fb-04a678024575","x":1,"y":1}}]}[39m
[35m[UiAutomator2][39m calling get location: 333bedf9-9793-4e1c-a5fb-04a678024575
[35m[HTTP][39m [37m<-- POST /wd/hub/session/cfce9147-9f05-49e8-abf1-945f89fd1892/touch/perform [39m[32m200[39m [90m866 ms - 76[39m
[35m[HTTP][39m [90m[39m
[35m[HTTP][39m [37m-->[39m [37mGET[39m [37m/wd/hub/session/cfce9147-9f05-49e8-abf1-945f89fd1892/window/current/size[39m
[35m[HTTP][39m [90m{}[39m
[35m[W3C][39m Driver proxy active, passing request on via HTTP proxy
[35m[JSONWP Proxy][39m Replacing sessionId a05adb02-c918-4b15-89eb-a5d292183bdf with cfce9147-9f05-49e8-abf1-945f89fd1892
[35m[HTTP][39m [37m<-- GET /wd/hub/session/cfce9147-9f05-49e8-abf1-945f89fd1892/window/current/size [39m[32m200[39m [90m26 ms - 100[39m
[35m[HTTP][39m [90m[39m
[35m[HTTP][39m [37m-->[39m [37mPOST[39m [37m/wd/hub/session/cfce9147-9f05-49e8-abf1-945f89fd1892/elements[39m
[35m[HTTP][39m [90m{"using":"-android uiautomator","value":"new UiSelector().className(\"android.widget.Button\").text(\"YES\").resourceId(\"android:id/button1\").instance(1)"}[39m
[35m[HTTP][39m [37m<-- POST /wd/hub/session/cfce9147-9f05-49e8-abf1-945f89fd1892/elements [39m[32m200[39m [90m86 ms - 124[39m
[35m[HTTP][39m [90m[39m
[35m[HTTP][39m [37m-->[39m [37mGET[39m [37m/wd/hub/session/cfce9147-9f05-49e8-abf1-945f89fd1892[39m
[35m[HTTP][39m [90m{}[39m
[35m[HTTP][39m [37m<-- GET /wd/hub/session/cfce9147-9f05-49e8-abf1-945f89fd1892 [39m[32m200[39m [90m19 ms - 1133[39m
[35m[HTTP][39m [90m[39m
[35m[HTTP][39m [37m-->[39m [37mGET[39m [37m/wd/hub/session/cfce9147-9f05-49e8-abf1-945f89fd1892[39m
[35m[HTTP][39m [90m{}[39m
[35m[HTTP][39m [37m<-- GET /wd/hub/session/cfce9147-9f05-49e8-abf1-945f89fd1892 [39m[32m200[39m [90m19 ms - 1133[39m
[35m[HTTP][39m [90m[39m
[35m[HTTP][39m [37m-->[39m [37mGET[39m [37m/wd/hub/session/cfce9147-9f05-49e8-abf1-945f89fd1892[39m
[35m[HTTP][39m [90m{}[39m
[35m[HTTP][39m [37m<-- GET /wd/hub/session/cfce9147-9f05-49e8-abf1-945f89fd1892 [39m[32m200[39m [90m15 ms - 1133[39m
[35m[HTTP][39m [90m[39m
[35m[HTTP][39m [37m-->[39m [37mGET[39m [37m/wd/hub/session/cfce9147-9f05-49e8-abf1-945f89fd1892[39m
[35m[HTTP][39m [90m{}[39m
[35m[HTTP][39m [37m<-- GET /wd/hub/session/cfce9147-9f05-49e8-abf1-945f89fd1892 [39m[32m200[39m [90m18 ms - 1133[39m
[35m[HTTP][39m [90m[39m
[35m[HTTP][39m [37m-->[39m [37mGET[39m [37m/wd/hub/session/cfce9147-9f05-49e8-abf1-945f89fd1892/element/3c49a38f-4881-47e6-be38-15530058b332/location[39m
[35m[HTTP][39m [90m{}[39m
[35m[W3C][39m Driver proxy active, passing request on via HTTP proxy
[35m[JSONWP Proxy][39m Replacing sessionId a05adb02-c918-4b15-89eb-a5d292183bdf with cfce9147-9f05-49e8-abf1-945f89fd1892
[35m[HTTP][39m [37m<-- GET /wd/hub/session/cfce9147-9f05-49e8-abf1-945f89fd1892/element/3c49a38f-4881-47e6-be38-15530058b332/location [39m[32m200[39m [90m649 ms - 91[39m
[35m[HTTP][39m [90m[39m
[35m[HTTP][39m [37m-->[39m [37mPOST[39m [37m/wd/hub/session/cfce9147-9f05-49e8-abf1-945f89fd1892/touch/perform[39m
[35m[HTTP][39m [90m{"actions":[{"action":"tap","options":{"element":"3c49a38f-4881-47e6-be38-15530058b332","x":1,"y":1}}]}[39m
[35m[UiAutomator2][39m calling get location: 3c49a38f-4881-47e6-be38-15530058b332
[35m[HTTP][39m [37m<-- POST /wd/hub/session/cfce9147-9f05-49e8-abf1-945f89fd1892/touch/perform [39m[32m200[39m [90m2314 ms - 76[39m
[35m[HTTP][39m [90m[39m
[35m[HTTP][39m [37m-->[39m [37mGET[39m [37m/wd/hub/session/cfce9147-9f05-49e8-abf1-945f89fd1892/window/current/size[39m
[35m[HTTP][39m [90m{}[39m
[35m[W3C][39m Driver proxy active, passing request on via HTTP proxy
[35m[JSONWP Proxy][39m Replacing sessionId a05adb02-c918-4b15-89eb-a5d292183bdf with cfce9147-9f05-49e8-abf1-945f89fd1892
[35m[HTTP][39m [37m<-- GET /wd/hub/session/cfce9147-9f05-49e8-abf1-945f89fd1892/window/current/size [39m[32m200[39m [90m14 ms - 100[39m
[35m[HTTP][39m [90m[39m
[35m[HTTP][39m [37m-->[39m [37mPOST[39m [37m/wd/hub/session/cfce9147-9f05-49e8-abf1-945f89fd1892/elements[39m
[35m[HTTP][39m [90m{"using":"-android uiautomator","value":"new UiSelector().className(\"android.widget.Button\").text(\"OK\").resourceId(\"com.abaxis.vetscan_vue.dev:id/showcase_button\").instance(0)"}[39m
[35m[HTTP][39m [37m<-- POST /wd/hub/session/cfce9147-9f05-49e8-abf1-945f89fd1892/elements [39m[32m200[39m [90m131 ms - 124[39m
[35m[HTTP][39m [90m[39m
[35m[HTTP][39m [37m-->[39m [37mGET[39m [37m/wd/hub/session/cfce9147-9f05-49e8-abf1-945f89fd1892[39m
[35m[HTTP][39m [90m{}[39m
[35m[HTTP][39m [37m<-- GET /wd/hub/session/cfce9147-9f05-49e8-abf1-945f89fd1892 [39m[32m200[39m [90m9 ms - 1133[39m
[35m[HTTP][39m [90m[39m
[35m[HTTP][39m [37m-->[39m [37mGET[39m [37m/wd/hub/session/cfce9147-9f05-49e8-abf1-945f89fd1892[39m
[35m[HTTP][39m [90m{}[39m
[35m[HTTP][39m [37m<-- GET /wd/hub/session/cfce9147-9f05-49e8-abf1-945f89fd1892 [39m[32m200[39m [90m13 ms - 1133[39m
[35m[HTTP][39m [90m[39m
[35m[HTTP][39m [37m-->[39m [37mGET[39m [37m/wd/hub/session/cfce9147-9f05-49e8-abf1-945f89fd1892[39m
[35m[HTTP][39m [90m{}[39m
[35m[HTTP][39m [37m<-- GET /wd/hub/session/cfce9147-9f05-49e8-abf1-945f89fd1892 [39m[32m200[39m [90m12 ms - 1133[39m
[35m[HTTP][39m [90m[39m
[35m[HTTP][39m [37m-->[39m [37mGET[39m [37m/wd/hub/session/cfce9147-9f05-49e8-abf1-945f89fd1892[39m
[35m[HTTP][39m [90m{}[39m
[35m[HTTP][39m [37m<-- GET /wd/hub/session/cfce9147-9f05-49e8-abf1-945f89fd1892 [39m[32m200[39m [90m13 ms - 1133[39m
[35m[HTTP][39m [90m[39m
[35m[HTTP][39m [37m-->[39m [37mGET[39m [37m/wd/hub/session/cfce9147-9f05-49e8-abf1-945f89fd1892/element/8ec6a5d0-1e6d-48de-869e-04c936a1f1da/location[39m
[35m[HTTP][39m [90m{}[39m
[35m[W3C][39m Driver proxy active, passing request on via HTTP proxy
[35m[JSONWP Proxy][39m Replacing sessionId a05adb02-c918-4b15-89eb-a5d292183bdf with cfce9147-9f05-49e8-abf1-945f89fd1892
[35m[HTTP][39m [37m<-- GET /wd/hub/session/cfce9147-9f05-49e8-abf1-945f89fd1892/element/8ec6a5d0-1e6d-48de-869e-04c936a1f1da/location [39m[32m200[39m [90m42 ms - 90[39m
[35m[HTTP][39m [90m[39m
[35m[HTTP][39m [37m-->[39m [37mPOST[39m [37m/wd/hub/session/cfce9147-9f05-49e8-abf1-945f89fd1892/touch/perform[39m
[35m[HTTP][39m [90m{"actions":[{"action":"tap","options":{"element":"8ec6a5d0-1e6d-48de-869e-04c936a1f1da","x":1,"y":1}}]}[39m
[35m[UiAutomator2][39m calling get location: 8ec6a5d0-1e6d-48de-869e-04c936a1f1da
[35m[HTTP][39m [37m<-- POST /wd/hub/session/cfce9147-9f05-49e8-abf1-945f89fd1892/touch/perform [39m[32m200[39m [90m876 ms - 76[39m
[35m[HTTP][39m [90m[39m
[35m[HTTP][39m [37m-->[39m [37mGET[39m [37m/wd/hub/session/cfce9147-9f05-49e8-abf1-945f89fd1892/window/current/size[39m
[35m[HTTP][39m [90m{}[39m
[35m[W3C][39m Driver proxy active, passing request on via HTTP proxy
[35m[JSONWP Proxy][39m Replacing sessionId a05adb02-c918-4b15-89eb-a5d292183bdf with cfce9147-9f05-49e8-abf1-945f89fd1892
[35m[HTTP][39m [37m<-- GET /wd/hub/session/cfce9147-9f05-49e8-abf1-945f89fd1892/window/current/size [39m[32m200[39m [90m20 ms - 100[39m
[35m[HTTP][39m [90m[39m
[35m[HTTP][39m [37m-->[39m [37mPOST[39m [37m/wd/hub/session/cfce9147-9f05-49e8-abf1-945f89fd1892/elements[39m
[35m[HTTP][39m [90m{"using":"xpath","value":"//hierarchy/android.widget.FrameLayout[1]/android.widget.LinearLayout[1]/android.widget.FrameLayout[1]/android.widget.FrameLayout[1]/android.widget.FrameLayout[1]/android.widget.RelativeLayout[1]/android.widget.RelativeLayout[1]/android.widget.HorizontalScrollView[1]/android.widget.LinearLayout[1]/android.widget.ImageButton[2]"}[39m
[35m[HTTP][39m [37m<-- POST /wd/hub/session/cfce9147-9f05-49e8-abf1-945f89fd1892/elements [39m[32m200[39m [90m139 ms - 124[39m
[35m[HTTP][39m [90m[39m
[35m[HTTP][39m [37m-->[39m [37mGET[39m [37m/wd/hub/session/cfce9147-9f05-49e8-abf1-945f89fd1892[39m
[35m[HTTP][39m [90m{}[39m
[35m[HTTP][39m [37m<-- GET /wd/hub/session/cfce9147-9f05-49e8-abf1-945f89fd1892 [39m[32m200[39m [90m18 ms - 1133[39m
[35m[HTTP][39m [90m[39m
[35m[HTTP][39m [37m-->[39m [37mGET[39m [37m/wd/hub/session/cfce9147-9f05-49e8-abf1-945f89fd1892[39m
[35m[HTTP][39m [90m{}[39m
[35m[HTTP][39m [37m<-- GET /wd/hub/session/cfce9147-9f05-49e8-abf1-945f89fd1892 [39m[32m200[39m [90m17 ms - 1133[39m
[35m[HTTP][39m [90m[39m
[35m[HTTP][39m [37m-->[39m [37mGET[39m [37m/wd/hub/session/cfce9147-9f05-49e8-abf1-945f89fd1892[39m
[35m[HTTP][39m [90m{}[39m
[35m[HTTP][39m [37m<-- GET /wd/hub/session/cfce9147-9f05-49e8-abf1-945f89fd1892 [39m[32m200[39m [90m8 ms - 1133[39m
[35m[HTTP][39m [90m[39m
[35m[HTTP][39m [37m-->[39m [37mGET[39m [37m/wd/hub/session/cfce9147-9f05-49e8-abf1-945f89fd1892[39m
[35m[HTTP][39m [90m{}[39m
[35m[HTTP][39m [37m<-- GET /wd/hub/session/cfce9147-9f05-49e8-abf1-945f89fd1892 [39m[32m200[39m [90m12 ms - 1133[39m
[35m[HTTP][39m [90m[39m
[35m[HTTP][39m [37m-->[39m [37mGET[39m [37m/wd/hub/session/cfce9147-9f05-49e8-abf1-945f89fd1892/element/6b20fc3a-db02-4aa8-aa6c-7587ce063f49/location[39m
[35m[HTTP][39m [90m{}[39m
[35m[W3C][39m Driver proxy active, passing request on via HTTP proxy
[35m[JSONWP Proxy][39m Replacing sessionId a05adb02-c918-4b15-89eb-a5d292183bdf with cfce9147-9f05-49e8-abf1-945f89fd1892
[35m[HTTP][39m [37m<-- GET /wd/hub/session/cfce9147-9f05-49e8-abf1-945f89fd1892/element/6b20fc3a-db02-4aa8-aa6c-7587ce063f49/location [39m[32m200[39m [90m41 ms - 88[39m
[35m[HTTP][39m [90m[39m
[35m[HTTP][39m [37m-->[39m [37mPOST[39m [37m/wd/hub/session/cfce9147-9f05-49e8-abf1-945f89fd1892/touch/perform[39m
[35m[HTTP][39m [90m{"actions":[{"action":"tap","options":{"element":"6b20fc3a-db02-4aa8-aa6c-7587ce063f49","x":1,"y":1}}]}[39m
[35m[UiAutomator2][39m calling get location: 6b20fc3a-db02-4aa8-aa6c-7587ce063f49
[35m[HTTP][39m [37m<-- POST /wd/hub/session/cfce9147-9f05-49e8-abf1-945f89fd1892/touch/perform [39m[32m200[39m [90m113 ms - 76[39m
[35m[HTTP][39m [90m[39m
[35m[HTTP][39m [37m-->[39m [37mGET[39m [37m/wd/hub/session/cfce9147-9f05-49e8-abf1-945f89fd1892/window/current/size[39m
[35m[HTTP][39m [90m{}[39m
[35m[W3C][39m Driver proxy active, passing request on via HTTP proxy
[35m[JSONWP Proxy][39m Replacing sessionId a05adb02-c918-4b15-89eb-a5d292183bdf with cfce9147-9f05-49e8-abf1-945f89fd1892
[35m[HTTP][39m [37m<-- GET /wd/hub/session/cfce9147-9f05-49e8-abf1-945f89fd1892/window/current/size [39m[32m200[39m [90m13 ms - 100[39m
[35m[HTTP][39m [90m[39m
[35m[HTTP][39m [37m-->[39m [37mPOST[39m [37m/wd/hub/session/cfce9147-9f05-49e8-abf1-945f89fd1892/elements[39m
[35m[HTTP][39m [90m{"using":"xpath","value":"//hierarchy/android.widget.FrameLayout[1]/android.widget.LinearLayout[1]/android.widget.FrameLayout[1]/android.widget.FrameLayout[1]/android.widget.FrameLayout[1]/android.widget.RelativeLayout[1]/android.widget.RelativeLayout[1]/android.widget.HorizontalScrollView[1]/android.widget.LinearLayout[1]/android.widget.ImageButton[3]"}[39m
[35m[HTTP][39m [37m<-- POST /wd/hub/session/cfce9147-9f05-49e8-abf1-945f89fd1892/elements [39m[32m200[39m [90m661 ms - 124[39m
[35m[HTTP][39m [90m[39m
[35m[HTTP][39m [37m-->[39m [37mGET[39m [37m/wd/hub/session/cfce9147-9f05-49e8-abf1-945f89fd1892[39m
[35m[HTTP][39m [90m{}[39m
[35m[HTTP][39m [37m<-- GET /wd/hub/session/cfce9147-9f05-49e8-abf1-945f89fd1892 [39m[32m200[39m [90m12 ms - 1133[39m
[35m[HTTP][39m [90m[39m
[35m[HTTP][39m [37m-->[39m [37mGET[39m [37m/wd/hub/session/cfce9147-9f05-49e8-abf1-945f89fd1892[39m
[35m[HTTP][39m [90m{}[39m
[35m[HTTP][39m [37m<-- GET /wd/hub/session/cfce9147-9f05-49e8-abf1-945f89fd1892 [39m[32m200[39m [90m12 ms - 1133[39m
[35m[HTTP][39m [90m[39m
[35m[HTTP][39m [37m-->[39m [37mGET[39m [37m/wd/hub/session/cfce9147-9f05-49e8-abf1-945f89fd1892[39m
[35m[HTTP][39m [90m{}[39m
[35m[HTTP][39m [37m<-- GET /wd/hub/session/cfce9147-9f05-49e8-abf1-945f89fd1892 [39m[32m200[39m [90m10 ms - 1133[39m
[35m[HTTP][39m [90m[39m
[35m[HTTP][39m [37m-->[39m [37mGET[39m [37m/wd/hub/session/cfce9147-9f05-49e8-abf1-945f89fd1892[39m
[35m[HTTP][39m [90m{}[39m
[35m[HTTP][39m [37m<-- GET /wd/hub/session/cfce9147-9f05-49e8-abf1-945f89fd1892 [39m[32m200[39m [90m10 ms - 1133[39m
[35m[HTTP][39m [90m[39m
[35m[HTTP][39m [37m-->[39m [37mGET[39m [37m/wd/hub/session/cfce9147-9f05-49e8-abf1-945f89fd1892/element/e2d8c90e-13ab-48b6-824d-dedaef032a09/location[39m
[35m[HTTP][39m [90m{}[39m
[35m[W3C][39m Driver proxy active, passing request on via HTTP proxy
[35m[JSONWP Proxy][39m Replacing sessionId a05adb02-c918-4b15-89eb-a5d292183bdf with cfce9147-9f05-49e8-abf1-945f89fd1892
[35m[HTTP][39m [37m<-- GET /wd/hub/session/cfce9147-9f05-49e8-abf1-945f89fd1892/element/e2d8c90e-13ab-48b6-824d-dedaef032a09/location [39m[32m200[39m [90m24 ms - 88[39m
[35m[HTTP][39m [90m[39m
[35m[HTTP][39m [37m-->[39m [37mPOST[39m [37m/wd/hub/session/cfce9147-9f05-49e8-abf1-945f89fd1892/touch/perform[39m
[35m[HTTP][39m [90m{"actions":[{"action":"tap","options":{"element":"e2d8c90e-13ab-48b6-824d-dedaef032a09","x":1,"y":1}}]}[39m
[35m[UiAutomator2][39m calling get location: e2d8c90e-13ab-48b6-824d-dedaef032a09
[35m[HTTP][39m [37m<-- POST /wd/hub/session/cfce9147-9f05-49e8-abf1-945f89fd1892/touch/perform [39m[32m200[39m [90m70 ms - 76[39m
[35m[HTTP][39m [90m[39m
[35m[HTTP][39m [37m-->[39m [37mGET[39m [37m/wd/hub/session/cfce9147-9f05-49e8-abf1-945f89fd1892/window/current/size[39m
[35m[HTTP][39m [90m{}[39m
[35m[W3C][39m Driver proxy active, passing request on via HTTP proxy
[35m[JSONWP Proxy][39m Replacing sessionId a05adb02-c918-4b15-89eb-a5d292183bdf with cfce9147-9f05-49e8-abf1-945f89fd1892
[35m[HTTP][39m [37m<-- GET /wd/hub/session/cfce9147-9f05-49e8-abf1-945f89fd1892/window/current/size [39m[32m200[39m [90m15 ms - 100[39m
[35m[HTTP][39m [90m[39m
[35m[HTTP][39m [37m-->[39m [37mPOST[39m [37m/wd/hub/session/cfce9147-9f05-49e8-abf1-945f89fd1892/elements[39m
[35m[HTTP][39m [90m{"using":"xpath","value":"//hierarchy/android.widget.FrameLayout[1]/android.widget.LinearLayout[1]/android.widget.FrameLayout[1]/android.widget.FrameLayout[1]/android.widget.FrameLayout[1]/android.widget.RelativeLayout[1]/android.widget.RelativeLayout[1]/android.widget.HorizontalScrollView[1]/android.widget.LinearLayout[1]/android.widget.ImageButton[1]"}[39m
[35m[HTTP][39m [37m<-- POST /wd/hub/session/cfce9147-9f05-49e8-abf1-945f89fd1892/elements [39m[32m200[39m [90m1221 ms - 124[39m
[35m[HTTP][39m [90m[39m
[35m[HTTP][39m [37m-->[39m [37mGET[39m [37m/wd/hub/session/cfce9147-9f05-49e8-abf1-945f89fd1892[39m
[35m[HTTP][39m [90m{}[39m
[35m[HTTP][39m [37m<-- GET /wd/hub/session/cfce9147-9f05-49e8-abf1-945f89fd1892 [39m[32m200[39m [90m24 ms - 1133[39m
[35m[HTTP][39m [90m[39m
[35m[HTTP][39m [37m-->[39m [37mGET[39m [37m/wd/hub/session/cfce9147-9f05-49e8-abf1-945f89fd1892[39m
[35m[HTTP][39m [90m{}[39m
[35m[HTTP][39m [37m<-- GET /wd/hub/session/cfce9147-9f05-49e8-abf1-945f89fd1892 [39m[32m200[39m [90m22 ms - 1133[39m
[35m[HTTP][39m [90m[39m
[35m[HTTP][39m [37m-->[39m [37mGET[39m [37m/wd/hub/session/cfce9147-9f05-49e8-abf1-945f89fd1892[39m
[35m[HTTP][39m [90m{}[39m
[35m[HTTP][39m [37m<-- GET /wd/hub/session/cfce9147-9f05-49e8-abf1-945f89fd1892 [39m[32m200[39m [90m20 ms - 1133[39m
[35m[HTTP][39m [90m[39m
[35m[HTTP][39m [37m-->[39m [37mGET[39m [37m/wd/hub/session/cfce9147-9f05-49e8-abf1-945f89fd1892[39m
[35m[HTTP][39m [90m{}[39m
[35m[HTTP][39m [37m<-- GET /wd/hub/session/cfce9147-9f05-49e8-abf1-945f89fd1892 [39m[32m200[39m [90m21 ms - 1133[39m
[35m[HTTP][39m [90m[39m
[35m[HTTP][39m [37m-->[39m [37mGET[39m [37m/wd/hub/session/cfce9147-9f05-49e8-abf1-945f89fd1892/element/7ab6d2dc-064b-4bbc-80c6-91764fc82759/location[39m
[35m[HTTP][39m [90m{}[39m
[35m[W3C][39m Driver proxy active, passing request on via HTTP proxy
[35m[JSONWP Proxy][39m Replacing sessionId a05adb02-c918-4b15-89eb-a5d292183bdf with cfce9147-9f05-49e8-abf1-945f89fd1892
[35m[HTTP][39m [37m<-- GET /wd/hub/session/cfce9147-9f05-49e8-abf1-945f89fd1892/element/7ab6d2dc-064b-4bbc-80c6-91764fc82759/location [39m[32m200[39m [90m28 ms - 86[39m
[35m[HTTP][39m [90m[39m
[35m[HTTP][39m [37m-->[39m [37mPOST[39m [37m/wd/hub/session/cfce9147-9f05-49e8-abf1-945f89fd1892/touch/perform[39m
[35m[HTTP][39m [90m{"actions":[{"action":"tap","options":{"element":"7ab6d2dc-064b-4bbc-80c6-91764fc82759","x":1,"y":1}}]}[39m
[35m[UiAutomator2][39m calling get location: 7ab6d2dc-064b-4bbc-80c6-91764fc82759
[35m[HTTP][39m [37m<-- POST /wd/hub/session/cfce9147-9f05-49e8-abf1-945f89fd1892/touch/perform [39m[32m200[39m [90m81 ms - 76[39m
[35m[HTTP][39m [90m[39m
[35m[HTTP][39m [37m-->[39m [37mGET[39m [37m/wd/hub/session/cfce9147-9f05-49e8-abf1-945f89fd1892/window/current/size[39m
[35m[HTTP][39m [90m{}[39m
[35m[W3C][39m Driver proxy active, passing request on via HTTP proxy
[35m[JSONWP Proxy][39m Replacing sessionId a05adb02-c918-4b15-89eb-a5d292183bdf with cfce9147-9f05-49e8-abf1-945f89fd1892
[35m[HTTP][39m [37m<-- GET /wd/hub/session/cfce9147-9f05-49e8-abf1-945f89fd1892/window/current/size [39m[32m200[39m [90m17 ms - 100[39m
[35m[HTTP][39m [90m[39m
[35m[HTTP][39m [37m-->[39m [37mPOST[39m [37m/wd/hub/session/cfce9147-9f05-49e8-abf1-945f89fd1892/elements[39m
[35m[HTTP][39m [90m{"using":"xpath","value":"//hierarchy/android.widget.FrameLayout[1]/android.widget.LinearLayout[1]/android.widget.FrameLayout[1]/android.widget.FrameLayout[1]/android.widget.FrameLayout[1]/android.widget.RelativeLayout[1]/android.widget.RelativeLayout[1]/android.widget.HorizontalScrollView[1]/android.widget.LinearLayout[1]/android.widget.ImageButton[4]"}[39m
[35m[HTTP][39m [37m<-- POST /wd/hub/session/cfce9147-9f05-49e8-abf1-945f89fd1892/elements [39m[32m200[39m [90m680 ms - 124[39m
[35m[HTTP][39m [90m[39m
[35m[HTTP][39m [37m-->[39m [37mGET[39m [37m/wd/hub/session/cfce9147-9f05-49e8-abf1-945f89fd1892[39m
[35m[HTTP][39m [90m{}[39m
[35m[HTTP][39m [37m<-- GET /wd/hub/session/cfce9147-9f05-49e8-abf1-945f89fd1892 [39m[32m200[39m [90m14 ms - 1133[39m
[35m[HTTP][39m [90m[39m
[35m[HTTP][39m [37m-->[39m [37mGET[39m [37m/wd/hub/session/cfce9147-9f05-49e8-abf1-945f89fd1892[39m
[35m[HTTP][39m [90m{}[39m
[35m[HTTP][39m [37m<-- GET /wd/hub/session/cfce9147-9f05-49e8-abf1-945f89fd1892 [39m[32m200[39m [90m13 ms - 1133[39m
[35m[HTTP][39m [90m[39m
[35m[HTTP][39m [37m-->[39m [37mGET[39m [37m/wd/hub/session/cfce9147-9f05-49e8-abf1-945f89fd1892[39m
[35m[HTTP][39m [90m{}[39m
[35m[HTTP][39m [37m<-- GET /wd/hub/session/cfce9147-9f05-49e8-abf1-945f89fd1892 [39m[32m200[39m [90m13 ms - 1133[39m
[35m[HTTP][39m [90m[39m
[35m[HTTP][39m [37m-->[39m [37mGET[39m [37m/wd/hub/session/cfce9147-9f05-49e8-abf1-945f89fd1892[39m
[35m[HTTP][39m [90m{}[39m
[35m[HTTP][39m [37m<-- GET /wd/hub/session/cfce9147-9f05-49e8-abf1-945f89fd1892 [39m[32m200[39m [90m17 ms - 1133[39m
[35m[HTTP][39m [90m[39m
[35m[HTTP][39m [37m-->[39m [37mGET[39m [37m/wd/hub/session/cfce9147-9f05-49e8-abf1-945f89fd1892/element/3d0d977a-37b8-4c4d-86fa-0feb27ba5530/location[39m
[35m[HTTP][39m [90m{}[39m
[35m[W3C][39m Driver proxy active, passing request on via HTTP proxy
[35m[JSONWP Proxy][39m Replacing sessionId a05adb02-c918-4b15-89eb-a5d292183bdf with cfce9147-9f05-49e8-abf1-945f89fd1892
[35m[HTTP][39m [37m<-- GET /wd/hub/session/cfce9147-9f05-49e8-abf1-945f89fd1892/element/3d0d977a-37b8-4c4d-86fa-0feb27ba5530/location [39m[32m200[39m [90m27 ms - 89[39m
[35m[HTTP][39m [90m[39m
[35m[HTTP][39m [37m-->[39m [37mPOST[39m [37m/wd/hub/session/cfce9147-9f05-49e8-abf1-945f89fd1892/touch/perform[39m
[35m[HTTP][39m [90m{"actions":[{"action":"tap","options":{"element":"3d0d977a-37b8-4c4d-86fa-0feb27ba5530","x":1,"y":1}}]}[39m
[35m[UiAutomator2][39m calling get location: 3d0d977a-37b8-4c4d-86fa-0feb27ba5530
[35m[HTTP][39m [37m<-- POST /wd/hub/session/cfce9147-9f05-49e8-abf1-945f89fd1892/touch/perform [39m[32m200[39m [90m79 ms - 76[39m
[35m[HTTP][39m [90m[39m
[35m[HTTP][39m [37m-->[39m [37mGET[39m [37m/wd/hub/session/cfce9147-9f05-49e8-abf1-945f89fd1892/context[39m
[35m[HTTP][39m [90m{}[39m
[35m[HTTP][39m [37m<-- GET /wd/hub/session/cfce9147-9f05-49e8-abf1-945f89fd1892/context [39m[32m200[39m [90m2 ms - 84[39m
[35m[HTTP][39m [90m[39m
[35m[HTTP][39m [37m-->[39m [37mGET[39m [37m/wd/hub/session/cfce9147-9f05-49e8-abf1-945f89fd1892/contexts[39m
[35m[HTTP][39m [90m{}[39m
[35m[HTTP][39m [37m<-- GET /wd/hub/session/cfce9147-9f05-49e8-abf1-945f89fd1892/contexts [39m[32m200[39m [90m151 ms - 130[39m
[35m[HTTP][39m [90m[39m
[35m[HTTP][39m [37m-->[39m [37mPOST[39m [37m/wd/hub/session/cfce9147-9f05-49e8-abf1-945f89fd1892/context[39m
[35m[HTTP][39m [90m{"name":"NATIVE_APP"}[39m
[35m[HTTP][39m [37m<-- POST /wd/hub/session/cfce9147-9f05-49e8-abf1-945f89fd1892/context [39m[32m200[39m [90m134 ms - 76[39m
[35m[HTTP][39m [90m[39m
[35m[HTTP][39m [37m-->[39m [37mPOST[39m [37m/wd/hub/session/cfce9147-9f05-49e8-abf1-945f89fd1892/appium/device/press_keycode[39m
[35m[HTTP][39m [90m{"keycode":4}[39m
[35m[HTTP][39m [37m<-- POST /wd/hub/session/cfce9147-9f05-49e8-abf1-945f89fd1892/appium/device/press_keycode [39m[32m200[39m [90m835 ms - 76[39m
[35m[HTTP][39m [90m[39m
[35m[HTTP][39m [37m-->[39m [37mPOST[39m [37m/wd/hub/session/cfce9147-9f05-49e8-abf1-945f89fd1892/context[39m
[35m[HTTP][39m [90m{"name":"NATIVE_APP"}[39m
[35m[HTTP][39m [37m<-- POST /wd/hub/session/cfce9147-9f05-49e8-abf1-945f89fd1892/context [39m[32m200[39m [90m139 ms - 76[39m
[35m[HTTP][39m [90m[39m
[35m[HTTP][39m [37m-->[39m [37mGET[39m [37m/wd/hub/session/cfce9147-9f05-49e8-abf1-945f89fd1892/window/current/size[39m
[35m[HTTP][39m [90m{}[39m
[35m[W3C][39m Driver proxy active, passing request on via HTTP proxy
[35m[JSONWP Proxy][39m Replacing sessionId a05adb02-c918-4b15-89eb-a5d292183bdf with cfce9147-9f05-49e8-abf1-945f89fd1892
[35m[HTTP][39m [37m<-- GET /wd/hub/session/cfce9147-9f05-49e8-abf1-945f89fd1892/window/current/size [39m[32m200[39m [90m11 ms - 100[39m
[35m[HTTP][39m [90m[39m
[35m[HTTP][39m [37m-->[39m [37mPOST[39m [37m/wd/hub/session/cfce9147-9f05-49e8-abf1-945f89fd1892/elements[39m
[35m[HTTP][39m [90m{"using":"-android uiautomator","value":"new UiSelector().className(\"android.widget.Button\").text(\"YES\").resourceId(\"android:id/button1\").instance(1)"}[39m
[35m[HTTP][39m [37m<-- POST /wd/hub/session/cfce9147-9f05-49e8-abf1-945f89fd1892/elements [39m[32m200[39m [90m727 ms - 124[39m
[35m[HTTP][39m [90m[39m
[35m[HTTP][39m [37m-->[39m [37mGET[39m [37m/wd/hub/session/cfce9147-9f05-49e8-abf1-945f89fd1892[39m
[35m[HTTP][39m [90m{}[39m
[35m[HTTP][39m [37m<-- GET /wd/hub/session/cfce9147-9f05-49e8-abf1-945f89fd1892 [39m[32m200[39m [90m24 ms - 1133[39m
[35m[HTTP][39m [90m[39m
[35m[HTTP][39m [37m-->[39m [37mGET[39m [37m/wd/hub/session/cfce9147-9f05-49e8-abf1-945f89fd1892[39m
[35m[HTTP][39m [90m{}[39m
[35m[HTTP][39m [37m<-- GET /wd/hub/session/cfce9147-9f05-49e8-abf1-945f89fd1892 [39m[32m200[39m [90m20 ms - 1133[39m
[35m[HTTP][39m [90m[39m
[35m[HTTP][39m [37m-->[39m [37mGET[39m [37m/wd/hub/session/cfce9147-9f05-49e8-abf1-945f89fd1892[39m
[35m[HTTP][39m [90m{}[39m
[35m[HTTP][39m [37m<-- GET /wd/hub/session/cfce9147-9f05-49e8-abf1-945f89fd1892 [39m[32m200[39m [90m19 ms - 1133[39m
[35m[HTTP][39m [90m[39m
[35m[HTTP][39m [37m-->[39m [37mGET[39m [37m/wd/hub/session/cfce9147-9f05-49e8-abf1-945f89fd1892[39m
[35m[HTTP][39m [90m{}[39m
[35m[HTTP][39m [37m<-- GET /wd/hub/session/cfce9147-9f05-49e8-abf1-945f89fd1892 [39m[32m200[39m [90m20 ms - 1133[39m
[35m[HTTP][39m [90m[39m
[35m[HTTP][39m [37m-->[39m [37mGET[39m [37m/wd/hub/session/cfce9147-9f05-49e8-abf1-945f89fd1892/element/1d3b6585-1259-4427-bfc7-82cf40eb0c9c/location[39m
[35m[HTTP][39m [90m{}[39m
[35m[W3C][39m Driver proxy active, passing request on via HTTP proxy
[35m[JSONWP Proxy][39m Replacing sessionId a05adb02-c918-4b15-89eb-a5d292183bdf with cfce9147-9f05-49e8-abf1-945f89fd1892
[35m[HTTP][39m [37m<-- GET /wd/hub/session/cfce9147-9f05-49e8-abf1-945f89fd1892/element/1d3b6585-1259-4427-bfc7-82cf40eb0c9c/location [39m[32m200[39m [90m34 ms - 91[39m
[35m[HTTP][39m [90m[39m
[35m[HTTP][39m [37m-->[39m [37mPOST[39m [37m/wd/hub/session/cfce9147-9f05-49e8-abf1-945f89fd1892/touch/perform[39m
[35m[HTTP][39m [90m{"actions":[{"action":"tap","options":{"element":"1d3b6585-1259-4427-bfc7-82cf40eb0c9c","x":1,"y":1}}]}[39m
[35m[UiAutomator2][39m calling get location: 1d3b6585-1259-4427-bfc7-82cf40eb0c9c
[35m[HTTP][39m [37m<-- POST /wd/hub/session/cfce9147-9f05-49e8-abf1-945f89fd1892/touch/perform [39m[32m200[39m [90m1344 ms - 76[39m
[35m[HTTP][39m [90m[39m
[35m[HTTP][39m [37m-->[39m [37mDELETE[39m [37m/wd/hub/session/cfce9147-9f05-49e8-abf1-945f89fd1892[39m
[35m[HTTP][39m [90m{}[39m
[35m[Appium][39m Removing session cfce9147-9f05-49e8-abf1-945f89fd1892 from our master session list
[35m[ADB][39m com.abaxis.vetscan_vue.dev was successfully uninstalled
[35m[HTTP][39m [37m<-- DELETE /wd/hub/session/cfce9147-9f05-49e8-abf1-945f89fd1892 [39m[32m200[39m [90m4659 ms - 76[39m
[35m[HTTP][39m [90m[39m
