<?xml version="1.0" encoding="UTF-8" standalone="no"?>
<!DOCTYPE log SYSTEM "logger.dtd">
<log>
<record>
  <date>2018-09-14T11:40:53</date>
  <millis>1536918053849</millis>
  <sequence>0</sequence>
  <level>START</level>
  <class>com.kms.katalon.core.logging.KeywordLogger</class>
  <method>startSuite</method>
  <thread>1</thread>
  <message>Start Test Suite : Test Suites/TS_Mobile</message>
  <nestedLevel>0</nestedLevel>
  <property name="name">TS_Mobile</property>
  <property name="description"></property>
  <property name="id">Test Suites/TS_Mobile</property>
</record>
<record>
  <date>2018-09-14T11:40:53</date>
  <millis>1536918053864</millis>
  <sequence>1</sequence>
  <level>RUN_DATA</level>
  <class>com.kms.katalon.core.logging.KeywordLogger</class>
  <method>logMessage</method>
  <thread>1</thread>
  <message>Logging run data &amp;apos;hostName&amp;apos; with value &amp;apos;Agato - 192.168.1.11&amp;apos;</message>
  <nestedLevel>0</nestedLevel>
  <property name="hostName">Agato - 192.168.1.11</property>
</record>
<record>
  <date>2018-09-14T11:40:53</date>
  <millis>1536918053865</millis>
  <sequence>2</sequence>
  <level>RUN_DATA</level>
  <class>com.kms.katalon.core.logging.KeywordLogger</class>
  <method>logMessage</method>
  <thread>1</thread>
  <message>Logging run data &amp;apos;os&amp;apos; with value &amp;apos;Windows 10 64bit&amp;apos;</message>
  <nestedLevel>0</nestedLevel>
  <property name="os">Windows 10 64bit</property>
</record>
<record>
  <date>2018-09-14T11:40:53</date>
  <millis>1536918053866</millis>
  <sequence>3</sequence>
  <level>RUN_DATA</level>
  <class>com.kms.katalon.core.logging.KeywordLogger</class>
  <method>logMessage</method>
  <thread>1</thread>
  <message>Logging run data &amp;apos;hostAddress&amp;apos; with value &amp;apos;192.168.1.11&amp;apos;</message>
  <nestedLevel>0</nestedLevel>
  <property name="hostAddress">192.168.1.11</property>
</record>
<record>
  <date>2018-09-14T11:40:53</date>
  <millis>1536918053867</millis>
  <sequence>4</sequence>
  <level>RUN_DATA</level>
  <class>com.kms.katalon.core.logging.KeywordLogger</class>
  <method>logMessage</method>
  <thread>1</thread>
  <message>Logging run data &amp;apos;katalonVersion&amp;apos; with value &amp;apos;5.7.0.1&amp;apos;</message>
  <nestedLevel>0</nestedLevel>
  <property name="katalonVersion">5.7.0.1</property>
</record>
<record>
  <date>2018-09-14T11:40:54</date>
  <millis>1536918054201</millis>
  <sequence>5</sequence>
  <level>START</level>
  <class>com.kms.katalon.core.logging.KeywordLogger</class>
  <method>startTest</method>
  <thread>1</thread>
  <message>Start Test Case : Test Cases/Android/TC/TC_LoginApp</message>
  <nestedLevel>1</nestedLevel>
  <property name="name">Test Cases/Android/TC/TC_LoginApp</property>
  <property name="description"></property>
  <property name="id">Test Cases/Android/TC/TC_LoginApp</property>
  <property name="source">C:\\Users\\Agato\\git\\Abaxis\\Test Cases\\Android\\TC\\TC_LoginApp.tc</property>
  <property name="isOptional">false</property>
</record>
<record>
  <date>2018-09-14T11:40:54</date>
  <millis>1536918054225</millis>
  <sequence>6</sequence>
  <level>INFO</level>
  <class>com.kms.katalon.core.logging.KeywordLogger</class>
  <method>logMessage</method>
  <thread>1</thread>
  <message>Evaluating variables for test case</message>
  <nestedLevel>1</nestedLevel>
</record>
<record>
  <date>2018-09-14T11:40:54</date>
  <millis>1536918054653</millis>
  <sequence>7</sequence>
  <level>START</level>
  <class>com.kms.katalon.core.logging.KeywordLogger</class>
  <method>startKeyword</method>
  <thread>1</thread>
  <message>Start action : callTestCase</message>
  <nestedLevel>1</nestedLevel>
  <property name="startLine">22</property>
  <property name="stepIndex">1</property>
</record>
<record>
  <date>2018-09-14T11:40:54</date>
  <millis>1536918054728</millis>
  <sequence>8</sequence>
  <level>INFO</level>
  <class>com.kms.katalon.core.logging.KeywordLogger</class>
  <method>logMessage</method>
  <thread>1</thread>
  <message>Checking called Test Case</message>
  <nestedLevel>1</nestedLevel>
</record>
<record>
  <date>2018-09-14T11:40:54</date>
  <millis>1536918054729</millis>
  <sequence>9</sequence>
  <level>INFO</level>
  <class>com.kms.katalon.core.logging.KeywordLogger</class>
  <method>logMessage</method>
  <thread>1</thread>
  <message>Starting to call Test Case &amp;apos;Test Cases/Android/Lib/OpenApp&amp;apos;</message>
  <nestedLevel>1</nestedLevel>
</record>
<record>
  <date>2018-09-14T11:40:54</date>
  <millis>1536918054782</millis>
  <sequence>10</sequence>
  <level>START</level>
  <class>com.kms.katalon.core.logging.KeywordLogger</class>
  <method>startTest</method>
  <thread>1</thread>
  <message>Start Test Case : Test Cases/Android/Lib/OpenApp</message>
  <nestedLevel>2</nestedLevel>
  <property name="name">Test Cases/Android/Lib/OpenApp</property>
  <property name="description"></property>
  <property name="id">Test Cases/Android/Lib/OpenApp</property>
  <property name="source">C:\\Users\\Agato\\git\\Abaxis\\Test Cases\\Android\\Lib\\OpenApp.tc</property>
  <property name="isOptional">false</property>
</record>
<record>
  <date>2018-09-14T11:40:54</date>
  <millis>1536918054802</millis>
  <sequence>11</sequence>
  <level>INFO</level>
  <class>com.kms.katalon.core.logging.KeywordLogger</class>
  <method>logMessage</method>
  <thread>1</thread>
  <message>Evaluating variables for test case</message>
  <nestedLevel>2</nestedLevel>
</record>
<record>
  <date>2018-09-14T11:40:54</date>
  <millis>1536918054942</millis>
  <sequence>12</sequence>
  <level>START</level>
  <class>com.kms.katalon.core.logging.KeywordLogger</class>
  <method>startKeyword</method>
  <thread>1</thread>
  <message>Start action : startApplication</message>
  <nestedLevel>1</nestedLevel>
  <property name="startLine">22</property>
  <property name="stepIndex">1</property>
</record>
<record>
  <date>2018-09-14T11:40:55</date>
  <millis>1536918055094</millis>
  <sequence>13</sequence>
  <level>INFO</level>
  <class>com.kms.katalon.core.logging.KeywordLogger</class>
  <method>logMessage</method>
  <thread>1</thread>
  <message>Starting app at: &amp;apos;C:\\temp\\app-development-debug.apk&amp;apos;</message>
  <nestedLevel>2</nestedLevel>
</record>
<record>
  <date>2018-09-14T11:40:58</date>
  <millis>1536918058589</millis>
  <sequence>14</sequence>
  <level>INFO</level>
  <class>com.kms.katalon.core.logging.KeywordLogger</class>
  <method>logMessage</method>
  <thread>1</thread>
  <message>Appium server started on port 65.499</message>
  <nestedLevel>2</nestedLevel>
</record>
<record>
  <date>2018-09-14T11:41:57</date>
  <millis>1536918117693</millis>
  <sequence>16</sequence>
  <level>RUN_DATA</level>
  <class>com.kms.katalon.core.logging.KeywordLogger</class>
  <method>logMessage</method>
  <thread>1</thread>
  <message>Logging run data &amp;apos;appiumVersion&amp;apos; with value &amp;apos;1.8.1&amp;apos;</message>
  <nestedLevel>2</nestedLevel>
  <property name="appiumVersion">1.8.1</property>
</record>
<record>
  <date>2018-09-14T11:41:57</date>
  <millis>1536918117714</millis>
  <sequence>17</sequence>
  <level>RUN_DATA</level>
  <class>com.kms.katalon.core.logging.KeywordLogger</class>
  <method>logMessage</method>
  <thread>1</thread>
  <message>Logging run data &amp;apos;deviceId&amp;apos; with value &amp;apos;10160a0973263f03&amp;apos;</message>
  <nestedLevel>2</nestedLevel>
  <property name="deviceId">10160a0973263f03</property>
</record>
<record>
  <date>2018-09-14T11:41:57</date>
  <millis>1536918117715</millis>
  <sequence>18</sequence>
  <level>RUN_DATA</level>
  <class>com.kms.katalon.core.logging.KeywordLogger</class>
  <method>logMessage</method>
  <thread>1</thread>
  <message>Logging run data &amp;apos;deviceName&amp;apos; with value &amp;apos;samsung SM-G920F (Android 7.0)&amp;apos;</message>
  <nestedLevel>2</nestedLevel>
  <property name="deviceName">samsung SM-G920F (Android 7.0)</property>
</record>
<record>
  <date>2018-09-14T11:41:57</date>
  <millis>1536918117715</millis>
  <sequence>19</sequence>
  <level>RUN_DATA</level>
  <class>com.kms.katalon.core.logging.KeywordLogger</class>
  <method>logMessage</method>
  <thread>1</thread>
  <message>Logging run data &amp;apos;deviceModel&amp;apos; with value &amp;apos;SM-G920F&amp;apos;</message>
  <nestedLevel>2</nestedLevel>
  <property name="deviceModel">SM-G920F</property>
</record>
<record>
  <date>2018-09-14T11:41:57</date>
  <millis>1536918117716</millis>
  <sequence>20</sequence>
  <level>RUN_DATA</level>
  <class>com.kms.katalon.core.logging.KeywordLogger</class>
  <method>logMessage</method>
  <thread>1</thread>
  <message>Logging run data &amp;apos;deviceManufacturer&amp;apos; with value &amp;apos;samsung&amp;apos;</message>
  <nestedLevel>2</nestedLevel>
  <property name="deviceManufacturer">samsung</property>
</record>
<record>
  <date>2018-09-14T11:41:57</date>
  <millis>1536918117716</millis>
  <sequence>21</sequence>
  <level>RUN_DATA</level>
  <class>com.kms.katalon.core.logging.KeywordLogger</class>
  <method>logMessage</method>
  <thread>1</thread>
  <message>Logging run data &amp;apos;deviceOS&amp;apos; with value &amp;apos;Android&amp;apos;</message>
  <nestedLevel>2</nestedLevel>
  <property name="deviceOS">Android</property>
</record>
<record>
  <date>2018-09-14T11:41:57</date>
  <millis>1536918117717</millis>
  <sequence>22</sequence>
  <level>RUN_DATA</level>
  <class>com.kms.katalon.core.logging.KeywordLogger</class>
  <method>logMessage</method>
  <thread>1</thread>
  <message>Logging run data &amp;apos;deviceOSVersion&amp;apos; with value &amp;apos;7.0&amp;apos;</message>
  <nestedLevel>2</nestedLevel>
  <property name="deviceOSVersion">7.0</property>
</record>
<record>
  <date>2018-09-14T11:41:57</date>
  <millis>1536918117734</millis>
  <sequence>23</sequence>
  <level>PASSED</level>
  <class>com.kms.katalon.core.logging.KeywordLogger</class>
  <method>logMessage</method>
  <thread>1</thread>
  <message>Started app at: &amp;apos;C:\\temp\\app-development-debug.apk&amp;apos;</message>
  <nestedLevel>2</nestedLevel>
</record>
<record>
  <date>2018-09-14T11:41:57</date>
  <millis>1536918117734</millis>
  <sequence>24</sequence>
  <level>END</level>
  <class>com.kms.katalon.core.logging.KeywordLogger</class>
  <method>endKeyword</method>
  <thread>1</thread>
  <message>End action : startApplication</message>
  <nestedLevel>1</nestedLevel>
</record>
<record>
  <date>2018-09-14T11:41:57</date>
  <millis>1536918117734</millis>
  <sequence>25</sequence>
  <level>PASSED</level>
  <class>com.kms.katalon.core.logging.KeywordLogger</class>
  <method>logMessage</method>
  <thread>1</thread>
  <message>Test Cases/Android/Lib/OpenApp</message>
  <nestedLevel>2</nestedLevel>
</record>
<record>
  <date>2018-09-14T11:41:57</date>
  <millis>1536918117735</millis>
  <sequence>26</sequence>
  <level>END</level>
  <class>com.kms.katalon.core.logging.KeywordLogger</class>
  <method>endTest</method>
  <thread>1</thread>
  <message>End Test Case : Test Cases/Android/Lib/OpenApp</message>
  <nestedLevel>1</nestedLevel>
</record>
<record>
  <date>2018-09-14T11:41:57</date>
  <millis>1536918117739</millis>
  <sequence>27</sequence>
  <level>PASSED</level>
  <class>com.kms.katalon.core.logging.KeywordLogger</class>
  <method>logMessage</method>
  <thread>1</thread>
  <message>Call Test Case &amp;apos;Test Cases/Android/Lib/OpenApp&amp;apos; successfully</message>
  <nestedLevel>1</nestedLevel>
</record>
<record>
  <date>2018-09-14T11:41:57</date>
  <millis>1536918117740</millis>
  <sequence>28</sequence>
  <level>END</level>
  <class>com.kms.katalon.core.logging.KeywordLogger</class>
  <method>endKeyword</method>
  <thread>1</thread>
  <message>End action : callTestCase</message>
  <nestedLevel>1</nestedLevel>
</record>
<record>
  <date>2018-09-14T11:41:57</date>
  <millis>1536918117740</millis>
  <sequence>29</sequence>
  <level>START</level>
  <class>com.kms.katalon.core.logging.KeywordLogger</class>
  <method>startKeyword</method>
  <thread>1</thread>
  <message>Start action : callTestCase</message>
  <nestedLevel>1</nestedLevel>
  <property name="startLine">24</property>
  <property name="stepIndex">2</property>
</record>
<record>
  <date>2018-09-14T11:41:57</date>
  <millis>1536918117747</millis>
  <sequence>30</sequence>
  <level>INFO</level>
  <class>com.kms.katalon.core.logging.KeywordLogger</class>
  <method>logMessage</method>
  <thread>1</thread>
  <message>Checking called Test Case</message>
  <nestedLevel>1</nestedLevel>
</record>
<record>
  <date>2018-09-14T11:41:57</date>
  <millis>1536918117747</millis>
  <sequence>31</sequence>
  <level>INFO</level>
  <class>com.kms.katalon.core.logging.KeywordLogger</class>
  <method>logMessage</method>
  <thread>1</thread>
  <message>Starting to call Test Case &amp;apos;Test Cases/Android/Lib/EndToEnd&amp;apos;</message>
  <nestedLevel>1</nestedLevel>
</record>
<record>
  <date>2018-09-14T11:41:57</date>
  <millis>1536918117801</millis>
  <sequence>32</sequence>
  <level>START</level>
  <class>com.kms.katalon.core.logging.KeywordLogger</class>
  <method>startTest</method>
  <thread>1</thread>
  <message>Start Test Case : Test Cases/Android/Lib/EndToEnd</message>
  <nestedLevel>2</nestedLevel>
  <property name="name">Test Cases/Android/Lib/EndToEnd</property>
  <property name="description"></property>
  <property name="id">Test Cases/Android/Lib/EndToEnd</property>
  <property name="source">C:\\Users\\Agato\\git\\Abaxis\\Test Cases\\Android\\Lib\\EndToEnd.tc</property>
  <property name="isOptional">false</property>
</record>
<record>
  <date>2018-09-14T11:41:57</date>
  <millis>1536918117817</millis>
  <sequence>33</sequence>
  <level>INFO</level>
  <class>com.kms.katalon.core.logging.KeywordLogger</class>
  <method>logMessage</method>
  <thread>1</thread>
  <message>Evaluating variables for test case</message>
  <nestedLevel>2</nestedLevel>
</record>
<record>
  <date>2018-09-14T11:41:57</date>
  <millis>1536918117935</millis>
  <sequence>34</sequence>
  <level>START</level>
  <class>com.kms.katalon.core.logging.KeywordLogger</class>
  <method>startKeyword</method>
  <thread>1</thread>
  <message>Start action : callTestCase</message>
  <nestedLevel>1</nestedLevel>
  <property name="startLine">22</property>
  <property name="stepIndex">1</property>
</record>
<record>
  <date>2018-09-14T11:41:57</date>
  <millis>1536918117942</millis>
  <sequence>35</sequence>
  <level>INFO</level>
  <class>com.kms.katalon.core.logging.KeywordLogger</class>
  <method>logMessage</method>
  <thread>1</thread>
  <message>Checking called Test Case</message>
  <nestedLevel>2</nestedLevel>
</record>
<record>
  <date>2018-09-14T11:41:57</date>
  <millis>1536918117943</millis>
  <sequence>36</sequence>
  <level>INFO</level>
  <class>com.kms.katalon.core.logging.KeywordLogger</class>
  <method>logMessage</method>
  <thread>1</thread>
  <message>Starting to call Test Case &amp;apos;Test Cases/Android/Lib/Onboarding&amp;apos;</message>
  <nestedLevel>2</nestedLevel>
</record>
<record>
  <date>2018-09-14T11:41:57</date>
  <millis>1536918117995</millis>
  <sequence>37</sequence>
  <level>START</level>
  <class>com.kms.katalon.core.logging.KeywordLogger</class>
  <method>startTest</method>
  <thread>1</thread>
  <message>Start Test Case : Test Cases/Android/Lib/Onboarding</message>
  <nestedLevel>3</nestedLevel>
  <property name="name">Test Cases/Android/Lib/Onboarding</property>
  <property name="description"></property>
  <property name="id">Test Cases/Android/Lib/Onboarding</property>
  <property name="source">C:\\Users\\Agato\\git\\Abaxis\\Test Cases\\Android\\Lib\\Onboarding.tc</property>
  <property name="isOptional">false</property>
</record>
<record>
  <date>2018-09-14T11:41:58</date>
  <millis>1536918118003</millis>
  <sequence>38</sequence>
  <level>INFO</level>
  <class>com.kms.katalon.core.logging.KeywordLogger</class>
  <method>logMessage</method>
  <thread>1</thread>
  <message>Evaluating variables for test case</message>
  <nestedLevel>3</nestedLevel>
</record>
<record>
  <date>2018-09-14T11:41:58</date>
  <millis>1536918118147</millis>
  <sequence>39</sequence>
  <level>START</level>
  <class>com.kms.katalon.core.logging.KeywordLogger</class>
  <method>startKeyword</method>
  <thread>1</thread>
  <message>Start action : tap</message>
  <nestedLevel>1</nestedLevel>
  <property name="startLine">22</property>
  <property name="stepIndex">1</property>
</record>
<record>
  <date>2018-09-14T11:41:58</date>
  <millis>1536918118159</millis>
  <sequence>40</sequence>
  <level>INFO</level>
  <class>com.kms.katalon.core.logging.KeywordLogger</class>
  <method>logMessage</method>
  <thread>1</thread>
  <message>Finding Test Object with id &amp;apos;Object Repository/Android/WF1/android.widget.ImageView1&amp;apos;</message>
  <nestedLevel>3</nestedLevel>
</record>
<record>
  <date>2018-09-14T11:41:58</date>
  <millis>1536918118189</millis>
  <sequence>41</sequence>
  <level>INFO</level>
  <class>com.kms.katalon.core.logging.KeywordLogger</class>
  <method>logMessage</method>
  <thread>1</thread>
  <message>Checking object</message>
  <nestedLevel>3</nestedLevel>
</record>
<record>
  <date>2018-09-14T11:41:58</date>
  <millis>1536918118190</millis>
  <sequence>42</sequence>
  <level>INFO</level>
  <class>com.kms.katalon.core.logging.KeywordLogger</class>
  <method>logMessage</method>
  <thread>1</thread>
  <message>Checking timeout</message>
  <nestedLevel>3</nestedLevel>
</record>
<record>
  <date>2018-09-14T11:41:58</date>
  <millis>1536918118190</millis>
  <sequence>43</sequence>
  <level>WARNING</level>
  <class>com.kms.katalon.core.logging.KeywordLogger</class>
  <method>logMessage</method>
  <thread>1</thread>
  <message>Timeout &amp;apos;0&amp;apos; is invalid. Using default page load timeout: &amp;apos;30&amp;apos;</message>
  <nestedLevel>3</nestedLevel>
</record>
<record>
  <date>2018-09-14T11:42:00</date>
  <millis>1536918120865</millis>
  <sequence>44</sequence>
  <level>PASSED</level>
  <class>com.kms.katalon.core.logging.KeywordLogger</class>
  <method>logMessage</method>
  <thread>1</thread>
  <message>Tapped on element &amp;apos;Object Repository/Android/WF1/android.widget.ImageView1&amp;apos;</message>
  <nestedLevel>3</nestedLevel>
</record>
<record>
  <date>2018-09-14T11:42:00</date>
  <millis>1536918120865</millis>
  <sequence>45</sequence>
  <level>END</level>
  <class>com.kms.katalon.core.logging.KeywordLogger</class>
  <method>endKeyword</method>
  <thread>1</thread>
  <message>End action : tap</message>
  <nestedLevel>1</nestedLevel>
</record>
<record>
  <date>2018-09-14T11:42:00</date>
  <millis>1536918120865</millis>
  <sequence>46</sequence>
  <level>START</level>
  <class>com.kms.katalon.core.logging.KeywordLogger</class>
  <method>startKeyword</method>
  <thread>1</thread>
  <message>Start action : tap</message>
  <nestedLevel>1</nestedLevel>
  <property name="startLine">24</property>
  <property name="stepIndex">2</property>
</record>
<record>
  <date>2018-09-14T11:42:00</date>
  <millis>1536918120872</millis>
  <sequence>47</sequence>
  <level>INFO</level>
  <class>com.kms.katalon.core.logging.KeywordLogger</class>
  <method>logMessage</method>
  <thread>1</thread>
  <message>Finding Test Object with id &amp;apos;Object Repository/Android/WF1/android.widget.Button0 - LOGIN&amp;apos;</message>
  <nestedLevel>3</nestedLevel>
</record>
<record>
  <date>2018-09-14T11:42:00</date>
  <millis>1536918120877</millis>
  <sequence>48</sequence>
  <level>INFO</level>
  <class>com.kms.katalon.core.logging.KeywordLogger</class>
  <method>logMessage</method>
  <thread>1</thread>
  <message>Checking object</message>
  <nestedLevel>3</nestedLevel>
</record>
<record>
  <date>2018-09-14T11:42:00</date>
  <millis>1536918120878</millis>
  <sequence>49</sequence>
  <level>INFO</level>
  <class>com.kms.katalon.core.logging.KeywordLogger</class>
  <method>logMessage</method>
  <thread>1</thread>
  <message>Checking timeout</message>
  <nestedLevel>3</nestedLevel>
</record>
<record>
  <date>2018-09-14T11:42:00</date>
  <millis>1536918120879</millis>
  <sequence>50</sequence>
  <level>WARNING</level>
  <class>com.kms.katalon.core.logging.KeywordLogger</class>
  <method>logMessage</method>
  <thread>1</thread>
  <message>Timeout &amp;apos;0&amp;apos; is invalid. Using default page load timeout: &amp;apos;30&amp;apos;</message>
  <nestedLevel>3</nestedLevel>
</record>
<record>
  <date>2018-09-14T11:42:03</date>
  <millis>1536918123525</millis>
  <sequence>51</sequence>
  <level>PASSED</level>
  <class>com.kms.katalon.core.logging.KeywordLogger</class>
  <method>logMessage</method>
  <thread>1</thread>
  <message>Tapped on element &amp;apos;Object Repository/Android/WF1/android.widget.Button0 - LOGIN&amp;apos;</message>
  <nestedLevel>3</nestedLevel>
</record>
<record>
  <date>2018-09-14T11:42:03</date>
  <millis>1536918123526</millis>
  <sequence>52</sequence>
  <level>END</level>
  <class>com.kms.katalon.core.logging.KeywordLogger</class>
  <method>endKeyword</method>
  <thread>1</thread>
  <message>End action : tap</message>
  <nestedLevel>1</nestedLevel>
</record>
<record>
  <date>2018-09-14T11:42:03</date>
  <millis>1536918123526</millis>
  <sequence>53</sequence>
  <level>START</level>
  <class>com.kms.katalon.core.logging.KeywordLogger</class>
  <method>startKeyword</method>
  <thread>1</thread>
  <message>Start action : tap</message>
  <nestedLevel>1</nestedLevel>
  <property name="startLine">26</property>
  <property name="stepIndex">3</property>
</record>
<record>
  <date>2018-09-14T11:42:03</date>
  <millis>1536918123532</millis>
  <sequence>54</sequence>
  <level>INFO</level>
  <class>com.kms.katalon.core.logging.KeywordLogger</class>
  <method>logMessage</method>
  <thread>1</thread>
  <message>Finding Test Object with id &amp;apos;Object Repository/Android/WF1/android.widget.ImageView1 (1)&amp;apos;</message>
  <nestedLevel>3</nestedLevel>
</record>
<record>
  <date>2018-09-14T11:42:03</date>
  <millis>1536918123537</millis>
  <sequence>55</sequence>
  <level>INFO</level>
  <class>com.kms.katalon.core.logging.KeywordLogger</class>
  <method>logMessage</method>
  <thread>1</thread>
  <message>Checking object</message>
  <nestedLevel>3</nestedLevel>
</record>
<record>
  <date>2018-09-14T11:42:03</date>
  <millis>1536918123538</millis>
  <sequence>56</sequence>
  <level>INFO</level>
  <class>com.kms.katalon.core.logging.KeywordLogger</class>
  <method>logMessage</method>
  <thread>1</thread>
  <message>Checking timeout</message>
  <nestedLevel>3</nestedLevel>
</record>
<record>
  <date>2018-09-14T11:42:03</date>
  <millis>1536918123538</millis>
  <sequence>57</sequence>
  <level>WARNING</level>
  <class>com.kms.katalon.core.logging.KeywordLogger</class>
  <method>logMessage</method>
  <thread>1</thread>
  <message>Timeout &amp;apos;0&amp;apos; is invalid. Using default page load timeout: &amp;apos;30&amp;apos;</message>
  <nestedLevel>3</nestedLevel>
</record>
<record>
  <date>2018-09-14T11:42:04</date>
  <millis>1536918124688</millis>
  <sequence>58</sequence>
  <level>PASSED</level>
  <class>com.kms.katalon.core.logging.KeywordLogger</class>
  <method>logMessage</method>
  <thread>1</thread>
  <message>Tapped on element &amp;apos;Object Repository/Android/WF1/android.widget.ImageView1 (1)&amp;apos;</message>
  <nestedLevel>3</nestedLevel>
</record>
<record>
  <date>2018-09-14T11:42:04</date>
  <millis>1536918124689</millis>
  <sequence>59</sequence>
  <level>END</level>
  <class>com.kms.katalon.core.logging.KeywordLogger</class>
  <method>endKeyword</method>
  <thread>1</thread>
  <message>End action : tap</message>
  <nestedLevel>1</nestedLevel>
</record>
<record>
  <date>2018-09-14T11:42:04</date>
  <millis>1536918124689</millis>
  <sequence>60</sequence>
  <level>START</level>
  <class>com.kms.katalon.core.logging.KeywordLogger</class>
  <method>startKeyword</method>
  <thread>1</thread>
  <message>Start action : tap</message>
  <nestedLevel>1</nestedLevel>
  <property name="startLine">28</property>
  <property name="stepIndex">4</property>
</record>
<record>
  <date>2018-09-14T11:42:04</date>
  <millis>1536918124697</millis>
  <sequence>61</sequence>
  <level>INFO</level>
  <class>com.kms.katalon.core.logging.KeywordLogger</class>
  <method>logMessage</method>
  <thread>1</thread>
  <message>Finding Test Object with id &amp;apos;Object Repository/Android/WF1/android.widget.Button1 - YES&amp;apos;</message>
  <nestedLevel>3</nestedLevel>
</record>
<record>
  <date>2018-09-14T11:42:04</date>
  <millis>1536918124703</millis>
  <sequence>62</sequence>
  <level>INFO</level>
  <class>com.kms.katalon.core.logging.KeywordLogger</class>
  <method>logMessage</method>
  <thread>1</thread>
  <message>Checking object</message>
  <nestedLevel>3</nestedLevel>
</record>
<record>
  <date>2018-09-14T11:42:04</date>
  <millis>1536918124704</millis>
  <sequence>63</sequence>
  <level>INFO</level>
  <class>com.kms.katalon.core.logging.KeywordLogger</class>
  <method>logMessage</method>
  <thread>1</thread>
  <message>Checking timeout</message>
  <nestedLevel>3</nestedLevel>
</record>
<record>
  <date>2018-09-14T11:42:04</date>
  <millis>1536918124704</millis>
  <sequence>64</sequence>
  <level>WARNING</level>
  <class>com.kms.katalon.core.logging.KeywordLogger</class>
  <method>logMessage</method>
  <thread>1</thread>
  <message>Timeout &amp;apos;0&amp;apos; is invalid. Using default page load timeout: &amp;apos;30&amp;apos;</message>
  <nestedLevel>3</nestedLevel>
</record>
<record>
  <date>2018-09-14T11:42:07</date>
  <millis>1536918127891</millis>
  <sequence>65</sequence>
  <level>PASSED</level>
  <class>com.kms.katalon.core.logging.KeywordLogger</class>
  <method>logMessage</method>
  <thread>1</thread>
  <message>Tapped on element &amp;apos;Object Repository/Android/WF1/android.widget.Button1 - YES&amp;apos;</message>
  <nestedLevel>3</nestedLevel>
</record>
<record>
  <date>2018-09-14T11:42:07</date>
  <millis>1536918127893</millis>
  <sequence>66</sequence>
  <level>END</level>
  <class>com.kms.katalon.core.logging.KeywordLogger</class>
  <method>endKeyword</method>
  <thread>1</thread>
  <message>End action : tap</message>
  <nestedLevel>1</nestedLevel>
</record>
<record>
  <date>2018-09-14T11:42:07</date>
  <millis>1536918127893</millis>
  <sequence>67</sequence>
  <level>START</level>
  <class>com.kms.katalon.core.logging.KeywordLogger</class>
  <method>startKeyword</method>
  <thread>1</thread>
  <message>Start action : tap</message>
  <nestedLevel>1</nestedLevel>
  <property name="startLine">30</property>
  <property name="stepIndex">5</property>
</record>
<record>
  <date>2018-09-14T11:42:07</date>
  <millis>1536918127910</millis>
  <sequence>68</sequence>
  <level>INFO</level>
  <class>com.kms.katalon.core.logging.KeywordLogger</class>
  <method>logMessage</method>
  <thread>1</thread>
  <message>Finding Test Object with id &amp;apos;Object Repository/Android/WF1/android.widget.Button0 - OK&amp;apos;</message>
  <nestedLevel>3</nestedLevel>
</record>
<record>
  <date>2018-09-14T11:42:07</date>
  <millis>1536918127914</millis>
  <sequence>69</sequence>
  <level>INFO</level>
  <class>com.kms.katalon.core.logging.KeywordLogger</class>
  <method>logMessage</method>
  <thread>1</thread>
  <message>Checking object</message>
  <nestedLevel>3</nestedLevel>
</record>
<record>
  <date>2018-09-14T11:42:07</date>
  <millis>1536918127915</millis>
  <sequence>70</sequence>
  <level>INFO</level>
  <class>com.kms.katalon.core.logging.KeywordLogger</class>
  <method>logMessage</method>
  <thread>1</thread>
  <message>Checking timeout</message>
  <nestedLevel>3</nestedLevel>
</record>
<record>
  <date>2018-09-14T11:42:07</date>
  <millis>1536918127915</millis>
  <sequence>71</sequence>
  <level>WARNING</level>
  <class>com.kms.katalon.core.logging.KeywordLogger</class>
  <method>logMessage</method>
  <thread>1</thread>
  <message>Timeout &amp;apos;0&amp;apos; is invalid. Using default page load timeout: &amp;apos;30&amp;apos;</message>
  <nestedLevel>3</nestedLevel>
</record>
<record>
  <date>2018-09-14T11:42:09</date>
  <millis>1536918129059</millis>
  <sequence>72</sequence>
  <level>PASSED</level>
  <class>com.kms.katalon.core.logging.KeywordLogger</class>
  <method>logMessage</method>
  <thread>1</thread>
  <message>Tapped on element &amp;apos;Object Repository/Android/WF1/android.widget.Button0 - OK&amp;apos;</message>
  <nestedLevel>3</nestedLevel>
</record>
<record>
  <date>2018-09-14T11:42:09</date>
  <millis>1536918129059</millis>
  <sequence>73</sequence>
  <level>END</level>
  <class>com.kms.katalon.core.logging.KeywordLogger</class>
  <method>endKeyword</method>
  <thread>1</thread>
  <message>End action : tap</message>
  <nestedLevel>1</nestedLevel>
</record>
<record>
  <date>2018-09-14T11:42:09</date>
  <millis>1536918129060</millis>
  <sequence>74</sequence>
  <level>PASSED</level>
  <class>com.kms.katalon.core.logging.KeywordLogger</class>
  <method>logMessage</method>
  <thread>1</thread>
  <message>Test Cases/Android/Lib/Onboarding</message>
  <nestedLevel>3</nestedLevel>
</record>
<record>
  <date>2018-09-14T11:42:09</date>
  <millis>1536918129060</millis>
  <sequence>75</sequence>
  <level>END</level>
  <class>com.kms.katalon.core.logging.KeywordLogger</class>
  <method>endTest</method>
  <thread>1</thread>
  <message>End Test Case : Test Cases/Android/Lib/Onboarding</message>
  <nestedLevel>2</nestedLevel>
</record>
<record>
  <date>2018-09-14T11:42:09</date>
  <millis>1536918129061</millis>
  <sequence>76</sequence>
  <level>PASSED</level>
  <class>com.kms.katalon.core.logging.KeywordLogger</class>
  <method>logMessage</method>
  <thread>1</thread>
  <message>Call Test Case &amp;apos;Test Cases/Android/Lib/Onboarding&amp;apos; successfully</message>
  <nestedLevel>2</nestedLevel>
</record>
<record>
  <date>2018-09-14T11:42:09</date>
  <millis>1536918129062</millis>
  <sequence>77</sequence>
  <level>END</level>
  <class>com.kms.katalon.core.logging.KeywordLogger</class>
  <method>endKeyword</method>
  <thread>1</thread>
  <message>End action : callTestCase</message>
  <nestedLevel>1</nestedLevel>
</record>
<record>
  <date>2018-09-14T11:42:09</date>
  <millis>1536918129063</millis>
  <sequence>78</sequence>
  <level>START</level>
  <class>com.kms.katalon.core.logging.KeywordLogger</class>
  <method>startKeyword</method>
  <thread>1</thread>
  <message>Start action : callTestCase</message>
  <nestedLevel>1</nestedLevel>
  <property name="startLine">24</property>
  <property name="stepIndex">2</property>
</record>
<record>
  <date>2018-09-14T11:42:09</date>
  <millis>1536918129078</millis>
  <sequence>79</sequence>
  <level>INFO</level>
  <class>com.kms.katalon.core.logging.KeywordLogger</class>
  <method>logMessage</method>
  <thread>1</thread>
  <message>Checking called Test Case</message>
  <nestedLevel>2</nestedLevel>
</record>
<record>
  <date>2018-09-14T11:42:09</date>
  <millis>1536918129079</millis>
  <sequence>80</sequence>
  <level>INFO</level>
  <class>com.kms.katalon.core.logging.KeywordLogger</class>
  <method>logMessage</method>
  <thread>1</thread>
  <message>Starting to call Test Case &amp;apos;Test Cases/Android/Lib/Menu/VUEMenu/VUE&amp;apos;</message>
  <nestedLevel>2</nestedLevel>
</record>
<record>
  <date>2018-09-14T11:42:09</date>
  <millis>1536918129131</millis>
  <sequence>81</sequence>
  <level>START</level>
  <class>com.kms.katalon.core.logging.KeywordLogger</class>
  <method>startTest</method>
  <thread>1</thread>
  <message>Start Test Case : Test Cases/Android/Lib/Menu/VUEMenu/VUE</message>
  <nestedLevel>3</nestedLevel>
  <property name="name">Test Cases/Android/Lib/Menu/VUEMenu/VUE</property>
  <property name="description"></property>
  <property name="id">Test Cases/Android/Lib/Menu/VUEMenu/VUE</property>
  <property name="source">C:\\Users\\Agato\\git\\Abaxis\\Test Cases\\Android\\Lib\\Menu\\VUEMenu\\VUE.tc</property>
  <property name="isOptional">false</property>
</record>
<record>
  <date>2018-09-14T11:42:09</date>
  <millis>1536918129137</millis>
  <sequence>82</sequence>
  <level>INFO</level>
  <class>com.kms.katalon.core.logging.KeywordLogger</class>
  <method>logMessage</method>
  <thread>1</thread>
  <message>Evaluating variables for test case</message>
  <nestedLevel>3</nestedLevel>
</record>
<record>
  <date>2018-09-14T11:42:09</date>
  <millis>1536918129252</millis>
  <sequence>83</sequence>
  <level>START</level>
  <class>com.kms.katalon.core.logging.KeywordLogger</class>
  <method>startKeyword</method>
  <thread>1</thread>
  <message>Start action : tap</message>
  <nestedLevel>1</nestedLevel>
  <property name="startLine">23</property>
  <property name="stepIndex">1</property>
</record>
<record>
  <date>2018-09-14T11:42:09</date>
  <millis>1536918129276</millis>
  <sequence>84</sequence>
  <level>INFO</level>
  <class>com.kms.katalon.core.logging.KeywordLogger</class>
  <method>logMessage</method>
  <thread>1</thread>
  <message>Finding Test Object with id &amp;apos;Object Repository/Android/WFVUE/android.widget.ImageButton2&amp;apos;</message>
  <nestedLevel>3</nestedLevel>
</record>
<record>
  <date>2018-09-14T11:42:09</date>
  <millis>1536918129286</millis>
  <sequence>85</sequence>
  <level>INFO</level>
  <class>com.kms.katalon.core.logging.KeywordLogger</class>
  <method>logMessage</method>
  <thread>1</thread>
  <message>Checking object</message>
  <nestedLevel>3</nestedLevel>
</record>
<record>
  <date>2018-09-14T11:42:09</date>
  <millis>1536918129287</millis>
  <sequence>86</sequence>
  <level>INFO</level>
  <class>com.kms.katalon.core.logging.KeywordLogger</class>
  <method>logMessage</method>
  <thread>1</thread>
  <message>Checking timeout</message>
  <nestedLevel>3</nestedLevel>
</record>
<record>
  <date>2018-09-14T11:42:09</date>
  <millis>1536918129287</millis>
  <sequence>87</sequence>
  <level>WARNING</level>
  <class>com.kms.katalon.core.logging.KeywordLogger</class>
  <method>logMessage</method>
  <thread>1</thread>
  <message>Timeout &amp;apos;0&amp;apos; is invalid. Using default page load timeout: &amp;apos;30&amp;apos;</message>
  <nestedLevel>3</nestedLevel>
</record>
<record>
  <date>2018-09-14T11:42:09</date>
  <millis>1536918129697</millis>
  <sequence>88</sequence>
  <level>PASSED</level>
  <class>com.kms.katalon.core.logging.KeywordLogger</class>
  <method>logMessage</method>
  <thread>1</thread>
  <message>Tapped on element &amp;apos;Object Repository/Android/WFVUE/android.widget.ImageButton2&amp;apos;</message>
  <nestedLevel>3</nestedLevel>
</record>
<record>
  <date>2018-09-14T11:42:09</date>
  <millis>1536918129697</millis>
  <sequence>89</sequence>
  <level>END</level>
  <class>com.kms.katalon.core.logging.KeywordLogger</class>
  <method>endKeyword</method>
  <thread>1</thread>
  <message>End action : tap</message>
  <nestedLevel>1</nestedLevel>
</record>
<record>
  <date>2018-09-14T11:42:09</date>
  <millis>1536918129697</millis>
  <sequence>90</sequence>
  <level>PASSED</level>
  <class>com.kms.katalon.core.logging.KeywordLogger</class>
  <method>logMessage</method>
  <thread>1</thread>
  <message>Test Cases/Android/Lib/Menu/VUEMenu/VUE</message>
  <nestedLevel>3</nestedLevel>
</record>
<record>
  <date>2018-09-14T11:42:09</date>
  <millis>1536918129698</millis>
  <sequence>91</sequence>
  <level>END</level>
  <class>com.kms.katalon.core.logging.KeywordLogger</class>
  <method>endTest</method>
  <thread>1</thread>
  <message>End Test Case : Test Cases/Android/Lib/Menu/VUEMenu/VUE</message>
  <nestedLevel>2</nestedLevel>
</record>
<record>
  <date>2018-09-14T11:42:09</date>
  <millis>1536918129698</millis>
  <sequence>92</sequence>
  <level>PASSED</level>
  <class>com.kms.katalon.core.logging.KeywordLogger</class>
  <method>logMessage</method>
  <thread>1</thread>
  <message>Call Test Case &amp;apos;Test Cases/Android/Lib/Menu/VUEMenu/VUE&amp;apos; successfully</message>
  <nestedLevel>2</nestedLevel>
</record>
<record>
  <date>2018-09-14T11:42:09</date>
  <millis>1536918129698</millis>
  <sequence>93</sequence>
  <level>END</level>
  <class>com.kms.katalon.core.logging.KeywordLogger</class>
  <method>endKeyword</method>
  <thread>1</thread>
  <message>End action : callTestCase</message>
  <nestedLevel>1</nestedLevel>
</record>
<record>
  <date>2018-09-14T11:42:09</date>
  <millis>1536918129699</millis>
  <sequence>94</sequence>
  <level>START</level>
  <class>com.kms.katalon.core.logging.KeywordLogger</class>
  <method>startKeyword</method>
  <thread>1</thread>
  <message>Start action : callTestCase</message>
  <nestedLevel>1</nestedLevel>
  <property name="startLine">26</property>
  <property name="stepIndex">3</property>
</record>
<record>
  <date>2018-09-14T11:42:09</date>
  <millis>1536918129709</millis>
  <sequence>95</sequence>
  <level>INFO</level>
  <class>com.kms.katalon.core.logging.KeywordLogger</class>
  <method>logMessage</method>
  <thread>1</thread>
  <message>Checking called Test Case</message>
  <nestedLevel>2</nestedLevel>
</record>
<record>
  <date>2018-09-14T11:42:09</date>
  <millis>1536918129710</millis>
  <sequence>96</sequence>
  <level>INFO</level>
  <class>com.kms.katalon.core.logging.KeywordLogger</class>
  <method>logMessage</method>
  <thread>1</thread>
  <message>Starting to call Test Case &amp;apos;Test Cases/Android/Lib/Menu/UsersMenu/User&amp;apos;</message>
  <nestedLevel>2</nestedLevel>
</record>
<record>
  <date>2018-09-14T11:42:09</date>
  <millis>1536918129762</millis>
  <sequence>97</sequence>
  <level>START</level>
  <class>com.kms.katalon.core.logging.KeywordLogger</class>
  <method>startTest</method>
  <thread>1</thread>
  <message>Start Test Case : Test Cases/Android/Lib/Menu/UsersMenu/User</message>
  <nestedLevel>3</nestedLevel>
  <property name="name">Test Cases/Android/Lib/Menu/UsersMenu/User</property>
  <property name="description"></property>
  <property name="id">Test Cases/Android/Lib/Menu/UsersMenu/User</property>
  <property name="source">C:\\Users\\Agato\\git\\Abaxis\\Test Cases\\Android\\Lib\\Menu\\UsersMenu\\User.tc</property>
  <property name="isOptional">false</property>
</record>
<record>
  <date>2018-09-14T11:42:09</date>
  <millis>1536918129771</millis>
  <sequence>98</sequence>
  <level>INFO</level>
  <class>com.kms.katalon.core.logging.KeywordLogger</class>
  <method>logMessage</method>
  <thread>1</thread>
  <message>Evaluating variables for test case</message>
  <nestedLevel>3</nestedLevel>
</record>
<record>
  <date>2018-09-14T11:42:09</date>
  <millis>1536918129873</millis>
  <sequence>99</sequence>
  <level>START</level>
  <class>com.kms.katalon.core.logging.KeywordLogger</class>
  <method>startKeyword</method>
  <thread>1</thread>
  <message>Start action : tap</message>
  <nestedLevel>1</nestedLevel>
  <property name="startLine">23</property>
  <property name="stepIndex">1</property>
  <property name="description">Users\r\n</property>
</record>
<record>
  <date>2018-09-14T11:42:09</date>
  <millis>1536918129877</millis>
  <sequence>100</sequence>
  <level>INFO</level>
  <class>com.kms.katalon.core.logging.KeywordLogger</class>
  <method>logMessage</method>
  <thread>1</thread>
  <message>Finding Test Object with id &amp;apos;Object Repository/Android/WF1/android.widget.ImageButton3&amp;apos;</message>
  <nestedLevel>3</nestedLevel>
</record>
<record>
  <date>2018-09-14T11:42:09</date>
  <millis>1536918129880</millis>
  <sequence>101</sequence>
  <level>INFO</level>
  <class>com.kms.katalon.core.logging.KeywordLogger</class>
  <method>logMessage</method>
  <thread>1</thread>
  <message>Checking object</message>
  <nestedLevel>3</nestedLevel>
</record>
<record>
  <date>2018-09-14T11:42:09</date>
  <millis>1536918129880</millis>
  <sequence>102</sequence>
  <level>INFO</level>
  <class>com.kms.katalon.core.logging.KeywordLogger</class>
  <method>logMessage</method>
  <thread>1</thread>
  <message>Checking timeout</message>
  <nestedLevel>3</nestedLevel>
</record>
<record>
  <date>2018-09-14T11:42:09</date>
  <millis>1536918129881</millis>
  <sequence>103</sequence>
  <level>WARNING</level>
  <class>com.kms.katalon.core.logging.KeywordLogger</class>
  <method>logMessage</method>
  <thread>1</thread>
  <message>Timeout &amp;apos;0&amp;apos; is invalid. Using default page load timeout: &amp;apos;30&amp;apos;</message>
  <nestedLevel>3</nestedLevel>
</record>
<record>
  <date>2018-09-14T11:42:10</date>
  <millis>1536918130726</millis>
  <sequence>104</sequence>
  <level>PASSED</level>
  <class>com.kms.katalon.core.logging.KeywordLogger</class>
  <method>logMessage</method>
  <thread>1</thread>
  <message>Tapped on element &amp;apos;Object Repository/Android/WF1/android.widget.ImageButton3&amp;apos;</message>
  <nestedLevel>3</nestedLevel>
</record>
<record>
  <date>2018-09-14T11:42:10</date>
  <millis>1536918130727</millis>
  <sequence>105</sequence>
  <level>END</level>
  <class>com.kms.katalon.core.logging.KeywordLogger</class>
  <method>endKeyword</method>
  <thread>1</thread>
  <message>End action : tap</message>
  <nestedLevel>1</nestedLevel>
</record>
<record>
  <date>2018-09-14T11:42:10</date>
  <millis>1536918130727</millis>
  <sequence>106</sequence>
  <level>PASSED</level>
  <class>com.kms.katalon.core.logging.KeywordLogger</class>
  <method>logMessage</method>
  <thread>1</thread>
  <message>Test Cases/Android/Lib/Menu/UsersMenu/User</message>
  <nestedLevel>3</nestedLevel>
</record>
<record>
  <date>2018-09-14T11:42:10</date>
  <millis>1536918130728</millis>
  <sequence>107</sequence>
  <level>END</level>
  <class>com.kms.katalon.core.logging.KeywordLogger</class>
  <method>endTest</method>
  <thread>1</thread>
  <message>End Test Case : Test Cases/Android/Lib/Menu/UsersMenu/User</message>
  <nestedLevel>2</nestedLevel>
</record>
<record>
  <date>2018-09-14T11:42:10</date>
  <millis>1536918130728</millis>
  <sequence>108</sequence>
  <level>PASSED</level>
  <class>com.kms.katalon.core.logging.KeywordLogger</class>
  <method>logMessage</method>
  <thread>1</thread>
  <message>Call Test Case &amp;apos;Test Cases/Android/Lib/Menu/UsersMenu/User&amp;apos; successfully</message>
  <nestedLevel>2</nestedLevel>
</record>
<record>
  <date>2018-09-14T11:42:10</date>
  <millis>1536918130729</millis>
  <sequence>109</sequence>
  <level>END</level>
  <class>com.kms.katalon.core.logging.KeywordLogger</class>
  <method>endKeyword</method>
  <thread>1</thread>
  <message>End action : callTestCase</message>
  <nestedLevel>1</nestedLevel>
</record>
<record>
  <date>2018-09-14T11:42:10</date>
  <millis>1536918130729</millis>
  <sequence>110</sequence>
  <level>START</level>
  <class>com.kms.katalon.core.logging.KeywordLogger</class>
  <method>startKeyword</method>
  <thread>1</thread>
  <message>Start action : callTestCase</message>
  <nestedLevel>1</nestedLevel>
  <property name="startLine">28</property>
  <property name="stepIndex">4</property>
</record>
<record>
  <date>2018-09-14T11:42:10</date>
  <millis>1536918130740</millis>
  <sequence>111</sequence>
  <level>INFO</level>
  <class>com.kms.katalon.core.logging.KeywordLogger</class>
  <method>logMessage</method>
  <thread>1</thread>
  <message>Checking called Test Case</message>
  <nestedLevel>2</nestedLevel>
</record>
<record>
  <date>2018-09-14T11:42:10</date>
  <millis>1536918130741</millis>
  <sequence>112</sequence>
  <level>INFO</level>
  <class>com.kms.katalon.core.logging.KeywordLogger</class>
  <method>logMessage</method>
  <thread>1</thread>
  <message>Starting to call Test Case &amp;apos;Test Cases/Android/Lib/Menu/HistoricoMenu/Historico&amp;apos;</message>
  <nestedLevel>2</nestedLevel>
</record>
<record>
  <date>2018-09-14T11:42:10</date>
  <millis>1536918130792</millis>
  <sequence>113</sequence>
  <level>START</level>
  <class>com.kms.katalon.core.logging.KeywordLogger</class>
  <method>startTest</method>
  <thread>1</thread>
  <message>Start Test Case : Test Cases/Android/Lib/Menu/HistoricoMenu/Historico</message>
  <nestedLevel>3</nestedLevel>
  <property name="name">Test Cases/Android/Lib/Menu/HistoricoMenu/Historico</property>
  <property name="description"></property>
  <property name="id">Test Cases/Android/Lib/Menu/HistoricoMenu/Historico</property>
  <property name="source">C:\\Users\\Agato\\git\\Abaxis\\Test Cases\\Android\\Lib\\Menu\\HistoricoMenu\\Historico.tc</property>
  <property name="isOptional">false</property>
</record>
<record>
  <date>2018-09-14T11:42:10</date>
  <millis>1536918130804</millis>
  <sequence>114</sequence>
  <level>INFO</level>
  <class>com.kms.katalon.core.logging.KeywordLogger</class>
  <method>logMessage</method>
  <thread>1</thread>
  <message>Evaluating variables for test case</message>
  <nestedLevel>3</nestedLevel>
</record>
<record>
  <date>2018-09-14T11:42:10</date>
  <millis>1536918130900</millis>
  <sequence>115</sequence>
  <level>START</level>
  <class>com.kms.katalon.core.logging.KeywordLogger</class>
  <method>startKeyword</method>
  <thread>1</thread>
  <message>Start action : tap</message>
  <nestedLevel>1</nestedLevel>
  <property name="startLine">23</property>
  <property name="stepIndex">1</property>
  <property name="description">Configuration\r\n</property>
</record>
<record>
  <date>2018-09-14T11:42:10</date>
  <millis>1536918130907</millis>
  <sequence>116</sequence>
  <level>INFO</level>
  <class>com.kms.katalon.core.logging.KeywordLogger</class>
  <method>logMessage</method>
  <thread>1</thread>
  <message>Finding Test Object with id &amp;apos;Object Repository/Android/WF1/android.widget.ImageButton1&amp;apos;</message>
  <nestedLevel>3</nestedLevel>
</record>
<record>
  <date>2018-09-14T11:42:10</date>
  <millis>1536918130917</millis>
  <sequence>117</sequence>
  <level>INFO</level>
  <class>com.kms.katalon.core.logging.KeywordLogger</class>
  <method>logMessage</method>
  <thread>1</thread>
  <message>Checking object</message>
  <nestedLevel>3</nestedLevel>
</record>
<record>
  <date>2018-09-14T11:42:10</date>
  <millis>1536918130918</millis>
  <sequence>118</sequence>
  <level>INFO</level>
  <class>com.kms.katalon.core.logging.KeywordLogger</class>
  <method>logMessage</method>
  <thread>1</thread>
  <message>Checking timeout</message>
  <nestedLevel>3</nestedLevel>
</record>
<record>
  <date>2018-09-14T11:42:10</date>
  <millis>1536918130919</millis>
  <sequence>119</sequence>
  <level>WARNING</level>
  <class>com.kms.katalon.core.logging.KeywordLogger</class>
  <method>logMessage</method>
  <thread>1</thread>
  <message>Timeout &amp;apos;0&amp;apos; is invalid. Using default page load timeout: &amp;apos;30&amp;apos;</message>
  <nestedLevel>3</nestedLevel>
</record>
<record>
  <date>2018-09-14T11:42:12</date>
  <millis>1536918132383</millis>
  <sequence>120</sequence>
  <level>PASSED</level>
  <class>com.kms.katalon.core.logging.KeywordLogger</class>
  <method>logMessage</method>
  <thread>1</thread>
  <message>Tapped on element &amp;apos;Object Repository/Android/WF1/android.widget.ImageButton1&amp;apos;</message>
  <nestedLevel>3</nestedLevel>
</record>
<record>
  <date>2018-09-14T11:42:12</date>
  <millis>1536918132383</millis>
  <sequence>121</sequence>
  <level>END</level>
  <class>com.kms.katalon.core.logging.KeywordLogger</class>
  <method>endKeyword</method>
  <thread>1</thread>
  <message>End action : tap</message>
  <nestedLevel>1</nestedLevel>
</record>
<record>
  <date>2018-09-14T11:42:12</date>
  <millis>1536918132384</millis>
  <sequence>122</sequence>
  <level>PASSED</level>
  <class>com.kms.katalon.core.logging.KeywordLogger</class>
  <method>logMessage</method>
  <thread>1</thread>
  <message>Test Cases/Android/Lib/Menu/HistoricoMenu/Historico</message>
  <nestedLevel>3</nestedLevel>
</record>
<record>
  <date>2018-09-14T11:42:12</date>
  <millis>1536918132384</millis>
  <sequence>123</sequence>
  <level>END</level>
  <class>com.kms.katalon.core.logging.KeywordLogger</class>
  <method>endTest</method>
  <thread>1</thread>
  <message>End Test Case : Test Cases/Android/Lib/Menu/HistoricoMenu/Historico</message>
  <nestedLevel>2</nestedLevel>
</record>
<record>
  <date>2018-09-14T11:42:12</date>
  <millis>1536918132384</millis>
  <sequence>124</sequence>
  <level>PASSED</level>
  <class>com.kms.katalon.core.logging.KeywordLogger</class>
  <method>logMessage</method>
  <thread>1</thread>
  <message>Call Test Case &amp;apos;Test Cases/Android/Lib/Menu/HistoricoMenu/Historico&amp;apos; successfully</message>
  <nestedLevel>2</nestedLevel>
</record>
<record>
  <date>2018-09-14T11:42:12</date>
  <millis>1536918132385</millis>
  <sequence>125</sequence>
  <level>END</level>
  <class>com.kms.katalon.core.logging.KeywordLogger</class>
  <method>endKeyword</method>
  <thread>1</thread>
  <message>End action : callTestCase</message>
  <nestedLevel>1</nestedLevel>
</record>
<record>
  <date>2018-09-14T11:42:12</date>
  <millis>1536918132385</millis>
  <sequence>126</sequence>
  <level>START</level>
  <class>com.kms.katalon.core.logging.KeywordLogger</class>
  <method>startKeyword</method>
  <thread>1</thread>
  <message>Start action : callTestCase</message>
  <nestedLevel>1</nestedLevel>
  <property name="startLine">30</property>
  <property name="stepIndex">5</property>
</record>
<record>
  <date>2018-09-14T11:42:12</date>
  <millis>1536918132394</millis>
  <sequence>127</sequence>
  <level>INFO</level>
  <class>com.kms.katalon.core.logging.KeywordLogger</class>
  <method>logMessage</method>
  <thread>1</thread>
  <message>Checking called Test Case</message>
  <nestedLevel>2</nestedLevel>
</record>
<record>
  <date>2018-09-14T11:42:12</date>
  <millis>1536918132394</millis>
  <sequence>128</sequence>
  <level>INFO</level>
  <class>com.kms.katalon.core.logging.KeywordLogger</class>
  <method>logMessage</method>
  <thread>1</thread>
  <message>Starting to call Test Case &amp;apos;Test Cases/Android/Lib/Menu/ConfigurationMenu/Configuration&amp;apos;</message>
  <nestedLevel>2</nestedLevel>
</record>
<record>
  <date>2018-09-14T11:42:12</date>
  <millis>1536918132447</millis>
  <sequence>129</sequence>
  <level>START</level>
  <class>com.kms.katalon.core.logging.KeywordLogger</class>
  <method>startTest</method>
  <thread>1</thread>
  <message>Start Test Case : Test Cases/Android/Lib/Menu/ConfigurationMenu/Configuration</message>
  <nestedLevel>3</nestedLevel>
  <property name="name">Test Cases/Android/Lib/Menu/ConfigurationMenu/Configuration</property>
  <property name="description"></property>
  <property name="id">Test Cases/Android/Lib/Menu/ConfigurationMenu/Configuration</property>
  <property name="source">C:\\Users\\Agato\\git\\Abaxis\\Test Cases\\Android\\Lib\\Menu\\ConfigurationMenu\\Configuration.tc</property>
  <property name="isOptional">false</property>
</record>
<record>
  <date>2018-09-14T11:42:12</date>
  <millis>1536918132464</millis>
  <sequence>130</sequence>
  <level>INFO</level>
  <class>com.kms.katalon.core.logging.KeywordLogger</class>
  <method>logMessage</method>
  <thread>1</thread>
  <message>Evaluating variables for test case</message>
  <nestedLevel>3</nestedLevel>
</record>
<record>
  <date>2018-09-14T11:42:12</date>
  <millis>1536918132590</millis>
  <sequence>131</sequence>
  <level>START</level>
  <class>com.kms.katalon.core.logging.KeywordLogger</class>
  <method>startKeyword</method>
  <thread>1</thread>
  <message>Start action : tap</message>
  <nestedLevel>1</nestedLevel>
  <property name="startLine">23</property>
  <property name="stepIndex">1</property>
  <property name="description">Configuration\r\n</property>
</record>
<record>
  <date>2018-09-14T11:42:12</date>
  <millis>1536918132613</millis>
  <sequence>132</sequence>
  <level>INFO</level>
  <class>com.kms.katalon.core.logging.KeywordLogger</class>
  <method>logMessage</method>
  <thread>1</thread>
  <message>Finding Test Object with id &amp;apos;Object Repository/Android/WF1/android.widget.ImageButton4&amp;apos;</message>
  <nestedLevel>3</nestedLevel>
</record>
<record>
  <date>2018-09-14T11:42:12</date>
  <millis>1536918132618</millis>
  <sequence>133</sequence>
  <level>INFO</level>
  <class>com.kms.katalon.core.logging.KeywordLogger</class>
  <method>logMessage</method>
  <thread>1</thread>
  <message>Checking object</message>
  <nestedLevel>3</nestedLevel>
</record>
<record>
  <date>2018-09-14T11:42:12</date>
  <millis>1536918132619</millis>
  <sequence>134</sequence>
  <level>INFO</level>
  <class>com.kms.katalon.core.logging.KeywordLogger</class>
  <method>logMessage</method>
  <thread>1</thread>
  <message>Checking timeout</message>
  <nestedLevel>3</nestedLevel>
</record>
<record>
  <date>2018-09-14T11:42:12</date>
  <millis>1536918132619</millis>
  <sequence>135</sequence>
  <level>WARNING</level>
  <class>com.kms.katalon.core.logging.KeywordLogger</class>
  <method>logMessage</method>
  <thread>1</thread>
  <message>Timeout &amp;apos;0&amp;apos; is invalid. Using default page load timeout: &amp;apos;30&amp;apos;</message>
  <nestedLevel>3</nestedLevel>
</record>
<record>
  <date>2018-09-14T11:42:13</date>
  <millis>1536918133511</millis>
  <sequence>136</sequence>
  <level>PASSED</level>
  <class>com.kms.katalon.core.logging.KeywordLogger</class>
  <method>logMessage</method>
  <thread>1</thread>
  <message>Tapped on element &amp;apos;Object Repository/Android/WF1/android.widget.ImageButton4&amp;apos;</message>
  <nestedLevel>3</nestedLevel>
</record>
<record>
  <date>2018-09-14T11:42:13</date>
  <millis>1536918133511</millis>
  <sequence>137</sequence>
  <level>END</level>
  <class>com.kms.katalon.core.logging.KeywordLogger</class>
  <method>endKeyword</method>
  <thread>1</thread>
  <message>End action : tap</message>
  <nestedLevel>1</nestedLevel>
</record>
<record>
  <date>2018-09-14T11:42:13</date>
  <millis>1536918133511</millis>
  <sequence>138</sequence>
  <level>PASSED</level>
  <class>com.kms.katalon.core.logging.KeywordLogger</class>
  <method>logMessage</method>
  <thread>1</thread>
  <message>Test Cases/Android/Lib/Menu/ConfigurationMenu/Configuration</message>
  <nestedLevel>3</nestedLevel>
</record>
<record>
  <date>2018-09-14T11:42:13</date>
  <millis>1536918133512</millis>
  <sequence>139</sequence>
  <level>END</level>
  <class>com.kms.katalon.core.logging.KeywordLogger</class>
  <method>endTest</method>
  <thread>1</thread>
  <message>End Test Case : Test Cases/Android/Lib/Menu/ConfigurationMenu/Configuration</message>
  <nestedLevel>2</nestedLevel>
</record>
<record>
  <date>2018-09-14T11:42:13</date>
  <millis>1536918133512</millis>
  <sequence>140</sequence>
  <level>PASSED</level>
  <class>com.kms.katalon.core.logging.KeywordLogger</class>
  <method>logMessage</method>
  <thread>1</thread>
  <message>Call Test Case &amp;apos;Test Cases/Android/Lib/Menu/ConfigurationMenu/Configuration&amp;apos; successfully</message>
  <nestedLevel>2</nestedLevel>
</record>
<record>
  <date>2018-09-14T11:42:13</date>
  <millis>1536918133512</millis>
  <sequence>141</sequence>
  <level>END</level>
  <class>com.kms.katalon.core.logging.KeywordLogger</class>
  <method>endKeyword</method>
  <thread>1</thread>
  <message>End action : callTestCase</message>
  <nestedLevel>1</nestedLevel>
</record>
<record>
  <date>2018-09-14T11:42:13</date>
  <millis>1536918133513</millis>
  <sequence>142</sequence>
  <level>START</level>
  <class>com.kms.katalon.core.logging.KeywordLogger</class>
  <method>startKeyword</method>
  <thread>1</thread>
  <message>Start action : pressBack</message>
  <nestedLevel>1</nestedLevel>
  <property name="startLine">32</property>
  <property name="stepIndex">6</property>
</record>
<record>
  <date>2018-09-14T11:42:14</date>
  <millis>1536918134821</millis>
  <sequence>143</sequence>
  <level>PASSED</level>
  <class>com.kms.katalon.core.logging.KeywordLogger</class>
  <method>logMessage</method>
  <thread>1</thread>
  <message>Press back button successfully</message>
  <nestedLevel>2</nestedLevel>
</record>
<record>
  <date>2018-09-14T11:42:14</date>
  <millis>1536918134821</millis>
  <sequence>144</sequence>
  <level>END</level>
  <class>com.kms.katalon.core.logging.KeywordLogger</class>
  <method>endKeyword</method>
  <thread>1</thread>
  <message>End action : pressBack</message>
  <nestedLevel>1</nestedLevel>
</record>
<record>
  <date>2018-09-14T11:42:14</date>
  <millis>1536918134822</millis>
  <sequence>145</sequence>
  <level>START</level>
  <class>com.kms.katalon.core.logging.KeywordLogger</class>
  <method>startKeyword</method>
  <thread>1</thread>
  <message>Start action : tap</message>
  <nestedLevel>1</nestedLevel>
  <property name="startLine">34</property>
  <property name="stepIndex">7</property>
</record>
<record>
  <date>2018-09-14T11:42:14</date>
  <millis>1536918134828</millis>
  <sequence>146</sequence>
  <level>INFO</level>
  <class>com.kms.katalon.core.logging.KeywordLogger</class>
  <method>logMessage</method>
  <thread>1</thread>
  <message>Finding Test Object with id &amp;apos;Object Repository/Android/WF1/android.widget.Button1 - YES&amp;apos;</message>
  <nestedLevel>2</nestedLevel>
</record>
<record>
  <date>2018-09-14T11:42:14</date>
  <millis>1536918134831</millis>
  <sequence>147</sequence>
  <level>INFO</level>
  <class>com.kms.katalon.core.logging.KeywordLogger</class>
  <method>logMessage</method>
  <thread>1</thread>
  <message>Checking object</message>
  <nestedLevel>2</nestedLevel>
</record>
<record>
  <date>2018-09-14T11:42:14</date>
  <millis>1536918134831</millis>
  <sequence>148</sequence>
  <level>INFO</level>
  <class>com.kms.katalon.core.logging.KeywordLogger</class>
  <method>logMessage</method>
  <thread>1</thread>
  <message>Checking timeout</message>
  <nestedLevel>2</nestedLevel>
</record>
<record>
  <date>2018-09-14T11:42:14</date>
  <millis>1536918134831</millis>
  <sequence>149</sequence>
  <level>WARNING</level>
  <class>com.kms.katalon.core.logging.KeywordLogger</class>
  <method>logMessage</method>
  <thread>1</thread>
  <message>Timeout &amp;apos;0&amp;apos; is invalid. Using default page load timeout: &amp;apos;30&amp;apos;</message>
  <nestedLevel>2</nestedLevel>
</record>
<record>
  <date>2018-09-14T11:42:17</date>
  <millis>1536918137063</millis>
  <sequence>150</sequence>
  <level>PASSED</level>
  <class>com.kms.katalon.core.logging.KeywordLogger</class>
  <method>logMessage</method>
  <thread>1</thread>
  <message>Tapped on element &amp;apos;Object Repository/Android/WF1/android.widget.Button1 - YES&amp;apos;</message>
  <nestedLevel>2</nestedLevel>
</record>
<record>
  <date>2018-09-14T11:42:17</date>
  <millis>1536918137064</millis>
  <sequence>151</sequence>
  <level>END</level>
  <class>com.kms.katalon.core.logging.KeywordLogger</class>
  <method>endKeyword</method>
  <thread>1</thread>
  <message>End action : tap</message>
  <nestedLevel>1</nestedLevel>
</record>
<record>
  <date>2018-09-14T11:42:17</date>
  <millis>1536918137064</millis>
  <sequence>152</sequence>
  <level>PASSED</level>
  <class>com.kms.katalon.core.logging.KeywordLogger</class>
  <method>logMessage</method>
  <thread>1</thread>
  <message>Test Cases/Android/Lib/EndToEnd</message>
  <nestedLevel>2</nestedLevel>
</record>
<record>
  <date>2018-09-14T11:42:17</date>
  <millis>1536918137064</millis>
  <sequence>153</sequence>
  <level>END</level>
  <class>com.kms.katalon.core.logging.KeywordLogger</class>
  <method>endTest</method>
  <thread>1</thread>
  <message>End Test Case : Test Cases/Android/Lib/EndToEnd</message>
  <nestedLevel>1</nestedLevel>
</record>
<record>
  <date>2018-09-14T11:42:17</date>
  <millis>1536918137064</millis>
  <sequence>154</sequence>
  <level>PASSED</level>
  <class>com.kms.katalon.core.logging.KeywordLogger</class>
  <method>logMessage</method>
  <thread>1</thread>
  <message>Call Test Case &amp;apos;Test Cases/Android/Lib/EndToEnd&amp;apos; successfully</message>
  <nestedLevel>1</nestedLevel>
</record>
<record>
  <date>2018-09-14T11:42:17</date>
  <millis>1536918137065</millis>
  <sequence>155</sequence>
  <level>END</level>
  <class>com.kms.katalon.core.logging.KeywordLogger</class>
  <method>endKeyword</method>
  <thread>1</thread>
  <message>End action : callTestCase</message>
  <nestedLevel>1</nestedLevel>
</record>
<record>
  <date>2018-09-14T11:42:17</date>
  <millis>1536918137065</millis>
  <sequence>156</sequence>
  <level>START</level>
  <class>com.kms.katalon.core.logging.KeywordLogger</class>
  <method>startKeyword</method>
  <thread>1</thread>
  <message>Start action : callTestCase</message>
  <nestedLevel>1</nestedLevel>
  <property name="startLine">26</property>
  <property name="stepIndex">3</property>
</record>
<record>
  <date>2018-09-14T11:42:17</date>
  <millis>1536918137080</millis>
  <sequence>157</sequence>
  <level>INFO</level>
  <class>com.kms.katalon.core.logging.KeywordLogger</class>
  <method>logMessage</method>
  <thread>1</thread>
  <message>Checking called Test Case</message>
  <nestedLevel>1</nestedLevel>
</record>
<record>
  <date>2018-09-14T11:42:17</date>
  <millis>1536918137080</millis>
  <sequence>158</sequence>
  <level>INFO</level>
  <class>com.kms.katalon.core.logging.KeywordLogger</class>
  <method>logMessage</method>
  <thread>1</thread>
  <message>Starting to call Test Case &amp;apos;Test Cases/Android/Lib/CloseApp&amp;apos;</message>
  <nestedLevel>1</nestedLevel>
</record>
<record>
  <date>2018-09-14T11:42:17</date>
  <millis>1536918137133</millis>
  <sequence>159</sequence>
  <level>START</level>
  <class>com.kms.katalon.core.logging.KeywordLogger</class>
  <method>startTest</method>
  <thread>1</thread>
  <message>Start Test Case : Test Cases/Android/Lib/CloseApp</message>
  <nestedLevel>2</nestedLevel>
  <property name="name">Test Cases/Android/Lib/CloseApp</property>
  <property name="description"></property>
  <property name="id">Test Cases/Android/Lib/CloseApp</property>
  <property name="source">C:\\Users\\Agato\\git\\Abaxis\\Test Cases\\Android\\Lib\\CloseApp.tc</property>
  <property name="isOptional">false</property>
</record>
<record>
  <date>2018-09-14T11:42:17</date>
  <millis>1536918137137</millis>
  <sequence>160</sequence>
  <level>INFO</level>
  <class>com.kms.katalon.core.logging.KeywordLogger</class>
  <method>logMessage</method>
  <thread>1</thread>
  <message>Evaluating variables for test case</message>
  <nestedLevel>2</nestedLevel>
</record>
<record>
  <date>2018-09-14T11:42:17</date>
  <millis>1536918137408</millis>
  <sequence>161</sequence>
  <level>START</level>
  <class>com.kms.katalon.core.logging.KeywordLogger</class>
  <method>startKeyword</method>
  <thread>1</thread>
  <message>Start action : closeApplication</message>
  <nestedLevel>1</nestedLevel>
  <property name="startLine">22</property>
  <property name="stepIndex">1</property>
</record>
<record>
  <date>2018-09-14T11:42:22</date>
  <millis>1536918142275</millis>
  <sequence>162</sequence>
  <level>PASSED</level>
  <class>com.kms.katalon.core.logging.KeywordLogger</class>
  <method>logMessage</method>
  <thread>1</thread>
  <message>Close app successfully</message>
  <nestedLevel>2</nestedLevel>
</record>
<record>
  <date>2018-09-14T11:42:22</date>
  <millis>1536918142275</millis>
  <sequence>163</sequence>
  <level>END</level>
  <class>com.kms.katalon.core.logging.KeywordLogger</class>
  <method>endKeyword</method>
  <thread>1</thread>
  <message>End action : closeApplication</message>
  <nestedLevel>1</nestedLevel>
</record>
<record>
  <date>2018-09-14T11:42:22</date>
  <millis>1536918142275</millis>
  <sequence>164</sequence>
  <level>PASSED</level>
  <class>com.kms.katalon.core.logging.KeywordLogger</class>
  <method>logMessage</method>
  <thread>1</thread>
  <message>Test Cases/Android/Lib/CloseApp</message>
  <nestedLevel>2</nestedLevel>
</record>
<record>
  <date>2018-09-14T11:42:22</date>
  <millis>1536918142275</millis>
  <sequence>165</sequence>
  <level>END</level>
  <class>com.kms.katalon.core.logging.KeywordLogger</class>
  <method>endTest</method>
  <thread>1</thread>
  <message>End Test Case : Test Cases/Android/Lib/CloseApp</message>
  <nestedLevel>1</nestedLevel>
</record>
<record>
  <date>2018-09-14T11:42:22</date>
  <millis>1536918142276</millis>
  <sequence>166</sequence>
  <level>PASSED</level>
  <class>com.kms.katalon.core.logging.KeywordLogger</class>
  <method>logMessage</method>
  <thread>1</thread>
  <message>Call Test Case &amp;apos;Test Cases/Android/Lib/CloseApp&amp;apos; successfully</message>
  <nestedLevel>1</nestedLevel>
</record>
<record>
  <date>2018-09-14T11:42:22</date>
  <millis>1536918142276</millis>
  <sequence>167</sequence>
  <level>END</level>
  <class>com.kms.katalon.core.logging.KeywordLogger</class>
  <method>endKeyword</method>
  <thread>1</thread>
  <message>End action : callTestCase</message>
  <nestedLevel>1</nestedLevel>
</record>
<record>
  <date>2018-09-14T11:42:22</date>
  <millis>1536918142276</millis>
  <sequence>168</sequence>
  <level>PASSED</level>
  <class>com.kms.katalon.core.logging.KeywordLogger</class>
  <method>logMessage</method>
  <thread>1</thread>
  <message>Test Cases/Android/TC/TC_LoginApp</message>
  <nestedLevel>1</nestedLevel>
</record>
