[35m[Appium][39m Welcome to Appium v1.8.1
[35m[Appium][39m Non-default server args:
[35m[Appium][39m   port: 61693
[35m[Appium][39m   loglevel: info
[35m[Appium][39m   chromeDriverPort: 61694
[35m[Appium][39m   tmpDir: C:\Users\Agato\AppData\Local\Temp\\Katalon\Appium\Temp1537346990231
[35m[Appium][39m Appium REST http interface listener started on 0.0.0.0:61693
[35m[HTTP][39m [37m-->[39m [37mGET[39m [37m/wd/hub/status[39m
[35m[HTTP][39m [90m{}[39m
[35m[HTTP][39m [37m<-- GET /wd/hub/status [39m[32m200[39m [90m8 ms - 83[39m
[35m[HTTP][39m [90m[39m
[35m[HTTP][39m [37m-->[39m [37mPOST[39m [37m/wd/hub/session[39m
[35m[HTTP][39m [90m{"desiredCapabilities":{"app":"C:\\temp\\app-development-debug.apk","autoGrantPermissions":true,"automationName":"uiautomator2","deviceName":"samsung SM-G920F (Android 7.0)","fullReset":true,"newCommandTimeout":1800,"noReset":false,"platform":"ANDROID","platformName":"Android","udid":"10160a0973263f03"},"capabilities":{"desiredCapabilities":{"app":"C:\\temp\\app-development-debug.apk","autoGrantPermissions":true,"automationName":"uiautomator2","deviceName":"samsung SM-G920F (Android 7.0)","fullReset":true,"newCommandTimeout":1800,"noReset":false,"platform":"ANDROID","platformName":"Android","udid":"10160a0973263f03"},"firstMatch":[{"platformName":"android"}]}}[39m
[35m[Appium][39m Could not parse W3C capabilities: 'deviceName' can't be blank. Falling back to JSONWP protocol.
[35m[Appium][39m The following capabilities were provided in the JSONWP desired capabilities that are missing in W3C capabilities: ["app","autoGrantPermissions","automationName","deviceName","fullReset","newCommandTimeout","noReset","platform","platformName","udid"]. Falling back to JSONWP protocol.
[35m[Appium][39m Creating new AndroidUiautomator2Driver (v1.12.0) session
[35m[Appium][39m Capabilities:
[35m[Appium][39m   app: C:\temp\app-development-debug.apk
[35m[Appium][39m   autoGrantPermissions: true
[35m[Appium][39m   automationName: uiautomator2
[35m[Appium][39m   deviceName: samsung SM-G920F (Android 7.0)
[35m[Appium][39m   fullReset: true
[35m[Appium][39m   newCommandTimeout: 1800
[35m[Appium][39m   noReset: false
[35m[Appium][39m   platform: ANDROID
[35m[Appium][39m   platformName: Android
[35m[Appium][39m   udid: 10160a0973263f03
[35m[BaseDriver][39m The following capabilities were provided, but are not recognized by appium: platform.
[35m[BaseDriver][39m Session created with session id: ac46a671-542e-4d21-bedd-6a19f77b2504
[35m[BaseDriver][39m Using local app 'C:\temp\app-development-debug.apk'
[35m[AndroidDriver][39m Java version is: 1.8.0_102
[35m[ADB][39m Checking whether adb is present
[35m[ADB][39m Found 1 'build-tools' folders under 'C:\Users\Agato\.katalon\tools\android_sdk' (newest first):
[35m[ADB][39m     C:/Users/Agato/.katalon/tools/android_sdk/build-tools/28.0.1
[35m[ADB][39m Using adb.exe from C:\Users\Agato\.katalon\tools\android_sdk\platform-tools\adb.exe
[35m[AndroidDriver][39m Retrieving device list
[35m[AndroidDriver][39m Using device: 10160a0973263f03
[35m[ADB][39m Using the alternative activity name detection method because of: Could not find apkanalyzer.bat in C:\Users\Agato\.katalon\tools\android_sdk\platform-tools\apkanalyzer.bat,C:\Users\Agato\.katalon\tools\android_sdk\emulator\apkanalyzer.bat,C:\Users\Agato\.katalon\tools\android_sdk\tools\apkanalyzer.bat,C:\Users\Agato\.katalon\tools\android_sdk\tools\bin\apkanalyzer.bat,C:\Users\Agato\.katalon\tools\android_sdk\build-tools\28.0.1\apkanalyzer.bat. Do you have the Android SDK installed at 'C:\Users\Agato\.katalon\tools\android_sdk'?
[35m[ADB][39m Checking whether aapt is present
[35m[ADB][39m Using aapt.exe from C:\Users\Agato\.katalon\tools\android_sdk\build-tools\28.0.1\aapt.exe
[35m[ADB][39m Extracting package and launch activity from manifest
[35m[ADB][39m Package name: 'com.abaxis.vetscan_vue.dev'
[35m[ADB][39m Main activity name: 'com.abaxis.vetscanvue.presentation.screens.activities.splash.SplashActivity'
[35m[ADB][39m Getting device platform version
[35m[ADB][39m Using apksigner.bat from C:\Users\Agato\.katalon\tools\android_sdk\build-tools\28.0.1\apksigner.bat
[35m[ADB][39m Checking whether zipalign is present
[35m[ADB][39m Using zipalign.exe from C:\Users\Agato\.katalon\tools\android_sdk\build-tools\28.0.1\zipalign.exe
[35m[ADB][39m io.appium.uiautomator2.server was successfully uninstalled
[35m[ADB][39m io.appium.uiautomator2.server.test was successfully uninstalled
[35m[AndroidDriver][39m setDeviceLanguageCountry requires language or country.
[35m[AndroidDriver][39m Got language: 'null' and country: 'null'
[35m[ADB][39m Successfully extracted 667 strings from 'C:\temp\app-development-debug.apk' resources for '(default)' configuration
[35m[ADB][39m com.abaxis.vetscan_vue.dev was not uninstalled, because it was not present on the device
[35m[UiAutomator2][39m Starting uiautomator2 server 1.12.0
[35m[UiAutomator2][39m Using UIAutomator2 server from 'C:\Users\Agato\AppData\Roaming\npm\node_modules\appium\node_modules\appium-uiautomator2-server\apks\appium-uiautomator2-server-v1.12.0.apk' and test from 'C:\Users\Agato\AppData\Roaming\npm\node_modules\appium\node_modules\appium-uiautomator2-server\apks\appium-uiautomator2-server-debug-androidTest.apk'
[35m[UiAutomator2][39m Running command: 'adb -s 10160a0973263f03 shell am instrument -w io.appium.uiautomator2.server.test/android.support.test.runner.AndroidJUnitRunner'
[35m[UiAutomator2][39m Waiting up to 20000ms for UiAutomator2 to be online...
[35m[AndroidDriver][39m Screen already unlocked, doing nothing
[35m[UiAutomator2][39m UiAutomator2 did not start the activity we were waiting for, 'com.abaxis.vetscan_vue.dev/com.abaxis.vetscanvue.presentation.screens.activities.splash.SplashActivity'. Starting it ourselves
[35m[Appium][39m New AndroidUiautomator2Driver session created successfully, session ac46a671-542e-4d21-bedd-6a19f77b2504 added to master session list
[35m[HTTP][39m [37m<-- POST /wd/hub/session [39m[32m200[39m [90m54951 ms - 1133[39m
[35m[HTTP][39m [90m[39m
[35m[HTTP][39m [37m-->[39m [37mGET[39m [37m/wd/hub/status[39m
[35m[HTTP][39m [90m{}[39m
[35m[HTTP][39m [37m<-- GET /wd/hub/status [39m[32m200[39m [90m2 ms - 55[39m
[35m[HTTP][39m [90m[39m
[35m[HTTP][39m [37m-->[39m [37mPOST[39m [37m/wd/hub/session/ac46a671-542e-4d21-bedd-6a19f77b2504/timeouts[39m
[35m[HTTP][39m [90m{"type":"implicit","ms":30000}[39m
[35m[HTTP][39m [37m<-- POST /wd/hub/session/ac46a671-542e-4d21-bedd-6a19f77b2504/timeouts [39m[33m400[39m [90m15 ms - 5308[39m
[35m[HTTP][39m [90m[39m
[35m[HTTP][39m [37m-->[39m [37mGET[39m [37m/wd/hub/session/ac46a671-542e-4d21-bedd-6a19f77b2504/window/current/size[39m
[35m[HTTP][39m [90m{}[39m
[35m[W3C][39m Driver proxy active, passing request on via HTTP proxy
[35m[JSONWP Proxy][39m Replacing sessionId 4db832dc-8f38-4c94-b941-7dd653db14df with ac46a671-542e-4d21-bedd-6a19f77b2504
[35m[HTTP][39m [37m<-- GET /wd/hub/session/ac46a671-542e-4d21-bedd-6a19f77b2504/window/current/size [39m[32m200[39m [90m31 ms - 100[39m
[35m[HTTP][39m [90m[39m
[35m[HTTP][39m [37m-->[39m [37mPOST[39m [37m/wd/hub/session/ac46a671-542e-4d21-bedd-6a19f77b2504/elements[39m
[35m[HTTP][39m [90m{"using":"-android uiautomator","value":"new UiSelector().className(\"android.widget.ImageView\").resourceId(\"com.abaxis.vetscan_vue.dev:id/close_overview\").instance(1)"}[39m
[35m[HTTP][39m [37m<-- POST /wd/hub/session/ac46a671-542e-4d21-bedd-6a19f77b2504/elements [39m[32m200[39m [90m101 ms - 74[39m
[35m[HTTP][39m [90m[39m
[35m[HTTP][39m [37m-->[39m [37mPOST[39m [37m/wd/hub/session/ac46a671-542e-4d21-bedd-6a19f77b2504/elements[39m
[35m[HTTP][39m [90m{"using":"-android uiautomator","value":"new UiSelector().className(\"android.widget.ImageView\").resourceId(\"com.abaxis.vetscan_vue.dev:id/close_overview\").instance(1)"}[39m
[35m[HTTP][39m [37m<-- POST /wd/hub/session/ac46a671-542e-4d21-bedd-6a19f77b2504/elements [39m[32m200[39m [90m1030 ms - 124[39m
[35m[HTTP][39m [90m[39m
[35m[HTTP][39m [37m-->[39m [37mGET[39m [37m/wd/hub/session/ac46a671-542e-4d21-bedd-6a19f77b2504[39m
[35m[HTTP][39m [90m{}[39m
[35m[HTTP][39m [37m<-- GET /wd/hub/session/ac46a671-542e-4d21-bedd-6a19f77b2504 [39m[32m200[39m [90m21 ms - 1133[39m
[35m[HTTP][39m [90m[39m
[35m[HTTP][39m [37m-->[39m [37mGET[39m [37m/wd/hub/session/ac46a671-542e-4d21-bedd-6a19f77b2504[39m
[35m[HTTP][39m [90m{}[39m
[35m[HTTP][39m [37m<-- GET /wd/hub/session/ac46a671-542e-4d21-bedd-6a19f77b2504 [39m[32m200[39m [90m21 ms - 1133[39m
[35m[HTTP][39m [90m[39m
[35m[HTTP][39m [37m-->[39m [37mGET[39m [37m/wd/hub/session/ac46a671-542e-4d21-bedd-6a19f77b2504[39m
[35m[HTTP][39m [90m{}[39m
[35m[HTTP][39m [37m<-- GET /wd/hub/session/ac46a671-542e-4d21-bedd-6a19f77b2504 [39m[32m200[39m [90m20 ms - 1133[39m
[35m[HTTP][39m [90m[39m
[35m[HTTP][39m [37m-->[39m [37mGET[39m [37m/wd/hub/session/ac46a671-542e-4d21-bedd-6a19f77b2504[39m
[35m[HTTP][39m [90m{}[39m
[35m[HTTP][39m [37m<-- GET /wd/hub/session/ac46a671-542e-4d21-bedd-6a19f77b2504 [39m[32m200[39m [90m22 ms - 1133[39m
[35m[HTTP][39m [90m[39m
[35m[HTTP][39m [37m-->[39m [37mGET[39m [37m/wd/hub/session/ac46a671-542e-4d21-bedd-6a19f77b2504/element/da17b7e4-5f96-4575-a70e-4b28d0cb16f7/location[39m
[35m[HTTP][39m [90m{}[39m
[35m[W3C][39m Driver proxy active, passing request on via HTTP proxy
[35m[JSONWP Proxy][39m Replacing sessionId 4db832dc-8f38-4c94-b941-7dd653db14df with ac46a671-542e-4d21-bedd-6a19f77b2504
[35m[HTTP][39m [37m<-- GET /wd/hub/session/ac46a671-542e-4d21-bedd-6a19f77b2504/element/da17b7e4-5f96-4575-a70e-4b28d0cb16f7/location [39m[32m200[39m [90m43 ms - 90[39m
[35m[HTTP][39m [90m[39m
[35m[HTTP][39m [37m-->[39m [37mPOST[39m [37m/wd/hub/session/ac46a671-542e-4d21-bedd-6a19f77b2504/touch/perform[39m
[35m[HTTP][39m [90m{"actions":[{"action":"tap","options":{"element":"da17b7e4-5f96-4575-a70e-4b28d0cb16f7","x":1,"y":1}}]}[39m
[35m[UiAutomator2][39m calling get location: da17b7e4-5f96-4575-a70e-4b28d0cb16f7
[35m[HTTP][39m [37m<-- POST /wd/hub/session/ac46a671-542e-4d21-bedd-6a19f77b2504/touch/perform [39m[32m200[39m [90m1345 ms - 76[39m
[35m[HTTP][39m [90m[39m
[35m[HTTP][39m [37m-->[39m [37mGET[39m [37m/wd/hub/session/ac46a671-542e-4d21-bedd-6a19f77b2504/window/current/size[39m
[35m[HTTP][39m [90m{}[39m
[35m[W3C][39m Driver proxy active, passing request on via HTTP proxy
[35m[JSONWP Proxy][39m Replacing sessionId 4db832dc-8f38-4c94-b941-7dd653db14df with ac46a671-542e-4d21-bedd-6a19f77b2504
[35m[HTTP][39m [37m<-- GET /wd/hub/session/ac46a671-542e-4d21-bedd-6a19f77b2504/window/current/size [39m[32m200[39m [90m22 ms - 100[39m
[35m[HTTP][39m [90m[39m
[35m[HTTP][39m [37m-->[39m [37mPOST[39m [37m/wd/hub/session/ac46a671-542e-4d21-bedd-6a19f77b2504/elements[39m
[35m[HTTP][39m [90m{"using":"-android uiautomator","value":"new UiSelector().className(\"android.widget.Button\").text(\"LOGIN\").resourceId(\"com.abaxis.vetscan_vue.dev:id/login_button\").instance(0)"}[39m
[35m[HTTP][39m [37m<-- POST /wd/hub/session/ac46a671-542e-4d21-bedd-6a19f77b2504/elements [39m[32m200[39m [90m74 ms - 124[39m
[35m[HTTP][39m [90m[39m
[35m[HTTP][39m [37m-->[39m [37mGET[39m [37m/wd/hub/session/ac46a671-542e-4d21-bedd-6a19f77b2504[39m
[35m[HTTP][39m [90m{}[39m
[35m[HTTP][39m [37m<-- GET /wd/hub/session/ac46a671-542e-4d21-bedd-6a19f77b2504 [39m[32m200[39m [90m15 ms - 1133[39m
[35m[HTTP][39m [90m[39m
[35m[HTTP][39m [37m-->[39m [37mGET[39m [37m/wd/hub/session/ac46a671-542e-4d21-bedd-6a19f77b2504[39m
[35m[HTTP][39m [90m{}[39m
[35m[HTTP][39m [37m<-- GET /wd/hub/session/ac46a671-542e-4d21-bedd-6a19f77b2504 [39m[32m200[39m [90m14 ms - 1133[39m
[35m[HTTP][39m [90m[39m
[35m[HTTP][39m [37m-->[39m [37mGET[39m [37m/wd/hub/session/ac46a671-542e-4d21-bedd-6a19f77b2504[39m
[35m[HTTP][39m [90m{}[39m
[35m[HTTP][39m [37m<-- GET /wd/hub/session/ac46a671-542e-4d21-bedd-6a19f77b2504 [39m[32m200[39m [90m16 ms - 1133[39m
[35m[HTTP][39m [90m[39m
[35m[HTTP][39m [37m-->[39m [37mGET[39m [37m/wd/hub/session/ac46a671-542e-4d21-bedd-6a19f77b2504[39m
[35m[HTTP][39m [90m{}[39m
[35m[HTTP][39m [37m<-- GET /wd/hub/session/ac46a671-542e-4d21-bedd-6a19f77b2504 [39m[32m200[39m [90m15 ms - 1133[39m
[35m[HTTP][39m [90m[39m
[35m[HTTP][39m [37m-->[39m [37mGET[39m [37m/wd/hub/session/ac46a671-542e-4d21-bedd-6a19f77b2504/element/2e86b12e-d000-492d-9a30-9663b2bcfb7e/location[39m
[35m[HTTP][39m [90m{}[39m
[35m[W3C][39m Driver proxy active, passing request on via HTTP proxy
[35m[JSONWP Proxy][39m Replacing sessionId 4db832dc-8f38-4c94-b941-7dd653db14df with ac46a671-542e-4d21-bedd-6a19f77b2504
[35m[HTTP][39m [37m<-- GET /wd/hub/session/ac46a671-542e-4d21-bedd-6a19f77b2504/element/2e86b12e-d000-492d-9a30-9663b2bcfb7e/location [39m[32m200[39m [90m31 ms - 88[39m
[35m[HTTP][39m [90m[39m
[35m[HTTP][39m [37m-->[39m [37mPOST[39m [37m/wd/hub/session/ac46a671-542e-4d21-bedd-6a19f77b2504/touch/perform[39m
[35m[HTTP][39m [90m{"actions":[{"action":"tap","options":{"element":"2e86b12e-d000-492d-9a30-9663b2bcfb7e","x":1,"y":1}}]}[39m
[35m[UiAutomator2][39m calling get location: 2e86b12e-d000-492d-9a30-9663b2bcfb7e
[35m[HTTP][39m [37m<-- POST /wd/hub/session/ac46a671-542e-4d21-bedd-6a19f77b2504/touch/perform [39m[32m200[39m [90m2018 ms - 76[39m
[35m[HTTP][39m [90m[39m
[35m[HTTP][39m [37m-->[39m [37mGET[39m [37m/wd/hub/session/ac46a671-542e-4d21-bedd-6a19f77b2504/window/current/size[39m
[35m[HTTP][39m [90m{}[39m
[35m[W3C][39m Driver proxy active, passing request on via HTTP proxy
[35m[JSONWP Proxy][39m Replacing sessionId 4db832dc-8f38-4c94-b941-7dd653db14df with ac46a671-542e-4d21-bedd-6a19f77b2504
[35m[HTTP][39m [37m<-- GET /wd/hub/session/ac46a671-542e-4d21-bedd-6a19f77b2504/window/current/size [39m[32m200[39m [90m34 ms - 100[39m
[35m[HTTP][39m [90m[39m
[35m[HTTP][39m [37m-->[39m [37mPOST[39m [37m/wd/hub/session/ac46a671-542e-4d21-bedd-6a19f77b2504/elements[39m
[35m[HTTP][39m [90m{"using":"-android uiautomator","value":"new UiSelector().className(\"android.widget.ImageView\").resourceId(\"com.abaxis.vetscan_vue.dev:id/text_skip\").instance(1)"}[39m
[35m[HTTP][39m [37m<-- POST /wd/hub/session/ac46a671-542e-4d21-bedd-6a19f77b2504/elements [39m[32m200[39m [90m80 ms - 124[39m
[35m[HTTP][39m [90m[39m
[35m[HTTP][39m [37m-->[39m [37mGET[39m [37m/wd/hub/session/ac46a671-542e-4d21-bedd-6a19f77b2504[39m
[35m[HTTP][39m [90m{}[39m
[35m[HTTP][39m [37m<-- GET /wd/hub/session/ac46a671-542e-4d21-bedd-6a19f77b2504 [39m[32m200[39m [90m17 ms - 1133[39m
[35m[HTTP][39m [90m[39m
[35m[HTTP][39m [37m-->[39m [37mGET[39m [37m/wd/hub/session/ac46a671-542e-4d21-bedd-6a19f77b2504[39m
[35m[HTTP][39m [90m{}[39m
[35m[HTTP][39m [37m<-- GET /wd/hub/session/ac46a671-542e-4d21-bedd-6a19f77b2504 [39m[32m200[39m [90m18 ms - 1133[39m
[35m[HTTP][39m [90m[39m
[35m[HTTP][39m [37m-->[39m [37mGET[39m [37m/wd/hub/session/ac46a671-542e-4d21-bedd-6a19f77b2504[39m
[35m[HTTP][39m [90m{}[39m
[35m[HTTP][39m [37m<-- GET /wd/hub/session/ac46a671-542e-4d21-bedd-6a19f77b2504 [39m[32m200[39m [90m20 ms - 1133[39m
[35m[HTTP][39m [90m[39m
[35m[HTTP][39m [37m-->[39m [37mGET[39m [37m/wd/hub/session/ac46a671-542e-4d21-bedd-6a19f77b2504[39m
[35m[HTTP][39m [90m{}[39m
[35m[HTTP][39m [37m<-- GET /wd/hub/session/ac46a671-542e-4d21-bedd-6a19f77b2504 [39m[32m200[39m [90m22 ms - 1133[39m
[35m[HTTP][39m [90m[39m
[35m[HTTP][39m [37m-->[39m [37mGET[39m [37m/wd/hub/session/ac46a671-542e-4d21-bedd-6a19f77b2504/element/bd7f797a-f47d-48dd-aab9-8f1c5c98662d/location[39m
[35m[HTTP][39m [90m{}[39m
[35m[W3C][39m Driver proxy active, passing request on via HTTP proxy
[35m[JSONWP Proxy][39m Replacing sessionId 4db832dc-8f38-4c94-b941-7dd653db14df with ac46a671-542e-4d21-bedd-6a19f77b2504
[35m[HTTP][39m [37m<-- GET /wd/hub/session/ac46a671-542e-4d21-bedd-6a19f77b2504/element/bd7f797a-f47d-48dd-aab9-8f1c5c98662d/location [39m[32m200[39m [90m42 ms - 89[39m
[35m[HTTP][39m [90m[39m
[35m[HTTP][39m [37m-->[39m [37mPOST[39m [37m/wd/hub/session/ac46a671-542e-4d21-bedd-6a19f77b2504/touch/perform[39m
[35m[HTTP][39m [90m{"actions":[{"action":"tap","options":{"element":"bd7f797a-f47d-48dd-aab9-8f1c5c98662d","x":1,"y":1}}]}[39m
[35m[UiAutomator2][39m calling get location: bd7f797a-f47d-48dd-aab9-8f1c5c98662d
[35m[HTTP][39m [37m<-- POST /wd/hub/session/ac46a671-542e-4d21-bedd-6a19f77b2504/touch/perform [39m[32m200[39m [90m904 ms - 76[39m
[35m[HTTP][39m [90m[39m
[35m[HTTP][39m [37m-->[39m [37mGET[39m [37m/wd/hub/session/ac46a671-542e-4d21-bedd-6a19f77b2504/window/current/size[39m
[35m[HTTP][39m [90m{}[39m
[35m[W3C][39m Driver proxy active, passing request on via HTTP proxy
[35m[JSONWP Proxy][39m Replacing sessionId 4db832dc-8f38-4c94-b941-7dd653db14df with ac46a671-542e-4d21-bedd-6a19f77b2504
[35m[HTTP][39m [37m<-- GET /wd/hub/session/ac46a671-542e-4d21-bedd-6a19f77b2504/window/current/size [39m[32m200[39m [90m30 ms - 100[39m
[35m[HTTP][39m [90m[39m
[35m[HTTP][39m [37m-->[39m [37mPOST[39m [37m/wd/hub/session/ac46a671-542e-4d21-bedd-6a19f77b2504/elements[39m
[35m[HTTP][39m [90m{"using":"-android uiautomator","value":"new UiSelector().className(\"android.widget.Button\").text(\"YES\").resourceId(\"android:id/button1\").instance(1)"}[39m
[35m[HTTP][39m [37m<-- POST /wd/hub/session/ac46a671-542e-4d21-bedd-6a19f77b2504/elements [39m[32m200[39m [90m89 ms - 124[39m
[35m[HTTP][39m [90m[39m
[35m[HTTP][39m [37m-->[39m [37mGET[39m [37m/wd/hub/session/ac46a671-542e-4d21-bedd-6a19f77b2504[39m
[35m[HTTP][39m [90m{}[39m
[35m[HTTP][39m [37m<-- GET /wd/hub/session/ac46a671-542e-4d21-bedd-6a19f77b2504 [39m[32m200[39m [90m18 ms - 1133[39m
[35m[HTTP][39m [90m[39m
[35m[HTTP][39m [37m-->[39m [37mGET[39m [37m/wd/hub/session/ac46a671-542e-4d21-bedd-6a19f77b2504[39m
[35m[HTTP][39m [90m{}[39m
[35m[HTTP][39m [37m<-- GET /wd/hub/session/ac46a671-542e-4d21-bedd-6a19f77b2504 [39m[32m200[39m [90m18 ms - 1133[39m
[35m[HTTP][39m [90m[39m
[35m[HTTP][39m [37m-->[39m [37mGET[39m [37m/wd/hub/session/ac46a671-542e-4d21-bedd-6a19f77b2504[39m
[35m[HTTP][39m [90m{}[39m
[35m[HTTP][39m [37m<-- GET /wd/hub/session/ac46a671-542e-4d21-bedd-6a19f77b2504 [39m[32m200[39m [90m22 ms - 1133[39m
[35m[HTTP][39m [90m[39m
[35m[HTTP][39m [37m-->[39m [37mGET[39m [37m/wd/hub/session/ac46a671-542e-4d21-bedd-6a19f77b2504[39m
[35m[HTTP][39m [90m{}[39m
[35m[HTTP][39m [37m<-- GET /wd/hub/session/ac46a671-542e-4d21-bedd-6a19f77b2504 [39m[32m200[39m [90m22 ms - 1133[39m
[35m[HTTP][39m [90m[39m
[35m[HTTP][39m [37m-->[39m [37mGET[39m [37m/wd/hub/session/ac46a671-542e-4d21-bedd-6a19f77b2504/element/b1ae31d5-f66d-40fd-a8d6-2977e53b2a03/location[39m
[35m[HTTP][39m [90m{}[39m
[35m[W3C][39m Driver proxy active, passing request on via HTTP proxy
[35m[JSONWP Proxy][39m Replacing sessionId 4db832dc-8f38-4c94-b941-7dd653db14df with ac46a671-542e-4d21-bedd-6a19f77b2504
[35m[HTTP][39m [37m<-- GET /wd/hub/session/ac46a671-542e-4d21-bedd-6a19f77b2504/element/b1ae31d5-f66d-40fd-a8d6-2977e53b2a03/location [39m[32m200[39m [90m38 ms - 91[39m
[35m[HTTP][39m [90m[39m
[35m[HTTP][39m [37m-->[39m [37mPOST[39m [37m/wd/hub/session/ac46a671-542e-4d21-bedd-6a19f77b2504/touch/perform[39m
[35m[HTTP][39m [90m{"actions":[{"action":"tap","options":{"element":"b1ae31d5-f66d-40fd-a8d6-2977e53b2a03","x":1,"y":1}}]}[39m
[35m[UiAutomator2][39m calling get location: b1ae31d5-f66d-40fd-a8d6-2977e53b2a03
[35m[HTTP][39m [37m<-- POST /wd/hub/session/ac46a671-542e-4d21-bedd-6a19f77b2504/touch/perform [39m[32m200[39m [90m2295 ms - 76[39m
[35m[HTTP][39m [90m[39m
[35m[HTTP][39m [37m-->[39m [37mGET[39m [37m/wd/hub/session/ac46a671-542e-4d21-bedd-6a19f77b2504/window/current/size[39m
[35m[HTTP][39m [90m{}[39m
[35m[W3C][39m Driver proxy active, passing request on via HTTP proxy
[35m[JSONWP Proxy][39m Replacing sessionId 4db832dc-8f38-4c94-b941-7dd653db14df with ac46a671-542e-4d21-bedd-6a19f77b2504
[35m[HTTP][39m [37m<-- GET /wd/hub/session/ac46a671-542e-4d21-bedd-6a19f77b2504/window/current/size [39m[32m200[39m [90m16 ms - 100[39m
[35m[HTTP][39m [90m[39m
[35m[HTTP][39m [37m-->[39m [37mPOST[39m [37m/wd/hub/session/ac46a671-542e-4d21-bedd-6a19f77b2504/elements[39m
[35m[HTTP][39m [90m{"using":"-android uiautomator","value":"new UiSelector().className(\"android.widget.Button\").text(\"OK\").resourceId(\"com.abaxis.vetscan_vue.dev:id/showcase_button\").instance(0)"}[39m
[35m[HTTP][39m [37m<-- POST /wd/hub/session/ac46a671-542e-4d21-bedd-6a19f77b2504/elements [39m[32m200[39m [90m157 ms - 124[39m
[35m[HTTP][39m [90m[39m
[35m[HTTP][39m [37m-->[39m [37mGET[39m [37m/wd/hub/session/ac46a671-542e-4d21-bedd-6a19f77b2504[39m
[35m[HTTP][39m [90m{}[39m
[35m[HTTP][39m [37m<-- GET /wd/hub/session/ac46a671-542e-4d21-bedd-6a19f77b2504 [39m[32m200[39m [90m10 ms - 1133[39m
[35m[HTTP][39m [90m[39m
[35m[HTTP][39m [37m-->[39m [37mGET[39m [37m/wd/hub/session/ac46a671-542e-4d21-bedd-6a19f77b2504[39m
[35m[HTTP][39m [90m{}[39m
[35m[HTTP][39m [37m<-- GET /wd/hub/session/ac46a671-542e-4d21-bedd-6a19f77b2504 [39m[32m200[39m [90m12 ms - 1133[39m
[35m[HTTP][39m [90m[39m
[35m[HTTP][39m [37m-->[39m [37mGET[39m [37m/wd/hub/session/ac46a671-542e-4d21-bedd-6a19f77b2504[39m
[35m[HTTP][39m [90m{}[39m
[35m[HTTP][39m [37m<-- GET /wd/hub/session/ac46a671-542e-4d21-bedd-6a19f77b2504 [39m[32m200[39m [90m12 ms - 1133[39m
[35m[HTTP][39m [90m[39m
[35m[HTTP][39m [37m-->[39m [37mGET[39m [37m/wd/hub/session/ac46a671-542e-4d21-bedd-6a19f77b2504[39m
[35m[HTTP][39m [90m{}[39m
[35m[HTTP][39m [37m<-- GET /wd/hub/session/ac46a671-542e-4d21-bedd-6a19f77b2504 [39m[32m200[39m [90m9 ms - 1133[39m
[35m[HTTP][39m [90m[39m
[35m[HTTP][39m [37m-->[39m [37mGET[39m [37m/wd/hub/session/ac46a671-542e-4d21-bedd-6a19f77b2504/element/87b3dcfe-3fa8-43e5-8bec-b0a2e5bceb48/location[39m
[35m[HTTP][39m [90m{}[39m
[35m[W3C][39m Driver proxy active, passing request on via HTTP proxy
[35m[JSONWP Proxy][39m Replacing sessionId 4db832dc-8f38-4c94-b941-7dd653db14df with ac46a671-542e-4d21-bedd-6a19f77b2504
[35m[HTTP][39m [37m<-- GET /wd/hub/session/ac46a671-542e-4d21-bedd-6a19f77b2504/element/87b3dcfe-3fa8-43e5-8bec-b0a2e5bceb48/location [39m[32m200[39m [90m40 ms - 90[39m
[35m[HTTP][39m [90m[39m
[35m[HTTP][39m [37m-->[39m [37mPOST[39m [37m/wd/hub/session/ac46a671-542e-4d21-bedd-6a19f77b2504/touch/perform[39m
[35m[HTTP][39m [90m{"actions":[{"action":"tap","options":{"element":"87b3dcfe-3fa8-43e5-8bec-b0a2e5bceb48","x":1,"y":1}}]}[39m
[35m[UiAutomator2][39m calling get location: 87b3dcfe-3fa8-43e5-8bec-b0a2e5bceb48
[35m[HTTP][39m [37m<-- POST /wd/hub/session/ac46a671-542e-4d21-bedd-6a19f77b2504/touch/perform [39m[32m200[39m [90m1867 ms - 76[39m
[35m[HTTP][39m [90m[39m
[35m[HTTP][39m [37m-->[39m [37mGET[39m [37m/wd/hub/session/ac46a671-542e-4d21-bedd-6a19f77b2504/window/current/size[39m
[35m[HTTP][39m [90m{}[39m
[35m[W3C][39m Driver proxy active, passing request on via HTTP proxy
[35m[JSONWP Proxy][39m Replacing sessionId 4db832dc-8f38-4c94-b941-7dd653db14df with ac46a671-542e-4d21-bedd-6a19f77b2504
[35m[HTTP][39m [37m<-- GET /wd/hub/session/ac46a671-542e-4d21-bedd-6a19f77b2504/window/current/size [39m[32m200[39m [90m15 ms - 100[39m
[35m[HTTP][39m [90m[39m
[35m[HTTP][39m [37m-->[39m [37mPOST[39m [37m/wd/hub/session/ac46a671-542e-4d21-bedd-6a19f77b2504/elements[39m
[35m[HTTP][39m [90m{"using":"xpath","value":"//hierarchy/android.widget.FrameLayout[1]/android.widget.LinearLayout[1]/android.widget.FrameLayout[1]/android.widget.FrameLayout[1]/android.widget.FrameLayout[1]/android.widget.RelativeLayout[1]/android.widget.RelativeLayout[1]/android.widget.HorizontalScrollView[1]/android.widget.LinearLayout[1]/android.widget.ImageButton[4]"}[39m
[35m[HTTP][39m [37m<-- POST /wd/hub/session/ac46a671-542e-4d21-bedd-6a19f77b2504/elements [39m[32m200[39m [90m129 ms - 124[39m
[35m[HTTP][39m [90m[39m
[35m[HTTP][39m [37m-->[39m [37mGET[39m [37m/wd/hub/session/ac46a671-542e-4d21-bedd-6a19f77b2504[39m
[35m[HTTP][39m [90m{}[39m
[35m[HTTP][39m [37m<-- GET /wd/hub/session/ac46a671-542e-4d21-bedd-6a19f77b2504 [39m[32m200[39m [90m9 ms - 1133[39m
[35m[HTTP][39m [90m[39m
[35m[HTTP][39m [37m-->[39m [37mGET[39m [37m/wd/hub/session/ac46a671-542e-4d21-bedd-6a19f77b2504[39m
[35m[HTTP][39m [90m{}[39m
[35m[HTTP][39m [37m<-- GET /wd/hub/session/ac46a671-542e-4d21-bedd-6a19f77b2504 [39m[32m200[39m [90m10 ms - 1133[39m
[35m[HTTP][39m [90m[39m
[35m[HTTP][39m [37m-->[39m [37mGET[39m [37m/wd/hub/session/ac46a671-542e-4d21-bedd-6a19f77b2504[39m
[35m[HTTP][39m [90m{}[39m
[35m[HTTP][39m [37m<-- GET /wd/hub/session/ac46a671-542e-4d21-bedd-6a19f77b2504 [39m[32m200[39m [90m12 ms - 1133[39m
[35m[HTTP][39m [90m[39m
[35m[HTTP][39m [37m-->[39m [37mGET[39m [37m/wd/hub/session/ac46a671-542e-4d21-bedd-6a19f77b2504[39m
[35m[HTTP][39m [90m{}[39m
[35m[HTTP][39m [37m<-- GET /wd/hub/session/ac46a671-542e-4d21-bedd-6a19f77b2504 [39m[32m200[39m [90m13 ms - 1133[39m
[35m[HTTP][39m [90m[39m
[35m[HTTP][39m [37m-->[39m [37mGET[39m [37m/wd/hub/session/ac46a671-542e-4d21-bedd-6a19f77b2504/element/8fcd83f1-ccef-4733-b1ba-f8355f49792b/location[39m
[35m[HTTP][39m [90m{}[39m
[35m[W3C][39m Driver proxy active, passing request on via HTTP proxy
[35m[JSONWP Proxy][39m Replacing sessionId 4db832dc-8f38-4c94-b941-7dd653db14df with ac46a671-542e-4d21-bedd-6a19f77b2504
[35m[HTTP][39m [37m<-- GET /wd/hub/session/ac46a671-542e-4d21-bedd-6a19f77b2504/element/8fcd83f1-ccef-4733-b1ba-f8355f49792b/location [39m[32m200[39m [90m27 ms - 89[39m
[35m[HTTP][39m [90m[39m
[35m[HTTP][39m [37m-->[39m [37mPOST[39m [37m/wd/hub/session/ac46a671-542e-4d21-bedd-6a19f77b2504/touch/perform[39m
[35m[HTTP][39m [90m{"actions":[{"action":"tap","options":{"element":"8fcd83f1-ccef-4733-b1ba-f8355f49792b","x":1,"y":1}}]}[39m
[35m[UiAutomator2][39m calling get location: 8fcd83f1-ccef-4733-b1ba-f8355f49792b
[35m[HTTP][39m [37m<-- POST /wd/hub/session/ac46a671-542e-4d21-bedd-6a19f77b2504/touch/perform [39m[32m200[39m [90m56 ms - 76[39m
[35m[HTTP][39m [90m[39m
[35m[HTTP][39m [37m-->[39m [37mGET[39m [37m/wd/hub/session/ac46a671-542e-4d21-bedd-6a19f77b2504/window/current/size[39m
[35m[HTTP][39m [90m{}[39m
[35m[W3C][39m Driver proxy active, passing request on via HTTP proxy
[35m[JSONWP Proxy][39m Replacing sessionId 4db832dc-8f38-4c94-b941-7dd653db14df with ac46a671-542e-4d21-bedd-6a19f77b2504
[35m[HTTP][39m [37m<-- GET /wd/hub/session/ac46a671-542e-4d21-bedd-6a19f77b2504/window/current/size [39m[32m200[39m [90m15 ms - 100[39m
[35m[HTTP][39m [90m[39m
[35m[HTTP][39m [37m-->[39m [37mPOST[39m [37m/wd/hub/session/ac46a671-542e-4d21-bedd-6a19f77b2504/elements[39m
[35m[HTTP][39m [90m{"using":"xpath","value":"//hierarchy/android.widget.FrameLayout[1]/android.widget.LinearLayout[1]/android.widget.FrameLayout[1]/android.widget.FrameLayout[1]/android.widget.FrameLayout[1]/android.widget.RelativeLayout[1]/android.widget.RelativeLayout[1]/android.widget.HorizontalScrollView[1]/android.widget.LinearLayout[1]/android.widget.ImageButton[4]"}[39m
[35m[HTTP][39m [37m<-- POST /wd/hub/session/ac46a671-542e-4d21-bedd-6a19f77b2504/elements [39m[32m200[39m [90m1456 ms - 124[39m
[35m[HTTP][39m [90m[39m
[35m[HTTP][39m [37m-->[39m [37mGET[39m [37m/wd/hub/session/ac46a671-542e-4d21-bedd-6a19f77b2504[39m
[35m[HTTP][39m [90m{}[39m
[35m[HTTP][39m [37m<-- GET /wd/hub/session/ac46a671-542e-4d21-bedd-6a19f77b2504 [39m[32m200[39m [90m31 ms - 1133[39m
[35m[HTTP][39m [90m[39m
[35m[HTTP][39m [37m-->[39m [37mGET[39m [37m/wd/hub/session/ac46a671-542e-4d21-bedd-6a19f77b2504[39m
[35m[HTTP][39m [90m{}[39m
[35m[HTTP][39m [37m<-- GET /wd/hub/session/ac46a671-542e-4d21-bedd-6a19f77b2504 [39m[32m200[39m [90m22 ms - 1133[39m
[35m[HTTP][39m [90m[39m
[35m[HTTP][39m [37m-->[39m [37mGET[39m [37m/wd/hub/session/ac46a671-542e-4d21-bedd-6a19f77b2504[39m
[35m[HTTP][39m [90m{}[39m
[35m[HTTP][39m [37m<-- GET /wd/hub/session/ac46a671-542e-4d21-bedd-6a19f77b2504 [39m[32m200[39m [90m19 ms - 1133[39m
[35m[HTTP][39m [90m[39m
[35m[HTTP][39m [37m-->[39m [37mGET[39m [37m/wd/hub/session/ac46a671-542e-4d21-bedd-6a19f77b2504[39m
[35m[HTTP][39m [90m{}[39m
[35m[HTTP][39m [37m<-- GET /wd/hub/session/ac46a671-542e-4d21-bedd-6a19f77b2504 [39m[32m200[39m [90m19 ms - 1133[39m
[35m[HTTP][39m [90m[39m
[35m[HTTP][39m [37m-->[39m [37mGET[39m [37m/wd/hub/session/ac46a671-542e-4d21-bedd-6a19f77b2504/element/b3e1dff8-64ca-499d-a04c-95b5343a8952/location[39m
[35m[HTTP][39m [90m{}[39m
[35m[W3C][39m Driver proxy active, passing request on via HTTP proxy
[35m[JSONWP Proxy][39m Replacing sessionId 4db832dc-8f38-4c94-b941-7dd653db14df with ac46a671-542e-4d21-bedd-6a19f77b2504
[35m[HTTP][39m [37m<-- GET /wd/hub/session/ac46a671-542e-4d21-bedd-6a19f77b2504/element/b3e1dff8-64ca-499d-a04c-95b5343a8952/location [39m[32m200[39m [90m26 ms - 89[39m
[35m[HTTP][39m [90m[39m
[35m[HTTP][39m [37m-->[39m [37mPOST[39m [37m/wd/hub/session/ac46a671-542e-4d21-bedd-6a19f77b2504/touch/perform[39m
[35m[HTTP][39m [90m{"actions":[{"action":"tap","options":{"element":"b3e1dff8-64ca-499d-a04c-95b5343a8952","x":1,"y":1}}]}[39m
[35m[UiAutomator2][39m calling get location: b3e1dff8-64ca-499d-a04c-95b5343a8952
[35m[HTTP][39m [37m<-- POST /wd/hub/session/ac46a671-542e-4d21-bedd-6a19f77b2504/touch/perform [39m[32m200[39m [90m68 ms - 76[39m
[35m[HTTP][39m [90m[39m
[35m[HTTP][39m [37m-->[39m [37mGET[39m [37m/wd/hub/session/ac46a671-542e-4d21-bedd-6a19f77b2504/window/current/size[39m
[35m[HTTP][39m [90m{}[39m
[35m[W3C][39m Driver proxy active, passing request on via HTTP proxy
[35m[JSONWP Proxy][39m Replacing sessionId 4db832dc-8f38-4c94-b941-7dd653db14df with ac46a671-542e-4d21-bedd-6a19f77b2504
[35m[HTTP][39m [37m<-- GET /wd/hub/session/ac46a671-542e-4d21-bedd-6a19f77b2504/window/current/size [39m[32m200[39m [90m26 ms - 100[39m
[35m[HTTP][39m [90m[39m
[35m[HTTP][39m [37m-->[39m [37mPOST[39m [37m/wd/hub/session/ac46a671-542e-4d21-bedd-6a19f77b2504/elements[39m
[35m[HTTP][39m [90m{"using":"-android uiautomator","value":"new UiSelector().className(\"android.widget.LinearLayout\").instance(8)"}[39m
[35m[HTTP][39m [37m<-- POST /wd/hub/session/ac46a671-542e-4d21-bedd-6a19f77b2504/elements [39m[32m200[39m [90m571 ms - 124[39m
[35m[HTTP][39m [90m[39m
[35m[HTTP][39m [37m-->[39m [37mGET[39m [37m/wd/hub/session/ac46a671-542e-4d21-bedd-6a19f77b2504[39m
[35m[HTTP][39m [90m{}[39m
[35m[HTTP][39m [37m<-- GET /wd/hub/session/ac46a671-542e-4d21-bedd-6a19f77b2504 [39m[32m200[39m [90m22 ms - 1133[39m
[35m[HTTP][39m [90m[39m
[35m[HTTP][39m [37m-->[39m [37mGET[39m [37m/wd/hub/session/ac46a671-542e-4d21-bedd-6a19f77b2504[39m
[35m[HTTP][39m [90m{}[39m
[35m[HTTP][39m [37m<-- GET /wd/hub/session/ac46a671-542e-4d21-bedd-6a19f77b2504 [39m[32m200[39m [90m19 ms - 1133[39m
[35m[HTTP][39m [90m[39m
[35m[HTTP][39m [37m-->[39m [37mGET[39m [37m/wd/hub/session/ac46a671-542e-4d21-bedd-6a19f77b2504[39m
[35m[HTTP][39m [90m{}[39m
[35m[HTTP][39m [37m<-- GET /wd/hub/session/ac46a671-542e-4d21-bedd-6a19f77b2504 [39m[32m200[39m [90m19 ms - 1133[39m
[35m[HTTP][39m [90m[39m
[35m[HTTP][39m [37m-->[39m [37mGET[39m [37m/wd/hub/session/ac46a671-542e-4d21-bedd-6a19f77b2504[39m
[35m[HTTP][39m [90m{}[39m
[35m[HTTP][39m [37m<-- GET /wd/hub/session/ac46a671-542e-4d21-bedd-6a19f77b2504 [39m[32m200[39m [90m20 ms - 1133[39m
[35m[HTTP][39m [90m[39m
[35m[HTTP][39m [37m-->[39m [37mGET[39m [37m/wd/hub/session/ac46a671-542e-4d21-bedd-6a19f77b2504/element/48a5c01f-a29f-48f1-aa8f-22a89c043b54/location[39m
[35m[HTTP][39m [90m{}[39m
[35m[W3C][39m Driver proxy active, passing request on via HTTP proxy
[35m[JSONWP Proxy][39m Replacing sessionId 4db832dc-8f38-4c94-b941-7dd653db14df with ac46a671-542e-4d21-bedd-6a19f77b2504
[35m[HTTP][39m [37m<-- GET /wd/hub/session/ac46a671-542e-4d21-bedd-6a19f77b2504/element/48a5c01f-a29f-48f1-aa8f-22a89c043b54/location [39m[32m200[39m [90m53 ms - 89[39m
[35m[HTTP][39m [90m[39m
[35m[HTTP][39m [37m-->[39m [37mPOST[39m [37m/wd/hub/session/ac46a671-542e-4d21-bedd-6a19f77b2504/touch/perform[39m
[35m[HTTP][39m [90m{"actions":[{"action":"tap","options":{"element":"48a5c01f-a29f-48f1-aa8f-22a89c043b54","x":1,"y":1}}]}[39m
[35m[UiAutomator2][39m calling get location: 48a5c01f-a29f-48f1-aa8f-22a89c043b54
[35m[HTTP][39m [37m<-- POST /wd/hub/session/ac46a671-542e-4d21-bedd-6a19f77b2504/touch/perform [39m[32m200[39m [90m1504 ms - 76[39m
[35m[HTTP][39m [90m[39m
[35m[HTTP][39m [37m-->[39m [37mGET[39m [37m/wd/hub/session/ac46a671-542e-4d21-bedd-6a19f77b2504/window/current/size[39m
[35m[HTTP][39m [90m{}[39m
[35m[W3C][39m Driver proxy active, passing request on via HTTP proxy
[35m[JSONWP Proxy][39m Replacing sessionId 4db832dc-8f38-4c94-b941-7dd653db14df with ac46a671-542e-4d21-bedd-6a19f77b2504
[35m[HTTP][39m [37m<-- GET /wd/hub/session/ac46a671-542e-4d21-bedd-6a19f77b2504/window/current/size [39m[32m200[39m [90m11 ms - 100[39m
[35m[HTTP][39m [90m[39m
[35m[HTTP][39m [37m-->[39m [37mPOST[39m [37m/wd/hub/session/ac46a671-542e-4d21-bedd-6a19f77b2504/elements[39m
[35m[HTTP][39m [90m{"using":"-android uiautomator","value":"new UiSelector().className(\"android.widget.TextView\").resourceId(\"com.abaxis.vetscan_vue.dev:id/button_single_connection_fuse\").instance(1)"}[39m
[35m[HTTP][39m [37m<-- POST /wd/hub/session/ac46a671-542e-4d21-bedd-6a19f77b2504/elements [39m[32m200[39m [90m79 ms - 124[39m
[35m[HTTP][39m [90m[39m
[35m[HTTP][39m [37m-->[39m [37mGET[39m [37m/wd/hub/session/ac46a671-542e-4d21-bedd-6a19f77b2504[39m
[35m[HTTP][39m [90m{}[39m
[35m[HTTP][39m [37m<-- GET /wd/hub/session/ac46a671-542e-4d21-bedd-6a19f77b2504 [39m[32m200[39m [90m9 ms - 1133[39m
[35m[HTTP][39m [90m[39m
[35m[HTTP][39m [37m-->[39m [37mGET[39m [37m/wd/hub/session/ac46a671-542e-4d21-bedd-6a19f77b2504[39m
[35m[HTTP][39m [90m{}[39m
[35m[HTTP][39m [37m<-- GET /wd/hub/session/ac46a671-542e-4d21-bedd-6a19f77b2504 [39m[32m200[39m [90m12 ms - 1133[39m
[35m[HTTP][39m [90m[39m
[35m[HTTP][39m [37m-->[39m [37mGET[39m [37m/wd/hub/session/ac46a671-542e-4d21-bedd-6a19f77b2504[39m
[35m[HTTP][39m [90m{}[39m
[35m[HTTP][39m [37m<-- GET /wd/hub/session/ac46a671-542e-4d21-bedd-6a19f77b2504 [39m[32m200[39m [90m12 ms - 1133[39m
[35m[HTTP][39m [90m[39m
[35m[HTTP][39m [37m-->[39m [37mGET[39m [37m/wd/hub/session/ac46a671-542e-4d21-bedd-6a19f77b2504[39m
[35m[HTTP][39m [90m{}[39m
[35m[HTTP][39m [37m<-- GET /wd/hub/session/ac46a671-542e-4d21-bedd-6a19f77b2504 [39m[32m200[39m [90m11 ms - 1133[39m
[35m[HTTP][39m [90m[39m
[35m[HTTP][39m [37m-->[39m [37mGET[39m [37m/wd/hub/session/ac46a671-542e-4d21-bedd-6a19f77b2504/element/cebe7a5a-9704-400a-a78b-213221681198/location[39m
[35m[HTTP][39m [90m{}[39m
[35m[W3C][39m Driver proxy active, passing request on via HTTP proxy
[35m[JSONWP Proxy][39m Replacing sessionId 4db832dc-8f38-4c94-b941-7dd653db14df with ac46a671-542e-4d21-bedd-6a19f77b2504
[35m[HTTP][39m [37m<-- GET /wd/hub/session/ac46a671-542e-4d21-bedd-6a19f77b2504/element/cebe7a5a-9704-400a-a78b-213221681198/location [39m[32m200[39m [90m39 ms - 90[39m
[35m[HTTP][39m [90m[39m
[35m[HTTP][39m [37m-->[39m [37mPOST[39m [37m/wd/hub/session/ac46a671-542e-4d21-bedd-6a19f77b2504/touch/perform[39m
[35m[HTTP][39m [90m{"actions":[{"action":"tap","options":{"element":"cebe7a5a-9704-400a-a78b-213221681198","x":1,"y":1}}]}[39m
[35m[UiAutomator2][39m calling get location: cebe7a5a-9704-400a-a78b-213221681198
[35m[HTTP][39m [37m<-- POST /wd/hub/session/ac46a671-542e-4d21-bedd-6a19f77b2504/touch/perform [39m[32m200[39m [90m1389 ms - 76[39m
[35m[HTTP][39m [90m[39m
[35m[HTTP][39m [37m-->[39m [37mGET[39m [37m/wd/hub/session/ac46a671-542e-4d21-bedd-6a19f77b2504/window/current/size[39m
[35m[HTTP][39m [90m{}[39m
[35m[W3C][39m Driver proxy active, passing request on via HTTP proxy
[35m[JSONWP Proxy][39m Replacing sessionId 4db832dc-8f38-4c94-b941-7dd653db14df with ac46a671-542e-4d21-bedd-6a19f77b2504
[35m[HTTP][39m [37m<-- GET /wd/hub/session/ac46a671-542e-4d21-bedd-6a19f77b2504/window/current/size [39m[32m200[39m [90m26 ms - 100[39m
[35m[HTTP][39m [90m[39m
[35m[HTTP][39m [37m-->[39m [37mPOST[39m [37m/wd/hub/session/ac46a671-542e-4d21-bedd-6a19f77b2504/elements[39m
[35m[HTTP][39m [90m{"using":"-android uiautomator","value":"new UiSelector().className(\"android.widget.EditText\").text(\"Enter fuse IP address\").resourceId(\"com.abaxis.vetscan_vue.dev:id/fuse_ip_edit_text\").instance(0)"}[39m
[35m[HTTP][39m [37m<-- POST /wd/hub/session/ac46a671-542e-4d21-bedd-6a19f77b2504/elements [39m[32m200[39m [90m90 ms - 124[39m
[35m[HTTP][39m [90m[39m
[35m[HTTP][39m [37m-->[39m [37mGET[39m [37m/wd/hub/session/ac46a671-542e-4d21-bedd-6a19f77b2504[39m
[35m[HTTP][39m [90m{}[39m
[35m[HTTP][39m [37m<-- GET /wd/hub/session/ac46a671-542e-4d21-bedd-6a19f77b2504 [39m[32m200[39m [90m16 ms - 1133[39m
[35m[HTTP][39m [90m[39m
[35m[HTTP][39m [37m-->[39m [37mGET[39m [37m/wd/hub/session/ac46a671-542e-4d21-bedd-6a19f77b2504[39m
[35m[HTTP][39m [90m{}[39m
[35m[HTTP][39m [37m<-- GET /wd/hub/session/ac46a671-542e-4d21-bedd-6a19f77b2504 [39m[32m200[39m [90m13 ms - 1133[39m
[35m[HTTP][39m [90m[39m
[35m[HTTP][39m [37m-->[39m [37mGET[39m [37m/wd/hub/session/ac46a671-542e-4d21-bedd-6a19f77b2504[39m
[35m[HTTP][39m [90m{}[39m
[35m[HTTP][39m [37m<-- GET /wd/hub/session/ac46a671-542e-4d21-bedd-6a19f77b2504 [39m[32m200[39m [90m15 ms - 1133[39m
[35m[HTTP][39m [90m[39m
[35m[HTTP][39m [37m-->[39m [37mGET[39m [37m/wd/hub/session/ac46a671-542e-4d21-bedd-6a19f77b2504[39m
[35m[HTTP][39m [90m{}[39m
[35m[HTTP][39m [37m<-- GET /wd/hub/session/ac46a671-542e-4d21-bedd-6a19f77b2504 [39m[32m200[39m [90m13 ms - 1133[39m
[35m[HTTP][39m [90m[39m
[35m[HTTP][39m [37m-->[39m [37mGET[39m [37m/wd/hub/session/ac46a671-542e-4d21-bedd-6a19f77b2504/element/c2f9f2bb-16a9-45d8-bec7-d614e515f62f/location[39m
[35m[HTTP][39m [90m{}[39m
[35m[W3C][39m Driver proxy active, passing request on via HTTP proxy
[35m[JSONWP Proxy][39m Replacing sessionId 4db832dc-8f38-4c94-b941-7dd653db14df with ac46a671-542e-4d21-bedd-6a19f77b2504
[35m[HTTP][39m [37m<-- GET /wd/hub/session/ac46a671-542e-4d21-bedd-6a19f77b2504/element/c2f9f2bb-16a9-45d8-bec7-d614e515f62f/location [39m[32m200[39m [90m34 ms - 89[39m
[35m[HTTP][39m [90m[39m
[35m[HTTP][39m [37m-->[39m [37mPOST[39m [37m/wd/hub/session/ac46a671-542e-4d21-bedd-6a19f77b2504/element/c2f9f2bb-16a9-45d8-bec7-d614e515f62f/clear[39m
[35m[HTTP][39m [90m{"id":"c2f9f2bb-16a9-45d8-bec7-d614e515f62f"}[39m
[35m[HTTP][39m [37m<-- POST /wd/hub/session/ac46a671-542e-4d21-bedd-6a19f77b2504/element/c2f9f2bb-16a9-45d8-bec7-d614e515f62f/clear [39m[32m200[39m [90m67 ms - 89[39m
[35m[HTTP][39m [90m[39m
[35m[HTTP][39m [37m-->[39m [37mPOST[39m [37m/wd/hub/session/ac46a671-542e-4d21-bedd-6a19f77b2504/element/c2f9f2bb-16a9-45d8-bec7-d614e515f62f/value[39m
[35m[HTTP][39m [90m{"id":"c2f9f2bb-16a9-45d8-bec7-d614e515f62f","value":["192.168.1.150"]}[39m
[35m[HTTP][39m [37m<-- POST /wd/hub/session/ac46a671-542e-4d21-bedd-6a19f77b2504/element/c2f9f2bb-16a9-45d8-bec7-d614e515f62f/value [39m[32m200[39m [90m1231 ms - 74[39m
[35m[HTTP][39m [90m[39m
[35m[HTTP][39m [37m-->[39m [37mGET[39m [37m/wd/hub/session/ac46a671-542e-4d21-bedd-6a19f77b2504/window/current/size[39m
[35m[HTTP][39m [90m{}[39m
[35m[W3C][39m Driver proxy active, passing request on via HTTP proxy
[35m[JSONWP Proxy][39m Replacing sessionId 4db832dc-8f38-4c94-b941-7dd653db14df with ac46a671-542e-4d21-bedd-6a19f77b2504
[35m[HTTP][39m [37m<-- GET /wd/hub/session/ac46a671-542e-4d21-bedd-6a19f77b2504/window/current/size [39m[32m200[39m [90m14 ms - 100[39m
[35m[HTTP][39m [90m[39m
[35m[HTTP][39m [37m-->[39m [37mPOST[39m [37m/wd/hub/session/ac46a671-542e-4d21-bedd-6a19f77b2504/elements[39m
[35m[HTTP][39m [90m{"using":"-android uiautomator","value":"new UiSelector().className(\"android.widget.Button\").text(\"CONNECT\").resourceId(\"com.abaxis.vetscan_vue.dev:id/manual_connect_button\").instance(0)"}[39m
[35m[HTTP][39m [37m<-- POST /wd/hub/session/ac46a671-542e-4d21-bedd-6a19f77b2504/elements [39m[32m200[39m [90m554 ms - 124[39m
[35m[HTTP][39m [90m[39m
[35m[HTTP][39m [37m-->[39m [37mGET[39m [37m/wd/hub/session/ac46a671-542e-4d21-bedd-6a19f77b2504[39m
[35m[HTTP][39m [90m{}[39m
[35m[HTTP][39m [37m<-- GET /wd/hub/session/ac46a671-542e-4d21-bedd-6a19f77b2504 [39m[32m200[39m [90m11 ms - 1133[39m
[35m[HTTP][39m [90m[39m
[35m[HTTP][39m [37m-->[39m [37mGET[39m [37m/wd/hub/session/ac46a671-542e-4d21-bedd-6a19f77b2504[39m
[35m[HTTP][39m [90m{}[39m
[35m[HTTP][39m [37m<-- GET /wd/hub/session/ac46a671-542e-4d21-bedd-6a19f77b2504 [39m[32m200[39m [90m8 ms - 1133[39m
[35m[HTTP][39m [90m[39m
[35m[HTTP][39m [37m-->[39m [37mGET[39m [37m/wd/hub/session/ac46a671-542e-4d21-bedd-6a19f77b2504[39m
[35m[HTTP][39m [90m{}[39m
[35m[HTTP][39m [37m<-- GET /wd/hub/session/ac46a671-542e-4d21-bedd-6a19f77b2504 [39m[32m200[39m [90m8 ms - 1133[39m
[35m[HTTP][39m [90m[39m
[35m[HTTP][39m [37m-->[39m [37mGET[39m [37m/wd/hub/session/ac46a671-542e-4d21-bedd-6a19f77b2504[39m
[35m[HTTP][39m [90m{}[39m
[35m[HTTP][39m [37m<-- GET /wd/hub/session/ac46a671-542e-4d21-bedd-6a19f77b2504 [39m[32m200[39m [90m8 ms - 1133[39m
[35m[HTTP][39m [90m[39m
[35m[HTTP][39m [37m-->[39m [37mGET[39m [37m/wd/hub/session/ac46a671-542e-4d21-bedd-6a19f77b2504/element/3271dff5-14bc-4a1d-bb0f-a1584640b49a/location[39m
[35m[HTTP][39m [90m{}[39m
[35m[W3C][39m Driver proxy active, passing request on via HTTP proxy
[35m[JSONWP Proxy][39m Replacing sessionId 4db832dc-8f38-4c94-b941-7dd653db14df with ac46a671-542e-4d21-bedd-6a19f77b2504
[35m[HTTP][39m [37m<-- GET /wd/hub/session/ac46a671-542e-4d21-bedd-6a19f77b2504/element/3271dff5-14bc-4a1d-bb0f-a1584640b49a/location [39m[32m200[39m [90m17 ms - 89[39m
[35m[HTTP][39m [90m[39m
[35m[HTTP][39m [37m-->[39m [37mPOST[39m [37m/wd/hub/session/ac46a671-542e-4d21-bedd-6a19f77b2504/touch/perform[39m
[35m[HTTP][39m [90m{"actions":[{"action":"tap","options":{"element":"3271dff5-14bc-4a1d-bb0f-a1584640b49a","x":1,"y":1}}]}[39m
[35m[UiAutomator2][39m calling get location: 3271dff5-14bc-4a1d-bb0f-a1584640b49a
[35m[HTTP][39m [37m<-- POST /wd/hub/session/ac46a671-542e-4d21-bedd-6a19f77b2504/touch/perform [39m[32m200[39m [90m859 ms - 76[39m
[35m[HTTP][39m [90m[39m
[35m[HTTP][39m [37m-->[39m [37mGET[39m [37m/wd/hub/session/ac46a671-542e-4d21-bedd-6a19f77b2504/window/current/size[39m
[35m[HTTP][39m [90m{}[39m
[35m[W3C][39m Driver proxy active, passing request on via HTTP proxy
[35m[JSONWP Proxy][39m Replacing sessionId 4db832dc-8f38-4c94-b941-7dd653db14df with ac46a671-542e-4d21-bedd-6a19f77b2504
[35m[HTTP][39m [37m<-- GET /wd/hub/session/ac46a671-542e-4d21-bedd-6a19f77b2504/window/current/size [39m[32m200[39m [90m68 ms - 100[39m
[35m[HTTP][39m [90m[39m
[35m[HTTP][39m [37m-->[39m [37mPOST[39m [37m/wd/hub/session/ac46a671-542e-4d21-bedd-6a19f77b2504/elements[39m
[35m[HTTP][39m [90m{"using":"-android uiautomator","value":"new UiSelector().className(\"android.widget.ImageButton\").instance(0)"}[39m
[35m[HTTP][39m [37m<-- POST /wd/hub/session/ac46a671-542e-4d21-bedd-6a19f77b2504/elements [39m[32m200[39m [90m30 ms - 74[39m
[35m[HTTP][39m [90m[39m
[35m[HTTP][39m [37m-->[39m [37mPOST[39m [37m/wd/hub/session/ac46a671-542e-4d21-bedd-6a19f77b2504/elements[39m
[35m[HTTP][39m [90m{"using":"-android uiautomator","value":"new UiSelector().className(\"android.widget.ImageButton\").instance(0)"}[39m
[35m[HTTP][39m [37m<-- POST /wd/hub/session/ac46a671-542e-4d21-bedd-6a19f77b2504/elements [39m[32m200[39m [90m33 ms - 74[39m
[35m[HTTP][39m [90m[39m
[35m[HTTP][39m [37m-->[39m [37mPOST[39m [37m/wd/hub/session/ac46a671-542e-4d21-bedd-6a19f77b2504/elements[39m
[35m[HTTP][39m [90m{"using":"-android uiautomator","value":"new UiSelector().className(\"android.widget.ImageButton\").instance(0)"}[39m
[35m[HTTP][39m [37m<-- POST /wd/hub/session/ac46a671-542e-4d21-bedd-6a19f77b2504/elements [39m[32m200[39m [90m27 ms - 74[39m
[35m[HTTP][39m [90m[39m
[35m[HTTP][39m [37m-->[39m [37mPOST[39m [37m/wd/hub/session/ac46a671-542e-4d21-bedd-6a19f77b2504/elements[39m
[35m[HTTP][39m [90m{"using":"-android uiautomator","value":"new UiSelector().className(\"android.widget.ImageButton\").instance(0)"}[39m
[35m[HTTP][39m [37m<-- POST /wd/hub/session/ac46a671-542e-4d21-bedd-6a19f77b2504/elements [39m[32m200[39m [90m29 ms - 74[39m
[35m[HTTP][39m [90m[39m
[35m[HTTP][39m [37m-->[39m [37mPOST[39m [37m/wd/hub/session/ac46a671-542e-4d21-bedd-6a19f77b2504/elements[39m
[35m[HTTP][39m [90m{"using":"-android uiautomator","value":"new UiSelector().className(\"android.widget.ImageButton\").instance(0)"}[39m
[35m[HTTP][39m [37m<-- POST /wd/hub/session/ac46a671-542e-4d21-bedd-6a19f77b2504/elements [39m[32m200[39m [90m32 ms - 74[39m
[35m[HTTP][39m [90m[39m
[35m[HTTP][39m [37m-->[39m [37mPOST[39m [37m/wd/hub/session/ac46a671-542e-4d21-bedd-6a19f77b2504/elements[39m
[35m[HTTP][39m [90m{"using":"-android uiautomator","value":"new UiSelector().className(\"android.widget.ImageButton\").instance(0)"}[39m
[35m[HTTP][39m [37m<-- POST /wd/hub/session/ac46a671-542e-4d21-bedd-6a19f77b2504/elements [39m[32m200[39m [90m28 ms - 74[39m
[35m[HTTP][39m [90m[39m
[35m[HTTP][39m [37m-->[39m [37mPOST[39m [37m/wd/hub/session/ac46a671-542e-4d21-bedd-6a19f77b2504/elements[39m
[35m[HTTP][39m [90m{"using":"-android uiautomator","value":"new UiSelector().className(\"android.widget.ImageButton\").instance(0)"}[39m
[35m[HTTP][39m [37m<-- POST /wd/hub/session/ac46a671-542e-4d21-bedd-6a19f77b2504/elements [39m[32m200[39m [90m32 ms - 74[39m
[35m[HTTP][39m [90m[39m
[35m[HTTP][39m [37m-->[39m [37mPOST[39m [37m/wd/hub/session/ac46a671-542e-4d21-bedd-6a19f77b2504/elements[39m
[35m[HTTP][39m [90m{"using":"-android uiautomator","value":"new UiSelector().className(\"android.widget.ImageButton\").instance(0)"}[39m
[35m[HTTP][39m [37m<-- POST /wd/hub/session/ac46a671-542e-4d21-bedd-6a19f77b2504/elements [39m[32m200[39m [90m28 ms - 74[39m
[35m[HTTP][39m [90m[39m
[35m[HTTP][39m [37m-->[39m [37mPOST[39m [37m/wd/hub/session/ac46a671-542e-4d21-bedd-6a19f77b2504/elements[39m
[35m[HTTP][39m [90m{"using":"-android uiautomator","value":"new UiSelector().className(\"android.widget.ImageButton\").instance(0)"}[39m
[35m[HTTP][39m [37m<-- POST /wd/hub/session/ac46a671-542e-4d21-bedd-6a19f77b2504/elements [39m[32m200[39m [90m31 ms - 74[39m
[35m[HTTP][39m [90m[39m
[35m[HTTP][39m [37m-->[39m [37mPOST[39m [37m/wd/hub/session/ac46a671-542e-4d21-bedd-6a19f77b2504/elements[39m
[35m[HTTP][39m [90m{"using":"-android uiautomator","value":"new UiSelector().className(\"android.widget.ImageButton\").instance(0)"}[39m
[35m[HTTP][39m [37m<-- POST /wd/hub/session/ac46a671-542e-4d21-bedd-6a19f77b2504/elements [39m[32m200[39m [90m30 ms - 74[39m
[35m[HTTP][39m [90m[39m
[35m[HTTP][39m [37m-->[39m [37mPOST[39m [37m/wd/hub/session/ac46a671-542e-4d21-bedd-6a19f77b2504/elements[39m
[35m[HTTP][39m [90m{"using":"-android uiautomator","value":"new UiSelector().className(\"android.widget.ImageButton\").instance(0)"}[39m
[35m[HTTP][39m [37m<-- POST /wd/hub/session/ac46a671-542e-4d21-bedd-6a19f77b2504/elements [39m[32m200[39m [90m32 ms - 74[39m
[35m[HTTP][39m [90m[39m
[35m[HTTP][39m [37m-->[39m [37mPOST[39m [37m/wd/hub/session/ac46a671-542e-4d21-bedd-6a19f77b2504/elements[39m
[35m[HTTP][39m [90m{"using":"-android uiautomator","value":"new UiSelector().className(\"android.widget.ImageButton\").instance(0)"}[39m
[35m[HTTP][39m [37m<-- POST /wd/hub/session/ac46a671-542e-4d21-bedd-6a19f77b2504/elements [39m[32m200[39m [90m32 ms - 74[39m
[35m[HTTP][39m [90m[39m
[35m[HTTP][39m [37m-->[39m [37mPOST[39m [37m/wd/hub/session/ac46a671-542e-4d21-bedd-6a19f77b2504/elements[39m
[35m[HTTP][39m [90m{"using":"-android uiautomator","value":"new UiSelector().className(\"android.widget.ImageButton\").instance(0)"}[39m
[35m[HTTP][39m [37m<-- POST /wd/hub/session/ac46a671-542e-4d21-bedd-6a19f77b2504/elements [39m[32m200[39m [90m23 ms - 74[39m
[35m[HTTP][39m [90m[39m
[35m[HTTP][39m [37m-->[39m [37mPOST[39m [37m/wd/hub/session/ac46a671-542e-4d21-bedd-6a19f77b2504/elements[39m
[35m[HTTP][39m [90m{"using":"-android uiautomator","value":"new UiSelector().className(\"android.widget.ImageButton\").instance(0)"}[39m
[35m[HTTP][39m [37m<-- POST /wd/hub/session/ac46a671-542e-4d21-bedd-6a19f77b2504/elements [39m[32m200[39m [90m32 ms - 74[39m
[35m[HTTP][39m [90m[39m
[35m[HTTP][39m [37m-->[39m [37mPOST[39m [37m/wd/hub/session/ac46a671-542e-4d21-bedd-6a19f77b2504/elements[39m
[35m[HTTP][39m [90m{"using":"-android uiautomator","value":"new UiSelector().className(\"android.widget.ImageButton\").instance(0)"}[39m
[35m[HTTP][39m [37m<-- POST /wd/hub/session/ac46a671-542e-4d21-bedd-6a19f77b2504/elements [39m[32m200[39m [90m33 ms - 74[39m
[35m[HTTP][39m [90m[39m
[35m[HTTP][39m [37m-->[39m [37mPOST[39m [37m/wd/hub/session/ac46a671-542e-4d21-bedd-6a19f77b2504/elements[39m
[35m[HTTP][39m [90m{"using":"-android uiautomator","value":"new UiSelector().className(\"android.widget.ImageButton\").instance(0)"}[39m
[35m[HTTP][39m [37m<-- POST /wd/hub/session/ac46a671-542e-4d21-bedd-6a19f77b2504/elements [39m[32m200[39m [90m26 ms - 74[39m
[35m[HTTP][39m [90m[39m
[35m[HTTP][39m [37m-->[39m [37mPOST[39m [37m/wd/hub/session/ac46a671-542e-4d21-bedd-6a19f77b2504/elements[39m
[35m[HTTP][39m [90m{"using":"-android uiautomator","value":"new UiSelector().className(\"android.widget.ImageButton\").instance(0)"}[39m
[35m[HTTP][39m [37m<-- POST /wd/hub/session/ac46a671-542e-4d21-bedd-6a19f77b2504/elements [39m[32m200[39m [90m30 ms - 74[39m
[35m[HTTP][39m [90m[39m
[35m[HTTP][39m [37m-->[39m [37mPOST[39m [37m/wd/hub/session/ac46a671-542e-4d21-bedd-6a19f77b2504/elements[39m
[35m[HTTP][39m [90m{"using":"-android uiautomator","value":"new UiSelector().className(\"android.widget.ImageButton\").instance(0)"}[39m
[35m[HTTP][39m [37m<-- POST /wd/hub/session/ac46a671-542e-4d21-bedd-6a19f77b2504/elements [39m[32m200[39m [90m22 ms - 74[39m
[35m[HTTP][39m [90m[39m
[35m[HTTP][39m [37m-->[39m [37mPOST[39m [37m/wd/hub/session/ac46a671-542e-4d21-bedd-6a19f77b2504/elements[39m
[35m[HTTP][39m [90m{"using":"-android uiautomator","value":"new UiSelector().className(\"android.widget.ImageButton\").instance(0)"}[39m
[35m[HTTP][39m [37m<-- POST /wd/hub/session/ac46a671-542e-4d21-bedd-6a19f77b2504/elements [39m[32m200[39m [90m23 ms - 74[39m
[35m[HTTP][39m [90m[39m
[35m[HTTP][39m [37m-->[39m [37mPOST[39m [37m/wd/hub/session/ac46a671-542e-4d21-bedd-6a19f77b2504/elements[39m
[35m[HTTP][39m [90m{"using":"-android uiautomator","value":"new UiSelector().className(\"android.widget.ImageButton\").instance(0)"}[39m
[35m[HTTP][39m [37m<-- POST /wd/hub/session/ac46a671-542e-4d21-bedd-6a19f77b2504/elements [39m[32m200[39m [90m34 ms - 74[39m
[35m[HTTP][39m [90m[39m
[35m[HTTP][39m [37m-->[39m [37mPOST[39m [37m/wd/hub/session/ac46a671-542e-4d21-bedd-6a19f77b2504/elements[39m
[35m[HTTP][39m [90m{"using":"-android uiautomator","value":"new UiSelector().className(\"android.widget.ImageButton\").instance(0)"}[39m
[35m[HTTP][39m [37m<-- POST /wd/hub/session/ac46a671-542e-4d21-bedd-6a19f77b2504/elements [39m[32m200[39m [90m23 ms - 74[39m
[35m[HTTP][39m [90m[39m
[35m[HTTP][39m [37m-->[39m [37mPOST[39m [37m/wd/hub/session/ac46a671-542e-4d21-bedd-6a19f77b2504/elements[39m
[35m[HTTP][39m [90m{"using":"-android uiautomator","value":"new UiSelector().className(\"android.widget.ImageButton\").instance(0)"}[39m
[35m[HTTP][39m [37m<-- POST /wd/hub/session/ac46a671-542e-4d21-bedd-6a19f77b2504/elements [39m[32m200[39m [90m31 ms - 74[39m
[35m[HTTP][39m [90m[39m
[35m[HTTP][39m [37m-->[39m [37mPOST[39m [37m/wd/hub/session/ac46a671-542e-4d21-bedd-6a19f77b2504/elements[39m
[35m[HTTP][39m [90m{"using":"-android uiautomator","value":"new UiSelector().className(\"android.widget.ImageButton\").instance(0)"}[39m
[35m[HTTP][39m [37m<-- POST /wd/hub/session/ac46a671-542e-4d21-bedd-6a19f77b2504/elements [39m[32m200[39m [90m31 ms - 74[39m
[35m[HTTP][39m [90m[39m
[35m[HTTP][39m [37m-->[39m [37mPOST[39m [37m/wd/hub/session/ac46a671-542e-4d21-bedd-6a19f77b2504/elements[39m
[35m[HTTP][39m [90m{"using":"-android uiautomator","value":"new UiSelector().className(\"android.widget.ImageButton\").instance(0)"}[39m
[35m[HTTP][39m [37m<-- POST /wd/hub/session/ac46a671-542e-4d21-bedd-6a19f77b2504/elements [39m[32m200[39m [90m31 ms - 74[39m
[35m[HTTP][39m [90m[39m
[35m[HTTP][39m [37m-->[39m [37mPOST[39m [37m/wd/hub/session/ac46a671-542e-4d21-bedd-6a19f77b2504/elements[39m
[35m[HTTP][39m [90m{"using":"-android uiautomator","value":"new UiSelector().className(\"android.widget.ImageButton\").instance(0)"}[39m
[35m[HTTP][39m [37m<-- POST /wd/hub/session/ac46a671-542e-4d21-bedd-6a19f77b2504/elements [39m[32m200[39m [90m27 ms - 74[39m
[35m[HTTP][39m [90m[39m
[35m[HTTP][39m [37m-->[39m [37mPOST[39m [37m/wd/hub/session/ac46a671-542e-4d21-bedd-6a19f77b2504/elements[39m
[35m[HTTP][39m [90m{"using":"-android uiautomator","value":"new UiSelector().className(\"android.widget.ImageButton\").instance(0)"}[39m
[35m[HTTP][39m [37m<-- POST /wd/hub/session/ac46a671-542e-4d21-bedd-6a19f77b2504/elements [39m[32m200[39m [90m762 ms - 124[39m
[35m[HTTP][39m [90m[39m
[35m[HTTP][39m [37m-->[39m [37mGET[39m [37m/wd/hub/session/ac46a671-542e-4d21-bedd-6a19f77b2504[39m
[35m[HTTP][39m [90m{}[39m
[35m[HTTP][39m [37m<-- GET /wd/hub/session/ac46a671-542e-4d21-bedd-6a19f77b2504 [39m[32m200[39m [90m35 ms - 1133[39m
[35m[HTTP][39m [90m[39m
[35m[HTTP][39m [37m-->[39m [37mGET[39m [37m/wd/hub/session/ac46a671-542e-4d21-bedd-6a19f77b2504[39m
[35m[HTTP][39m [90m{}[39m
[35m[HTTP][39m [37m<-- GET /wd/hub/session/ac46a671-542e-4d21-bedd-6a19f77b2504 [39m[32m200[39m [90m25 ms - 1133[39m
[35m[HTTP][39m [90m[39m
[35m[HTTP][39m [37m-->[39m [37mGET[39m [37m/wd/hub/session/ac46a671-542e-4d21-bedd-6a19f77b2504[39m
[35m[HTTP][39m [90m{}[39m
[35m[HTTP][39m [37m<-- GET /wd/hub/session/ac46a671-542e-4d21-bedd-6a19f77b2504 [39m[32m200[39m [90m18 ms - 1133[39m
[35m[HTTP][39m [90m[39m
[35m[HTTP][39m [37m-->[39m [37mGET[39m [37m/wd/hub/session/ac46a671-542e-4d21-bedd-6a19f77b2504[39m
[35m[HTTP][39m [90m{}[39m
[35m[HTTP][39m [37m<-- GET /wd/hub/session/ac46a671-542e-4d21-bedd-6a19f77b2504 [39m[32m200[39m [90m20 ms - 1133[39m
[35m[HTTP][39m [90m[39m
[35m[HTTP][39m [37m-->[39m [37mGET[39m [37m/wd/hub/session/ac46a671-542e-4d21-bedd-6a19f77b2504/element/43d2e67e-a7e7-46eb-be94-ddff2ee4305b/location[39m
[35m[HTTP][39m [90m{}[39m
[35m[W3C][39m Driver proxy active, passing request on via HTTP proxy
[35m[JSONWP Proxy][39m Replacing sessionId 4db832dc-8f38-4c94-b941-7dd653db14df with ac46a671-542e-4d21-bedd-6a19f77b2504
[35m[HTTP][39m [37m<-- GET /wd/hub/session/ac46a671-542e-4d21-bedd-6a19f77b2504/element/43d2e67e-a7e7-46eb-be94-ddff2ee4305b/location [39m[32m200[39m [90m46 ms - 86[39m
[35m[HTTP][39m [90m[39m
[35m[HTTP][39m [37m-->[39m [37mPOST[39m [37m/wd/hub/session/ac46a671-542e-4d21-bedd-6a19f77b2504/touch/perform[39m
[35m[HTTP][39m [90m{"actions":[{"action":"tap","options":{"element":"43d2e67e-a7e7-46eb-be94-ddff2ee4305b","x":1,"y":1}}]}[39m
[35m[UiAutomator2][39m calling get location: 43d2e67e-a7e7-46eb-be94-ddff2ee4305b
[35m[HTTP][39m [37m<-- POST /wd/hub/session/ac46a671-542e-4d21-bedd-6a19f77b2504/touch/perform [39m[32m200[39m [90m1703 ms - 76[39m
[35m[HTTP][39m [90m[39m
[35m[HTTP][39m [37m-->[39m [37mGET[39m [37m/wd/hub/session/ac46a671-542e-4d21-bedd-6a19f77b2504/window/current/size[39m
[35m[HTTP][39m [90m{}[39m
[35m[W3C][39m Driver proxy active, passing request on via HTTP proxy
[35m[JSONWP Proxy][39m Replacing sessionId 4db832dc-8f38-4c94-b941-7dd653db14df with ac46a671-542e-4d21-bedd-6a19f77b2504
[35m[HTTP][39m [37m<-- GET /wd/hub/session/ac46a671-542e-4d21-bedd-6a19f77b2504/window/current/size [39m[32m200[39m [90m12 ms - 100[39m
[35m[HTTP][39m [90m[39m
[35m[HTTP][39m [37m-->[39m [37mPOST[39m [37m/wd/hub/session/ac46a671-542e-4d21-bedd-6a19f77b2504/elements[39m
[35m[HTTP][39m [90m{"using":"-android uiautomator","value":"new UiSelector().className(\"android.widget.ImageButton\").instance(0)"}[39m
[35m[HTTP][39m [37m<-- POST /wd/hub/session/ac46a671-542e-4d21-bedd-6a19f77b2504/elements [39m[32m200[39m [90m49 ms - 124[39m
[35m[HTTP][39m [90m[39m
[35m[HTTP][39m [37m-->[39m [37mGET[39m [37m/wd/hub/session/ac46a671-542e-4d21-bedd-6a19f77b2504[39m
[35m[HTTP][39m [90m{}[39m
[35m[HTTP][39m [37m<-- GET /wd/hub/session/ac46a671-542e-4d21-bedd-6a19f77b2504 [39m[32m200[39m [90m10 ms - 1133[39m
[35m[HTTP][39m [90m[39m
[35m[HTTP][39m [37m-->[39m [37mGET[39m [37m/wd/hub/session/ac46a671-542e-4d21-bedd-6a19f77b2504[39m
[35m[HTTP][39m [90m{}[39m
[35m[HTTP][39m [37m<-- GET /wd/hub/session/ac46a671-542e-4d21-bedd-6a19f77b2504 [39m[32m200[39m [90m13 ms - 1133[39m
[35m[HTTP][39m [90m[39m
[35m[HTTP][39m [37m-->[39m [37mGET[39m [37m/wd/hub/session/ac46a671-542e-4d21-bedd-6a19f77b2504[39m
[35m[HTTP][39m [90m{}[39m
[35m[HTTP][39m [37m<-- GET /wd/hub/session/ac46a671-542e-4d21-bedd-6a19f77b2504 [39m[32m200[39m [90m11 ms - 1133[39m
[35m[HTTP][39m [90m[39m
[35m[HTTP][39m [37m-->[39m [37mGET[39m [37m/wd/hub/session/ac46a671-542e-4d21-bedd-6a19f77b2504[39m
[35m[HTTP][39m [90m{}[39m
[35m[HTTP][39m [37m<-- GET /wd/hub/session/ac46a671-542e-4d21-bedd-6a19f77b2504 [39m[32m200[39m [90m11 ms - 1133[39m
[35m[HTTP][39m [90m[39m
[35m[HTTP][39m [37m-->[39m [37mGET[39m [37m/wd/hub/session/ac46a671-542e-4d21-bedd-6a19f77b2504/element/ff3e5341-5f93-4b06-bca2-06a05f309c01/location[39m
[35m[HTTP][39m [90m{}[39m
[35m[W3C][39m Driver proxy active, passing request on via HTTP proxy
[35m[JSONWP Proxy][39m Replacing sessionId 4db832dc-8f38-4c94-b941-7dd653db14df with ac46a671-542e-4d21-bedd-6a19f77b2504
[35m[HTTP][39m [37m<-- GET /wd/hub/session/ac46a671-542e-4d21-bedd-6a19f77b2504/element/ff3e5341-5f93-4b06-bca2-06a05f309c01/location [39m[32m200[39m [90m35 ms - 86[39m
[35m[HTTP][39m [90m[39m
[35m[HTTP][39m [37m-->[39m [37mPOST[39m [37m/wd/hub/session/ac46a671-542e-4d21-bedd-6a19f77b2504/touch/perform[39m
[35m[HTTP][39m [90m{"actions":[{"action":"tap","options":{"element":"ff3e5341-5f93-4b06-bca2-06a05f309c01","x":1,"y":1}}]}[39m
[35m[UiAutomator2][39m calling get location: ff3e5341-5f93-4b06-bca2-06a05f309c01
[35m[HTTP][39m [37m<-- POST /wd/hub/session/ac46a671-542e-4d21-bedd-6a19f77b2504/touch/perform [39m[32m200[39m [90m1176 ms - 76[39m
[35m[HTTP][39m [90m[39m
[35m[HTTP][39m [37m-->[39m [37mGET[39m [37m/wd/hub/session/ac46a671-542e-4d21-bedd-6a19f77b2504/window/current/size[39m
[35m[HTTP][39m [90m{}[39m
[35m[W3C][39m Driver proxy active, passing request on via HTTP proxy
[35m[JSONWP Proxy][39m Replacing sessionId 4db832dc-8f38-4c94-b941-7dd653db14df with ac46a671-542e-4d21-bedd-6a19f77b2504
[35m[HTTP][39m [37m<-- GET /wd/hub/session/ac46a671-542e-4d21-bedd-6a19f77b2504/window/current/size [39m[32m200[39m [90m37 ms - 100[39m
[35m[HTTP][39m [90m[39m
[35m[HTTP][39m [37m-->[39m [37mPOST[39m [37m/wd/hub/session/ac46a671-542e-4d21-bedd-6a19f77b2504/elements[39m
[35m[HTTP][39m [90m{"using":"xpath","value":"//hierarchy/android.widget.FrameLayout[1]/android.widget.LinearLayout[1]/android.widget.FrameLayout[1]/android.widget.FrameLayout[1]/android.widget.FrameLayout[1]/android.widget.RelativeLayout[1]/android.widget.RelativeLayout[1]/android.widget.HorizontalScrollView[1]/android.widget.LinearLayout[1]/android.widget.ImageButton[2]"}[39m
[35m[HTTP][39m [37m<-- POST /wd/hub/session/ac46a671-542e-4d21-bedd-6a19f77b2504/elements [39m[32m200[39m [90m546 ms - 124[39m
[35m[HTTP][39m [90m[39m
[35m[HTTP][39m [37m-->[39m [37mGET[39m [37m/wd/hub/session/ac46a671-542e-4d21-bedd-6a19f77b2504[39m
[35m[HTTP][39m [90m{}[39m
[35m[HTTP][39m [37m<-- GET /wd/hub/session/ac46a671-542e-4d21-bedd-6a19f77b2504 [39m[32m200[39m [90m16 ms - 1133[39m
[35m[HTTP][39m [90m[39m
[35m[HTTP][39m [37m-->[39m [37mGET[39m [37m/wd/hub/session/ac46a671-542e-4d21-bedd-6a19f77b2504[39m
[35m[HTTP][39m [90m{}[39m
[35m[HTTP][39m [37m<-- GET /wd/hub/session/ac46a671-542e-4d21-bedd-6a19f77b2504 [39m[32m200[39m [90m18 ms - 1133[39m
[35m[HTTP][39m [90m[39m
[35m[HTTP][39m [37m-->[39m [37mGET[39m [37m/wd/hub/session/ac46a671-542e-4d21-bedd-6a19f77b2504[39m
[35m[HTTP][39m [90m{}[39m
[35m[HTTP][39m [37m<-- GET /wd/hub/session/ac46a671-542e-4d21-bedd-6a19f77b2504 [39m[32m200[39m [90m18 ms - 1133[39m
[35m[HTTP][39m [90m[39m
[35m[HTTP][39m [37m-->[39m [37mGET[39m [37m/wd/hub/session/ac46a671-542e-4d21-bedd-6a19f77b2504[39m
[35m[HTTP][39m [90m{}[39m
[35m[HTTP][39m [37m<-- GET /wd/hub/session/ac46a671-542e-4d21-bedd-6a19f77b2504 [39m[32m200[39m [90m18 ms - 1133[39m
[35m[HTTP][39m [90m[39m
[35m[HTTP][39m [37m-->[39m [37mGET[39m [37m/wd/hub/session/ac46a671-542e-4d21-bedd-6a19f77b2504/element/89ced3a3-28d5-41c3-b6c6-140ffd019aaf/location[39m
[35m[HTTP][39m [90m{}[39m
[35m[W3C][39m Driver proxy active, passing request on via HTTP proxy
[35m[JSONWP Proxy][39m Replacing sessionId 4db832dc-8f38-4c94-b941-7dd653db14df with ac46a671-542e-4d21-bedd-6a19f77b2504
[35m[HTTP][39m [37m<-- GET /wd/hub/session/ac46a671-542e-4d21-bedd-6a19f77b2504/element/89ced3a3-28d5-41c3-b6c6-140ffd019aaf/location [39m[32m200[39m [90m25 ms - 88[39m
[35m[HTTP][39m [90m[39m
[35m[HTTP][39m [37m-->[39m [37mPOST[39m [37m/wd/hub/session/ac46a671-542e-4d21-bedd-6a19f77b2504/touch/perform[39m
[35m[HTTP][39m [90m{"actions":[{"action":"tap","options":{"element":"89ced3a3-28d5-41c3-b6c6-140ffd019aaf","x":1,"y":1}}]}[39m
[35m[UiAutomator2][39m calling get location: 89ced3a3-28d5-41c3-b6c6-140ffd019aaf
[35m[HTTP][39m [37m<-- POST /wd/hub/session/ac46a671-542e-4d21-bedd-6a19f77b2504/touch/perform [39m[32m200[39m [90m64 ms - 76[39m
[35m[HTTP][39m [90m[39m
[35m[HTTP][39m [37m-->[39m [37mGET[39m [37m/wd/hub/session/ac46a671-542e-4d21-bedd-6a19f77b2504/window/current/size[39m
[35m[HTTP][39m [90m{}[39m
[35m[W3C][39m Driver proxy active, passing request on via HTTP proxy
[35m[JSONWP Proxy][39m Replacing sessionId 4db832dc-8f38-4c94-b941-7dd653db14df with ac46a671-542e-4d21-bedd-6a19f77b2504
[35m[HTTP][39m [37m<-- GET /wd/hub/session/ac46a671-542e-4d21-bedd-6a19f77b2504/window/current/size [39m[32m200[39m [90m27 ms - 100[39m
[35m[HTTP][39m [90m[39m
[35m[HTTP][39m [37m-->[39m [37mPOST[39m [37m/wd/hub/session/ac46a671-542e-4d21-bedd-6a19f77b2504/elements[39m
[35m[HTTP][39m [90m{"using":"xpath","value":"//hierarchy/android.widget.FrameLayout[1]/android.widget.LinearLayout[1]/android.widget.FrameLayout[1]/android.widget.FrameLayout[1]/android.widget.FrameLayout[1]/android.widget.RelativeLayout[1]/android.support.v4.view.ViewPager[1]/android.widget.FrameLayout[1]/android.view.ViewGroup[1]/android.widget.RelativeLayout[1]/android.widget.RelativeLayout[1]/android.widget.ImageView[1]"}[39m
[35m[HTTP][39m [37m<-- POST /wd/hub/session/ac46a671-542e-4d21-bedd-6a19f77b2504/elements [39m[32m200[39m [90m176 ms - 124[39m
[35m[HTTP][39m [90m[39m
[35m[HTTP][39m [37m-->[39m [37mGET[39m [37m/wd/hub/session/ac46a671-542e-4d21-bedd-6a19f77b2504[39m
[35m[HTTP][39m [90m{}[39m
[35m[HTTP][39m [37m<-- GET /wd/hub/session/ac46a671-542e-4d21-bedd-6a19f77b2504 [39m[32m200[39m [90m8 ms - 1133[39m
[35m[HTTP][39m [90m[39m
[35m[HTTP][39m [37m-->[39m [37mGET[39m [37m/wd/hub/session/ac46a671-542e-4d21-bedd-6a19f77b2504[39m
[35m[HTTP][39m [90m{}[39m
[35m[HTTP][39m [37m<-- GET /wd/hub/session/ac46a671-542e-4d21-bedd-6a19f77b2504 [39m[32m200[39m [90m7 ms - 1133[39m
[35m[HTTP][39m [90m[39m
[35m[HTTP][39m [37m-->[39m [37mGET[39m [37m/wd/hub/session/ac46a671-542e-4d21-bedd-6a19f77b2504[39m
[35m[HTTP][39m [90m{}[39m
[35m[HTTP][39m [37m<-- GET /wd/hub/session/ac46a671-542e-4d21-bedd-6a19f77b2504 [39m[32m200[39m [90m10 ms - 1133[39m
[35m[HTTP][39m [90m[39m
[35m[HTTP][39m [37m-->[39m [37mGET[39m [37m/wd/hub/session/ac46a671-542e-4d21-bedd-6a19f77b2504[39m
[35m[HTTP][39m [90m{}[39m
[35m[HTTP][39m [37m<-- GET /wd/hub/session/ac46a671-542e-4d21-bedd-6a19f77b2504 [39m[32m200[39m [90m9 ms - 1133[39m
[35m[HTTP][39m [90m[39m
[35m[HTTP][39m [37m-->[39m [37mGET[39m [37m/wd/hub/session/ac46a671-542e-4d21-bedd-6a19f77b2504/element/1996d1c7-f551-40b3-b5fe-cd443a9a2273/location[39m
[35m[HTTP][39m [90m{}[39m
[35m[W3C][39m Driver proxy active, passing request on via HTTP proxy
[35m[JSONWP Proxy][39m Replacing sessionId 4db832dc-8f38-4c94-b941-7dd653db14df with ac46a671-542e-4d21-bedd-6a19f77b2504
[35m[HTTP][39m [37m<-- GET /wd/hub/session/ac46a671-542e-4d21-bedd-6a19f77b2504/element/1996d1c7-f551-40b3-b5fe-cd443a9a2273/location [39m[32m200[39m [90m1190 ms - 91[39m
[35m[HTTP][39m [90m[39m
[35m[HTTP][39m [37m-->[39m [37mPOST[39m [37m/wd/hub/session/ac46a671-542e-4d21-bedd-6a19f77b2504/touch/perform[39m
[35m[HTTP][39m [90m{"actions":[{"action":"tap","options":{"element":"1996d1c7-f551-40b3-b5fe-cd443a9a2273","x":1,"y":1}}]}[39m
[35m[UiAutomator2][39m calling get location: 1996d1c7-f551-40b3-b5fe-cd443a9a2273
[35m[HTTP][39m [37m<-- POST /wd/hub/session/ac46a671-542e-4d21-bedd-6a19f77b2504/touch/perform [39m[32m200[39m [90m44 ms - 76[39m
[35m[HTTP][39m [90m[39m
[35m[HTTP][39m [37m-->[39m [37mGET[39m [37m/wd/hub/session/ac46a671-542e-4d21-bedd-6a19f77b2504/window/current/size[39m
[35m[HTTP][39m [90m{}[39m
[35m[W3C][39m Driver proxy active, passing request on via HTTP proxy
[35m[JSONWP Proxy][39m Replacing sessionId 4db832dc-8f38-4c94-b941-7dd653db14df with ac46a671-542e-4d21-bedd-6a19f77b2504
[35m[HTTP][39m [37m<-- GET /wd/hub/session/ac46a671-542e-4d21-bedd-6a19f77b2504/window/current/size [39m[32m200[39m [90m16 ms - 100[39m
[35m[HTTP][39m [90m[39m
[35m[HTTP][39m [37m-->[39m [37mPOST[39m [37m/wd/hub/session/ac46a671-542e-4d21-bedd-6a19f77b2504/elements[39m
[35m[HTTP][39m [90m{"using":"xpath","value":"//hierarchy/android.widget.FrameLayout[1]/android.widget.LinearLayout[1]/android.widget.FrameLayout[1]/android.widget.FrameLayout[1]/android.widget.FrameLayout[1]/android.widget.RelativeLayout[1]/android.support.v4.view.ViewPager[1]/android.widget.FrameLayout[1]/android.view.ViewGroup[1]/android.widget.RelativeLayout[1]/android.support.v7.widget.RecyclerView[1]/android.widget.LinearLayout[2]"}[39m
[35m[HTTP][39m [37m<-- POST /wd/hub/session/ac46a671-542e-4d21-bedd-6a19f77b2504/elements [39m[32m200[39m [90m560 ms - 124[39m
[35m[HTTP][39m [90m[39m
[35m[HTTP][39m [37m-->[39m [37mGET[39m [37m/wd/hub/session/ac46a671-542e-4d21-bedd-6a19f77b2504[39m
[35m[HTTP][39m [90m{}[39m
[35m[HTTP][39m [37m<-- GET /wd/hub/session/ac46a671-542e-4d21-bedd-6a19f77b2504 [39m[32m200[39m [90m11 ms - 1133[39m
[35m[HTTP][39m [90m[39m
[35m[HTTP][39m [37m-->[39m [37mGET[39m [37m/wd/hub/session/ac46a671-542e-4d21-bedd-6a19f77b2504[39m
[35m[HTTP][39m [90m{}[39m
[35m[HTTP][39m [37m<-- GET /wd/hub/session/ac46a671-542e-4d21-bedd-6a19f77b2504 [39m[32m200[39m [90m11 ms - 1133[39m
[35m[HTTP][39m [90m[39m
[35m[HTTP][39m [37m-->[39m [37mGET[39m [37m/wd/hub/session/ac46a671-542e-4d21-bedd-6a19f77b2504[39m
[35m[HTTP][39m [90m{}[39m
[35m[HTTP][39m [37m<-- GET /wd/hub/session/ac46a671-542e-4d21-bedd-6a19f77b2504 [39m[32m200[39m [90m11 ms - 1133[39m
[35m[HTTP][39m [90m[39m
[35m[HTTP][39m [37m-->[39m [37mGET[39m [37m/wd/hub/session/ac46a671-542e-4d21-bedd-6a19f77b2504[39m
[35m[HTTP][39m [90m{}[39m
[35m[HTTP][39m [37m<-- GET /wd/hub/session/ac46a671-542e-4d21-bedd-6a19f77b2504 [39m[32m200[39m [90m10 ms - 1133[39m
[35m[HTTP][39m [90m[39m
[35m[HTTP][39m [37m-->[39m [37mGET[39m [37m/wd/hub/session/ac46a671-542e-4d21-bedd-6a19f77b2504/element/4011def3-a296-4409-b8c8-4a712d066349/location[39m
[35m[HTTP][39m [90m{}[39m
[35m[W3C][39m Driver proxy active, passing request on via HTTP proxy
[35m[JSONWP Proxy][39m Replacing sessionId 4db832dc-8f38-4c94-b941-7dd653db14df with ac46a671-542e-4d21-bedd-6a19f77b2504
[35m[HTTP][39m [37m<-- GET /wd/hub/session/ac46a671-542e-4d21-bedd-6a19f77b2504/element/4011def3-a296-4409-b8c8-4a712d066349/location [39m[32m200[39m [90m29 ms - 88[39m
[35m[HTTP][39m [90m[39m
[35m[HTTP][39m [37m-->[39m [37mPOST[39m [37m/wd/hub/session/ac46a671-542e-4d21-bedd-6a19f77b2504/touch/perform[39m
[35m[HTTP][39m [90m{"actions":[{"action":"tap","options":{"element":"4011def3-a296-4409-b8c8-4a712d066349","x":1,"y":1}}]}[39m
[35m[UiAutomator2][39m calling get location: 4011def3-a296-4409-b8c8-4a712d066349
[35m[HTTP][39m [37m<-- POST /wd/hub/session/ac46a671-542e-4d21-bedd-6a19f77b2504/touch/perform [39m[32m200[39m [90m53 ms - 76[39m
[35m[HTTP][39m [90m[39m
[35m[HTTP][39m [37m-->[39m [37mGET[39m [37m/wd/hub/session/ac46a671-542e-4d21-bedd-6a19f77b2504/window/current/size[39m
[35m[HTTP][39m [90m{}[39m
[35m[W3C][39m Driver proxy active, passing request on via HTTP proxy
[35m[JSONWP Proxy][39m Replacing sessionId 4db832dc-8f38-4c94-b941-7dd653db14df with ac46a671-542e-4d21-bedd-6a19f77b2504
[35m[HTTP][39m [37m<-- GET /wd/hub/session/ac46a671-542e-4d21-bedd-6a19f77b2504/window/current/size [39m[32m200[39m [90m13 ms - 100[39m
[35m[HTTP][39m [90m[39m
[35m[HTTP][39m [37m-->[39m [37mPOST[39m [37m/wd/hub/session/ac46a671-542e-4d21-bedd-6a19f77b2504/elements[39m
[35m[HTTP][39m [90m{"using":"-android uiautomator","value":"new UiSelector().className(\"android.widget.ImageButton\").instance(0)"}[39m
[35m[HTTP][39m [37m<-- POST /wd/hub/session/ac46a671-542e-4d21-bedd-6a19f77b2504/elements [39m[32m200[39m [90m290 ms - 74[39m
[35m[HTTP][39m [90m[39m
[35m[HTTP][39m [37m-->[39m [37mPOST[39m [37m/wd/hub/session/ac46a671-542e-4d21-bedd-6a19f77b2504/elements[39m
[35m[HTTP][39m [90m{"using":"-android uiautomator","value":"new UiSelector().className(\"android.widget.ImageButton\").instance(0)"}[39m
[35m[HTTP][39m [37m<-- POST /wd/hub/session/ac46a671-542e-4d21-bedd-6a19f77b2504/elements [39m[32m200[39m [90m1172 ms - 124[39m
[35m[HTTP][39m [90m[39m
[35m[HTTP][39m [37m-->[39m [37mGET[39m [37m/wd/hub/session/ac46a671-542e-4d21-bedd-6a19f77b2504[39m
[35m[HTTP][39m [90m{}[39m
[35m[HTTP][39m [37m<-- GET /wd/hub/session/ac46a671-542e-4d21-bedd-6a19f77b2504 [39m[32m200[39m [90m28 ms - 1133[39m
[35m[HTTP][39m [90m[39m
[35m[HTTP][39m [37m-->[39m [37mGET[39m [37m/wd/hub/session/ac46a671-542e-4d21-bedd-6a19f77b2504[39m
[35m[HTTP][39m [90m{}[39m
[35m[HTTP][39m [37m<-- GET /wd/hub/session/ac46a671-542e-4d21-bedd-6a19f77b2504 [39m[32m200[39m [90m19 ms - 1133[39m
[35m[HTTP][39m [90m[39m
[35m[HTTP][39m [37m-->[39m [37mGET[39m [37m/wd/hub/session/ac46a671-542e-4d21-bedd-6a19f77b2504[39m
[35m[HTTP][39m [90m{}[39m
[35m[HTTP][39m [37m<-- GET /wd/hub/session/ac46a671-542e-4d21-bedd-6a19f77b2504 [39m[32m200[39m [90m19 ms - 1133[39m
[35m[HTTP][39m [90m[39m
[35m[HTTP][39m [37m-->[39m [37mGET[39m [37m/wd/hub/session/ac46a671-542e-4d21-bedd-6a19f77b2504[39m
[35m[HTTP][39m [90m{}[39m
[35m[HTTP][39m [37m<-- GET /wd/hub/session/ac46a671-542e-4d21-bedd-6a19f77b2504 [39m[32m200[39m [90m18 ms - 1133[39m
[35m[HTTP][39m [90m[39m
[35m[HTTP][39m [37m-->[39m [37mGET[39m [37m/wd/hub/session/ac46a671-542e-4d21-bedd-6a19f77b2504/element/cd5b88f0-fb2f-4be3-9f44-c35da9985ecc/location[39m
[35m[HTTP][39m [90m{}[39m
[35m[W3C][39m Driver proxy active, passing request on via HTTP proxy
[35m[JSONWP Proxy][39m Replacing sessionId 4db832dc-8f38-4c94-b941-7dd653db14df with ac46a671-542e-4d21-bedd-6a19f77b2504
[35m[HTTP][39m [37m<-- GET /wd/hub/session/ac46a671-542e-4d21-bedd-6a19f77b2504/element/cd5b88f0-fb2f-4be3-9f44-c35da9985ecc/location [39m[32m200[39m [90m40 ms - 86[39m
[35m[HTTP][39m [90m[39m
[35m[HTTP][39m [37m-->[39m [37mPOST[39m [37m/wd/hub/session/ac46a671-542e-4d21-bedd-6a19f77b2504/touch/perform[39m
[35m[HTTP][39m [90m{"actions":[{"action":"tap","options":{"element":"cd5b88f0-fb2f-4be3-9f44-c35da9985ecc","x":1,"y":1}}]}[39m
[35m[UiAutomator2][39m calling get location: cd5b88f0-fb2f-4be3-9f44-c35da9985ecc
[35m[HTTP][39m [37m<-- POST /wd/hub/session/ac46a671-542e-4d21-bedd-6a19f77b2504/touch/perform [39m[32m200[39m [90m1531 ms - 76[39m
[35m[HTTP][39m [90m[39m
[35m[HTTP][39m [37m-->[39m [37mGET[39m [37m/wd/hub/session/ac46a671-542e-4d21-bedd-6a19f77b2504/window/current/size[39m
[35m[HTTP][39m [90m{}[39m
[35m[W3C][39m Driver proxy active, passing request on via HTTP proxy
[35m[JSONWP Proxy][39m Replacing sessionId 4db832dc-8f38-4c94-b941-7dd653db14df with ac46a671-542e-4d21-bedd-6a19f77b2504
[35m[HTTP][39m [37m<-- GET /wd/hub/session/ac46a671-542e-4d21-bedd-6a19f77b2504/window/current/size [39m[32m200[39m [90m11 ms - 100[39m
[35m[HTTP][39m [90m[39m
[35m[HTTP][39m [37m-->[39m [37mPOST[39m [37m/wd/hub/session/ac46a671-542e-4d21-bedd-6a19f77b2504/elements[39m
[35m[HTTP][39m [90m{"using":"-android uiautomator","value":"new UiSelector().className(\"android.widget.Button\").text(\"OK\").resourceId(\"com.abaxis.vetscan_vue.dev:id/showcase_button\").instance(0)"}[39m
[35m[HTTP][39m [37m<-- POST /wd/hub/session/ac46a671-542e-4d21-bedd-6a19f77b2504/elements [39m[32m200[39m [90m78 ms - 74[39m
[35m[HTTP][39m [90m[39m
[35m[HTTP][39m [37m-->[39m [37mPOST[39m [37m/wd/hub/session/ac46a671-542e-4d21-bedd-6a19f77b2504/elements[39m
[35m[HTTP][39m [90m{"using":"-android uiautomator","value":"new UiSelector().className(\"android.widget.Button\").text(\"OK\").resourceId(\"com.abaxis.vetscan_vue.dev:id/showcase_button\").instance(0)"}[39m
[35m[HTTP][39m [37m<-- POST /wd/hub/session/ac46a671-542e-4d21-bedd-6a19f77b2504/elements [39m[32m200[39m [90m32 ms - 74[39m
[35m[HTTP][39m [90m[39m
[35m[HTTP][39m [37m-->[39m [37mPOST[39m [37m/wd/hub/session/ac46a671-542e-4d21-bedd-6a19f77b2504/elements[39m
[35m[HTTP][39m [90m{"using":"-android uiautomator","value":"new UiSelector().className(\"android.widget.Button\").text(\"OK\").resourceId(\"com.abaxis.vetscan_vue.dev:id/showcase_button\").instance(0)"}[39m
[35m[HTTP][39m [37m<-- POST /wd/hub/session/ac46a671-542e-4d21-bedd-6a19f77b2504/elements [39m[32m200[39m [90m32 ms - 74[39m
[35m[HTTP][39m [90m[39m
[35m[HTTP][39m [37m-->[39m [37mPOST[39m [37m/wd/hub/session/ac46a671-542e-4d21-bedd-6a19f77b2504/elements[39m
[35m[HTTP][39m [90m{"using":"-android uiautomator","value":"new UiSelector().className(\"android.widget.Button\").text(\"OK\").resourceId(\"com.abaxis.vetscan_vue.dev:id/showcase_button\").instance(0)"}[39m
[35m[HTTP][39m [37m<-- POST /wd/hub/session/ac46a671-542e-4d21-bedd-6a19f77b2504/elements [39m[32m200[39m [90m41 ms - 74[39m
[35m[HTTP][39m [90m[39m
[35m[HTTP][39m [37m-->[39m [37mPOST[39m [37m/wd/hub/session/ac46a671-542e-4d21-bedd-6a19f77b2504/elements[39m
[35m[HTTP][39m [90m{"using":"-android uiautomator","value":"new UiSelector().className(\"android.widget.Button\").text(\"OK\").resourceId(\"com.abaxis.vetscan_vue.dev:id/showcase_button\").instance(0)"}[39m
[35m[HTTP][39m [37m<-- POST /wd/hub/session/ac46a671-542e-4d21-bedd-6a19f77b2504/elements [39m[32m200[39m [90m45 ms - 74[39m
[35m[HTTP][39m [90m[39m
[35m[HTTP][39m [37m-->[39m [37mPOST[39m [37m/wd/hub/session/ac46a671-542e-4d21-bedd-6a19f77b2504/elements[39m
[35m[HTTP][39m [90m{"using":"-android uiautomator","value":"new UiSelector().className(\"android.widget.Button\").text(\"OK\").resourceId(\"com.abaxis.vetscan_vue.dev:id/showcase_button\").instance(0)"}[39m
[35m[HTTP][39m [37m<-- POST /wd/hub/session/ac46a671-542e-4d21-bedd-6a19f77b2504/elements [39m[32m200[39m [90m29 ms - 74[39m
[35m[HTTP][39m [90m[39m
[35m[HTTP][39m [37m-->[39m [37mPOST[39m [37m/wd/hub/session/ac46a671-542e-4d21-bedd-6a19f77b2504/elements[39m
[35m[HTTP][39m [90m{"using":"-android uiautomator","value":"new UiSelector().className(\"android.widget.Button\").text(\"OK\").resourceId(\"com.abaxis.vetscan_vue.dev:id/showcase_button\").instance(0)"}[39m
[35m[HTTP][39m [37m<-- POST /wd/hub/session/ac46a671-542e-4d21-bedd-6a19f77b2504/elements [39m[32m200[39m [90m33 ms - 74[39m
[35m[HTTP][39m [90m[39m
[35m[HTTP][39m [37m-->[39m [37mPOST[39m [37m/wd/hub/session/ac46a671-542e-4d21-bedd-6a19f77b2504/elements[39m
[35m[HTTP][39m [90m{"using":"-android uiautomator","value":"new UiSelector().className(\"android.widget.Button\").text(\"OK\").resourceId(\"com.abaxis.vetscan_vue.dev:id/showcase_button\").instance(0)"}[39m
[35m[HTTP][39m [37m<-- POST /wd/hub/session/ac46a671-542e-4d21-bedd-6a19f77b2504/elements [39m[32m200[39m [90m28 ms - 74[39m
[35m[HTTP][39m [90m[39m
[35m[HTTP][39m [37m-->[39m [37mPOST[39m [37m/wd/hub/session/ac46a671-542e-4d21-bedd-6a19f77b2504/elements[39m
[35m[HTTP][39m [90m{"using":"-android uiautomator","value":"new UiSelector().className(\"android.widget.Button\").text(\"OK\").resourceId(\"com.abaxis.vetscan_vue.dev:id/showcase_button\").instance(0)"}[39m
[35m[HTTP][39m [37m<-- POST /wd/hub/session/ac46a671-542e-4d21-bedd-6a19f77b2504/elements [39m[32m200[39m [90m32 ms - 74[39m
[35m[HTTP][39m [90m[39m
[35m[HTTP][39m [37m-->[39m [37mPOST[39m [37m/wd/hub/session/ac46a671-542e-4d21-bedd-6a19f77b2504/elements[39m
[35m[HTTP][39m [90m{"using":"-android uiautomator","value":"new UiSelector().className(\"android.widget.Button\").text(\"OK\").resourceId(\"com.abaxis.vetscan_vue.dev:id/showcase_button\").instance(0)"}[39m
[35m[HTTP][39m [37m<-- POST /wd/hub/session/ac46a671-542e-4d21-bedd-6a19f77b2504/elements [39m[32m200[39m [90m29 ms - 74[39m
[35m[HTTP][39m [90m[39m
[35m[HTTP][39m [37m-->[39m [37mPOST[39m [37m/wd/hub/session/ac46a671-542e-4d21-bedd-6a19f77b2504/elements[39m
[35m[HTTP][39m [90m{"using":"-android uiautomator","value":"new UiSelector().className(\"android.widget.Button\").text(\"OK\").resourceId(\"com.abaxis.vetscan_vue.dev:id/showcase_button\").instance(0)"}[39m
[35m[HTTP][39m [37m<-- POST /wd/hub/session/ac46a671-542e-4d21-bedd-6a19f77b2504/elements [39m[32m200[39m [90m29 ms - 74[39m
[35m[HTTP][39m [90m[39m
[35m[HTTP][39m [37m-->[39m [37mPOST[39m [37m/wd/hub/session/ac46a671-542e-4d21-bedd-6a19f77b2504/elements[39m
[35m[HTTP][39m [90m{"using":"-android uiautomator","value":"new UiSelector().className(\"android.widget.Button\").text(\"OK\").resourceId(\"com.abaxis.vetscan_vue.dev:id/showcase_button\").instance(0)"}[39m
[35m[HTTP][39m [37m<-- POST /wd/hub/session/ac46a671-542e-4d21-bedd-6a19f77b2504/elements [39m[32m200[39m [90m65 ms - 74[39m
[35m[HTTP][39m [90m[39m
[35m[HTTP][39m [37m-->[39m [37mPOST[39m [37m/wd/hub/session/ac46a671-542e-4d21-bedd-6a19f77b2504/elements[39m
[35m[HTTP][39m [90m{"using":"-android uiautomator","value":"new UiSelector().className(\"android.widget.Button\").text(\"OK\").resourceId(\"com.abaxis.vetscan_vue.dev:id/showcase_button\").instance(0)"}[39m
[35m[HTTP][39m [37m<-- POST /wd/hub/session/ac46a671-542e-4d21-bedd-6a19f77b2504/elements [39m[32m200[39m [90m1451 ms - 124[39m
[35m[HTTP][39m [90m[39m
[35m[HTTP][39m [37m-->[39m [37mGET[39m [37m/wd/hub/session/ac46a671-542e-4d21-bedd-6a19f77b2504[39m
[35m[HTTP][39m [90m{}[39m
[35m[HTTP][39m [37m<-- GET /wd/hub/session/ac46a671-542e-4d21-bedd-6a19f77b2504 [39m[32m200[39m [90m20 ms - 1133[39m
[35m[HTTP][39m [90m[39m
[35m[HTTP][39m [37m-->[39m [37mGET[39m [37m/wd/hub/session/ac46a671-542e-4d21-bedd-6a19f77b2504[39m
[35m[HTTP][39m [90m{}[39m
[35m[HTTP][39m [37m<-- GET /wd/hub/session/ac46a671-542e-4d21-bedd-6a19f77b2504 [39m[32m200[39m [90m18 ms - 1133[39m
[35m[HTTP][39m [90m[39m
[35m[HTTP][39m [37m-->[39m [37mGET[39m [37m/wd/hub/session/ac46a671-542e-4d21-bedd-6a19f77b2504[39m
[35m[HTTP][39m [90m{}[39m
[35m[HTTP][39m [37m<-- GET /wd/hub/session/ac46a671-542e-4d21-bedd-6a19f77b2504 [39m[32m200[39m [90m19 ms - 1133[39m
[35m[HTTP][39m [90m[39m
[35m[HTTP][39m [37m-->[39m [37mGET[39m [37m/wd/hub/session/ac46a671-542e-4d21-bedd-6a19f77b2504[39m
[35m[HTTP][39m [90m{}[39m
[35m[HTTP][39m [37m<-- GET /wd/hub/session/ac46a671-542e-4d21-bedd-6a19f77b2504 [39m[32m200[39m [90m20 ms - 1133[39m
[35m[HTTP][39m [90m[39m
[35m[HTTP][39m [37m-->[39m [37mGET[39m [37m/wd/hub/session/ac46a671-542e-4d21-bedd-6a19f77b2504/element/ffe4a569-a6bd-447e-9c3b-4b56fa34102f/location[39m
[35m[HTTP][39m [90m{}[39m
[35m[W3C][39m Driver proxy active, passing request on via HTTP proxy
[35m[JSONWP Proxy][39m Replacing sessionId 4db832dc-8f38-4c94-b941-7dd653db14df with ac46a671-542e-4d21-bedd-6a19f77b2504
[35m[HTTP][39m [37m<-- GET /wd/hub/session/ac46a671-542e-4d21-bedd-6a19f77b2504/element/ffe4a569-a6bd-447e-9c3b-4b56fa34102f/location [39m[32m200[39m [90m55 ms - 90[39m
[35m[HTTP][39m [90m[39m
[35m[HTTP][39m [37m-->[39m [37mPOST[39m [37m/wd/hub/session/ac46a671-542e-4d21-bedd-6a19f77b2504/touch/perform[39m
[35m[HTTP][39m [90m{"actions":[{"action":"tap","options":{"element":"ffe4a569-a6bd-447e-9c3b-4b56fa34102f","x":1,"y":1}}]}[39m
[35m[UiAutomator2][39m calling get location: ffe4a569-a6bd-447e-9c3b-4b56fa34102f
[35m[HTTP][39m [37m<-- POST /wd/hub/session/ac46a671-542e-4d21-bedd-6a19f77b2504/touch/perform [39m[32m200[39m [90m849 ms - 76[39m
[35m[HTTP][39m [90m[39m
[35m[HTTP][39m [37m-->[39m [37mGET[39m [37m/wd/hub/session/ac46a671-542e-4d21-bedd-6a19f77b2504/window/current/size[39m
[35m[HTTP][39m [90m{}[39m
[35m[W3C][39m Driver proxy active, passing request on via HTTP proxy
[35m[JSONWP Proxy][39m Replacing sessionId 4db832dc-8f38-4c94-b941-7dd653db14df with ac46a671-542e-4d21-bedd-6a19f77b2504
[35m[HTTP][39m [37m<-- GET /wd/hub/session/ac46a671-542e-4d21-bedd-6a19f77b2504/window/current/size [39m[32m200[39m [90m32 ms - 100[39m
[35m[HTTP][39m [90m[39m
[35m[HTTP][39m [37m-->[39m [37mPOST[39m [37m/wd/hub/session/ac46a671-542e-4d21-bedd-6a19f77b2504/elements[39m
[35m[HTTP][39m [90m{"using":"xpath","value":"//hierarchy/android.widget.FrameLayout[1]/android.widget.LinearLayout[1]/android.widget.FrameLayout[1]/android.widget.FrameLayout[1]/android.widget.FrameLayout[1]/android.widget.RelativeLayout[1]/android.view.ViewGroup[1]/android.widget.RelativeLayout[1]/android.view.ViewGroup[1]/android.widget.ImageButton[1]"}[39m
[35m[HTTP][39m [37m<-- POST /wd/hub/session/ac46a671-542e-4d21-bedd-6a19f77b2504/elements [39m[32m200[39m [90m121 ms - 124[39m
[35m[HTTP][39m [90m[39m
[35m[HTTP][39m [37m-->[39m [37mGET[39m [37m/wd/hub/session/ac46a671-542e-4d21-bedd-6a19f77b2504[39m
[35m[HTTP][39m [90m{}[39m
[35m[HTTP][39m [37m<-- GET /wd/hub/session/ac46a671-542e-4d21-bedd-6a19f77b2504 [39m[32m200[39m [90m11 ms - 1133[39m
[35m[HTTP][39m [90m[39m
[35m[HTTP][39m [37m-->[39m [37mGET[39m [37m/wd/hub/session/ac46a671-542e-4d21-bedd-6a19f77b2504[39m
[35m[HTTP][39m [90m{}[39m
[35m[HTTP][39m [37m<-- GET /wd/hub/session/ac46a671-542e-4d21-bedd-6a19f77b2504 [39m[32m200[39m [90m12 ms - 1133[39m
[35m[HTTP][39m [90m[39m
[35m[HTTP][39m [37m-->[39m [37mGET[39m [37m/wd/hub/session/ac46a671-542e-4d21-bedd-6a19f77b2504[39m
[35m[HTTP][39m [90m{}[39m
[35m[HTTP][39m [37m<-- GET /wd/hub/session/ac46a671-542e-4d21-bedd-6a19f77b2504 [39m[32m200[39m [90m17 ms - 1133[39m
[35m[HTTP][39m [90m[39m
[35m[HTTP][39m [37m-->[39m [37mGET[39m [37m/wd/hub/session/ac46a671-542e-4d21-bedd-6a19f77b2504[39m
[35m[HTTP][39m [90m{}[39m
[35m[HTTP][39m [37m<-- GET /wd/hub/session/ac46a671-542e-4d21-bedd-6a19f77b2504 [39m[32m200[39m [90m19 ms - 1133[39m
[35m[HTTP][39m [90m[39m
[35m[HTTP][39m [37m-->[39m [37mGET[39m [37m/wd/hub/session/ac46a671-542e-4d21-bedd-6a19f77b2504/element/a9b5acca-5a1e-4bbb-a8be-66f783c89ee4/location[39m
[35m[HTTP][39m [90m{}[39m
[35m[W3C][39m Driver proxy active, passing request on via HTTP proxy
[35m[JSONWP Proxy][39m Replacing sessionId 4db832dc-8f38-4c94-b941-7dd653db14df with ac46a671-542e-4d21-bedd-6a19f77b2504
[35m[HTTP][39m [37m<-- GET /wd/hub/session/ac46a671-542e-4d21-bedd-6a19f77b2504/element/a9b5acca-5a1e-4bbb-a8be-66f783c89ee4/location [39m[32m200[39m [90m25 ms - 91[39m
[35m[HTTP][39m [90m[39m
[35m[HTTP][39m [37m-->[39m [37mPOST[39m [37m/wd/hub/session/ac46a671-542e-4d21-bedd-6a19f77b2504/touch/perform[39m
[35m[HTTP][39m [90m{"actions":[{"action":"tap","options":{"element":"a9b5acca-5a1e-4bbb-a8be-66f783c89ee4","x":1,"y":1}}]}[39m
[35m[UiAutomator2][39m calling get location: a9b5acca-5a1e-4bbb-a8be-66f783c89ee4
[35m[HTTP][39m [37m<-- POST /wd/hub/session/ac46a671-542e-4d21-bedd-6a19f77b2504/touch/perform [39m[32m200[39m [90m65 ms - 76[39m
[35m[HTTP][39m [90m[39m
[35m[HTTP][39m [37m-->[39m [37mGET[39m [37m/wd/hub/session/ac46a671-542e-4d21-bedd-6a19f77b2504/window/current/size[39m
[35m[HTTP][39m [90m{}[39m
[35m[W3C][39m Driver proxy active, passing request on via HTTP proxy
[35m[JSONWP Proxy][39m Replacing sessionId 4db832dc-8f38-4c94-b941-7dd653db14df with ac46a671-542e-4d21-bedd-6a19f77b2504
[35m[HTTP][39m [37m<-- GET /wd/hub/session/ac46a671-542e-4d21-bedd-6a19f77b2504/window/current/size [39m[32m200[39m [90m28 ms - 100[39m
[35m[HTTP][39m [90m[39m
[35m[HTTP][39m [37m-->[39m [37mPOST[39m [37m/wd/hub/session/ac46a671-542e-4d21-bedd-6a19f77b2504/elements[39m
[35m[HTTP][39m [90m{"using":"xpath","value":"//hierarchy/android.widget.FrameLayout[1]/android.widget.LinearLayout[1]/android.widget.FrameLayout[1]/android.widget.FrameLayout[1]/android.widget.FrameLayout[1]/android.widget.RelativeLayout[1]/android.view.ViewGroup[1]/android.widget.RelativeLayout[1]/android.view.ViewGroup[1]/android.widget.ImageButton[2]"}[39m
[35m[HTTP][39m [37m<-- POST /wd/hub/session/ac46a671-542e-4d21-bedd-6a19f77b2504/elements [39m[32m200[39m [90m1261 ms - 124[39m
[35m[HTTP][39m [90m[39m
[35m[HTTP][39m [37m-->[39m [37mGET[39m [37m/wd/hub/session/ac46a671-542e-4d21-bedd-6a19f77b2504[39m
[35m[HTTP][39m [90m{}[39m
[35m[HTTP][39m [37m<-- GET /wd/hub/session/ac46a671-542e-4d21-bedd-6a19f77b2504 [39m[32m200[39m [90m21 ms - 1133[39m
[35m[HTTP][39m [90m[39m
[35m[HTTP][39m [37m-->[39m [37mGET[39m [37m/wd/hub/session/ac46a671-542e-4d21-bedd-6a19f77b2504[39m
[35m[HTTP][39m [90m{}[39m
[35m[HTTP][39m [37m<-- GET /wd/hub/session/ac46a671-542e-4d21-bedd-6a19f77b2504 [39m[32m200[39m [90m14 ms - 1133[39m
[35m[HTTP][39m [90m[39m
[35m[HTTP][39m [37m-->[39m [37mGET[39m [37m/wd/hub/session/ac46a671-542e-4d21-bedd-6a19f77b2504[39m
[35m[HTTP][39m [90m{}[39m
[35m[HTTP][39m [37m<-- GET /wd/hub/session/ac46a671-542e-4d21-bedd-6a19f77b2504 [39m[32m200[39m [90m13 ms - 1133[39m
[35m[HTTP][39m [90m[39m
[35m[HTTP][39m [37m-->[39m [37mGET[39m [37m/wd/hub/session/ac46a671-542e-4d21-bedd-6a19f77b2504[39m
[35m[HTTP][39m [90m{}[39m
[35m[HTTP][39m [37m<-- GET /wd/hub/session/ac46a671-542e-4d21-bedd-6a19f77b2504 [39m[32m200[39m [90m15 ms - 1133[39m
[35m[HTTP][39m [90m[39m
[35m[HTTP][39m [37m-->[39m [37mGET[39m [37m/wd/hub/session/ac46a671-542e-4d21-bedd-6a19f77b2504/element/bb8071f7-0641-41cc-8746-d05b42df8984/location[39m
[35m[HTTP][39m [90m{}[39m
[35m[W3C][39m Driver proxy active, passing request on via HTTP proxy
[35m[JSONWP Proxy][39m Replacing sessionId 4db832dc-8f38-4c94-b941-7dd653db14df with ac46a671-542e-4d21-bedd-6a19f77b2504
[35m[HTTP][39m [37m<-- GET /wd/hub/session/ac46a671-542e-4d21-bedd-6a19f77b2504/element/bb8071f7-0641-41cc-8746-d05b42df8984/location [39m[32m200[39m [90m20 ms - 91[39m
[35m[HTTP][39m [90m[39m
[35m[HTTP][39m [37m-->[39m [37mPOST[39m [37m/wd/hub/session/ac46a671-542e-4d21-bedd-6a19f77b2504/touch/perform[39m
[35m[HTTP][39m [90m{"actions":[{"action":"tap","options":{"element":"bb8071f7-0641-41cc-8746-d05b42df8984","x":1,"y":1}}]}[39m
[35m[UiAutomator2][39m calling get location: bb8071f7-0641-41cc-8746-d05b42df8984
[35m[HTTP][39m [37m<-- POST /wd/hub/session/ac46a671-542e-4d21-bedd-6a19f77b2504/touch/perform [39m[32m200[39m [90m41 ms - 76[39m
[35m[HTTP][39m [90m[39m
[35m[HTTP][39m [37m-->[39m [37mGET[39m [37m/wd/hub/session/ac46a671-542e-4d21-bedd-6a19f77b2504/window/current/size[39m
[35m[HTTP][39m [90m{}[39m
[35m[W3C][39m Driver proxy active, passing request on via HTTP proxy
[35m[JSONWP Proxy][39m Replacing sessionId 4db832dc-8f38-4c94-b941-7dd653db14df with ac46a671-542e-4d21-bedd-6a19f77b2504
[35m[HTTP][39m [37m<-- GET /wd/hub/session/ac46a671-542e-4d21-bedd-6a19f77b2504/window/current/size [39m[32m200[39m [90m23 ms - 100[39m
[35m[HTTP][39m [90m[39m
[35m[HTTP][39m [37m-->[39m [37mPOST[39m [37m/wd/hub/session/ac46a671-542e-4d21-bedd-6a19f77b2504/elements[39m
[35m[HTTP][39m [90m{"using":"-android uiautomator","value":"new UiSelector().className(\"android.widget.ImageView\").resourceId(\"com.abaxis.vetscan_vue.dev:id/toolbar_home_button\").instance(0)"}[39m
[35m[HTTP][39m [37m<-- POST /wd/hub/session/ac46a671-542e-4d21-bedd-6a19f77b2504/elements [39m[32m200[39m [90m67 ms - 124[39m
[35m[HTTP][39m [90m[39m
[35m[HTTP][39m [37m-->[39m [37mGET[39m [37m/wd/hub/session/ac46a671-542e-4d21-bedd-6a19f77b2504[39m
[35m[HTTP][39m [90m{}[39m
[35m[HTTP][39m [37m<-- GET /wd/hub/session/ac46a671-542e-4d21-bedd-6a19f77b2504 [39m[32m200[39m [90m19 ms - 1133[39m
[35m[HTTP][39m [90m[39m
[35m[HTTP][39m [37m-->[39m [37mGET[39m [37m/wd/hub/session/ac46a671-542e-4d21-bedd-6a19f77b2504[39m
[35m[HTTP][39m [90m{}[39m
[35m[HTTP][39m [37m<-- GET /wd/hub/session/ac46a671-542e-4d21-bedd-6a19f77b2504 [39m[32m200[39m [90m17 ms - 1133[39m
[35m[HTTP][39m [90m[39m
[35m[HTTP][39m [37m-->[39m [37mGET[39m [37m/wd/hub/session/ac46a671-542e-4d21-bedd-6a19f77b2504[39m
[35m[HTTP][39m [90m{}[39m
[35m[HTTP][39m [37m<-- GET /wd/hub/session/ac46a671-542e-4d21-bedd-6a19f77b2504 [39m[32m200[39m [90m19 ms - 1133[39m
[35m[HTTP][39m [90m[39m
[35m[HTTP][39m [37m-->[39m [37mGET[39m [37m/wd/hub/session/ac46a671-542e-4d21-bedd-6a19f77b2504[39m
[35m[HTTP][39m [90m{}[39m
[35m[HTTP][39m [37m<-- GET /wd/hub/session/ac46a671-542e-4d21-bedd-6a19f77b2504 [39m[32m200[39m [90m20 ms - 1133[39m
[35m[HTTP][39m [90m[39m
[35m[HTTP][39m [37m-->[39m [37mGET[39m [37m/wd/hub/session/ac46a671-542e-4d21-bedd-6a19f77b2504/element/9459c6af-d6ab-4fd1-a2c9-1a8e57703f77/location[39m
[35m[HTTP][39m [90m{}[39m
[35m[W3C][39m Driver proxy active, passing request on via HTTP proxy
[35m[JSONWP Proxy][39m Replacing sessionId 4db832dc-8f38-4c94-b941-7dd653db14df with ac46a671-542e-4d21-bedd-6a19f77b2504
[35m[HTTP][39m [37m<-- GET /wd/hub/session/ac46a671-542e-4d21-bedd-6a19f77b2504/element/9459c6af-d6ab-4fd1-a2c9-1a8e57703f77/location [39m[32m200[39m [90m36 ms - 87[39m
[35m[HTTP][39m [90m[39m
[35m[HTTP][39m [37m-->[39m [37mPOST[39m [37m/wd/hub/session/ac46a671-542e-4d21-bedd-6a19f77b2504/touch/perform[39m
[35m[HTTP][39m [90m{"actions":[{"action":"tap","options":{"element":"9459c6af-d6ab-4fd1-a2c9-1a8e57703f77","x":1,"y":1}}]}[39m
[35m[UiAutomator2][39m calling get location: 9459c6af-d6ab-4fd1-a2c9-1a8e57703f77
[35m[HTTP][39m [37m<-- POST /wd/hub/session/ac46a671-542e-4d21-bedd-6a19f77b2504/touch/perform [39m[32m200[39m [90m1423 ms - 76[39m
[35m[HTTP][39m [90m[39m
[35m[HTTP][39m [37m-->[39m [37mDELETE[39m [37m/wd/hub/session/ac46a671-542e-4d21-bedd-6a19f77b2504[39m
[35m[HTTP][39m [90m{}[39m
[35m[Appium][39m Removing session ac46a671-542e-4d21-bedd-6a19f77b2504 from our master session list
[35m[ADB][39m com.abaxis.vetscan_vue.dev was successfully uninstalled
[35m[HTTP][39m [37m<-- DELETE /wd/hub/session/ac46a671-542e-4d21-bedd-6a19f77b2504 [39m[32m200[39m [90m3502 ms - 76[39m
[35m[HTTP][39m [90m[39m
