[35m[Appium][39m Welcome to Appium v1.8.1
[35m[Appium][39m Non-default server args:
[35m[Appium][39m   port: 62603
[35m[Appium][39m   loglevel: info
[35m[Appium][39m   chromeDriverPort: 62604
[35m[Appium][39m   tmpDir: C:\Users\Agato\AppData\Local\Temp\\Katalon\Appium\Temp1536307857720
[35m[Appium][39m Appium REST http interface listener started on 0.0.0.0:62603
[35m[HTTP][39m [37m-->[39m [37mGET[39m [37m/wd/hub/status[39m
[35m[HTTP][39m [90m{}[39m
[35m[HTTP][39m [37m<-- GET /wd/hub/status [39m[32m200[39m [90m21 ms - 83[39m
[35m[HTTP][39m [90m[39m
[35m[HTTP][39m [37m-->[39m [37mPOST[39m [37m/wd/hub/session[39m
[35m[HTTP][39m [90m{"desiredCapabilities":{"app":"C:\\temp\\app-development-debug.apk","autoGrantPermissions":true,"automationName":"uiautomator2","deviceName":"samsung SM-G920F (Android 7.0)","fullReset":true,"newCommandTimeout":1800,"noReset":false,"platform":"ANDROID","platformName":"Android","udid":"10160a0973263f03"},"capabilities":{"desiredCapabilities":{"app":"C:\\temp\\app-development-debug.apk","autoGrantPermissions":true,"automationName":"uiautomator2","deviceName":"samsung SM-G920F (Android 7.0)","fullReset":true,"newCommandTimeout":1800,"noReset":false,"platform":"ANDROID","platformName":"Android","udid":"10160a0973263f03"},"firstMatch":[{"platformName":"android"}]}}[39m
[35m[Appium][39m Could not parse W3C capabilities: 'deviceName' can't be blank. Falling back to JSONWP protocol.
[35m[Appium][39m The following capabilities were provided in the JSONWP desired capabilities that are missing in W3C capabilities: ["app","autoGrantPermissions","automationName","deviceName","fullReset","newCommandTimeout","noReset","platform","platformName","udid"]. Falling back to JSONWP protocol.
[35m[Appium][39m Creating new AndroidUiautomator2Driver (v1.12.0) session
[35m[Appium][39m Capabilities:
[35m[Appium][39m   app: C:\temp\app-development-debug.apk
[35m[Appium][39m   autoGrantPermissions: true
[35m[Appium][39m   automationName: uiautomator2
[35m[Appium][39m   deviceName: samsung SM-G920F (Android 7.0)
[35m[Appium][39m   fullReset: true
[35m[Appium][39m   newCommandTimeout: 1800
[35m[Appium][39m   noReset: false
[35m[Appium][39m   platform: ANDROID
[35m[Appium][39m   platformName: Android
[35m[Appium][39m   udid: 10160a0973263f03
[35m[BaseDriver][39m The following capabilities were provided, but are not recognized by appium: platform.
[35m[BaseDriver][39m Session created with session id: 140981cb-b52d-499e-b00b-82ef15163306
[35m[BaseDriver][39m Using local app 'C:\temp\app-development-debug.apk'
[35m[AndroidDriver][39m Java version is: 1.8.0_102
[35m[ADB][39m Checking whether adb is present
[35m[ADB][39m Found 1 'build-tools' folders under 'C:\Users\Agato\.katalon\tools\android_sdk' (newest first):
[35m[ADB][39m     C:/Users/Agato/.katalon/tools/android_sdk/build-tools/28.0.1
[35m[ADB][39m Using adb.exe from C:\Users\Agato\.katalon\tools\android_sdk\platform-tools\adb.exe
[35m[AndroidDriver][39m Retrieving device list
[35m[AndroidDriver][39m Using device: 10160a0973263f03
[35m[ADB][39m Using the alternative activity name detection method because of: Could not find apkanalyzer.bat in C:\Users\Agato\.katalon\tools\android_sdk\platform-tools\apkanalyzer.bat,C:\Users\Agato\.katalon\tools\android_sdk\emulator\apkanalyzer.bat,C:\Users\Agato\.katalon\tools\android_sdk\tools\apkanalyzer.bat,C:\Users\Agato\.katalon\tools\android_sdk\tools\bin\apkanalyzer.bat,C:\Users\Agato\.katalon\tools\android_sdk\build-tools\28.0.1\apkanalyzer.bat. Do you have the Android SDK installed at 'C:\Users\Agato\.katalon\tools\android_sdk'?
[35m[ADB][39m Checking whether aapt is present
[35m[ADB][39m Using aapt.exe from C:\Users\Agato\.katalon\tools\android_sdk\build-tools\28.0.1\aapt.exe
[35m[ADB][39m Extracting package and launch activity from manifest
[35m[ADB][39m Package name: 'com.abaxis.vetscan_vue.dev'
[35m[ADB][39m Main activity name: 'com.abaxis.vetscanvue.presentation.screens.activities.splash.SplashActivity'
[35m[ADB][39m Getting device platform version
[35m[ADB][39m Using apksigner.bat from C:\Users\Agato\.katalon\tools\android_sdk\build-tools\28.0.1\apksigner.bat
[35m[ADB][39m Checking whether zipalign is present
[35m[ADB][39m Using zipalign.exe from C:\Users\Agato\.katalon\tools\android_sdk\build-tools\28.0.1\zipalign.exe
[35m[ADB][39m io.appium.uiautomator2.server was successfully uninstalled
[35m[ADB][39m io.appium.uiautomator2.server.test was successfully uninstalled
[35m[AndroidDriver][39m setDeviceLanguageCountry requires language or country.
[35m[AndroidDriver][39m Got language: 'null' and country: 'null'
[35m[ADB][39m Successfully extracted 667 strings from 'C:\temp\app-development-debug.apk' resources for '(default)' configuration
[35m[ADB][39m com.abaxis.vetscan_vue.dev was not uninstalled, because it was not present on the device
[35m[UiAutomator2][39m Starting uiautomator2 server 1.12.0
[35m[UiAutomator2][39m Using UIAutomator2 server from 'C:\Users\Agato\AppData\Roaming\npm\node_modules\appium\node_modules\appium-uiautomator2-server\apks\appium-uiautomator2-server-v1.12.0.apk' and test from 'C:\Users\Agato\AppData\Roaming\npm\node_modules\appium\node_modules\appium-uiautomator2-server\apks\appium-uiautomator2-server-debug-androidTest.apk'
[35m[UiAutomator2][39m Running command: 'adb -s 10160a0973263f03 shell am instrument -w io.appium.uiautomator2.server.test/android.support.test.runner.AndroidJUnitRunner'
[35m[UiAutomator2][39m Waiting up to 20000ms for UiAutomator2 to be online...
[35m[AndroidDriver][39m Screen already unlocked, doing nothing
[35m[UiAutomator2][39m UiAutomator2 did not start the activity we were waiting for, 'com.abaxis.vetscan_vue.dev/com.abaxis.vetscanvue.presentation.screens.activities.splash.SplashActivity'. Starting it ourselves
[35m[Appium][39m New AndroidUiautomator2Driver session created successfully, session 140981cb-b52d-499e-b00b-82ef15163306 added to master session list
[35m[HTTP][39m [37m<-- POST /wd/hub/session [39m[32m200[39m [90m51513 ms - 1133[39m
[35m[HTTP][39m [90m[39m
[35m[HTTP][39m [37m-->[39m [37mGET[39m [37m/wd/hub/status[39m
[35m[HTTP][39m [90m{}[39m
[35m[HTTP][39m [37m<-- GET /wd/hub/status [39m[32m200[39m [90m4 ms - 55[39m
[35m[HTTP][39m [90m[39m
[35m[HTTP][39m [37m-->[39m [37mPOST[39m [37m/wd/hub/session/140981cb-b52d-499e-b00b-82ef15163306/timeouts[39m
[35m[HTTP][39m [90m{"type":"implicit","ms":30000}[39m
[35m[HTTP][39m [37m<-- POST /wd/hub/session/140981cb-b52d-499e-b00b-82ef15163306/timeouts [39m[33m400[39m [90m12 ms - 5308[39m
[35m[HTTP][39m [90m[39m
[35m[HTTP][39m [37m-->[39m [37mGET[39m [37m/wd/hub/session/140981cb-b52d-499e-b00b-82ef15163306/window/current/size[39m
[35m[HTTP][39m [90m{}[39m
[35m[W3C][39m Driver proxy active, passing request on via HTTP proxy
[35m[JSONWP Proxy][39m Replacing sessionId 19541cc0-298d-4dfc-8759-baba3fbacf7f with 140981cb-b52d-499e-b00b-82ef15163306
[35m[HTTP][39m [37m<-- GET /wd/hub/session/140981cb-b52d-499e-b00b-82ef15163306/window/current/size [39m[32m200[39m [90m24 ms - 100[39m
[35m[HTTP][39m [90m[39m
[35m[HTTP][39m [37m-->[39m [37mPOST[39m [37m/wd/hub/session/140981cb-b52d-499e-b00b-82ef15163306/elements[39m
[35m[HTTP][39m [90m{"using":"-android uiautomator","value":"new UiSelector().className(\"android.widget.ImageView\").resourceId(\"com.abaxis.vetscan_vue.dev:id/close_overview\").instance(1)"}[39m
[35m[HTTP][39m [37m<-- POST /wd/hub/session/140981cb-b52d-499e-b00b-82ef15163306/elements [39m[32m200[39m [90m323 ms - 74[39m
[35m[HTTP][39m [90m[39m
[35m[HTTP][39m [37m-->[39m [37mPOST[39m [37m/wd/hub/session/140981cb-b52d-499e-b00b-82ef15163306/elements[39m
[35m[HTTP][39m [90m{"using":"-android uiautomator","value":"new UiSelector().className(\"android.widget.ImageView\").resourceId(\"com.abaxis.vetscan_vue.dev:id/close_overview\").instance(1)"}[39m
[35m[HTTP][39m [37m<-- POST /wd/hub/session/140981cb-b52d-499e-b00b-82ef15163306/elements [39m[32m200[39m [90m157 ms - 74[39m
[35m[HTTP][39m [90m[39m
[35m[HTTP][39m [37m-->[39m [37mPOST[39m [37m/wd/hub/session/140981cb-b52d-499e-b00b-82ef15163306/elements[39m
[35m[HTTP][39m [90m{"using":"-android uiautomator","value":"new UiSelector().className(\"android.widget.ImageView\").resourceId(\"com.abaxis.vetscan_vue.dev:id/close_overview\").instance(1)"}[39m
[35m[HTTP][39m [37m<-- POST /wd/hub/session/140981cb-b52d-499e-b00b-82ef15163306/elements [39m[32m200[39m [90m139 ms - 74[39m
[35m[HTTP][39m [90m[39m
[35m[HTTP][39m [37m-->[39m [37mPOST[39m [37m/wd/hub/session/140981cb-b52d-499e-b00b-82ef15163306/elements[39m
[35m[HTTP][39m [90m{"using":"-android uiautomator","value":"new UiSelector().className(\"android.widget.ImageView\").resourceId(\"com.abaxis.vetscan_vue.dev:id/close_overview\").instance(1)"}[39m
[35m[HTTP][39m [37m<-- POST /wd/hub/session/140981cb-b52d-499e-b00b-82ef15163306/elements [39m[32m200[39m [90m995 ms - 124[39m
[35m[HTTP][39m [90m[39m
[35m[HTTP][39m [37m-->[39m [37mGET[39m [37m/wd/hub/session/140981cb-b52d-499e-b00b-82ef15163306[39m
[35m[HTTP][39m [90m{}[39m
[35m[HTTP][39m [37m<-- GET /wd/hub/session/140981cb-b52d-499e-b00b-82ef15163306 [39m[32m200[39m [90m32 ms - 1133[39m
[35m[HTTP][39m [90m[39m
[35m[HTTP][39m [37m-->[39m [37mGET[39m [37m/wd/hub/session/140981cb-b52d-499e-b00b-82ef15163306[39m
[35m[HTTP][39m [90m{}[39m
[35m[HTTP][39m [37m<-- GET /wd/hub/session/140981cb-b52d-499e-b00b-82ef15163306 [39m[32m200[39m [90m24 ms - 1133[39m
[35m[HTTP][39m [90m[39m
[35m[HTTP][39m [37m-->[39m [37mGET[39m [37m/wd/hub/session/140981cb-b52d-499e-b00b-82ef15163306[39m
[35m[HTTP][39m [90m{}[39m
[35m[HTTP][39m [37m<-- GET /wd/hub/session/140981cb-b52d-499e-b00b-82ef15163306 [39m[32m200[39m [90m25 ms - 1133[39m
[35m[HTTP][39m [90m[39m
[35m[HTTP][39m [37m-->[39m [37mGET[39m [37m/wd/hub/session/140981cb-b52d-499e-b00b-82ef15163306[39m
[35m[HTTP][39m [90m{}[39m
[35m[HTTP][39m [37m<-- GET /wd/hub/session/140981cb-b52d-499e-b00b-82ef15163306 [39m[32m200[39m [90m20 ms - 1133[39m
[35m[HTTP][39m [90m[39m
[35m[HTTP][39m [37m-->[39m [37mGET[39m [37m/wd/hub/session/140981cb-b52d-499e-b00b-82ef15163306/element/b26885b2-7eb2-446d-96fb-e21f88e58a81/location[39m
[35m[HTTP][39m [90m{}[39m
[35m[W3C][39m Driver proxy active, passing request on via HTTP proxy
[35m[JSONWP Proxy][39m Replacing sessionId 19541cc0-298d-4dfc-8759-baba3fbacf7f with 140981cb-b52d-499e-b00b-82ef15163306
[35m[HTTP][39m [37m<-- GET /wd/hub/session/140981cb-b52d-499e-b00b-82ef15163306/element/b26885b2-7eb2-446d-96fb-e21f88e58a81/location [39m[32m200[39m [90m41 ms - 90[39m
[35m[HTTP][39m [90m[39m
[35m[HTTP][39m [37m-->[39m [37mPOST[39m [37m/wd/hub/session/140981cb-b52d-499e-b00b-82ef15163306/touch/perform[39m
[35m[HTTP][39m [90m{"actions":[{"action":"tap","options":{"element":"b26885b2-7eb2-446d-96fb-e21f88e58a81","x":1,"y":1}}]}[39m
[35m[UiAutomator2][39m calling get location: b26885b2-7eb2-446d-96fb-e21f88e58a81
[35m[HTTP][39m [37m<-- POST /wd/hub/session/140981cb-b52d-499e-b00b-82ef15163306/touch/perform [39m[32m200[39m [90m1198 ms - 76[39m
[35m[HTTP][39m [90m[39m
[35m[HTTP][39m [37m-->[39m [37mGET[39m [37m/wd/hub/session/140981cb-b52d-499e-b00b-82ef15163306/window/current/size[39m
[35m[HTTP][39m [90m{}[39m
[35m[W3C][39m Driver proxy active, passing request on via HTTP proxy
[35m[JSONWP Proxy][39m Replacing sessionId 19541cc0-298d-4dfc-8759-baba3fbacf7f with 140981cb-b52d-499e-b00b-82ef15163306
[35m[HTTP][39m [37m<-- GET /wd/hub/session/140981cb-b52d-499e-b00b-82ef15163306/window/current/size [39m[32m200[39m [90m32 ms - 100[39m
[35m[HTTP][39m [90m[39m
[35m[HTTP][39m [37m-->[39m [37mPOST[39m [37m/wd/hub/session/140981cb-b52d-499e-b00b-82ef15163306/elements[39m
[35m[HTTP][39m [90m{"using":"-android uiautomator","value":"new UiSelector().className(\"android.widget.Button\").text(\"LOGIN\").resourceId(\"com.abaxis.vetscan_vue.dev:id/login_button\").instance(0)"}[39m
[35m[HTTP][39m [37m<-- POST /wd/hub/session/140981cb-b52d-499e-b00b-82ef15163306/elements [39m[32m200[39m [90m108 ms - 124[39m
[35m[HTTP][39m [90m[39m
[35m[HTTP][39m [37m-->[39m [37mGET[39m [37m/wd/hub/session/140981cb-b52d-499e-b00b-82ef15163306[39m
[35m[HTTP][39m [90m{}[39m
[35m[HTTP][39m [37m<-- GET /wd/hub/session/140981cb-b52d-499e-b00b-82ef15163306 [39m[32m200[39m [90m24 ms - 1133[39m
[35m[HTTP][39m [90m[39m
[35m[HTTP][39m [37m-->[39m [37mGET[39m [37m/wd/hub/session/140981cb-b52d-499e-b00b-82ef15163306[39m
[35m[HTTP][39m [90m{}[39m
[35m[HTTP][39m [37m<-- GET /wd/hub/session/140981cb-b52d-499e-b00b-82ef15163306 [39m[32m200[39m [90m28 ms - 1133[39m
[35m[HTTP][39m [90m[39m
[35m[HTTP][39m [37m-->[39m [37mGET[39m [37m/wd/hub/session/140981cb-b52d-499e-b00b-82ef15163306[39m
[35m[HTTP][39m [90m{}[39m
[35m[HTTP][39m [37m<-- GET /wd/hub/session/140981cb-b52d-499e-b00b-82ef15163306 [39m[32m200[39m [90m28 ms - 1133[39m
[35m[HTTP][39m [90m[39m
[35m[HTTP][39m [37m-->[39m [37mGET[39m [37m/wd/hub/session/140981cb-b52d-499e-b00b-82ef15163306[39m
[35m[HTTP][39m [90m{}[39m
[35m[HTTP][39m [37m<-- GET /wd/hub/session/140981cb-b52d-499e-b00b-82ef15163306 [39m[32m200[39m [90m20 ms - 1133[39m
[35m[HTTP][39m [90m[39m
[35m[HTTP][39m [37m-->[39m [37mGET[39m [37m/wd/hub/session/140981cb-b52d-499e-b00b-82ef15163306/element/4626da1e-a1c1-4bd4-abcb-439843178506/location[39m
[35m[HTTP][39m [90m{}[39m
[35m[W3C][39m Driver proxy active, passing request on via HTTP proxy
[35m[JSONWP Proxy][39m Replacing sessionId 19541cc0-298d-4dfc-8759-baba3fbacf7f with 140981cb-b52d-499e-b00b-82ef15163306
[35m[HTTP][39m [37m<-- GET /wd/hub/session/140981cb-b52d-499e-b00b-82ef15163306/element/4626da1e-a1c1-4bd4-abcb-439843178506/location [39m[32m200[39m [90m46 ms - 88[39m
[35m[HTTP][39m [90m[39m
[35m[HTTP][39m [37m-->[39m [37mPOST[39m [37m/wd/hub/session/140981cb-b52d-499e-b00b-82ef15163306/touch/perform[39m
[35m[HTTP][39m [90m{"actions":[{"action":"tap","options":{"element":"4626da1e-a1c1-4bd4-abcb-439843178506","x":1,"y":1}}]}[39m
[35m[UiAutomator2][39m calling get location: 4626da1e-a1c1-4bd4-abcb-439843178506
[35m[HTTP][39m [37m<-- POST /wd/hub/session/140981cb-b52d-499e-b00b-82ef15163306/touch/perform [39m[32m200[39m [90m2147 ms - 76[39m
[35m[HTTP][39m [90m[39m
[35m[HTTP][39m [37m-->[39m [37mGET[39m [37m/wd/hub/session/140981cb-b52d-499e-b00b-82ef15163306/window/current/size[39m
[35m[HTTP][39m [90m{}[39m
[35m[W3C][39m Driver proxy active, passing request on via HTTP proxy
[35m[JSONWP Proxy][39m Replacing sessionId 19541cc0-298d-4dfc-8759-baba3fbacf7f with 140981cb-b52d-499e-b00b-82ef15163306
[35m[HTTP][39m [37m<-- GET /wd/hub/session/140981cb-b52d-499e-b00b-82ef15163306/window/current/size [39m[32m200[39m [90m47 ms - 100[39m
[35m[HTTP][39m [90m[39m
[35m[HTTP][39m [37m-->[39m [37mPOST[39m [37m/wd/hub/session/140981cb-b52d-499e-b00b-82ef15163306/elements[39m
[35m[HTTP][39m [90m{"using":"-android uiautomator","value":"new UiSelector().className(\"android.widget.ImageView\").resourceId(\"com.abaxis.vetscan_vue.dev:id/text_skip\").instance(1)"}[39m
[35m[HTTP][39m [37m<-- POST /wd/hub/session/140981cb-b52d-499e-b00b-82ef15163306/elements [39m[32m200[39m [90m95 ms - 124[39m
[35m[HTTP][39m [90m[39m
[35m[HTTP][39m [37m-->[39m [37mGET[39m [37m/wd/hub/session/140981cb-b52d-499e-b00b-82ef15163306[39m
[35m[HTTP][39m [90m{}[39m
[35m[HTTP][39m [37m<-- GET /wd/hub/session/140981cb-b52d-499e-b00b-82ef15163306 [39m[32m200[39m [90m33 ms - 1133[39m
[35m[HTTP][39m [90m[39m
[35m[HTTP][39m [37m-->[39m [37mGET[39m [37m/wd/hub/session/140981cb-b52d-499e-b00b-82ef15163306[39m
[35m[HTTP][39m [90m{}[39m
[35m[HTTP][39m [37m<-- GET /wd/hub/session/140981cb-b52d-499e-b00b-82ef15163306 [39m[32m200[39m [90m23 ms - 1133[39m
[35m[HTTP][39m [90m[39m
[35m[HTTP][39m [37m-->[39m [37mGET[39m [37m/wd/hub/session/140981cb-b52d-499e-b00b-82ef15163306[39m
[35m[HTTP][39m [90m{}[39m
[35m[HTTP][39m [37m<-- GET /wd/hub/session/140981cb-b52d-499e-b00b-82ef15163306 [39m[32m200[39m [90m23 ms - 1133[39m
[35m[HTTP][39m [90m[39m
[35m[HTTP][39m [37m-->[39m [37mGET[39m [37m/wd/hub/session/140981cb-b52d-499e-b00b-82ef15163306[39m
[35m[HTTP][39m [90m{}[39m
[35m[HTTP][39m [37m<-- GET /wd/hub/session/140981cb-b52d-499e-b00b-82ef15163306 [39m[32m200[39m [90m19 ms - 1133[39m
[35m[HTTP][39m [90m[39m
[35m[HTTP][39m [37m-->[39m [37mGET[39m [37m/wd/hub/session/140981cb-b52d-499e-b00b-82ef15163306/element/8021bb1d-0a2f-4f01-a2e8-bab23740c66a/location[39m
[35m[HTTP][39m [90m{}[39m
[35m[W3C][39m Driver proxy active, passing request on via HTTP proxy
[35m[JSONWP Proxy][39m Replacing sessionId 19541cc0-298d-4dfc-8759-baba3fbacf7f with 140981cb-b52d-499e-b00b-82ef15163306
[35m[HTTP][39m [37m<-- GET /wd/hub/session/140981cb-b52d-499e-b00b-82ef15163306/element/8021bb1d-0a2f-4f01-a2e8-bab23740c66a/location [39m[32m200[39m [90m43 ms - 89[39m
[35m[HTTP][39m [90m[39m
[35m[HTTP][39m [37m-->[39m [37mPOST[39m [37m/wd/hub/session/140981cb-b52d-499e-b00b-82ef15163306/touch/perform[39m
[35m[HTTP][39m [90m{"actions":[{"action":"tap","options":{"element":"8021bb1d-0a2f-4f01-a2e8-bab23740c66a","x":1,"y":1}}]}[39m
[35m[UiAutomator2][39m calling get location: 8021bb1d-0a2f-4f01-a2e8-bab23740c66a
[35m[HTTP][39m [37m<-- POST /wd/hub/session/140981cb-b52d-499e-b00b-82ef15163306/touch/perform [39m[32m200[39m [90m1296 ms - 76[39m
[35m[HTTP][39m [90m[39m
[35m[HTTP][39m [37m-->[39m [37mGET[39m [37m/wd/hub/session/140981cb-b52d-499e-b00b-82ef15163306/window/current/size[39m
[35m[HTTP][39m [90m{}[39m
[35m[W3C][39m Driver proxy active, passing request on via HTTP proxy
[35m[JSONWP Proxy][39m Replacing sessionId 19541cc0-298d-4dfc-8759-baba3fbacf7f with 140981cb-b52d-499e-b00b-82ef15163306
[35m[HTTP][39m [37m<-- GET /wd/hub/session/140981cb-b52d-499e-b00b-82ef15163306/window/current/size [39m[32m200[39m [90m51 ms - 100[39m
[35m[HTTP][39m [90m[39m
[35m[HTTP][39m [37m-->[39m [37mPOST[39m [37m/wd/hub/session/140981cb-b52d-499e-b00b-82ef15163306/elements[39m
[35m[HTTP][39m [90m{"using":"-android uiautomator","value":"new UiSelector().className(\"android.widget.Button\").text(\"YES\").resourceId(\"android:id/button1\").instance(1)"}[39m
[35m[HTTP][39m [37m<-- POST /wd/hub/session/140981cb-b52d-499e-b00b-82ef15163306/elements [39m[32m200[39m [90m82 ms - 124[39m
[35m[HTTP][39m [90m[39m
[35m[HTTP][39m [37m-->[39m [37mGET[39m [37m/wd/hub/session/140981cb-b52d-499e-b00b-82ef15163306[39m
[35m[HTTP][39m [90m{}[39m
[35m[HTTP][39m [37m<-- GET /wd/hub/session/140981cb-b52d-499e-b00b-82ef15163306 [39m[32m200[39m [90m33 ms - 1133[39m
[35m[HTTP][39m [90m[39m
[35m[HTTP][39m [37m-->[39m [37mGET[39m [37m/wd/hub/session/140981cb-b52d-499e-b00b-82ef15163306[39m
[35m[HTTP][39m [90m{}[39m
[35m[HTTP][39m [37m<-- GET /wd/hub/session/140981cb-b52d-499e-b00b-82ef15163306 [39m[32m200[39m [90m30 ms - 1133[39m
[35m[HTTP][39m [90m[39m
[35m[HTTP][39m [37m-->[39m [37mGET[39m [37m/wd/hub/session/140981cb-b52d-499e-b00b-82ef15163306[39m
[35m[HTTP][39m [90m{}[39m
[35m[HTTP][39m [37m<-- GET /wd/hub/session/140981cb-b52d-499e-b00b-82ef15163306 [39m[32m200[39m [90m32 ms - 1133[39m
[35m[HTTP][39m [90m[39m
[35m[HTTP][39m [37m-->[39m [37mGET[39m [37m/wd/hub/session/140981cb-b52d-499e-b00b-82ef15163306[39m
[35m[HTTP][39m [90m{}[39m
[35m[HTTP][39m [37m<-- GET /wd/hub/session/140981cb-b52d-499e-b00b-82ef15163306 [39m[32m200[39m [90m37 ms - 1133[39m
[35m[HTTP][39m [90m[39m
[35m[HTTP][39m [37m-->[39m [37mGET[39m [37m/wd/hub/session/140981cb-b52d-499e-b00b-82ef15163306/element/70b01b34-a999-49e7-8172-64abb014e994/location[39m
[35m[HTTP][39m [90m{}[39m
[35m[W3C][39m Driver proxy active, passing request on via HTTP proxy
[35m[JSONWP Proxy][39m Replacing sessionId 19541cc0-298d-4dfc-8759-baba3fbacf7f with 140981cb-b52d-499e-b00b-82ef15163306
[35m[HTTP][39m [37m<-- GET /wd/hub/session/140981cb-b52d-499e-b00b-82ef15163306/element/70b01b34-a999-49e7-8172-64abb014e994/location [39m[32m200[39m [90m51 ms - 91[39m
[35m[HTTP][39m [90m[39m
[35m[HTTP][39m [37m-->[39m [37mPOST[39m [37m/wd/hub/session/140981cb-b52d-499e-b00b-82ef15163306/touch/perform[39m
[35m[HTTP][39m [90m{"actions":[{"action":"tap","options":{"element":"70b01b34-a999-49e7-8172-64abb014e994","x":1,"y":1}}]}[39m
[35m[UiAutomator2][39m calling get location: 70b01b34-a999-49e7-8172-64abb014e994
[35m[HTTP][39m [37m<-- POST /wd/hub/session/140981cb-b52d-499e-b00b-82ef15163306/touch/perform [39m[32m200[39m [90m2588 ms - 76[39m
[35m[HTTP][39m [90m[39m
[35m[HTTP][39m [37m-->[39m [37mGET[39m [37m/wd/hub/session/140981cb-b52d-499e-b00b-82ef15163306/window/current/size[39m
[35m[HTTP][39m [90m{}[39m
[35m[W3C][39m Driver proxy active, passing request on via HTTP proxy
[35m[JSONWP Proxy][39m Replacing sessionId 19541cc0-298d-4dfc-8759-baba3fbacf7f with 140981cb-b52d-499e-b00b-82ef15163306
[35m[HTTP][39m [37m<-- GET /wd/hub/session/140981cb-b52d-499e-b00b-82ef15163306/window/current/size [39m[32m200[39m [90m29 ms - 100[39m
[35m[HTTP][39m [90m[39m
[35m[HTTP][39m [37m-->[39m [37mPOST[39m [37m/wd/hub/session/140981cb-b52d-499e-b00b-82ef15163306/elements[39m
[35m[HTTP][39m [90m{"using":"-android uiautomator","value":"new UiSelector().className(\"android.widget.Button\").text(\"OK\").resourceId(\"com.abaxis.vetscan_vue.dev:id/showcase_button\").instance(0)"}[39m
[35m[HTTP][39m [37m<-- POST /wd/hub/session/140981cb-b52d-499e-b00b-82ef15163306/elements [39m[32m200[39m [90m201 ms - 124[39m
[35m[HTTP][39m [90m[39m
[35m[HTTP][39m [37m-->[39m [37mGET[39m [37m/wd/hub/session/140981cb-b52d-499e-b00b-82ef15163306[39m
[35m[HTTP][39m [90m{}[39m
[35m[HTTP][39m [37m<-- GET /wd/hub/session/140981cb-b52d-499e-b00b-82ef15163306 [39m[32m200[39m [90m31 ms - 1133[39m
[35m[HTTP][39m [90m[39m
[35m[HTTP][39m [37m-->[39m [37mGET[39m [37m/wd/hub/session/140981cb-b52d-499e-b00b-82ef15163306[39m
[35m[HTTP][39m [90m{}[39m
[35m[HTTP][39m [37m<-- GET /wd/hub/session/140981cb-b52d-499e-b00b-82ef15163306 [39m[32m200[39m [90m26 ms - 1133[39m
[35m[HTTP][39m [90m[39m
[35m[HTTP][39m [37m-->[39m [37mGET[39m [37m/wd/hub/session/140981cb-b52d-499e-b00b-82ef15163306[39m
[35m[HTTP][39m [90m{}[39m
[35m[HTTP][39m [37m<-- GET /wd/hub/session/140981cb-b52d-499e-b00b-82ef15163306 [39m[32m200[39m [90m23 ms - 1133[39m
[35m[HTTP][39m [90m[39m
[35m[HTTP][39m [37m-->[39m [37mGET[39m [37m/wd/hub/session/140981cb-b52d-499e-b00b-82ef15163306[39m
[35m[HTTP][39m [90m{}[39m
[35m[HTTP][39m [37m<-- GET /wd/hub/session/140981cb-b52d-499e-b00b-82ef15163306 [39m[32m200[39m [90m28 ms - 1133[39m
[35m[HTTP][39m [90m[39m
[35m[HTTP][39m [37m-->[39m [37mGET[39m [37m/wd/hub/session/140981cb-b52d-499e-b00b-82ef15163306/element/8b9c149b-67fe-429a-85b4-029816bd4808/location[39m
[35m[HTTP][39m [90m{}[39m
[35m[W3C][39m Driver proxy active, passing request on via HTTP proxy
[35m[JSONWP Proxy][39m Replacing sessionId 19541cc0-298d-4dfc-8759-baba3fbacf7f with 140981cb-b52d-499e-b00b-82ef15163306
[35m[HTTP][39m [37m<-- GET /wd/hub/session/140981cb-b52d-499e-b00b-82ef15163306/element/8b9c149b-67fe-429a-85b4-029816bd4808/location [39m[32m200[39m [90m69 ms - 90[39m
[35m[HTTP][39m [90m[39m
[35m[HTTP][39m [37m-->[39m [37mPOST[39m [37m/wd/hub/session/140981cb-b52d-499e-b00b-82ef15163306/touch/perform[39m
[35m[HTTP][39m [90m{"actions":[{"action":"tap","options":{"element":"8b9c149b-67fe-429a-85b4-029816bd4808","x":1,"y":1}}]}[39m
[35m[UiAutomator2][39m calling get location: 8b9c149b-67fe-429a-85b4-029816bd4808
[35m[HTTP][39m [37m<-- POST /wd/hub/session/140981cb-b52d-499e-b00b-82ef15163306/touch/perform [39m[32m200[39m [90m945 ms - 76[39m
[35m[HTTP][39m [90m[39m
[35m[HTTP][39m [37m-->[39m [37mGET[39m [37m/wd/hub/session/140981cb-b52d-499e-b00b-82ef15163306/window/current/size[39m
[35m[HTTP][39m [90m{}[39m
[35m[W3C][39m Driver proxy active, passing request on via HTTP proxy
[35m[JSONWP Proxy][39m Replacing sessionId 19541cc0-298d-4dfc-8759-baba3fbacf7f with 140981cb-b52d-499e-b00b-82ef15163306
[35m[HTTP][39m [37m<-- GET /wd/hub/session/140981cb-b52d-499e-b00b-82ef15163306/window/current/size [39m[32m200[39m [90m26 ms - 100[39m
[35m[HTTP][39m [90m[39m
[35m[HTTP][39m [37m-->[39m [37mPOST[39m [37m/wd/hub/session/140981cb-b52d-499e-b00b-82ef15163306/elements[39m
[35m[HTTP][39m [90m{"using":"-android uiautomator","value":"new UiSelector().className(\"android.widget.ImageButton\").instance(3)"}[39m
[35m[HTTP][39m [37m<-- POST /wd/hub/session/140981cb-b52d-499e-b00b-82ef15163306/elements [39m[32m200[39m [90m101 ms - 124[39m
[35m[HTTP][39m [90m[39m
[35m[HTTP][39m [37m-->[39m [37mGET[39m [37m/wd/hub/session/140981cb-b52d-499e-b00b-82ef15163306[39m
[35m[HTTP][39m [90m{}[39m
[35m[HTTP][39m [37m<-- GET /wd/hub/session/140981cb-b52d-499e-b00b-82ef15163306 [39m[32m200[39m [90m21 ms - 1133[39m
[35m[HTTP][39m [90m[39m
[35m[HTTP][39m [37m-->[39m [37mGET[39m [37m/wd/hub/session/140981cb-b52d-499e-b00b-82ef15163306[39m
[35m[HTTP][39m [90m{}[39m
[35m[HTTP][39m [37m<-- GET /wd/hub/session/140981cb-b52d-499e-b00b-82ef15163306 [39m[32m200[39m [90m22 ms - 1133[39m
[35m[HTTP][39m [90m[39m
[35m[HTTP][39m [37m-->[39m [37mGET[39m [37m/wd/hub/session/140981cb-b52d-499e-b00b-82ef15163306[39m
[35m[HTTP][39m [90m{}[39m
[35m[HTTP][39m [37m<-- GET /wd/hub/session/140981cb-b52d-499e-b00b-82ef15163306 [39m[32m200[39m [90m19 ms - 1133[39m
[35m[HTTP][39m [90m[39m
[35m[HTTP][39m [37m-->[39m [37mGET[39m [37m/wd/hub/session/140981cb-b52d-499e-b00b-82ef15163306[39m
[35m[HTTP][39m [90m{}[39m
[35m[HTTP][39m [37m<-- GET /wd/hub/session/140981cb-b52d-499e-b00b-82ef15163306 [39m[32m200[39m [90m19 ms - 1133[39m
[35m[HTTP][39m [90m[39m
[35m[HTTP][39m [37m-->[39m [37mGET[39m [37m/wd/hub/session/140981cb-b52d-499e-b00b-82ef15163306/element/e71a1333-8ad0-4a9a-9ccb-e5f32c5c3c3d/location[39m
[35m[HTTP][39m [90m{}[39m
[35m[W3C][39m Driver proxy active, passing request on via HTTP proxy
[35m[JSONWP Proxy][39m Replacing sessionId 19541cc0-298d-4dfc-8759-baba3fbacf7f with 140981cb-b52d-499e-b00b-82ef15163306
[35m[HTTP][39m [37m<-- GET /wd/hub/session/140981cb-b52d-499e-b00b-82ef15163306/element/e71a1333-8ad0-4a9a-9ccb-e5f32c5c3c3d/location [39m[32m200[39m [90m68 ms - 88[39m
[35m[HTTP][39m [90m[39m
[35m[HTTP][39m [37m-->[39m [37mPOST[39m [37m/wd/hub/session/140981cb-b52d-499e-b00b-82ef15163306/touch/perform[39m
[35m[HTTP][39m [90m{"actions":[{"action":"tap","options":{"element":"e71a1333-8ad0-4a9a-9ccb-e5f32c5c3c3d","x":1,"y":1}}]}[39m
[35m[UiAutomator2][39m calling get location: e71a1333-8ad0-4a9a-9ccb-e5f32c5c3c3d
[35m[HTTP][39m [37m<-- POST /wd/hub/session/140981cb-b52d-499e-b00b-82ef15163306/touch/perform [39m[32m200[39m [90m1724 ms - 76[39m
[35m[HTTP][39m [90m[39m
[35m[HTTP][39m [37m-->[39m [37mDELETE[39m [37m/wd/hub/session/140981cb-b52d-499e-b00b-82ef15163306[39m
[35m[HTTP][39m [90m{}[39m
[35m[Appium][39m Removing session 140981cb-b52d-499e-b00b-82ef15163306 from our master session list
[35m[ADB][39m com.abaxis.vetscan_vue.dev was successfully uninstalled
[35m[HTTP][39m [37m<-- DELETE /wd/hub/session/140981cb-b52d-499e-b00b-82ef15163306 [39m[32m200[39m [90m3677 ms - 76[39m
[35m[HTTP][39m [90m[39m
